[1.095s] DEBUG:colcon:Command line arguments: ['/usr/bin/colcon', 'build', '--packages-select', 'custom_msgs']
[1.095s] DEBUG:colcon:Parsed command line arguments: Namespace(allow_overriding=[], ament_cmake_args=None, base_paths=['.'], build_base='build', catkin_cmake_args=None, catkin_skip_building_tests=False, cmake_args=None, cmake_clean_cache=False, cmake_clean_first=False, cmake_force_configure=False, cmake_target=None, cmake_target_skip_unavailable=False, continue_on_error=False, event_handlers=None, executor='parallel', ignore_user_meta=False, install_base='install', log_base=None, log_level=None, main=<bound method BuildVerb.main of <colcon_core.verb.build.BuildVerb object at 0x7fd7586e9fd0>>, merge_install=False, metas=['./colcon.meta'], packages_above=None, packages_above_and_dependencies=None, packages_above_depth=None, packages_end=None, packages_ignore=None, packages_ignore_regex=None, packages_select=['custom_msgs'], packages_select_build_failed=False, packages_select_by_dep=None, packages_select_regex=None, packages_select_test_failures=False, packages_skip=None, packages_skip_build_finished=False, packages_skip_by_dep=None, packages_skip_regex=None, packages_skip_test_passed=False, packages_skip_up_to=None, packages_start=None, packages_up_to=None, packages_up_to_regex=None, parallel_workers=12, paths=None, symlink_install=False, test_result_base=None, verb_extension=<colcon_core.verb.build.BuildVerb object at 0x7fd7586e9fd0>, verb_name='build', verb_parser=<colcon_defaults.argument_parser.defaults.DefaultArgumentsDecorator object at 0x7fd759032df0>)
[1.143s] Level 1:colcon.colcon_core.package_discovery:discover_packages(colcon_meta) check parameters
[1.143s] Level 1:colcon.colcon_core.package_discovery:discover_packages(recursive) check parameters
[1.143s] Level 1:colcon.colcon_core.package_discovery:discover_packages(ignore) check parameters
[1.143s] Level 1:colcon.colcon_core.package_discovery:discover_packages(path) check parameters
[1.143s] Level 1:colcon.colcon_core.package_discovery:discover_packages(colcon_meta) discover
[1.143s] Level 1:colcon.colcon_core.package_discovery:discover_packages(recursive) discover
[1.143s] INFO:colcon.colcon_core.package_discovery:Crawling recursively for packages in '/home/amlab/CarMaker_ROS2_Original/ros/ros2_ws'
[1.143s] Level 1:colcon.colcon_core.package_identification:_identify(.) by extensions ['ignore', 'ignore_ament_install']
[1.143s] Level 1:colcon.colcon_core.package_identification:_identify(.) by extension 'ignore'
[1.143s] Level 1:colcon.colcon_core.package_identification:_identify(.) by extension 'ignore_ament_install'
[1.143s] Level 1:colcon.colcon_core.package_identification:_identify(.) by extensions ['colcon_pkg']
[1.143s] Level 1:colcon.colcon_core.package_identification:_identify(.) by extension 'colcon_pkg'
[1.143s] Level 1:colcon.colcon_core.package_identification:_identify(.) by extensions ['colcon_meta']
[1.143s] Level 1:colcon.colcon_core.package_identification:_identify(.) by extension 'colcon_meta'
[1.143s] Level 1:colcon.colcon_core.package_identification:_identify(.) by extensions ['ros']
[1.143s] Level 1:colcon.colcon_core.package_identification:_identify(.) by extension 'ros'
[1.150s] Level 1:colcon.colcon_core.package_identification:_identify(.) by extensions ['cmake', 'python']
[1.150s] Level 1:colcon.colcon_core.package_identification:_identify(.) by extension 'cmake'
[1.150s] Level 1:colcon.colcon_core.package_identification:_identify(.) by extension 'python'
[1.150s] Level 1:colcon.colcon_core.package_identification:_identify(.) by extensions ['python_setup_py']
[1.150s] Level 1:colcon.colcon_core.package_identification:_identify(.) by extension 'python_setup_py'
[1.150s] Level 1:colcon.colcon_core.package_identification:_identify(build) by extensions ['ignore', 'ignore_ament_install']
[1.150s] Level 1:colcon.colcon_core.package_identification:_identify(build) by extension 'ignore'
[1.150s] Level 1:colcon.colcon_core.package_identification:_identify(build) ignored
[1.150s] Level 1:colcon.colcon_core.package_identification:_identify(install) by extensions ['ignore', 'ignore_ament_install']
[1.150s] Level 1:colcon.colcon_core.package_identification:_identify(install) by extension 'ignore'
[1.150s] Level 1:colcon.colcon_core.package_identification:_identify(install) ignored
[1.150s] Level 1:colcon.colcon_core.package_identification:_identify(log) by extensions ['ignore', 'ignore_ament_install']
[1.150s] Level 1:colcon.colcon_core.package_identification:_identify(log) by extension 'ignore'
[1.150s] Level 1:colcon.colcon_core.package_identification:_identify(log) ignored
[1.151s] Level 1:colcon.colcon_core.package_identification:_identify(src) by extensions ['ignore', 'ignore_ament_install']
[1.151s] Level 1:colcon.colcon_core.package_identification:_identify(src) by extension 'ignore'
[1.151s] Level 1:colcon.colcon_core.package_identification:_identify(src) by extension 'ignore_ament_install'
[1.151s] Level 1:colcon.colcon_core.package_identification:_identify(src) by extensions ['colcon_pkg']
[1.151s] Level 1:colcon.colcon_core.package_identification:_identify(src) by extension 'colcon_pkg'
[1.151s] Level 1:colcon.colcon_core.package_identification:_identify(src) by extensions ['colcon_meta']
[1.151s] Level 1:colcon.colcon_core.package_identification:_identify(src) by extension 'colcon_meta'
[1.151s] Level 1:colcon.colcon_core.package_identification:_identify(src) by extensions ['ros']
[1.151s] Level 1:colcon.colcon_core.package_identification:_identify(src) by extension 'ros'
[1.151s] Level 1:colcon.colcon_core.package_identification:_identify(src) by extensions ['cmake', 'python']
[1.151s] Level 1:colcon.colcon_core.package_identification:_identify(src) by extension 'cmake'
[1.151s] Level 1:colcon.colcon_core.package_identification:_identify(src) by extension 'python'
[1.151s] Level 1:colcon.colcon_core.package_identification:_identify(src) by extensions ['python_setup_py']
[1.151s] Level 1:colcon.colcon_core.package_identification:_identify(src) by extension 'python_setup_py'
[1.151s] Level 1:colcon.colcon_core.package_identification:_identify(src/carmaker_vds_client) by extensions ['ignore', 'ignore_ament_install']
[1.151s] Level 1:colcon.colcon_core.package_identification:_identify(src/carmaker_vds_client) by extension 'ignore'
[1.151s] Level 1:colcon.colcon_core.package_identification:_identify(src/carmaker_vds_client) by extension 'ignore_ament_install'
[1.151s] Level 1:colcon.colcon_core.package_identification:_identify(src/carmaker_vds_client) by extensions ['colcon_pkg']
[1.151s] Level 1:colcon.colcon_core.package_identification:_identify(src/carmaker_vds_client) by extension 'colcon_pkg'
[1.151s] Level 1:colcon.colcon_core.package_identification:_identify(src/carmaker_vds_client) by extensions ['colcon_meta']
[1.151s] Level 1:colcon.colcon_core.package_identification:_identify(src/carmaker_vds_client) by extension 'colcon_meta'
[1.151s] Level 1:colcon.colcon_core.package_identification:_identify(src/carmaker_vds_client) by extensions ['ros']
[1.151s] Level 1:colcon.colcon_core.package_identification:_identify(src/carmaker_vds_client) by extension 'ros'
[1.153s] DEBUG:colcon.colcon_core.package_identification:Package 'src/carmaker_vds_client' with type 'ros.ament_cmake' and name 'carmaker_vds_client'
[1.153s] Level 1:colcon.colcon_core.package_identification:_identify(src/cmrosutils) by extensions ['ignore', 'ignore_ament_install']
[1.153s] Level 1:colcon.colcon_core.package_identification:_identify(src/cmrosutils) by extension 'ignore'
[1.153s] Level 1:colcon.colcon_core.package_identification:_identify(src/cmrosutils) by extension 'ignore_ament_install'
[1.153s] Level 1:colcon.colcon_core.package_identification:_identify(src/cmrosutils) by extensions ['colcon_pkg']
[1.153s] Level 1:colcon.colcon_core.package_identification:_identify(src/cmrosutils) by extension 'colcon_pkg'
[1.153s] Level 1:colcon.colcon_core.package_identification:_identify(src/cmrosutils) by extensions ['colcon_meta']
[1.153s] Level 1:colcon.colcon_core.package_identification:_identify(src/cmrosutils) by extension 'colcon_meta'
[1.153s] Level 1:colcon.colcon_core.package_identification:_identify(src/cmrosutils) by extensions ['ros']
[1.153s] Level 1:colcon.colcon_core.package_identification:_identify(src/cmrosutils) by extension 'ros'
[1.153s] DEBUG:colcon.colcon_core.package_identification:Package 'src/cmrosutils' with type 'ros.ament_cmake' and name 'cmrosutils'
[1.153s] Level 1:colcon.colcon_core.package_identification:_identify(src/control_test) by extensions ['ignore', 'ignore_ament_install']
[1.153s] Level 1:colcon.colcon_core.package_identification:_identify(src/control_test) by extension 'ignore'
[1.153s] Level 1:colcon.colcon_core.package_identification:_identify(src/control_test) by extension 'ignore_ament_install'
[1.153s] Level 1:colcon.colcon_core.package_identification:_identify(src/control_test) by extensions ['colcon_pkg']
[1.153s] Level 1:colcon.colcon_core.package_identification:_identify(src/control_test) by extension 'colcon_pkg'
[1.153s] Level 1:colcon.colcon_core.package_identification:_identify(src/control_test) by extensions ['colcon_meta']
[1.153s] Level 1:colcon.colcon_core.package_identification:_identify(src/control_test) by extension 'colcon_meta'
[1.153s] Level 1:colcon.colcon_core.package_identification:_identify(src/control_test) by extensions ['ros']
[1.153s] Level 1:colcon.colcon_core.package_identification:_identify(src/control_test) by extension 'ros'
[1.154s] DEBUG:colcon.colcon_core.package_identification:Package 'src/control_test' with type 'ros.ament_cmake' and name 'control_test'
[1.154s] Level 1:colcon.colcon_core.package_identification:_identify(src/custom_msgs) by extensions ['ignore', 'ignore_ament_install']
[1.154s] Level 1:colcon.colcon_core.package_identification:_identify(src/custom_msgs) by extension 'ignore'
[1.154s] Level 1:colcon.colcon_core.package_identification:_identify(src/custom_msgs) by extension 'ignore_ament_install'
[1.154s] Level 1:colcon.colcon_core.package_identification:_identify(src/custom_msgs) by extensions ['colcon_pkg']
[1.154s] Level 1:colcon.colcon_core.package_identification:_identify(src/custom_msgs) by extension 'colcon_pkg'
[1.154s] Level 1:colcon.colcon_core.package_identification:_identify(src/custom_msgs) by extensions ['colcon_meta']
[1.154s] Level 1:colcon.colcon_core.package_identification:_identify(src/custom_msgs) by extension 'colcon_meta'
[1.154s] Level 1:colcon.colcon_core.package_identification:_identify(src/custom_msgs) by extensions ['ros']
[1.154s] Level 1:colcon.colcon_core.package_identification:_identify(src/custom_msgs) by extension 'ros'
[1.154s] DEBUG:colcon.colcon_core.package_identification:Package 'src/custom_msgs' with type 'ros.ament_cmake' and name 'custom_msgs'
[1.155s] Level 1:colcon.colcon_core.package_identification:_identify(src/hellocm) by extensions ['ignore', 'ignore_ament_install']
[1.155s] Level 1:colcon.colcon_core.package_identification:_identify(src/hellocm) by extension 'ignore'
[1.155s] Level 1:colcon.colcon_core.package_identification:_identify(src/hellocm) by extension 'ignore_ament_install'
[1.155s] Level 1:colcon.colcon_core.package_identification:_identify(src/hellocm) by extensions ['colcon_pkg']
[1.155s] Level 1:colcon.colcon_core.package_identification:_identify(src/hellocm) by extension 'colcon_pkg'
[1.155s] Level 1:colcon.colcon_core.package_identification:_identify(src/hellocm) by extensions ['colcon_meta']
[1.155s] Level 1:colcon.colcon_core.package_identification:_identify(src/hellocm) by extension 'colcon_meta'
[1.155s] Level 1:colcon.colcon_core.package_identification:_identify(src/hellocm) by extensions ['ros']
[1.155s] Level 1:colcon.colcon_core.package_identification:_identify(src/hellocm) by extension 'ros'
[1.155s] DEBUG:colcon.colcon_core.package_identification:Package 'src/hellocm' with type 'ros.ament_cmake' and name 'hellocm'
[1.155s] Level 1:colcon.colcon_core.package_identification:_identify(src/hellocm_cmnode) by extensions ['ignore', 'ignore_ament_install']
[1.155s] Level 1:colcon.colcon_core.package_identification:_identify(src/hellocm_cmnode) by extension 'ignore'
[1.155s] Level 1:colcon.colcon_core.package_identification:_identify(src/hellocm_cmnode) by extension 'ignore_ament_install'
[1.155s] Level 1:colcon.colcon_core.package_identification:_identify(src/hellocm_cmnode) by extensions ['colcon_pkg']
[1.155s] Level 1:colcon.colcon_core.package_identification:_identify(src/hellocm_cmnode) by extension 'colcon_pkg'
[1.155s] Level 1:colcon.colcon_core.package_identification:_identify(src/hellocm_cmnode) by extensions ['colcon_meta']
[1.155s] Level 1:colcon.colcon_core.package_identification:_identify(src/hellocm_cmnode) by extension 'colcon_meta'
[1.155s] Level 1:colcon.colcon_core.package_identification:_identify(src/hellocm_cmnode) by extensions ['ros']
[1.155s] Level 1:colcon.colcon_core.package_identification:_identify(src/hellocm_cmnode) by extension 'ros'
[1.156s] DEBUG:colcon.colcon_core.package_identification:Package 'src/hellocm_cmnode' with type 'ros.ament_cmake' and name 'hellocm_cmnode'
[1.156s] Level 1:colcon.colcon_core.package_identification:_identify(src/hellocm_msgs) by extensions ['ignore', 'ignore_ament_install']
[1.156s] Level 1:colcon.colcon_core.package_identification:_identify(src/hellocm_msgs) by extension 'ignore'
[1.156s] Level 1:colcon.colcon_core.package_identification:_identify(src/hellocm_msgs) by extension 'ignore_ament_install'
[1.156s] Level 1:colcon.colcon_core.package_identification:_identify(src/hellocm_msgs) by extensions ['colcon_pkg']
[1.156s] Level 1:colcon.colcon_core.package_identification:_identify(src/hellocm_msgs) by extension 'colcon_pkg'
[1.156s] Level 1:colcon.colcon_core.package_identification:_identify(src/hellocm_msgs) by extensions ['colcon_meta']
[1.156s] Level 1:colcon.colcon_core.package_identification:_identify(src/hellocm_msgs) by extension 'colcon_meta'
[1.156s] Level 1:colcon.colcon_core.package_identification:_identify(src/hellocm_msgs) by extensions ['ros']
[1.156s] Level 1:colcon.colcon_core.package_identification:_identify(src/hellocm_msgs) by extension 'ros'
[1.157s] DEBUG:colcon.colcon_core.package_identification:Package 'src/hellocm_msgs' with type 'ros.ament_cmake' and name 'hellocm_msgs'
[1.157s] Level 1:colcon.colcon_core.package_discovery:discover_packages(recursive) using defaults
[1.157s] Level 1:colcon.colcon_core.package_discovery:discover_packages(ignore) discover
[1.157s] Level 1:colcon.colcon_core.package_discovery:discover_packages(ignore) using defaults
[1.157s] Level 1:colcon.colcon_core.package_discovery:discover_packages(path) discover
[1.157s] Level 1:colcon.colcon_core.package_discovery:discover_packages(path) using defaults
[1.227s] INFO:colcon.colcon_core.package_selection:Skipping not selected package 'carmaker_vds_client' in 'src/carmaker_vds_client'
[1.227s] INFO:colcon.colcon_core.package_selection:Skipping not selected package 'cmrosutils' in 'src/cmrosutils'
[1.227s] INFO:colcon.colcon_core.package_selection:Skipping not selected package 'control_test' in 'src/control_test'
[1.227s] INFO:colcon.colcon_core.package_selection:Skipping not selected package 'hellocm_msgs' in 'src/hellocm_msgs'
[1.227s] INFO:colcon.colcon_core.package_selection:Skipping not selected package 'hellocm' in 'src/hellocm'
[1.227s] INFO:colcon.colcon_core.package_selection:Skipping not selected package 'hellocm_cmnode' in 'src/hellocm_cmnode'
[1.263s] Level 1:colcon.colcon_core.package_discovery:discover_packages(prefix_path) check parameters
[1.263s] Level 1:colcon.colcon_core.package_discovery:discover_packages(prefix_path) discover
[1.300s] DEBUG:colcon.colcon_installed_package_information.package_discovery:Found 6 installed packages in /home/amlab/CarMaker_ROS2_Original/ros/ros2_ws/install
[1.319s] DEBUG:colcon.colcon_installed_package_information.package_discovery:Found 268 installed packages in /opt/ros/galactic
[1.320s] Level 1:colcon.colcon_core.package_discovery:discover_packages(prefix_path) using defaults
[1.396s] Level 5:colcon.colcon_core.verb:set package 'custom_msgs' build argument 'cmake_args' from command line to 'None'
[1.396s] Level 5:colcon.colcon_core.verb:set package 'custom_msgs' build argument 'cmake_target' from command line to 'None'
[1.396s] Level 5:colcon.colcon_core.verb:set package 'custom_msgs' build argument 'cmake_target_skip_unavailable' from command line to 'False'
[1.396s] Level 5:colcon.colcon_core.verb:set package 'custom_msgs' build argument 'cmake_clean_cache' from command line to 'False'
[1.396s] Level 5:colcon.colcon_core.verb:set package 'custom_msgs' build argument 'cmake_clean_first' from command line to 'False'
[1.396s] Level 5:colcon.colcon_core.verb:set package 'custom_msgs' build argument 'cmake_force_configure' from command line to 'False'
[1.396s] Level 5:colcon.colcon_core.verb:set package 'custom_msgs' build argument 'ament_cmake_args' from command line to 'None'
[1.396s] Level 5:colcon.colcon_core.verb:set package 'custom_msgs' build argument 'catkin_cmake_args' from command line to 'None'
[1.396s] Level 5:colcon.colcon_core.verb:set package 'custom_msgs' build argument 'catkin_skip_building_tests' from command line to 'False'
[1.396s] DEBUG:colcon.colcon_core.verb:Building package 'custom_msgs' with the following arguments: {'ament_cmake_args': None, 'build_base': '/home/amlab/CarMaker_ROS2_Original/ros/ros2_ws/build/custom_msgs', 'catkin_cmake_args': None, 'catkin_skip_building_tests': False, 'cmake_args': None, 'cmake_clean_cache': False, 'cmake_clean_first': False, 'cmake_force_configure': False, 'cmake_target': None, 'cmake_target_skip_unavailable': False, 'install_base': '/home/amlab/CarMaker_ROS2_Original/ros/ros2_ws/install/custom_msgs', 'merge_install': False, 'path': '/home/amlab/CarMaker_ROS2_Original/ros/ros2_ws/src/custom_msgs', 'symlink_install': False, 'test_result_base': None}
[1.414s] INFO:colcon.colcon_core.executor:Executing jobs using 'parallel' executor
[1.439s] DEBUG:colcon.colcon_parallel_executor.executor.parallel:run_until_complete
[1.439s] INFO:colcon.colcon_ros.task.ament_cmake.build:Building ROS package in '/home/amlab/CarMaker_ROS2_Original/ros/ros2_ws/src/custom_msgs' with build type 'ament_cmake'
[1.439s] INFO:colcon.colcon_cmake.task.cmake.build:Building CMake package in '/home/amlab/CarMaker_ROS2_Original/ros/ros2_ws/src/custom_msgs'
[1.459s] INFO:colcon.colcon_core.plugin_system:Skipping extension 'colcon_core.shell.bat': Not used on non-Windows systems
[1.459s] INFO:colcon.colcon_core.shell:Skip shell extension 'powershell' for command environment: Not usable outside of PowerShell
[1.459s] DEBUG:colcon.colcon_core.shell:Skip shell extension 'dsv' for command environment
[1.520s] DEBUG:colcon.colcon_core.event_handler.log_command:Invoking command in '/home/amlab/CarMaker_ROS2_Original/ros/ros2_ws/build/custom_msgs': CMAKE_PREFIX_PATH=${CMAKE_PREFIX_PATH}:/opt/ros/galactic /usr/bin/cmake /home/amlab/CarMaker_ROS2_Original/ros/ros2_ws/src/custom_msgs -DCMAKE_INSTALL_PREFIX=/home/amlab/CarMaker_ROS2_Original/ros/ros2_ws/install/custom_msgs
[2.049s] DEBUG:colcon.colcon_core.event_handler.log_command:Invoked command in '/home/amlab/CarMaker_ROS2_Original/ros/ros2_ws/build/custom_msgs' returned '0': CMAKE_PREFIX_PATH=${CMAKE_PREFIX_PATH}:/opt/ros/galactic /usr/bin/cmake /home/amlab/CarMaker_ROS2_Original/ros/ros2_ws/src/custom_msgs -DCMAKE_INSTALL_PREFIX=/home/amlab/CarMaker_ROS2_Original/ros/ros2_ws/install/custom_msgs
[2.051s] DEBUG:colcon.colcon_core.event_handler.log_command:Invoking command in '/home/amlab/CarMaker_ROS2_Original/ros/ros2_ws/build/custom_msgs': CMAKE_PREFIX_PATH=${CMAKE_PREFIX_PATH}:/opt/ros/galactic /usr/bin/cmake --build /home/amlab/CarMaker_ROS2_Original/ros/ros2_ws/build/custom_msgs -- -j12 -l12
[3.678s] DEBUG:colcon.colcon_core.event_handler.log_command:Invoked command in '/home/amlab/CarMaker_ROS2_Original/ros/ros2_ws/build/custom_msgs' returned '0': CMAKE_PREFIX_PATH=${CMAKE_PREFIX_PATH}:/opt/ros/galactic /usr/bin/cmake --build /home/amlab/CarMaker_ROS2_Original/ros/ros2_ws/build/custom_msgs -- -j12 -l12
[3.719s] DEBUG:colcon.colcon_core.event_handler.log_command:Invoking command in '/home/amlab/CarMaker_ROS2_Original/ros/ros2_ws/build/custom_msgs': CMAKE_PREFIX_PATH=${CMAKE_PREFIX_PATH}:/opt/ros/galactic /usr/bin/cmake --install /home/amlab/CarMaker_ROS2_Original/ros/ros2_ws/build/custom_msgs
[4.061s] Level 1:colcon.colcon_core.environment:create_environment_scripts_only(custom_msgs)
[4.061s] DEBUG:colcon.colcon_core.event_handler.log_command:Invoked command in '/home/amlab/CarMaker_ROS2_Original/ros/ros2_ws/build/custom_msgs' returned '0': CMAKE_PREFIX_PATH=${CMAKE_PREFIX_PATH}:/opt/ros/galactic /usr/bin/cmake --install /home/amlab/CarMaker_ROS2_Original/ros/ros2_ws/build/custom_msgs
[4.082s] Level 1:colcon.colcon_core.environment:checking '/home/amlab/CarMaker_ROS2_Original/ros/ros2_ws/install/custom_msgs' for CMake module files
[4.082s] Level 1:colcon.colcon_core.environment:checking '/home/amlab/CarMaker_ROS2_Original/ros/ros2_ws/install/custom_msgs' for CMake config files
[4.082s] Level 1:colcon.colcon_core.shell:create_environment_hook('custom_msgs', 'cmake_prefix_path')
[4.100s] INFO:colcon.colcon_core.shell:Creating environment hook '/home/amlab/CarMaker_ROS2_Original/ros/ros2_ws/install/custom_msgs/share/custom_msgs/hook/cmake_prefix_path.ps1'
[4.101s] INFO:colcon.colcon_core.shell:Creating environment descriptor '/home/amlab/CarMaker_ROS2_Original/ros/ros2_ws/install/custom_msgs/share/custom_msgs/hook/cmake_prefix_path.dsv'
[4.101s] INFO:colcon.colcon_core.shell:Creating environment hook '/home/amlab/CarMaker_ROS2_Original/ros/ros2_ws/install/custom_msgs/share/custom_msgs/hook/cmake_prefix_path.sh'
[4.101s] Level 1:colcon.colcon_core.environment:checking '/home/amlab/CarMaker_ROS2_Original/ros/ros2_ws/install/custom_msgs/lib'
[4.102s] Level 1:colcon.colcon_core.shell:create_environment_hook('custom_msgs', 'ld_library_path_lib')
[4.120s] INFO:colcon.colcon_core.shell:Creating environment hook '/home/amlab/CarMaker_ROS2_Original/ros/ros2_ws/install/custom_msgs/share/custom_msgs/hook/ld_library_path_lib.ps1'
[4.120s] INFO:colcon.colcon_core.shell:Creating environment descriptor '/home/amlab/CarMaker_ROS2_Original/ros/ros2_ws/install/custom_msgs/share/custom_msgs/hook/ld_library_path_lib.dsv'
[4.120s] INFO:colcon.colcon_core.shell:Creating environment hook '/home/amlab/CarMaker_ROS2_Original/ros/ros2_ws/install/custom_msgs/share/custom_msgs/hook/ld_library_path_lib.sh'
[4.120s] Level 1:colcon.colcon_core.environment:checking '/home/amlab/CarMaker_ROS2_Original/ros/ros2_ws/install/custom_msgs/bin'
[4.120s] Level 1:colcon.colcon_core.environment:checking '/home/amlab/CarMaker_ROS2_Original/ros/ros2_ws/install/custom_msgs/lib/pkgconfig/custom_msgs.pc'
[4.120s] Level 1:colcon.colcon_core.environment:checking '/home/amlab/CarMaker_ROS2_Original/ros/ros2_ws/install/custom_msgs/lib/python3.8/site-packages'
[4.121s] Level 1:colcon.colcon_core.shell:create_environment_hook('custom_msgs', 'pythonpath')
[4.138s] INFO:colcon.colcon_core.shell:Creating environment hook '/home/amlab/CarMaker_ROS2_Original/ros/ros2_ws/install/custom_msgs/share/custom_msgs/hook/pythonpath.ps1'
[4.139s] INFO:colcon.colcon_core.shell:Creating environment descriptor '/home/amlab/CarMaker_ROS2_Original/ros/ros2_ws/install/custom_msgs/share/custom_msgs/hook/pythonpath.dsv'
[4.139s] INFO:colcon.colcon_core.shell:Creating environment hook '/home/amlab/CarMaker_ROS2_Original/ros/ros2_ws/install/custom_msgs/share/custom_msgs/hook/pythonpath.sh'
[4.139s] Level 1:colcon.colcon_core.environment:checking '/home/amlab/CarMaker_ROS2_Original/ros/ros2_ws/install/custom_msgs/bin'
[4.157s] INFO:colcon.colcon_core.shell:Creating package script '/home/amlab/CarMaker_ROS2_Original/ros/ros2_ws/install/custom_msgs/share/custom_msgs/package.ps1'
[4.158s] INFO:colcon.colcon_core.shell:Creating package descriptor '/home/amlab/CarMaker_ROS2_Original/ros/ros2_ws/install/custom_msgs/share/custom_msgs/package.dsv'
[4.158s] INFO:colcon.colcon_core.shell:Creating package script '/home/amlab/CarMaker_ROS2_Original/ros/ros2_ws/install/custom_msgs/share/custom_msgs/package.sh'
[4.158s] INFO:colcon.colcon_core.shell:Creating package script '/home/amlab/CarMaker_ROS2_Original/ros/ros2_ws/install/custom_msgs/share/custom_msgs/package.bash'
[4.159s] INFO:colcon.colcon_core.shell:Creating package script '/home/amlab/CarMaker_ROS2_Original/ros/ros2_ws/install/custom_msgs/share/custom_msgs/package.zsh'
[4.159s] Level 1:colcon.colcon_core.environment:create_file_with_runtime_dependencies(/home/amlab/CarMaker_ROS2_Original/ros/ros2_ws/install/custom_msgs/share/colcon-core/packages/custom_msgs)
[4.208s] Level 1:colcon.colcon_core.environment:create_environment_scripts_only(custom_msgs)
[4.227s] Level 1:colcon.colcon_core.environment:checking '/home/amlab/CarMaker_ROS2_Original/ros/ros2_ws/install/custom_msgs' for CMake module files
[4.227s] Level 1:colcon.colcon_core.environment:checking '/home/amlab/CarMaker_ROS2_Original/ros/ros2_ws/install/custom_msgs' for CMake config files
[4.227s] Level 1:colcon.colcon_core.shell:create_environment_hook('custom_msgs', 'cmake_prefix_path')
[4.246s] INFO:colcon.colcon_core.shell:Creating environment hook '/home/amlab/CarMaker_ROS2_Original/ros/ros2_ws/install/custom_msgs/share/custom_msgs/hook/cmake_prefix_path.ps1'
[4.246s] INFO:colcon.colcon_core.shell:Creating environment descriptor '/home/amlab/CarMaker_ROS2_Original/ros/ros2_ws/install/custom_msgs/share/custom_msgs/hook/cmake_prefix_path.dsv'
[4.246s] INFO:colcon.colcon_core.shell:Creating environment hook '/home/amlab/CarMaker_ROS2_Original/ros/ros2_ws/install/custom_msgs/share/custom_msgs/hook/cmake_prefix_path.sh'
[4.247s] Level 1:colcon.colcon_core.environment:checking '/home/amlab/CarMaker_ROS2_Original/ros/ros2_ws/install/custom_msgs/lib'
[4.247s] Level 1:colcon.colcon_core.shell:create_environment_hook('custom_msgs', 'ld_library_path_lib')
[4.265s] INFO:colcon.colcon_core.shell:Creating environment hook '/home/amlab/CarMaker_ROS2_Original/ros/ros2_ws/install/custom_msgs/share/custom_msgs/hook/ld_library_path_lib.ps1'
[4.266s] INFO:colcon.colcon_core.shell:Creating environment descriptor '/home/amlab/CarMaker_ROS2_Original/ros/ros2_ws/install/custom_msgs/share/custom_msgs/hook/ld_library_path_lib.dsv'
[4.266s] INFO:colcon.colcon_core.shell:Creating environment hook '/home/amlab/CarMaker_ROS2_Original/ros/ros2_ws/install/custom_msgs/share/custom_msgs/hook/ld_library_path_lib.sh'
[4.266s] Level 1:colcon.colcon_core.environment:checking '/home/amlab/CarMaker_ROS2_Original/ros/ros2_ws/install/custom_msgs/bin'
[4.266s] Level 1:colcon.colcon_core.environment:checking '/home/amlab/CarMaker_ROS2_Original/ros/ros2_ws/install/custom_msgs/lib/pkgconfig/custom_msgs.pc'
[4.266s] Level 1:colcon.colcon_core.environment:checking '/home/amlab/CarMaker_ROS2_Original/ros/ros2_ws/install/custom_msgs/lib/python3.8/site-packages'
[4.266s] Level 1:colcon.colcon_core.shell:create_environment_hook('custom_msgs', 'pythonpath')
[4.285s] INFO:colcon.colcon_core.shell:Creating environment hook '/home/amlab/CarMaker_ROS2_Original/ros/ros2_ws/install/custom_msgs/share/custom_msgs/hook/pythonpath.ps1'
[4.285s] INFO:colcon.colcon_core.shell:Creating environment descriptor '/home/amlab/CarMaker_ROS2_Original/ros/ros2_ws/install/custom_msgs/share/custom_msgs/hook/pythonpath.dsv'
[4.285s] INFO:colcon.colcon_core.shell:Creating environment hook '/home/amlab/CarMaker_ROS2_Original/ros/ros2_ws/install/custom_msgs/share/custom_msgs/hook/pythonpath.sh'
[4.285s] Level 1:colcon.colcon_core.environment:checking '/home/amlab/CarMaker_ROS2_Original/ros/ros2_ws/install/custom_msgs/bin'
[4.304s] INFO:colcon.colcon_core.shell:Creating package script '/home/amlab/CarMaker_ROS2_Original/ros/ros2_ws/install/custom_msgs/share/custom_msgs/package.ps1'
[4.305s] INFO:colcon.colcon_core.shell:Creating package descriptor '/home/amlab/CarMaker_ROS2_Original/ros/ros2_ws/install/custom_msgs/share/custom_msgs/package.dsv'
[4.305s] INFO:colcon.colcon_core.shell:Creating package script '/home/amlab/CarMaker_ROS2_Original/ros/ros2_ws/install/custom_msgs/share/custom_msgs/package.sh'
[4.305s] INFO:colcon.colcon_core.shell:Creating package script '/home/amlab/CarMaker_ROS2_Original/ros/ros2_ws/install/custom_msgs/share/custom_msgs/package.bash'
[4.305s] INFO:colcon.colcon_core.shell:Creating package script '/home/amlab/CarMaker_ROS2_Original/ros/ros2_ws/install/custom_msgs/share/custom_msgs/package.zsh'
[4.306s] Level 1:colcon.colcon_core.environment:create_file_with_runtime_dependencies(/home/amlab/CarMaker_ROS2_Original/ros/ros2_ws/install/custom_msgs/share/colcon-core/packages/custom_msgs)
[4.306s] DEBUG:colcon.colcon_parallel_executor.executor.parallel:closing loop
[4.306s] DEBUG:colcon.colcon_parallel_executor.executor.parallel:loop closed
[4.306s] DEBUG:colcon.colcon_parallel_executor.executor.parallel:run_until_complete finished with '0'
[4.306s] DEBUG:colcon.colcon_core.event_reactor:joining thread
[4.328s] INFO:colcon.colcon_core.plugin_system:Skipping extension 'colcon_notification.desktop_notification.terminal_notifier': Not used on non-Darwin systems
[4.328s] INFO:colcon.colcon_core.plugin_system:Skipping extension 'colcon_notification.desktop_notification.win32': Not used on non-Windows systems
[4.328s] INFO:colcon.colcon_notification.desktop_notification:Sending desktop notification using 'notify2'
[4.336s] DEBUG:colcon.colcon_core.event_reactor:joined thread
[4.356s] INFO:colcon.colcon_core.shell:Creating prefix script '/home/amlab/CarMaker_ROS2_Original/ros/ros2_ws/install/local_setup.ps1'
[4.357s] INFO:colcon.colcon_core.shell:Creating prefix util module '/home/amlab/CarMaker_ROS2_Original/ros/ros2_ws/install/_local_setup_util_ps1.py'
[4.357s] INFO:colcon.colcon_core.shell:Creating prefix chain script '/home/amlab/CarMaker_ROS2_Original/ros/ros2_ws/install/setup.ps1'
[4.378s] INFO:colcon.colcon_core.shell:Creating prefix script '/home/amlab/CarMaker_ROS2_Original/ros/ros2_ws/install/local_setup.sh'
[4.378s] INFO:colcon.colcon_core.shell:Creating prefix util module '/home/amlab/CarMaker_ROS2_Original/ros/ros2_ws/install/_local_setup_util_sh.py'
[4.378s] INFO:colcon.colcon_core.shell:Creating prefix chain script '/home/amlab/CarMaker_ROS2_Original/ros/ros2_ws/install/setup.sh'
[4.399s] INFO:colcon.colcon_core.shell:Creating prefix script '/home/amlab/CarMaker_ROS2_Original/ros/ros2_ws/install/local_setup.bash'
[4.400s] INFO:colcon.colcon_core.shell:Creating prefix chain script '/home/amlab/CarMaker_ROS2_Original/ros/ros2_ws/install/setup.bash'
[4.420s] INFO:colcon.colcon_core.shell:Creating prefix script '/home/amlab/CarMaker_ROS2_Original/ros/ros2_ws/install/local_setup.zsh'
[4.420s] INFO:colcon.colcon_core.shell:Creating prefix chain script '/home/amlab/CarMaker_ROS2_Original/ros/ros2_ws/install/setup.zsh'
