[1.138s] DEBUG:colcon:Command line arguments: ['/usr/bin/colcon', 'build', '--packages-select', 'control_test']
[1.138s] DEBUG:colcon:Parsed command line arguments: Namespace(allow_overriding=[], ament_cmake_args=None, base_paths=['.'], build_base='build', catkin_cmake_args=None, catkin_skip_building_tests=False, cmake_args=None, cmake_clean_cache=False, cmake_clean_first=False, cmake_force_configure=False, cmake_target=None, cmake_target_skip_unavailable=False, continue_on_error=False, event_handlers=None, executor='parallel', ignore_user_meta=False, install_base='install', log_base=None, log_level=None, main=<bound method BuildVerb.main of <colcon_core.verb.build.BuildVerb object at 0x7fbed711ffd0>>, merge_install=False, metas=['./colcon.meta'], packages_above=None, packages_above_and_dependencies=None, packages_above_depth=None, packages_end=None, packages_ignore=None, packages_ignore_regex=None, packages_select=['control_test'], packages_select_build_failed=False, packages_select_by_dep=None, packages_select_regex=None, packages_select_test_failures=False, packages_skip=None, packages_skip_build_finished=False, packages_skip_by_dep=None, packages_skip_regex=None, packages_skip_test_passed=False, packages_skip_up_to=None, packages_start=None, packages_up_to=None, packages_up_to_regex=None, parallel_workers=12, paths=None, symlink_install=False, test_result_base=None, verb_extension=<colcon_core.verb.build.BuildVerb object at 0x7fbed711ffd0>, verb_name='build', verb_parser=<colcon_defaults.argument_parser.defaults.DefaultArgumentsDecorator object at 0x7fbed7a69df0>)
[1.188s] Level 1:colcon.colcon_core.package_discovery:discover_packages(colcon_meta) check parameters
[1.188s] Level 1:colcon.colcon_core.package_discovery:discover_packages(recursive) check parameters
[1.188s] Level 1:colcon.colcon_core.package_discovery:discover_packages(ignore) check parameters
[1.188s] Level 1:colcon.colcon_core.package_discovery:discover_packages(path) check parameters
[1.188s] Level 1:colcon.colcon_core.package_discovery:discover_packages(colcon_meta) discover
[1.188s] Level 1:colcon.colcon_core.package_discovery:discover_packages(recursive) discover
[1.188s] INFO:colcon.colcon_core.package_discovery:Crawling recursively for packages in '/home/amlab/CarMaker_ROS2_Original/ros/ros2_ws'
[1.188s] Level 1:colcon.colcon_core.package_identification:_identify(.) by extensions ['ignore', 'ignore_ament_install']
[1.188s] Level 1:colcon.colcon_core.package_identification:_identify(.) by extension 'ignore'
[1.188s] Level 1:colcon.colcon_core.package_identification:_identify(.) by extension 'ignore_ament_install'
[1.188s] Level 1:colcon.colcon_core.package_identification:_identify(.) by extensions ['colcon_pkg']
[1.188s] Level 1:colcon.colcon_core.package_identification:_identify(.) by extension 'colcon_pkg'
[1.188s] Level 1:colcon.colcon_core.package_identification:_identify(.) by extensions ['colcon_meta']
[1.188s] Level 1:colcon.colcon_core.package_identification:_identify(.) by extension 'colcon_meta'
[1.188s] Level 1:colcon.colcon_core.package_identification:_identify(.) by extensions ['ros']
[1.188s] Level 1:colcon.colcon_core.package_identification:_identify(.) by extension 'ros'
[1.195s] Level 1:colcon.colcon_core.package_identification:_identify(.) by extensions ['cmake', 'python']
[1.195s] Level 1:colcon.colcon_core.package_identification:_identify(.) by extension 'cmake'
[1.195s] Level 1:colcon.colcon_core.package_identification:_identify(.) by extension 'python'
[1.195s] Level 1:colcon.colcon_core.package_identification:_identify(.) by extensions ['python_setup_py']
[1.195s] Level 1:colcon.colcon_core.package_identification:_identify(.) by extension 'python_setup_py'
[1.195s] Level 1:colcon.colcon_core.package_identification:_identify(build) by extensions ['ignore', 'ignore_ament_install']
[1.195s] Level 1:colcon.colcon_core.package_identification:_identify(build) by extension 'ignore'
[1.195s] Level 1:colcon.colcon_core.package_identification:_identify(build) ignored
[1.195s] Level 1:colcon.colcon_core.package_identification:_identify(install) by extensions ['ignore', 'ignore_ament_install']
[1.195s] Level 1:colcon.colcon_core.package_identification:_identify(install) by extension 'ignore'
[1.195s] Level 1:colcon.colcon_core.package_identification:_identify(install) ignored
[1.195s] Level 1:colcon.colcon_core.package_identification:_identify(log) by extensions ['ignore', 'ignore_ament_install']
[1.195s] Level 1:colcon.colcon_core.package_identification:_identify(log) by extension 'ignore'
[1.195s] Level 1:colcon.colcon_core.package_identification:_identify(log) ignored
[1.196s] Level 1:colcon.colcon_core.package_identification:_identify(src) by extensions ['ignore', 'ignore_ament_install']
[1.196s] Level 1:colcon.colcon_core.package_identification:_identify(src) by extension 'ignore'
[1.196s] Level 1:colcon.colcon_core.package_identification:_identify(src) by extension 'ignore_ament_install'
[1.196s] Level 1:colcon.colcon_core.package_identification:_identify(src) by extensions ['colcon_pkg']
[1.196s] Level 1:colcon.colcon_core.package_identification:_identify(src) by extension 'colcon_pkg'
[1.196s] Level 1:colcon.colcon_core.package_identification:_identify(src) by extensions ['colcon_meta']
[1.196s] Level 1:colcon.colcon_core.package_identification:_identify(src) by extension 'colcon_meta'
[1.196s] Level 1:colcon.colcon_core.package_identification:_identify(src) by extensions ['ros']
[1.196s] Level 1:colcon.colcon_core.package_identification:_identify(src) by extension 'ros'
[1.196s] Level 1:colcon.colcon_core.package_identification:_identify(src) by extensions ['cmake', 'python']
[1.196s] Level 1:colcon.colcon_core.package_identification:_identify(src) by extension 'cmake'
[1.196s] Level 1:colcon.colcon_core.package_identification:_identify(src) by extension 'python'
[1.196s] Level 1:colcon.colcon_core.package_identification:_identify(src) by extensions ['python_setup_py']
[1.196s] Level 1:colcon.colcon_core.package_identification:_identify(src) by extension 'python_setup_py'
[1.196s] Level 1:colcon.colcon_core.package_identification:_identify(src/carmaker_vds_client) by extensions ['ignore', 'ignore_ament_install']
[1.196s] Level 1:colcon.colcon_core.package_identification:_identify(src/carmaker_vds_client) by extension 'ignore'
[1.196s] Level 1:colcon.colcon_core.package_identification:_identify(src/carmaker_vds_client) by extension 'ignore_ament_install'
[1.196s] Level 1:colcon.colcon_core.package_identification:_identify(src/carmaker_vds_client) by extensions ['colcon_pkg']
[1.196s] Level 1:colcon.colcon_core.package_identification:_identify(src/carmaker_vds_client) by extension 'colcon_pkg'
[1.196s] Level 1:colcon.colcon_core.package_identification:_identify(src/carmaker_vds_client) by extensions ['colcon_meta']
[1.196s] Level 1:colcon.colcon_core.package_identification:_identify(src/carmaker_vds_client) by extension 'colcon_meta'
[1.196s] Level 1:colcon.colcon_core.package_identification:_identify(src/carmaker_vds_client) by extensions ['ros']
[1.196s] Level 1:colcon.colcon_core.package_identification:_identify(src/carmaker_vds_client) by extension 'ros'
[1.198s] DEBUG:colcon.colcon_core.package_identification:Package 'src/carmaker_vds_client' with type 'ros.ament_cmake' and name 'carmaker_vds_client'
[1.198s] Level 1:colcon.colcon_core.package_identification:_identify(src/cmrosutils) by extensions ['ignore', 'ignore_ament_install']
[1.198s] Level 1:colcon.colcon_core.package_identification:_identify(src/cmrosutils) by extension 'ignore'
[1.198s] Level 1:colcon.colcon_core.package_identification:_identify(src/cmrosutils) by extension 'ignore_ament_install'
[1.198s] Level 1:colcon.colcon_core.package_identification:_identify(src/cmrosutils) by extensions ['colcon_pkg']
[1.198s] Level 1:colcon.colcon_core.package_identification:_identify(src/cmrosutils) by extension 'colcon_pkg'
[1.198s] Level 1:colcon.colcon_core.package_identification:_identify(src/cmrosutils) by extensions ['colcon_meta']
[1.198s] Level 1:colcon.colcon_core.package_identification:_identify(src/cmrosutils) by extension 'colcon_meta'
[1.198s] Level 1:colcon.colcon_core.package_identification:_identify(src/cmrosutils) by extensions ['ros']
[1.198s] Level 1:colcon.colcon_core.package_identification:_identify(src/cmrosutils) by extension 'ros'
[1.198s] DEBUG:colcon.colcon_core.package_identification:Package 'src/cmrosutils' with type 'ros.ament_cmake' and name 'cmrosutils'
[1.198s] Level 1:colcon.colcon_core.package_identification:_identify(src/control_test) by extensions ['ignore', 'ignore_ament_install']
[1.198s] Level 1:colcon.colcon_core.package_identification:_identify(src/control_test) by extension 'ignore'
[1.198s] Level 1:colcon.colcon_core.package_identification:_identify(src/control_test) by extension 'ignore_ament_install'
[1.198s] Level 1:colcon.colcon_core.package_identification:_identify(src/control_test) by extensions ['colcon_pkg']
[1.198s] Level 1:colcon.colcon_core.package_identification:_identify(src/control_test) by extension 'colcon_pkg'
[1.198s] Level 1:colcon.colcon_core.package_identification:_identify(src/control_test) by extensions ['colcon_meta']
[1.198s] Level 1:colcon.colcon_core.package_identification:_identify(src/control_test) by extension 'colcon_meta'
[1.198s] Level 1:colcon.colcon_core.package_identification:_identify(src/control_test) by extensions ['ros']
[1.199s] Level 1:colcon.colcon_core.package_identification:_identify(src/control_test) by extension 'ros'
[1.199s] DEBUG:colcon.colcon_core.package_identification:Package 'src/control_test' with type 'ros.ament_cmake' and name 'control_test'
[1.199s] Level 1:colcon.colcon_core.package_identification:_identify(src/custom_msgs) by extensions ['ignore', 'ignore_ament_install']
[1.199s] Level 1:colcon.colcon_core.package_identification:_identify(src/custom_msgs) by extension 'ignore'
[1.199s] Level 1:colcon.colcon_core.package_identification:_identify(src/custom_msgs) by extension 'ignore_ament_install'
[1.199s] Level 1:colcon.colcon_core.package_identification:_identify(src/custom_msgs) by extensions ['colcon_pkg']
[1.199s] Level 1:colcon.colcon_core.package_identification:_identify(src/custom_msgs) by extension 'colcon_pkg'
[1.199s] Level 1:colcon.colcon_core.package_identification:_identify(src/custom_msgs) by extensions ['colcon_meta']
[1.199s] Level 1:colcon.colcon_core.package_identification:_identify(src/custom_msgs) by extension 'colcon_meta'
[1.199s] Level 1:colcon.colcon_core.package_identification:_identify(src/custom_msgs) by extensions ['ros']
[1.199s] Level 1:colcon.colcon_core.package_identification:_identify(src/custom_msgs) by extension 'ros'
[1.200s] DEBUG:colcon.colcon_core.package_identification:Package 'src/custom_msgs' with type 'ros.ament_cmake' and name 'custom_msgs'
[1.200s] Level 1:colcon.colcon_core.package_identification:_identify(src/hellocm) by extensions ['ignore', 'ignore_ament_install']
[1.200s] Level 1:colcon.colcon_core.package_identification:_identify(src/hellocm) by extension 'ignore'
[1.200s] Level 1:colcon.colcon_core.package_identification:_identify(src/hellocm) by extension 'ignore_ament_install'
[1.200s] Level 1:colcon.colcon_core.package_identification:_identify(src/hellocm) by extensions ['colcon_pkg']
[1.200s] Level 1:colcon.colcon_core.package_identification:_identify(src/hellocm) by extension 'colcon_pkg'
[1.200s] Level 1:colcon.colcon_core.package_identification:_identify(src/hellocm) by extensions ['colcon_meta']
[1.200s] Level 1:colcon.colcon_core.package_identification:_identify(src/hellocm) by extension 'colcon_meta'
[1.200s] Level 1:colcon.colcon_core.package_identification:_identify(src/hellocm) by extensions ['ros']
[1.200s] Level 1:colcon.colcon_core.package_identification:_identify(src/hellocm) by extension 'ros'
[1.200s] DEBUG:colcon.colcon_core.package_identification:Package 'src/hellocm' with type 'ros.ament_cmake' and name 'hellocm'
[1.200s] Level 1:colcon.colcon_core.package_identification:_identify(src/hellocm_cmnode) by extensions ['ignore', 'ignore_ament_install']
[1.200s] Level 1:colcon.colcon_core.package_identification:_identify(src/hellocm_cmnode) by extension 'ignore'
[1.200s] Level 1:colcon.colcon_core.package_identification:_identify(src/hellocm_cmnode) by extension 'ignore_ament_install'
[1.200s] Level 1:colcon.colcon_core.package_identification:_identify(src/hellocm_cmnode) by extensions ['colcon_pkg']
[1.200s] Level 1:colcon.colcon_core.package_identification:_identify(src/hellocm_cmnode) by extension 'colcon_pkg'
[1.200s] Level 1:colcon.colcon_core.package_identification:_identify(src/hellocm_cmnode) by extensions ['colcon_meta']
[1.200s] Level 1:colcon.colcon_core.package_identification:_identify(src/hellocm_cmnode) by extension 'colcon_meta'
[1.200s] Level 1:colcon.colcon_core.package_identification:_identify(src/hellocm_cmnode) by extensions ['ros']
[1.200s] Level 1:colcon.colcon_core.package_identification:_identify(src/hellocm_cmnode) by extension 'ros'
[1.201s] DEBUG:colcon.colcon_core.package_identification:Package 'src/hellocm_cmnode' with type 'ros.ament_cmake' and name 'hellocm_cmnode'
[1.201s] Level 1:colcon.colcon_core.package_identification:_identify(src/hellocm_msgs) by extensions ['ignore', 'ignore_ament_install']
[1.201s] Level 1:colcon.colcon_core.package_identification:_identify(src/hellocm_msgs) by extension 'ignore'
[1.201s] Level 1:colcon.colcon_core.package_identification:_identify(src/hellocm_msgs) by extension 'ignore_ament_install'
[1.201s] Level 1:colcon.colcon_core.package_identification:_identify(src/hellocm_msgs) by extensions ['colcon_pkg']
[1.201s] Level 1:colcon.colcon_core.package_identification:_identify(src/hellocm_msgs) by extension 'colcon_pkg'
[1.201s] Level 1:colcon.colcon_core.package_identification:_identify(src/hellocm_msgs) by extensions ['colcon_meta']
[1.201s] Level 1:colcon.colcon_core.package_identification:_identify(src/hellocm_msgs) by extension 'colcon_meta'
[1.201s] Level 1:colcon.colcon_core.package_identification:_identify(src/hellocm_msgs) by extensions ['ros']
[1.201s] Level 1:colcon.colcon_core.package_identification:_identify(src/hellocm_msgs) by extension 'ros'
[1.202s] DEBUG:colcon.colcon_core.package_identification:Package 'src/hellocm_msgs' with type 'ros.ament_cmake' and name 'hellocm_msgs'
[1.202s] Level 1:colcon.colcon_core.package_discovery:discover_packages(recursive) using defaults
[1.202s] Level 1:colcon.colcon_core.package_discovery:discover_packages(ignore) discover
[1.202s] Level 1:colcon.colcon_core.package_discovery:discover_packages(ignore) using defaults
[1.202s] Level 1:colcon.colcon_core.package_discovery:discover_packages(path) discover
[1.202s] Level 1:colcon.colcon_core.package_discovery:discover_packages(path) using defaults
[1.274s] INFO:colcon.colcon_core.package_selection:Skipping not selected package 'carmaker_vds_client' in 'src/carmaker_vds_client'
[1.274s] INFO:colcon.colcon_core.package_selection:Skipping not selected package 'cmrosutils' in 'src/cmrosutils'
[1.274s] INFO:colcon.colcon_core.package_selection:Skipping not selected package 'custom_msgs' in 'src/custom_msgs'
[1.274s] INFO:colcon.colcon_core.package_selection:Skipping not selected package 'hellocm_msgs' in 'src/hellocm_msgs'
[1.274s] INFO:colcon.colcon_core.package_selection:Skipping not selected package 'hellocm' in 'src/hellocm'
[1.274s] INFO:colcon.colcon_core.package_selection:Skipping not selected package 'hellocm_cmnode' in 'src/hellocm_cmnode'
[1.311s] Level 1:colcon.colcon_core.package_discovery:discover_packages(prefix_path) check parameters
[1.311s] Level 1:colcon.colcon_core.package_discovery:discover_packages(prefix_path) discover
[1.350s] DEBUG:colcon.colcon_installed_package_information.package_discovery:Found 7 installed packages in /home/amlab/CarMaker_ROS2_Original/ros/ros2_ws/install
[1.369s] DEBUG:colcon.colcon_installed_package_information.package_discovery:Found 268 installed packages in /opt/ros/galactic
[1.370s] Level 1:colcon.colcon_core.package_discovery:discover_packages(prefix_path) using defaults
[1.449s] Level 5:colcon.colcon_core.verb:set package 'control_test' build argument 'cmake_args' from command line to 'None'
[1.449s] Level 5:colcon.colcon_core.verb:set package 'control_test' build argument 'cmake_target' from command line to 'None'
[1.449s] Level 5:colcon.colcon_core.verb:set package 'control_test' build argument 'cmake_target_skip_unavailable' from command line to 'False'
[1.449s] Level 5:colcon.colcon_core.verb:set package 'control_test' build argument 'cmake_clean_cache' from command line to 'False'
[1.449s] Level 5:colcon.colcon_core.verb:set package 'control_test' build argument 'cmake_clean_first' from command line to 'False'
[1.449s] Level 5:colcon.colcon_core.verb:set package 'control_test' build argument 'cmake_force_configure' from command line to 'False'
[1.449s] Level 5:colcon.colcon_core.verb:set package 'control_test' build argument 'ament_cmake_args' from command line to 'None'
[1.449s] Level 5:colcon.colcon_core.verb:set package 'control_test' build argument 'catkin_cmake_args' from command line to 'None'
[1.449s] Level 5:colcon.colcon_core.verb:set package 'control_test' build argument 'catkin_skip_building_tests' from command line to 'False'
[1.449s] DEBUG:colcon.colcon_core.verb:Building package 'control_test' with the following arguments: {'ament_cmake_args': None, 'build_base': '/home/amlab/CarMaker_ROS2_Original/ros/ros2_ws/build/control_test', 'catkin_cmake_args': None, 'catkin_skip_building_tests': False, 'cmake_args': None, 'cmake_clean_cache': False, 'cmake_clean_first': False, 'cmake_force_configure': False, 'cmake_target': None, 'cmake_target_skip_unavailable': False, 'install_base': '/home/amlab/CarMaker_ROS2_Original/ros/ros2_ws/install/control_test', 'merge_install': False, 'path': '/home/amlab/CarMaker_ROS2_Original/ros/ros2_ws/src/control_test', 'symlink_install': False, 'test_result_base': None}
[1.467s] INFO:colcon.colcon_core.executor:Executing jobs using 'parallel' executor
[1.493s] DEBUG:colcon.colcon_parallel_executor.executor.parallel:run_until_complete
[1.493s] INFO:colcon.colcon_ros.task.ament_cmake.build:Building ROS package in '/home/amlab/CarMaker_ROS2_Original/ros/ros2_ws/src/control_test' with build type 'ament_cmake'
[1.494s] INFO:colcon.colcon_cmake.task.cmake.build:Building CMake package in '/home/amlab/CarMaker_ROS2_Original/ros/ros2_ws/src/control_test'
[1.514s] INFO:colcon.colcon_core.plugin_system:Skipping extension 'colcon_core.shell.bat': Not used on non-Windows systems
[1.514s] INFO:colcon.colcon_core.shell:Skip shell extension 'powershell' for command environment: Not usable outside of PowerShell
[1.514s] DEBUG:colcon.colcon_core.shell:Skip shell extension 'dsv' for command environment
[1.576s] DEBUG:colcon.colcon_core.event_handler.log_command:Invoking command in '/home/amlab/CarMaker_ROS2_Original/ros/ros2_ws/build/control_test': CMAKE_PREFIX_PATH=${CMAKE_PREFIX_PATH}:/opt/ros/galactic /usr/bin/cmake /home/amlab/CarMaker_ROS2_Original/ros/ros2_ws/src/control_test -DCMAKE_INSTALL_PREFIX=/home/amlab/CarMaker_ROS2_Original/ros/ros2_ws/install/control_test
[1.880s] DEBUG:colcon.colcon_core.event_handler.log_command:Invoked command in '/home/amlab/CarMaker_ROS2_Original/ros/ros2_ws/build/control_test' returned '1': CMAKE_PREFIX_PATH=${CMAKE_PREFIX_PATH}:/opt/ros/galactic /usr/bin/cmake /home/amlab/CarMaker_ROS2_Original/ros/ros2_ws/src/control_test -DCMAKE_INSTALL_PREFIX=/home/amlab/CarMaker_ROS2_Original/ros/ros2_ws/install/control_test
[1.887s] Level 1:colcon.colcon_core.environment:create_environment_scripts_only(control_test)
[1.908s] Level 1:colcon.colcon_core.environment:checking '/home/amlab/CarMaker_ROS2_Original/ros/ros2_ws/install/control_test' for CMake module files
[1.908s] Level 1:colcon.colcon_core.environment:checking '/home/amlab/CarMaker_ROS2_Original/ros/ros2_ws/install/control_test' for CMake config files
[1.909s] Level 1:colcon.colcon_core.environment:checking '/home/amlab/CarMaker_ROS2_Original/ros/ros2_ws/install/control_test/bin'
[1.909s] Level 1:colcon.colcon_core.environment:checking '/home/amlab/CarMaker_ROS2_Original/ros/ros2_ws/install/control_test/lib/pkgconfig/control_test.pc'
[1.909s] Level 1:colcon.colcon_core.environment:checking '/home/amlab/CarMaker_ROS2_Original/ros/ros2_ws/install/control_test/lib/python3.8/site-packages'
[1.909s] Level 1:colcon.colcon_core.environment:checking '/home/amlab/CarMaker_ROS2_Original/ros/ros2_ws/install/control_test/bin'
[1.928s] INFO:colcon.colcon_core.shell:Creating package script '/home/amlab/CarMaker_ROS2_Original/ros/ros2_ws/install/control_test/share/control_test/package.ps1'
[1.929s] INFO:colcon.colcon_core.shell:Creating package descriptor '/home/amlab/CarMaker_ROS2_Original/ros/ros2_ws/install/control_test/share/control_test/package.dsv'
[1.929s] INFO:colcon.colcon_core.shell:Creating package script '/home/amlab/CarMaker_ROS2_Original/ros/ros2_ws/install/control_test/share/control_test/package.sh'
[1.929s] INFO:colcon.colcon_core.shell:Creating package script '/home/amlab/CarMaker_ROS2_Original/ros/ros2_ws/install/control_test/share/control_test/package.bash'
[1.929s] INFO:colcon.colcon_core.shell:Creating package script '/home/amlab/CarMaker_ROS2_Original/ros/ros2_ws/install/control_test/share/control_test/package.zsh'
[1.930s] Level 1:colcon.colcon_core.environment:create_file_with_runtime_dependencies(/home/amlab/CarMaker_ROS2_Original/ros/ros2_ws/install/control_test/share/colcon-core/packages/control_test)
[1.940s] DEBUG:colcon.colcon_parallel_executor.executor.parallel:closing loop
[1.940s] DEBUG:colcon.colcon_parallel_executor.executor.parallel:loop closed
[1.940s] DEBUG:colcon.colcon_parallel_executor.executor.parallel:run_until_complete finished with '1'
[1.940s] DEBUG:colcon.colcon_core.event_reactor:joining thread
[1.963s] INFO:colcon.colcon_core.plugin_system:Skipping extension 'colcon_notification.desktop_notification.terminal_notifier': Not used on non-Darwin systems
[1.963s] INFO:colcon.colcon_core.plugin_system:Skipping extension 'colcon_notification.desktop_notification.win32': Not used on non-Windows systems
[1.963s] INFO:colcon.colcon_notification.desktop_notification:Sending desktop notification using 'notify2'
[1.970s] DEBUG:colcon.colcon_core.event_reactor:joined thread
[1.995s] INFO:colcon.colcon_core.shell:Creating prefix script '/home/amlab/CarMaker_ROS2_Original/ros/ros2_ws/install/local_setup.ps1'
[1.996s] INFO:colcon.colcon_core.shell:Creating prefix util module '/home/amlab/CarMaker_ROS2_Original/ros/ros2_ws/install/_local_setup_util_ps1.py'
[1.997s] INFO:colcon.colcon_core.shell:Creating prefix chain script '/home/amlab/CarMaker_ROS2_Original/ros/ros2_ws/install/setup.ps1'
[2.017s] INFO:colcon.colcon_core.shell:Creating prefix script '/home/amlab/CarMaker_ROS2_Original/ros/ros2_ws/install/local_setup.sh'
[2.017s] INFO:colcon.colcon_core.shell:Creating prefix util module '/home/amlab/CarMaker_ROS2_Original/ros/ros2_ws/install/_local_setup_util_sh.py'
[2.018s] INFO:colcon.colcon_core.shell:Creating prefix chain script '/home/amlab/CarMaker_ROS2_Original/ros/ros2_ws/install/setup.sh'
[2.038s] INFO:colcon.colcon_core.shell:Creating prefix script '/home/amlab/CarMaker_ROS2_Original/ros/ros2_ws/install/local_setup.bash'
[2.038s] INFO:colcon.colcon_core.shell:Creating prefix chain script '/home/amlab/CarMaker_ROS2_Original/ros/ros2_ws/install/setup.bash'
[2.058s] INFO:colcon.colcon_core.shell:Creating prefix script '/home/amlab/CarMaker_ROS2_Original/ros/ros2_ws/install/local_setup.zsh'
[2.058s] INFO:colcon.colcon_core.shell:Creating prefix chain script '/home/amlab/CarMaker_ROS2_Original/ros/ros2_ws/install/setup.zsh'
