[100%] Built target hellocm_node
-- Install configuration: ""
-- Execute custom install script
-- Up-to-date symlink: /home/amlab/CarMaker_ROS2_Original/ros/ros2_ws/install/hellocm/lib/hellocm/hellocm_node
-- Up-to-date symlink: /home/amlab/CarMaker_ROS2_Original/ros/ros2_ws/install/hellocm/share/hellocm/launch/hellocm.launch.py
-- Up-to-date symlink: /home/amlab/CarMaker_ROS2_Original/ros/ros2_ws/install/hellocm/share/ament_index/resource_index/package_run_dependencies/hellocm
-- Up-to-date symlink: /home/amlab/CarMaker_ROS2_Original/ros/ros2_ws/install/hellocm/share/ament_index/resource_index/parent_prefix_path/hellocm
-- Up-to-date symlink: /home/amlab/CarMaker_ROS2_Original/ros/ros2_ws/install/hellocm/share/hellocm/environment/ament_prefix_path.sh
-- Up-to-date symlink: /home/amlab/CarMaker_ROS2_Original/ros/ros2_ws/install/hellocm/share/hellocm/environment/ament_prefix_path.dsv
-- Up-to-date symlink: /home/amlab/CarMaker_ROS2_Original/ros/ros2_ws/install/hellocm/share/hellocm/environment/path.sh
-- Up-to-date symlink: /home/amlab/CarMaker_ROS2_Original/ros/ros2_ws/install/hellocm/share/hellocm/environment/path.dsv
-- Up-to-date symlink: /home/amlab/CarMaker_ROS2_Original/ros/ros2_ws/install/hellocm/share/hellocm/local_setup.bash
-- Up-to-date symlink: /home/amlab/CarMaker_ROS2_Original/ros/ros2_ws/install/hellocm/share/hellocm/local_setup.sh
-- Up-to-date symlink: /home/amlab/CarMaker_ROS2_Original/ros/ros2_ws/install/hellocm/share/hellocm/local_setup.zsh
-- Up-to-date symlink: /home/amlab/CarMaker_ROS2_Original/ros/ros2_ws/install/hellocm/share/hellocm/local_setup.dsv
-- Symlinking: /home/amlab/CarMaker_ROS2_Original/ros/ros2_ws/install/hellocm/share/hellocm/package.dsv
-- Up-to-date symlink: /home/amlab/CarMaker_ROS2_Original/ros/ros2_ws/install/hellocm/share/ament_index/resource_index/packages/hellocm
-- Up-to-date symlink: /home/amlab/CarMaker_ROS2_Original/ros/ros2_ws/install/hellocm/share/hellocm/cmake/ament_cmake_export_include_directories-extras.cmake
-- Up-to-date symlink: /home/amlab/CarMaker_ROS2_Original/ros/ros2_ws/install/hellocm/share/hellocm/cmake/ament_cmake_export_dependencies-extras.cmake
-- Up-to-date symlink: /home/amlab/CarMaker_ROS2_Original/ros/ros2_ws/install/hellocm/share/hellocm/cmake/hellocmConfig.cmake
-- Up-to-date symlink: /home/amlab/CarMaker_ROS2_Original/ros/ros2_ws/install/hellocm/share/hellocm/cmake/hellocmConfig-version.cmake
-- Up-to-date symlink: /home/amlab/CarMaker_ROS2_Original/ros/ros2_ws/install/hellocm/share/hellocm/package.xml
-- Up-to-date: /home/amlab/CarMaker_ROS2_Original/ros/ros2_ws/install/hellocm/include/hellocm/
-- Up-to-date: /home/amlab/CarMaker_ROS2_Original/ros/ros2_ws/install/hellocm/include/hellocm//ROS1_HelloCM.h
