-- The C compiler identification is GNU 9.4.0
-- The CXX compiler identification is GNU 9.4.0
-- Check for working C compiler: /usr/bin/cc
-- Check for working C compiler: /usr/bin/cc -- works
-- Detecting C compiler ABI info
-- Detecting C compiler ABI info - done
-- Detecting C compile features
-- Detecting C compile features - done
-- Check for working CXX compiler: /usr/bin/c++
-- Check for working CXX compiler: /usr/bin/c++ -- works
-- Detecting CXX compiler ABI info
-- Detecting CXX compiler ABI info - done
-- Detecting CXX compile features
-- Detecting CXX compile features - done
-- Found ament_cmake: 1.1.6 (/opt/ros/galactic/share/ament_cmake/cmake)
-- Found PythonInterp: /usr/bin/python3 (found suitable version "3.8.10", minimum required is "3") 
-- Using PYTHON_EXECUTABLE: /usr/bin/python3
-- Found rclcpp: 9.2.2 (/opt/ros/galactic/share/rclcpp/cmake)
-- Using all available rosidl_typesupport_c: rosidl_typesupport_fastrtps_c;rosidl_typesupport_introspection_c
-- Found rosidl_adapter: 2.2.3 (/opt/ros/galactic/share/rosidl_adapter/cmake)
-- Found OpenSSL: /usr/lib/x86_64-linux-gnu/libcrypto.so (found version "1.1.1f")  
-- Found FastRTPS: /opt/ros/galactic/include  
-- Using all available rosidl_typesupport_cpp: rosidl_typesupport_fastrtps_cpp;rosidl_typesupport_introspection_cpp
-- Found rmw_implementation_cmake: 3.3.1 (/opt/ros/galactic/share/rmw_implementation_cmake/cmake)
-- Found rmw_cyclonedds_cpp: 0.22.6 (/opt/ros/galactic/share/rmw_cyclonedds_cpp/cmake)
-- Using RMW implementation 'rmw_cyclonedds_cpp' as default
-- Looking for pthread.h
-- Looking for pthread.h - found
-- Performing Test CMAKE_HAVE_LIBC_PTHREAD
-- Performing Test CMAKE_HAVE_LIBC_PTHREAD - Failed
-- Looking for pthread_create in pthreads
-- Looking for pthread_create in pthreads - not found
-- Looking for pthread_create in pthread
-- Looking for pthread_create in pthread - found
-- Found Threads: TRUE  
-- Found rosidl_default_generators: 1.1.1 (/opt/ros/galactic/share/rosidl_default_generators/cmake)
-- Found cmrosutils: 0.0.0 (/home/amlab/CarMaker_ROS2_Original/ros/ros2_ws/install/cmrosutils/share/cmrosutils/cmake)
-- Found hellocm: 0.0.0 (/home/amlab/CarMaker_ROS2_Original/ros/ros2_ws/install/hellocm/share/hellocm/cmake)
-- Found tf2: 0.17.5 (/opt/ros/galactic/share/tf2/cmake)
-- Found tf2_ros: 0.17.5 (/opt/ros/galactic/share/tf2_ros/cmake)
-- Found tf2_geometry_msgs: 0.17.5 (/opt/ros/galactic/share/tf2_geometry_msgs/cmake)
-- Found eigen3_cmake_module: 0.1.1 (/opt/ros/galactic/share/eigen3_cmake_module/cmake)
-- Found Eigen3: TRUE (found version "3.3.7") 
-- Found sensor_msgs: 2.2.4 (/opt/ros/galactic/share/sensor_msgs/cmake)
-- Found visualization_msgs: 2.2.4 (/opt/ros/galactic/share/visualization_msgs/cmake)
-- Found nav_msgs: 2.2.4 (/opt/ros/galactic/share/nav_msgs/cmake)
-- Found Boost: /usr/lib/x86_64-linux-gnu/cmake/Boost-1.71.0/BoostConfig.cmake (found version "1.71.0") found components: system thread program_options 
-- Found ament_lint_auto: 0.10.7 (/opt/ros/galactic/share/ament_lint_auto/cmake)
-- Added test 'copyright' to check source files copyright and LICENSE
-- Added test 'cppcheck' to perform static code analysis on C / C++ code
-- Configured cppcheck include dirs: /home/amlab/CarMaker_ROS2_Original/ros/ros2_ws/src/hellocm_cmnode/include
-- Configured cppcheck exclude dirs and/or files: 
-- Added test 'cpplint' to check C / C++ code against the Google style
-- Configured cpplint exclude dirs and/or files: 
-- Added test 'lint_cmake' to check CMake code style
-- Added test 'uncrustify' to check C / C++ code style
-- Configured uncrustify additional arguments: 
-- Added test 'xmllint' to check XML markup files
-- Configuring done
-- Generating done
-- Build files have been written to: /home/amlab/CarMaker_ROS2_Original/ros/ros2_ws/build/hellocm_cmnode
[35m[1mScanning dependencies of target CMNode_ROS1_HelloCM[0m
[ 50%] [32mBuilding CXX object CMakeFiles/CMNode_ROS1_HelloCM.dir/src/CMNode_ROS1_HelloCM.cpp.o[0m
In file included from [01m[K/home/amlab/CarMaker_ROS2_Original/ros/ros2_ws/src/hellocm_cmnode/src/CMNode_ROS1_HelloCM.cpp:56[m[K:
[01m[K/opt/ros/galactic/include/sensor_msgs/point_cloud_conversion.hpp:51:6:[m[K [01;35m[Kwarning: [m[K#warning POINT_CLOUD_DEPRECATION_MESSAGE [[01;35m[K-Wcpp[m[K]
   51 | #    [01;35m[Kwarning[m[K POINT_CLOUD_DEPRECATION_MESSAGE
      |      [01;35m[K^~~~~~~[m[K
[01m[K/home/amlab/CarMaker_ROS2_Original/ros/ros2_ws/src/hellocm_cmnode/src/CMNode_ROS1_HelloCM.cpp:158:4:[m[K [01;35m[Kwarning: [m[K#warning is a GCC extension
  158 | #  [01;35m[Kwarning[m[K "Debug options are enabled!"
      |    [01;35m[K^~~~~~~[m[K
[01m[K/home/amlab/CarMaker_ROS2_Original/ros/ros2_ws/src/hellocm_cmnode/src/CMNode_ROS1_HelloCM.cpp:158:4:[m[K [01;35m[Kwarning: [m[K#warning "Debug options are enabled!" [[01;35m[K-Wcpp[m[K]
In file included from [01m[K/home/amlab/CarMaker_ROS2_Original/ros/ros2_ws/src/hellocm_cmnode/src/CMNode_ROS1_HelloCM.cpp:56[m[K:
[01m[K/opt/ros/galactic/include/sensor_msgs/point_cloud_conversion.hpp:[m[K In function ‘[01m[Kbool sensor_msgs::convertPointCloudToPointCloud2(const PointCloud&, sensor_msgs::msg::PointCloud2&)[m[K’:
[01m[K/opt/ros/galactic/include/sensor_msgs/point_cloud_conversion.hpp:114:5:[m[K [01;31m[Kerror: [m[K‘[01m[Kmemcpy[m[K’ was not declared in this scope
  114 |     [01;31m[Kmemcpy[m[K(
      |     [01;31m[K^~~~~~[m[K
[01m[K/opt/ros/galactic/include/sensor_msgs/point_cloud_conversion.hpp:42:1:[m[K [01;36m[Knote: [m[K‘[01m[Kmemcpy[m[K’ is defined in header ‘[01m[K<cstring>[m[K’; did you forget to ‘[01m[K#include <cstring>[m[K’?
   41 | #include <sensor_msgs/point_field_conversion.hpp>
  +++ |+[32m[K#include <cstring>[m[K
   42 | 
[01m[K/home/amlab/CarMaker_ROS2_Original/ros/ros2_ws/src/hellocm_cmnode/src/CMNode_ROS1_HelloCM.cpp:[m[K In function ‘[01m[Kint CMRosIF_CMNode_Init(int, char**, char*, tInfos*)[m[K’:
[01m[K/home/amlab/CarMaker_ROS2_Original/ros/ros2_ws/src/hellocm_cmnode/src/CMNode_ROS1_HelloCM.cpp:595:52:[m[K [01;35m[Kwarning: [m[K‘[01m[Kconst rclcpp::ParameterValue& rclcpp::Node::declare_parameter(const string&)[m[K’ is deprecated: declare_parameter() with only a name is deprecated and will be deleted in the future.\nIf you want to declare a parameter that won't change type without a default value use:\n`node->declare_parameter<ParameterT>(name)`, where e.g. ParameterT=int64_t.\n\nIf you want to declare a parameter that can dynamically change type use:\n```\nrcl_interfaces::msg::ParameterDescriptor descriptor;\ndescriptor.dynamic_typing = true;\nnode->declare_parameter(name, rclcpp::ParameterValue{}, descriptor);\n``` [[01;35m[K-Wdeprecated-declarations[m[K]
  595 |         CMNode.Cfg.Ros.Node->declare_parameter(sbuf[01;35m[K)[m[K;
      |                                                    [01;35m[K^[m[K
In file included from [01m[K/opt/ros/galactic/include/rclcpp/executors/single_threaded_executor.hpp:28[m[K,
                 from [01m[K/opt/ros/galactic/include/rclcpp/executors.hpp:22[m[K,
                 from [01m[K/opt/ros/galactic/include/rclcpp/rclcpp.hpp:156[m[K,
                 from [01m[K/home/amlab/CarMaker_ROS2_Original/ros/ros2_ws/install/cmrosutils/include/cmrosutils/CMRosUtils.h:36[m[K,
                 from [01m[K/home/amlab/CarMaker_ROS2_Original/ros/ros2_ws/src/hellocm_cmnode/src/CMNode_ROS1_HelloCM.cpp:103[m[K:
[01m[K/opt/ros/galactic/include/rclcpp/node.hpp:422:3:[m[K [01;36m[Knote: [m[Kdeclared here
  422 |   [01;36m[Kdeclare_parameter[m[K(const std::string & name);
      |   [01;36m[K^~~~~~~~~~~~~~~~~[m[K
[01m[K/home/amlab/CarMaker_ROS2_Original/ros/ros2_ws/src/hellocm_cmnode/src/CMNode_ROS1_HelloCM.cpp:[m[K In function ‘[01m[Kint CMRosIF_CMNode_TestRun_Start_atBegin(tInfos*)[m[K’:
[01m[K/home/amlab/CarMaker_ROS2_Original/ros/ros2_ws/src/hellocm_cmnode/src/CMNode_ROS1_HelloCM.cpp:1047:10:[m[K [01;35m[Kwarning: [m[Kunused variable ‘[01m[Kkey[m[K’ [[01;35m[K-Wunused-variable[m[K]
 1047 |     char [01;35m[Kkey[m[K[256];
      |          [01;35m[K^~~[m[K
[01m[K/home/amlab/CarMaker_ROS2_Original/ros/ros2_ws/src/hellocm_cmnode/src/CMNode_ROS1_HelloCM.cpp:1048:11:[m[K [01;35m[Kwarning: [m[Kunused variable ‘[01m[Kstr[m[K’ [[01;35m[K-Wunused-variable[m[K]
 1048 |     char *[01;35m[Kstr[m[K        = NULL;
      |           [01;35m[K^~~[m[K
[01m[K/home/amlab/CarMaker_ROS2_Original/ros/ros2_ws/src/hellocm_cmnode/src/CMNode_ROS1_HelloCM.cpp:1050:10:[m[K [01;35m[Kwarning: [m[Kunused variable ‘[01m[Krvb[m[K’ [[01;35m[K-Wunused-variable[m[K]
 1050 |     bool [01;35m[Krvb[m[K                = false;
      |          [01;35m[K^~~[m[K
[01m[K/home/amlab/CarMaker_ROS2_Original/ros/ros2_ws/src/hellocm_cmnode/src/CMNode_ROS1_HelloCM.cpp:[m[K In function ‘[01m[Kint CMRosIF_CMNode_In()[m[K’:
[01m[K/home/amlab/CarMaker_ROS2_Original/ros/ros2_ws/src/hellocm_cmnode/src/CMNode_ROS1_HelloCM.cpp:1399:51:[m[K [01;35m[Kwarning: [m[K‘[01m[Krclcpp::Duration::Duration(rcl_duration_value_t)[m[K’ is deprecated: Use Duration::from_nanoseconds instead or std::chrono_literals. For example:rclcpp::Duration::from_nanoseconds(int64_variable);rclcpp::Duration(0ns); [[01;35m[K-Wdeprecated-declarations[m[K]
 1399 |     rclcpp::Duration tDelta = rclcpp::Duration(0.0[01;35m[K)[m[K;
      |                                                   [01;35m[K^[m[K
In file included from [01m[K/opt/ros/galactic/include/rclcpp/qos.hpp:20[m[K,
                 from [01m[K/opt/ros/galactic/include/rclcpp/node_interfaces/node_graph_interface.hpp:31[m[K,
                 from [01m[K/opt/ros/galactic/include/rclcpp/client.hpp:34[m[K,
                 from [01m[K/opt/ros/galactic/include/rclcpp/callback_group.hpp:23[m[K,
                 from [01m[K/opt/ros/galactic/include/rclcpp/any_executable.hpp:20[m[K,
                 from [01m[K/opt/ros/galactic/include/rclcpp/memory_strategy.hpp:25[m[K,
                 from [01m[K/opt/ros/galactic/include/rclcpp/memory_strategies.hpp:18[m[K,
                 from [01m[K/opt/ros/galactic/include/rclcpp/executor_options.hpp:20[m[K,
                 from [01m[K/opt/ros/galactic/include/rclcpp/executor.hpp:36[m[K,
                 from [01m[K/opt/ros/galactic/include/rclcpp/executors/multi_threaded_executor.hpp:26[m[K,
                 from [01m[K/opt/ros/galactic/include/rclcpp/executors.hpp:21[m[K,
                 from [01m[K/opt/ros/galactic/include/rclcpp/rclcpp.hpp:156[m[K,
                 from [01m[K/home/amlab/CarMaker_ROS2_Original/ros/ros2_ws/install/cmrosutils/include/cmrosutils/CMRosUtils.h:36[m[K,
                 from [01m[K/home/amlab/CarMaker_ROS2_Original/ros/ros2_ws/src/hellocm_cmnode/src/CMNode_ROS1_HelloCM.cpp:103[m[K:
[01m[K/opt/ros/galactic/include/rclcpp/duration.hpp:46:12:[m[K [01;36m[Knote: [m[Kdeclared here
   46 |   explicit [01;36m[KDuration[m[K(rcl_duration_value_t nanoseconds);
      |            [01;36m[K^~~~~~~~[m[K
[01m[K/home/amlab/CarMaker_ROS2_Original/ros/ros2_ws/src/hellocm_cmnode/src/CMNode_ROS1_HelloCM.cpp:1460:75:[m[K [01;35m[Kwarning: [m[Kformat ‘[01m[K%f[m[K’ expects argument of type ‘[01m[Kdouble[m[K’, but argument 3 has type ‘[01m[Krcl_duration_value_t[m[K’ {aka ‘[01m[Klong int[m[K’} [[01;35m[K-Wformat=[m[K]
 1460 |    LogErrF(EC_Sim, "CMNode: Synchronization error! tDelta=[01;35m[K%.3f[m[K, Last invalid Job='%s'\n", [32m[KtDelta.nanoseconds()*1000000000[m[K, job_name);
      |                                                           [01;35m[K~~~^[m[K                            [32m[K~~~~~~~~~~~~~~~~~~~~~~~~~~~~~~~[m[K
      |                                                              [01;35m[K|[m[K                                                [32m[K|[m[K
      |                                                              [01;35m[Kdouble[m[K                                           [32m[Krcl_duration_value_t {aka long int}[m[K
      |                                                           [32m[K%.3ld[m[K
[01m[K/home/amlab/CarMaker_ROS2_Original/ros/ros2_ws/src/hellocm_cmnode/src/CMNode_ROS1_HelloCM.cpp:[m[K In function ‘[01m[Kint CMRosIF_CMNode_DrivMan_Calc(double)[m[K’:
[01m[K/home/amlab/CarMaker_ROS2_Original/ros/ros2_ws/src/hellocm_cmnode/src/CMNode_ROS1_HelloCM.cpp:1492:37:[m[K [01;35m[Kwarning: [m[Kunused parameter ‘[01m[Kdt[m[K’ [[01;35m[K-Wunused-parameter[m[K]
 1492 | CMRosIF_CMNode_DrivMan_Calc ([01;35m[Kdouble dt[m[K)
      |                              [01;35m[K~~~~~~~^~[m[K
[01m[K/home/amlab/CarMaker_ROS2_Original/ros/ros2_ws/src/hellocm_cmnode/src/CMNode_ROS1_HelloCM.cpp:[m[K In function ‘[01m[Kint CMRosIF_CMNode_VehicleControl_Calc(double)[m[K’:
[01m[K/home/amlab/CarMaker_ROS2_Original/ros/ros2_ws/src/hellocm_cmnode/src/CMNode_ROS1_HelloCM.cpp:1519:44:[m[K [01;35m[Kwarning: [m[Kunused parameter ‘[01m[Kdt[m[K’ [[01;35m[K-Wunused-parameter[m[K]
 1519 | CMRosIF_CMNode_VehicleControl_Calc ([01;35m[Kdouble dt[m[K)
      |                                     [01;35m[K~~~~~~~^~[m[K
[01m[K/home/amlab/CarMaker_ROS2_Original/ros/ros2_ws/src/hellocm_cmnode/src/CMNode_ROS1_HelloCM.cpp:[m[K In function ‘[01m[Kint CMRosIF_CMNode_Calc(double)[m[K’:
[01m[K/home/amlab/CarMaker_ROS2_Original/ros/ros2_ws/src/hellocm_cmnode/src/CMNode_ROS1_HelloCM.cpp:1717:38:[m[K [01;35m[Kwarning: [m[K‘[01m[Kbool sensor_msgs::convertPointCloudToPointCloud2(const PointCloud&, sensor_msgs::msg::PointCloud2&)[m[K’ is deprecated: PointCloud is deprecated as of Foxy in favor of sensor_msgs/PointCloud2. [[01;35m[K-Wdeprecated-declarations[m[K]
 1717 |                         sensor_msgs::[01;35m[KconvertPointCloudToPointCloud2[m[K(pointcloud, CMNode.Topics.Pub.Lidar_OS1_PC2.Msg);
      |                                      [01;35m[K^~~~~~~~~~~~~~~~~~~~~~~~~~~~~~[m[K
In file included from [01m[K/home/amlab/CarMaker_ROS2_Original/ros/ros2_ws/src/hellocm_cmnode/src/CMNode_ROS1_HelloCM.cpp:56[m[K:
[01m[K/opt/ros/galactic/include/sensor_msgs/point_cloud_conversion.hpp:85:20:[m[K [01;36m[Knote: [m[Kdeclared here
   85 | static inline bool [01;36m[KconvertPointCloudToPointCloud2[m[K(
      |                    [01;36m[K^~~~~~~~~~~~~~~~~~~~~~~~~~~~~~[m[K
[01m[K/home/amlab/CarMaker_ROS2_Original/ros/ros2_ws/src/hellocm_cmnode/src/CMNode_ROS1_HelloCM.cpp:1717:116:[m[K [01;35m[Kwarning: [m[K‘[01m[Kbool sensor_msgs::convertPointCloudToPointCloud2(const PointCloud&, sensor_msgs::msg::PointCloud2&)[m[K’ is deprecated: PointCloud is deprecated as of Foxy in favor of sensor_msgs/PointCloud2. [[01;35m[K-Wdeprecated-declarations[m[K]
 1717 | ToPointCloud2(pointcloud, CMNode.Topics.Pub.Lidar_OS1_PC2.Msg[01;35m[K)[m[K;
      |                                                              [01;35m[K^[m[K

In file included from [01m[K/home/amlab/CarMaker_ROS2_Original/ros/ros2_ws/src/hellocm_cmnode/src/CMNode_ROS1_HelloCM.cpp:56[m[K:
[01m[K/opt/ros/galactic/include/sensor_msgs/point_cloud_conversion.hpp:85:20:[m[K [01;36m[Knote: [m[Kdeclared here
   85 | static inline bool [01;36m[KconvertPointCloudToPointCloud2[m[K(
      |                    [01;36m[K^~~~~~~~~~~~~~~~~~~~~~~~~~~~~~[m[K
[01m[K/home/amlab/CarMaker_ROS2_Original/ros/ros2_ws/src/hellocm_cmnode/src/CMNode_ROS1_HelloCM.cpp:1717:116:[m[K [01;35m[Kwarning: [m[K‘[01m[Kbool sensor_msgs::convertPointCloudToPointCloud2(const PointCloud&, sensor_msgs::msg::PointCloud2&)[m[K’ is deprecated: PointCloud is deprecated as of Foxy in favor of sensor_msgs/PointCloud2. [[01;35m[K-Wdeprecated-declarations[m[K]
 1717 | ToPointCloud2(pointcloud, CMNode.Topics.Pub.Lidar_OS1_PC2.Msg[01;35m[K)[m[K;
      |                                                              [01;35m[K^[m[K

In file included from [01m[K/home/amlab/CarMaker_ROS2_Original/ros/ros2_ws/src/hellocm_cmnode/src/CMNode_ROS1_HelloCM.cpp:56[m[K:
[01m[K/opt/ros/galactic/include/sensor_msgs/point_cloud_conversion.hpp:85:20:[m[K [01;36m[Knote: [m[Kdeclared here
   85 | static inline bool [01;36m[KconvertPointCloudToPointCloud2[m[K(
      |                    [01;36m[K^~~~~~~~~~~~~~~~~~~~~~~~~~~~~~[m[K
[01m[K/home/amlab/CarMaker_ROS2_Original/ros/ros2_ws/src/hellocm_cmnode/src/CMNode_ROS1_HelloCM.cpp:1739:30:[m[K [01;35m[Kwarning: [m[Kunused variable ‘[01m[Knoise_deg[m[K’ [[01;35m[K-Wunused-variable[m[K]
 1739 |                 unsigned int [01;35m[Knoise_deg[m[K = 150;
      |                              [01;35m[K^~~~~~~~~[m[K
[01m[K/home/amlab/CarMaker_ROS2_Original/ros/ros2_ws/src/hellocm_cmnode/src/CMNode_ROS1_HelloCM.cpp:1740:24:[m[K [01;35m[Kwarning: [m[Kunused variable ‘[01m[Kpi[m[K’ [[01;35m[K-Wunused-variable[m[K]
 1740 |                 double [01;35m[Kpi[m[K = 3.1415926536897932384626433832795028841971;
      |                        [01;35m[K^~[m[K
[01m[K/home/amlab/CarMaker_ROS2_Original/ros/ros2_ws/src/hellocm_cmnode/src/CMNode_ROS1_HelloCM.cpp:1564:29:[m[K [01;35m[Kwarning: [m[Kunused parameter ‘[01m[Kdt[m[K’ [[01;35m[K-Wunused-parameter[m[K]
 1564 | CMRosIF_CMNode_Calc ([01;35m[Kdouble dt[m[K)
      |                      [01;35m[K~~~~~~~^~[m[K
[01m[K/home/amlab/CarMaker_ROS2_Original/ros/ros2_ws/src/hellocm_cmnode/src/CMNode_ROS1_HelloCM.cpp:[m[K At global scope:
[01m[K/home/amlab/CarMaker_ROS2_Original/ros/ros2_ws/src/hellocm_cmnode/src/CMNode_ROS1_HelloCM.cpp:431:1:[m[K [01;35m[Kwarning: [m[K‘[01m[Kbool cmnode_HelloCM_CB_SrvCMRemote(cmrosutils::srv::CMRemote::Request, cmrosutils::srv::CMRemote::Response)[m[K’ defined but not used [[01;35m[K-Wunused-function[m[K]
  431 | [01;35m[Kcmnode_HelloCM_CB_SrvCMRemote[m[K(cmrosutils::srv::CMRemote::Request req, cmrosutils::srv::CMRemote::Response resp)
      | [01;35m[K^~~~~~~~~~~~~~~~~~~~~~~~~~~~~[m[K
make[2]: *** [CMakeFiles/CMNode_ROS1_HelloCM.dir/build.make:63: CMakeFiles/CMNode_ROS1_HelloCM.dir/src/CMNode_ROS1_HelloCM.cpp.o] Error 1
make[1]: *** [CMakeFiles/Makefile2:78: CMakeFiles/CMNode_ROS1_HelloCM.dir/all] Error 2
make: *** [Makefile:141: all] Error 2
