[0.040s] Invoking command in '/home/amlab/URP_example/CarMaker_ROS2_Original/ros/ros2_ws/build/custom_msgs': /usr/bin/cmake --build /home/amlab/URP_example/CarMaker_ROS2_Original/ros/ros2_ws/build/custom_msgs -- -j12 -l12
[0.076s] [  2%] Built target custom_msgs__cpp
[0.076s] [ 12%] Built target custom_msgs__rosidl_generator_c
[0.093s] [ 23%] Built target custom_msgs__rosidl_typesupport_introspection_cpp
[0.096s] [ 33%] Built target custom_msgs__rosidl_typesupport_introspection_c
[0.099s] [ 43%] Built target custom_msgs__rosidl_typesupport_c
[0.100s] [ 53%] Built target custom_msgs__rosidl_typesupport_cpp
[0.109s] [ 64%] Built target custom_msgs__rosidl_typesupport_fastrtps_cpp
[0.125s] [ 74%] Built target custom_msgs__rosidl_typesupport_fastrtps_c
[0.135s] [ 74%] Built target custom_msgs
[0.146s] [ 76%] Built target custom_msgs__py
[0.159s] [ 84%] Built target custom_msgs__python
[0.177s] [ 89%] Built target custom_msgs__rosidl_typesupport_c__pyext
[0.177s] [ 94%] Built target custom_msgs__rosidl_typesupport_fastrtps_c__pyext
[0.178s] [100%] Built target custom_msgs__rosidl_typesupport_introspection_c__pyext
[0.229s] Invoked command in '/home/amlab/URP_example/CarMaker_ROS2_Original/ros/ros2_ws/build/custom_msgs' returned '0': /usr/bin/cmake --build /home/amlab/URP_example/CarMaker_ROS2_Original/ros/ros2_ws/build/custom_msgs -- -j12 -l12
[0.341s] Invoking command in '/home/amlab/URP_example/CarMaker_ROS2_Original/ros/ros2_ws/build/custom_msgs': /usr/bin/cmake --install /home/amlab/URP_example/CarMaker_ROS2_Original/ros/ros2_ws/build/custom_msgs
[0.345s] -- Install configuration: ""
[0.345s] -- Up-to-date: /home/amlab/URP_example/CarMaker_ROS2_Original/ros/ros2_ws/install/custom_msgs/share/ament_index/resource_index/rosidl_interfaces/custom_msgs
[0.345s] -- Up-to-date: /home/amlab/URP_example/CarMaker_ROS2_Original/ros/ros2_ws/install/custom_msgs/include/custom_msgs
[0.345s] -- Up-to-date: /home/amlab/URP_example/CarMaker_ROS2_Original/ros/ros2_ws/install/custom_msgs/include/custom_msgs/msg
[0.346s] -- Up-to-date: /home/amlab/URP_example/CarMaker_ROS2_Original/ros/ros2_ws/install/custom_msgs/include/custom_msgs/msg/object.h
[0.346s] -- Up-to-date: /home/amlab/URP_example/CarMaker_ROS2_Original/ros/ros2_ws/install/custom_msgs/include/custom_msgs/msg/rosidl_generator_c__visibility_control.h
[0.346s] -- Up-to-date: /home/amlab/URP_example/CarMaker_ROS2_Original/ros/ros2_ws/install/custom_msgs/include/custom_msgs/msg/paths.h
[0.346s] -- Up-to-date: /home/amlab/URP_example/CarMaker_ROS2_Original/ros/ros2_ws/install/custom_msgs/include/custom_msgs/msg/detail
[0.346s] -- Up-to-date: /home/amlab/URP_example/CarMaker_ROS2_Original/ros/ros2_ws/install/custom_msgs/include/custom_msgs/msg/detail/object__functions.c
[0.346s] -- Up-to-date: /home/amlab/URP_example/CarMaker_ROS2_Original/ros/ros2_ws/install/custom_msgs/include/custom_msgs/msg/detail/object__functions.h
[0.346s] -- Up-to-date: /home/amlab/URP_example/CarMaker_ROS2_Original/ros/ros2_ws/install/custom_msgs/include/custom_msgs/msg/detail/object__struct.h
[0.346s] -- Up-to-date: /home/amlab/URP_example/CarMaker_ROS2_Original/ros/ros2_ws/install/custom_msgs/include/custom_msgs/msg/detail/paths__type_support.h
[0.346s] -- Up-to-date: /home/amlab/URP_example/CarMaker_ROS2_Original/ros/ros2_ws/install/custom_msgs/include/custom_msgs/msg/detail/paths__struct.h
[0.346s] -- Up-to-date: /home/amlab/URP_example/CarMaker_ROS2_Original/ros/ros2_ws/install/custom_msgs/include/custom_msgs/msg/detail/paths__functions.c
[0.346s] -- Up-to-date: /home/amlab/URP_example/CarMaker_ROS2_Original/ros/ros2_ws/install/custom_msgs/include/custom_msgs/msg/detail/paths__functions.h
[0.346s] -- Up-to-date: /home/amlab/URP_example/CarMaker_ROS2_Original/ros/ros2_ws/install/custom_msgs/include/custom_msgs/msg/detail/object__type_support.h
[0.346s] -- Up-to-date: /home/amlab/URP_example/CarMaker_ROS2_Original/ros/ros2_ws/install/custom_msgs/share/custom_msgs/environment/library_path.sh
[0.346s] -- Up-to-date: /home/amlab/URP_example/CarMaker_ROS2_Original/ros/ros2_ws/install/custom_msgs/share/custom_msgs/environment/library_path.dsv
[0.346s] -- Up-to-date: /home/amlab/URP_example/CarMaker_ROS2_Original/ros/ros2_ws/install/custom_msgs/lib/libcustom_msgs__rosidl_generator_c.so
[0.346s] -- Up-to-date: /home/amlab/URP_example/CarMaker_ROS2_Original/ros/ros2_ws/install/custom_msgs/include/custom_msgs
[0.346s] -- Up-to-date: /home/amlab/URP_example/CarMaker_ROS2_Original/ros/ros2_ws/install/custom_msgs/include/custom_msgs/msg
[0.346s] -- Up-to-date: /home/amlab/URP_example/CarMaker_ROS2_Original/ros/ros2_ws/install/custom_msgs/include/custom_msgs/msg/rosidl_typesupport_fastrtps_c__visibility_control.h
[0.346s] -- Up-to-date: /home/amlab/URP_example/CarMaker_ROS2_Original/ros/ros2_ws/install/custom_msgs/include/custom_msgs/msg/detail
[0.346s] -- Up-to-date: /home/amlab/URP_example/CarMaker_ROS2_Original/ros/ros2_ws/install/custom_msgs/include/custom_msgs/msg/detail/paths__rosidl_typesupport_fastrtps_c.h
[0.346s] -- Up-to-date: /home/amlab/URP_example/CarMaker_ROS2_Original/ros/ros2_ws/install/custom_msgs/include/custom_msgs/msg/detail/object__rosidl_typesupport_fastrtps_c.h
[0.347s] -- Up-to-date: /home/amlab/URP_example/CarMaker_ROS2_Original/ros/ros2_ws/install/custom_msgs/lib/libcustom_msgs__rosidl_typesupport_fastrtps_c.so
[0.347s] -- Up-to-date: /home/amlab/URP_example/CarMaker_ROS2_Original/ros/ros2_ws/install/custom_msgs/include/custom_msgs
[0.347s] -- Up-to-date: /home/amlab/URP_example/CarMaker_ROS2_Original/ros/ros2_ws/install/custom_msgs/include/custom_msgs/msg
[0.347s] -- Up-to-date: /home/amlab/URP_example/CarMaker_ROS2_Original/ros/ros2_ws/install/custom_msgs/include/custom_msgs/msg/rosidl_typesupport_fastrtps_cpp__visibility_control.h
[0.347s] -- Up-to-date: /home/amlab/URP_example/CarMaker_ROS2_Original/ros/ros2_ws/install/custom_msgs/include/custom_msgs/msg/detail
[0.347s] -- Up-to-date: /home/amlab/URP_example/CarMaker_ROS2_Original/ros/ros2_ws/install/custom_msgs/include/custom_msgs/msg/detail/dds_fastrtps
[0.347s] -- Up-to-date: /home/amlab/URP_example/CarMaker_ROS2_Original/ros/ros2_ws/install/custom_msgs/include/custom_msgs/msg/detail/paths__rosidl_typesupport_fastrtps_cpp.hpp
[0.347s] -- Up-to-date: /home/amlab/URP_example/CarMaker_ROS2_Original/ros/ros2_ws/install/custom_msgs/include/custom_msgs/msg/detail/object__rosidl_typesupport_fastrtps_cpp.hpp
[0.347s] -- Up-to-date: /home/amlab/URP_example/CarMaker_ROS2_Original/ros/ros2_ws/install/custom_msgs/lib/libcustom_msgs__rosidl_typesupport_fastrtps_cpp.so
[0.347s] -- Up-to-date: /home/amlab/URP_example/CarMaker_ROS2_Original/ros/ros2_ws/install/custom_msgs/include/custom_msgs
[0.347s] -- Up-to-date: /home/amlab/URP_example/CarMaker_ROS2_Original/ros/ros2_ws/install/custom_msgs/include/custom_msgs/msg
[0.347s] -- Up-to-date: /home/amlab/URP_example/CarMaker_ROS2_Original/ros/ros2_ws/install/custom_msgs/include/custom_msgs/msg/rosidl_typesupport_introspection_c__visibility_control.h
[0.348s] -- Up-to-date: /home/amlab/URP_example/CarMaker_ROS2_Original/ros/ros2_ws/install/custom_msgs/include/custom_msgs/msg/detail
[0.348s] -- Up-to-date: /home/amlab/URP_example/CarMaker_ROS2_Original/ros/ros2_ws/install/custom_msgs/include/custom_msgs/msg/detail/object__rosidl_typesupport_introspection_c.h
[0.348s] -- Up-to-date: /home/amlab/URP_example/CarMaker_ROS2_Original/ros/ros2_ws/install/custom_msgs/include/custom_msgs/msg/detail/object__type_support.c
[0.348s] -- Up-to-date: /home/amlab/URP_example/CarMaker_ROS2_Original/ros/ros2_ws/install/custom_msgs/include/custom_msgs/msg/detail/paths__rosidl_typesupport_introspection_c.h
[0.348s] -- Up-to-date: /home/amlab/URP_example/CarMaker_ROS2_Original/ros/ros2_ws/install/custom_msgs/include/custom_msgs/msg/detail/paths__type_support.c
[0.348s] -- Up-to-date: /home/amlab/URP_example/CarMaker_ROS2_Original/ros/ros2_ws/install/custom_msgs/lib/libcustom_msgs__rosidl_typesupport_introspection_c.so
[0.348s] -- Up-to-date: /home/amlab/URP_example/CarMaker_ROS2_Original/ros/ros2_ws/install/custom_msgs/lib/libcustom_msgs__rosidl_typesupport_c.so
[0.348s] -- Up-to-date: /home/amlab/URP_example/CarMaker_ROS2_Original/ros/ros2_ws/install/custom_msgs/include/custom_msgs
[0.348s] -- Up-to-date: /home/amlab/URP_example/CarMaker_ROS2_Original/ros/ros2_ws/install/custom_msgs/include/custom_msgs/msg
[0.348s] -- Up-to-date: /home/amlab/URP_example/CarMaker_ROS2_Original/ros/ros2_ws/install/custom_msgs/include/custom_msgs/msg/object.hpp
[0.348s] -- Up-to-date: /home/amlab/URP_example/CarMaker_ROS2_Original/ros/ros2_ws/install/custom_msgs/include/custom_msgs/msg/paths.hpp
[0.348s] -- Up-to-date: /home/amlab/URP_example/CarMaker_ROS2_Original/ros/ros2_ws/install/custom_msgs/include/custom_msgs/msg/detail
[0.348s] -- Up-to-date: /home/amlab/URP_example/CarMaker_ROS2_Original/ros/ros2_ws/install/custom_msgs/include/custom_msgs/msg/detail/paths__traits.hpp
[0.348s] -- Up-to-date: /home/amlab/URP_example/CarMaker_ROS2_Original/ros/ros2_ws/install/custom_msgs/include/custom_msgs/msg/detail/paths__builder.hpp
[0.349s] -- Up-to-date: /home/amlab/URP_example/CarMaker_ROS2_Original/ros/ros2_ws/install/custom_msgs/include/custom_msgs/msg/detail/paths__struct.hpp
[0.349s] -- Up-to-date: /home/amlab/URP_example/CarMaker_ROS2_Original/ros/ros2_ws/install/custom_msgs/include/custom_msgs/msg/detail/object__traits.hpp
[0.349s] -- Up-to-date: /home/amlab/URP_example/CarMaker_ROS2_Original/ros/ros2_ws/install/custom_msgs/include/custom_msgs/msg/detail/object__struct.hpp
[0.349s] -- Up-to-date: /home/amlab/URP_example/CarMaker_ROS2_Original/ros/ros2_ws/install/custom_msgs/include/custom_msgs/msg/detail/object__builder.hpp
[0.349s] -- Up-to-date: /home/amlab/URP_example/CarMaker_ROS2_Original/ros/ros2_ws/install/custom_msgs/include/custom_msgs
[0.349s] -- Up-to-date: /home/amlab/URP_example/CarMaker_ROS2_Original/ros/ros2_ws/install/custom_msgs/include/custom_msgs/msg
[0.349s] -- Up-to-date: /home/amlab/URP_example/CarMaker_ROS2_Original/ros/ros2_ws/install/custom_msgs/include/custom_msgs/msg/detail
[0.349s] -- Up-to-date: /home/amlab/URP_example/CarMaker_ROS2_Original/ros/ros2_ws/install/custom_msgs/include/custom_msgs/msg/detail/paths__type_support.cpp
[0.349s] -- Up-to-date: /home/amlab/URP_example/CarMaker_ROS2_Original/ros/ros2_ws/install/custom_msgs/include/custom_msgs/msg/detail/object__type_support.cpp
[0.349s] -- Up-to-date: /home/amlab/URP_example/CarMaker_ROS2_Original/ros/ros2_ws/install/custom_msgs/include/custom_msgs/msg/detail/paths__rosidl_typesupport_introspection_cpp.hpp
[0.349s] -- Up-to-date: /home/amlab/URP_example/CarMaker_ROS2_Original/ros/ros2_ws/install/custom_msgs/include/custom_msgs/msg/detail/object__rosidl_typesupport_introspection_cpp.hpp
[0.349s] -- Up-to-date: /home/amlab/URP_example/CarMaker_ROS2_Original/ros/ros2_ws/install/custom_msgs/lib/libcustom_msgs__rosidl_typesupport_introspection_cpp.so
[0.350s] -- Up-to-date: /home/amlab/URP_example/CarMaker_ROS2_Original/ros/ros2_ws/install/custom_msgs/lib/libcustom_msgs__rosidl_typesupport_cpp.so
[0.350s] -- Up-to-date: /home/amlab/URP_example/CarMaker_ROS2_Original/ros/ros2_ws/install/custom_msgs/share/custom_msgs/environment/pythonpath.sh
[0.350s] -- Up-to-date: /home/amlab/URP_example/CarMaker_ROS2_Original/ros/ros2_ws/install/custom_msgs/share/custom_msgs/environment/pythonpath.dsv
[0.350s] -- Up-to-date: /home/amlab/URP_example/CarMaker_ROS2_Original/ros/ros2_ws/install/custom_msgs/lib/python3.8/site-packages/custom_msgs/__init__.py
[0.369s] -- Up-to-date: /home/amlab/URP_example/CarMaker_ROS2_Original/ros/ros2_ws/install/custom_msgs/lib/python3.8/site-packages/custom_msgs/msg
[0.369s] -- Up-to-date: /home/amlab/URP_example/CarMaker_ROS2_Original/ros/ros2_ws/install/custom_msgs/lib/python3.8/site-packages/custom_msgs/msg/_object_s.c
[0.369s] -- Up-to-date: /home/amlab/URP_example/CarMaker_ROS2_Original/ros/ros2_ws/install/custom_msgs/lib/python3.8/site-packages/custom_msgs/msg/__init__.py
[0.369s] -- Up-to-date: /home/amlab/URP_example/CarMaker_ROS2_Original/ros/ros2_ws/install/custom_msgs/lib/python3.8/site-packages/custom_msgs/msg/_object.py
[0.369s] -- Up-to-date: /home/amlab/URP_example/CarMaker_ROS2_Original/ros/ros2_ws/install/custom_msgs/lib/python3.8/site-packages/custom_msgs/msg/_paths_s.c
[0.369s] -- Up-to-date: /home/amlab/URP_example/CarMaker_ROS2_Original/ros/ros2_ws/install/custom_msgs/lib/python3.8/site-packages/custom_msgs/msg/_paths.py
[0.369s] -- Up-to-date: /home/amlab/URP_example/CarMaker_ROS2_Original/ros/ros2_ws/install/custom_msgs/lib/python3.8/site-packages/custom_msgs/custom_msgs_s__rosidl_typesupport_fastrtps_c.cpython-38-x86_64-linux-gnu.so
[0.370s] -- Up-to-date: /home/amlab/URP_example/CarMaker_ROS2_Original/ros/ros2_ws/install/custom_msgs/lib/python3.8/site-packages/custom_msgs/custom_msgs_s__rosidl_typesupport_introspection_c.cpython-38-x86_64-linux-gnu.so
[0.371s] -- Up-to-date: /home/amlab/URP_example/CarMaker_ROS2_Original/ros/ros2_ws/install/custom_msgs/lib/python3.8/site-packages/custom_msgs/custom_msgs_s__rosidl_typesupport_c.cpython-38-x86_64-linux-gnu.so
[0.371s] -- Up-to-date: /home/amlab/URP_example/CarMaker_ROS2_Original/ros/ros2_ws/install/custom_msgs/lib/libcustom_msgs__python.so
[0.371s] -- Up-to-date: /home/amlab/URP_example/CarMaker_ROS2_Original/ros/ros2_ws/install/custom_msgs/share/custom_msgs/msg/Object.idl
[0.371s] -- Up-to-date: /home/amlab/URP_example/CarMaker_ROS2_Original/ros/ros2_ws/install/custom_msgs/share/custom_msgs/msg/Paths.idl
[0.371s] -- Up-to-date: /home/amlab/URP_example/CarMaker_ROS2_Original/ros/ros2_ws/install/custom_msgs/share/custom_msgs/msg/Object.msg
[0.372s] -- Up-to-date: /home/amlab/URP_example/CarMaker_ROS2_Original/ros/ros2_ws/install/custom_msgs/share/custom_msgs/msg/Paths.msg
[0.372s] -- Up-to-date: /home/amlab/URP_example/CarMaker_ROS2_Original/ros/ros2_ws/install/custom_msgs/share/ament_index/resource_index/package_run_dependencies/custom_msgs
[0.372s] -- Up-to-date: /home/amlab/URP_example/CarMaker_ROS2_Original/ros/ros2_ws/install/custom_msgs/share/ament_index/resource_index/parent_prefix_path/custom_msgs
[0.372s] -- Up-to-date: /home/amlab/URP_example/CarMaker_ROS2_Original/ros/ros2_ws/install/custom_msgs/share/custom_msgs/environment/ament_prefix_path.sh
[0.372s] -- Up-to-date: /home/amlab/URP_example/CarMaker_ROS2_Original/ros/ros2_ws/install/custom_msgs/share/custom_msgs/environment/ament_prefix_path.dsv
[0.372s] -- Up-to-date: /home/amlab/URP_example/CarMaker_ROS2_Original/ros/ros2_ws/install/custom_msgs/share/custom_msgs/environment/path.sh
[0.372s] -- Up-to-date: /home/amlab/URP_example/CarMaker_ROS2_Original/ros/ros2_ws/install/custom_msgs/share/custom_msgs/environment/path.dsv
[0.372s] -- Up-to-date: /home/amlab/URP_example/CarMaker_ROS2_Original/ros/ros2_ws/install/custom_msgs/share/custom_msgs/local_setup.bash
[0.372s] -- Up-to-date: /home/amlab/URP_example/CarMaker_ROS2_Original/ros/ros2_ws/install/custom_msgs/share/custom_msgs/local_setup.sh
[0.372s] -- Up-to-date: /home/amlab/URP_example/CarMaker_ROS2_Original/ros/ros2_ws/install/custom_msgs/share/custom_msgs/local_setup.zsh
[0.372s] -- Up-to-date: /home/amlab/URP_example/CarMaker_ROS2_Original/ros/ros2_ws/install/custom_msgs/share/custom_msgs/local_setup.dsv
[0.372s] -- Installing: /home/amlab/URP_example/CarMaker_ROS2_Original/ros/ros2_ws/install/custom_msgs/share/custom_msgs/package.dsv
[0.372s] -- Up-to-date: /home/amlab/URP_example/CarMaker_ROS2_Original/ros/ros2_ws/install/custom_msgs/share/ament_index/resource_index/packages/custom_msgs
[0.373s] -- Up-to-date: /home/amlab/URP_example/CarMaker_ROS2_Original/ros/ros2_ws/install/custom_msgs/share/custom_msgs/cmake/custom_msgs__rosidl_generator_cExport.cmake
[0.373s] -- Up-to-date: /home/amlab/URP_example/CarMaker_ROS2_Original/ros/ros2_ws/install/custom_msgs/share/custom_msgs/cmake/custom_msgs__rosidl_generator_cExport-noconfig.cmake
[0.373s] -- Up-to-date: /home/amlab/URP_example/CarMaker_ROS2_Original/ros/ros2_ws/install/custom_msgs/share/custom_msgs/cmake/custom_msgs__rosidl_typesupport_introspection_cExport.cmake
[0.373s] -- Up-to-date: /home/amlab/URP_example/CarMaker_ROS2_Original/ros/ros2_ws/install/custom_msgs/share/custom_msgs/cmake/custom_msgs__rosidl_typesupport_introspection_cExport-noconfig.cmake
[0.374s] -- Up-to-date: /home/amlab/URP_example/CarMaker_ROS2_Original/ros/ros2_ws/install/custom_msgs/share/custom_msgs/cmake/custom_msgs__rosidl_typesupport_cExport.cmake
[0.374s] -- Up-to-date: /home/amlab/URP_example/CarMaker_ROS2_Original/ros/ros2_ws/install/custom_msgs/share/custom_msgs/cmake/custom_msgs__rosidl_typesupport_cExport-noconfig.cmake
[0.374s] -- Up-to-date: /home/amlab/URP_example/CarMaker_ROS2_Original/ros/ros2_ws/install/custom_msgs/share/custom_msgs/cmake/custom_msgs__rosidl_generator_cppExport.cmake
[0.374s] -- Up-to-date: /home/amlab/URP_example/CarMaker_ROS2_Original/ros/ros2_ws/install/custom_msgs/share/custom_msgs/cmake/custom_msgs__rosidl_typesupport_introspection_cppExport.cmake
[0.374s] -- Up-to-date: /home/amlab/URP_example/CarMaker_ROS2_Original/ros/ros2_ws/install/custom_msgs/share/custom_msgs/cmake/custom_msgs__rosidl_typesupport_introspection_cppExport-noconfig.cmake
[0.374s] -- Up-to-date: /home/amlab/URP_example/CarMaker_ROS2_Original/ros/ros2_ws/install/custom_msgs/share/custom_msgs/cmake/custom_msgs__rosidl_typesupport_cppExport.cmake
[0.374s] -- Up-to-date: /home/amlab/URP_example/CarMaker_ROS2_Original/ros/ros2_ws/install/custom_msgs/share/custom_msgs/cmake/custom_msgs__rosidl_typesupport_cppExport-noconfig.cmake
[0.375s] -- Up-to-date: /home/amlab/URP_example/CarMaker_ROS2_Original/ros/ros2_ws/install/custom_msgs/share/custom_msgs/cmake/rosidl_cmake-extras.cmake
[0.375s] -- Up-to-date: /home/amlab/URP_example/CarMaker_ROS2_Original/ros/ros2_ws/install/custom_msgs/share/custom_msgs/cmake/ament_cmake_export_dependencies-extras.cmake
[0.375s] -- Up-to-date: /home/amlab/URP_example/CarMaker_ROS2_Original/ros/ros2_ws/install/custom_msgs/share/custom_msgs/cmake/ament_cmake_export_libraries-extras.cmake
[0.375s] -- Up-to-date: /home/amlab/URP_example/CarMaker_ROS2_Original/ros/ros2_ws/install/custom_msgs/share/custom_msgs/cmake/ament_cmake_export_targets-extras.cmake
[0.375s] -- Up-to-date: /home/amlab/URP_example/CarMaker_ROS2_Original/ros/ros2_ws/install/custom_msgs/share/custom_msgs/cmake/ament_cmake_export_include_directories-extras.cmake
[0.375s] -- Up-to-date: /home/amlab/URP_example/CarMaker_ROS2_Original/ros/ros2_ws/install/custom_msgs/share/custom_msgs/cmake/rosidl_cmake_export_typesupport_libraries-extras.cmake
[0.375s] -- Up-to-date: /home/amlab/URP_example/CarMaker_ROS2_Original/ros/ros2_ws/install/custom_msgs/share/custom_msgs/cmake/rosidl_cmake_export_typesupport_targets-extras.cmake
[0.375s] -- Up-to-date: /home/amlab/URP_example/CarMaker_ROS2_Original/ros/ros2_ws/install/custom_msgs/share/custom_msgs/cmake/custom_msgsConfig.cmake
[0.375s] -- Up-to-date: /home/amlab/URP_example/CarMaker_ROS2_Original/ros/ros2_ws/install/custom_msgs/share/custom_msgs/cmake/custom_msgsConfig-version.cmake
[0.375s] -- Up-to-date: /home/amlab/URP_example/CarMaker_ROS2_Original/ros/ros2_ws/install/custom_msgs/share/custom_msgs/package.xml
[0.377s] Invoked command in '/home/amlab/URP_example/CarMaker_ROS2_Original/ros/ros2_ws/build/custom_msgs' returned '0': /usr/bin/cmake --install /home/amlab/URP_example/CarMaker_ROS2_Original/ros/ros2_ws/build/custom_msgs
