[0.114s] Invoking command in '/home/amlab/CarMaker_ROS2_Original/ros/ros2_ws/build/hellocm_msgs': CMAKE_PREFIX_PATH=/opt/ros/galactic /usr/bin/cmake --build /home/amlab/CarMaker_ROS2_Original/ros/ros2_ws/build/hellocm_msgs -- -j12 -l12
[0.145s] [  0%] Built target hellocm_msgs__cpp
[0.147s] [ 12%] Built target hellocm_msgs__rosidl_generator_c
[0.161s] [ 24%] Built target hellocm_msgs__rosidl_typesupport_cpp
[0.164s] [ 39%] Built target hellocm_msgs__rosidl_typesupport_introspection_cpp
[0.164s] [ 47%] Built target hellocm_msgs__rosidl_typesupport_c
[0.164s] [ 59%] Built target hellocm_msgs__rosidl_typesupport_introspection_c
[0.165s] [ 70%] Built target hellocm_msgs__rosidl_typesupport_fastrtps_cpp
[0.182s] [ 82%] Built target hellocm_msgs__rosidl_typesupport_fastrtps_c
[0.192s] [ 82%] Built target hellocm_msgs
[0.204s] [ 83%] Built target hellocm_msgs__py
[0.221s] [ 94%] Built target hellocm_msgs__python
[0.235s] [100%] Built target hellocm_msgs__rosidl_typesupport_c__pyext
[0.236s] [100%] Built target hellocm_msgs__rosidl_typesupport_introspection_c__pyext
[0.236s] [100%] Built target hellocm_msgs__rosidl_typesupport_fastrtps_c__pyext
[0.254s] Invoked command in '/home/amlab/CarMaker_ROS2_Original/ros/ros2_ws/build/hellocm_msgs' returned '0': CMAKE_PREFIX_PATH=/opt/ros/galactic /usr/bin/cmake --build /home/amlab/CarMaker_ROS2_Original/ros/ros2_ws/build/hellocm_msgs -- -j12 -l12
[0.344s] Invoking command in '/home/amlab/CarMaker_ROS2_Original/ros/ros2_ws/build/hellocm_msgs': CMAKE_PREFIX_PATH=/opt/ros/galactic /usr/bin/cmake --install /home/amlab/CarMaker_ROS2_Original/ros/ros2_ws/build/hellocm_msgs
[0.348s] -- Install configuration: ""
[0.348s] -- Up-to-date: /home/amlab/CarMaker_ROS2_Original/ros/ros2_ws/install/hellocm_msgs/share/ament_index/resource_index/rosidl_interfaces/hellocm_msgs
[0.348s] -- Up-to-date: /home/amlab/CarMaker_ROS2_Original/ros/ros2_ws/install/hellocm_msgs/include/hellocm_msgs
[0.348s] -- Up-to-date: /home/amlab/CarMaker_ROS2_Original/ros/ros2_ws/install/hellocm_msgs/include/hellocm_msgs/msg
[0.349s] -- Up-to-date: /home/amlab/CarMaker_ROS2_Original/ros/ros2_ws/install/hellocm_msgs/include/hellocm_msgs/msg/vehicle_control_in.h
[0.349s] -- Up-to-date: /home/amlab/CarMaker_ROS2_Original/ros/ros2_ws/install/hellocm_msgs/include/hellocm_msgs/msg/speed_limit.h
[0.349s] -- Up-to-date: /home/amlab/CarMaker_ROS2_Original/ros/ros2_ws/install/hellocm_msgs/include/hellocm_msgs/msg/gps_out.h
[0.349s] -- Up-to-date: /home/amlab/CarMaker_ROS2_Original/ros/ros2_ws/install/hellocm_msgs/include/hellocm_msgs/msg/cm2_ext.h
[0.349s] -- Up-to-date: /home/amlab/CarMaker_ROS2_Original/ros/ros2_ws/install/hellocm_msgs/include/hellocm_msgs/msg/ext2_cm.h
[0.349s] -- Up-to-date: /home/amlab/CarMaker_ROS2_Original/ros/ros2_ws/install/hellocm_msgs/include/hellocm_msgs/msg/imu_out.h
[0.349s] -- Up-to-date: /home/amlab/CarMaker_ROS2_Original/ros/ros2_ws/install/hellocm_msgs/include/hellocm_msgs/msg/rosidl_generator_c__visibility_control.h
[0.349s] -- Up-to-date: /home/amlab/CarMaker_ROS2_Original/ros/ros2_ws/install/hellocm_msgs/include/hellocm_msgs/msg/vehicle_info_out.h
[0.349s] -- Up-to-date: /home/amlab/CarMaker_ROS2_Original/ros/ros2_ws/install/hellocm_msgs/include/hellocm_msgs/msg/signal_light_in.h
[0.349s] -- Up-to-date: /home/amlab/CarMaker_ROS2_Original/ros/ros2_ws/install/hellocm_msgs/include/hellocm_msgs/msg/object_info_out.h
[0.349s] -- Up-to-date: /home/amlab/CarMaker_ROS2_Original/ros/ros2_ws/install/hellocm_msgs/include/hellocm_msgs/msg/detail
[0.349s] -- Up-to-date: /home/amlab/CarMaker_ROS2_Original/ros/ros2_ws/install/hellocm_msgs/include/hellocm_msgs/msg/detail/vehicle_control_in__functions.h
[0.349s] -- Up-to-date: /home/amlab/CarMaker_ROS2_Original/ros/ros2_ws/install/hellocm_msgs/include/hellocm_msgs/msg/detail/imu_out__type_support.h
[0.349s] -- Up-to-date: /home/amlab/CarMaker_ROS2_Original/ros/ros2_ws/install/hellocm_msgs/include/hellocm_msgs/msg/detail/gps_out__functions.h
[0.349s] -- Up-to-date: /home/amlab/CarMaker_ROS2_Original/ros/ros2_ws/install/hellocm_msgs/include/hellocm_msgs/msg/detail/signal_light_in__type_support.h
[0.349s] -- Up-to-date: /home/amlab/CarMaker_ROS2_Original/ros/ros2_ws/install/hellocm_msgs/include/hellocm_msgs/msg/detail/ext2_cm__struct.h
[0.349s] -- Up-to-date: /home/amlab/CarMaker_ROS2_Original/ros/ros2_ws/install/hellocm_msgs/include/hellocm_msgs/msg/detail/object_info_out__struct.h
[0.350s] -- Up-to-date: /home/amlab/CarMaker_ROS2_Original/ros/ros2_ws/install/hellocm_msgs/include/hellocm_msgs/msg/detail/signal_light_in__functions.h
[0.350s] -- Up-to-date: /home/amlab/CarMaker_ROS2_Original/ros/ros2_ws/install/hellocm_msgs/include/hellocm_msgs/msg/detail/vehicle_control_in__struct.h
[0.350s] -- Up-to-date: /home/amlab/CarMaker_ROS2_Original/ros/ros2_ws/install/hellocm_msgs/include/hellocm_msgs/msg/detail/vehicle_control_in__type_support.h
[0.350s] -- Up-to-date: /home/amlab/CarMaker_ROS2_Original/ros/ros2_ws/install/hellocm_msgs/include/hellocm_msgs/msg/detail/cm2_ext__functions.h
[0.350s] -- Up-to-date: /home/amlab/CarMaker_ROS2_Original/ros/ros2_ws/install/hellocm_msgs/include/hellocm_msgs/msg/detail/gps_out__type_support.h
[0.350s] -- Up-to-date: /home/amlab/CarMaker_ROS2_Original/ros/ros2_ws/install/hellocm_msgs/include/hellocm_msgs/msg/detail/ext2_cm__functions.h
[0.350s] -- Up-to-date: /home/amlab/CarMaker_ROS2_Original/ros/ros2_ws/install/hellocm_msgs/include/hellocm_msgs/msg/detail/vehicle_info_out__type_support.h
[0.350s] -- Up-to-date: /home/amlab/CarMaker_ROS2_Original/ros/ros2_ws/install/hellocm_msgs/include/hellocm_msgs/msg/detail/vehicle_info_out__functions.h
[0.350s] -- Up-to-date: /home/amlab/CarMaker_ROS2_Original/ros/ros2_ws/install/hellocm_msgs/include/hellocm_msgs/msg/detail/ext2_cm__functions.c
[0.350s] -- Up-to-date: /home/amlab/CarMaker_ROS2_Original/ros/ros2_ws/install/hellocm_msgs/include/hellocm_msgs/msg/detail/speed_limit__functions.c
[0.350s] -- Up-to-date: /home/amlab/CarMaker_ROS2_Original/ros/ros2_ws/install/hellocm_msgs/include/hellocm_msgs/msg/detail/imu_out__functions.h
[0.350s] -- Up-to-date: /home/amlab/CarMaker_ROS2_Original/ros/ros2_ws/install/hellocm_msgs/include/hellocm_msgs/msg/detail/object_info_out__type_support.h
[0.350s] -- Up-to-date: /home/amlab/CarMaker_ROS2_Original/ros/ros2_ws/install/hellocm_msgs/include/hellocm_msgs/msg/detail/object_info_out__functions.h
[0.350s] -- Up-to-date: /home/amlab/CarMaker_ROS2_Original/ros/ros2_ws/install/hellocm_msgs/include/hellocm_msgs/msg/detail/speed_limit__functions.h
[0.350s] -- Up-to-date: /home/amlab/CarMaker_ROS2_Original/ros/ros2_ws/install/hellocm_msgs/include/hellocm_msgs/msg/detail/cm2_ext__functions.c
[0.350s] -- Up-to-date: /home/amlab/CarMaker_ROS2_Original/ros/ros2_ws/install/hellocm_msgs/include/hellocm_msgs/msg/detail/gps_out__functions.c
[0.350s] -- Up-to-date: /home/amlab/CarMaker_ROS2_Original/ros/ros2_ws/install/hellocm_msgs/include/hellocm_msgs/msg/detail/object_info_out__functions.c
[0.350s] -- Up-to-date: /home/amlab/CarMaker_ROS2_Original/ros/ros2_ws/install/hellocm_msgs/include/hellocm_msgs/msg/detail/cm2_ext__type_support.h
[0.350s] -- Up-to-date: /home/amlab/CarMaker_ROS2_Original/ros/ros2_ws/install/hellocm_msgs/include/hellocm_msgs/msg/detail/imu_out__struct.h
[0.350s] -- Up-to-date: /home/amlab/CarMaker_ROS2_Original/ros/ros2_ws/install/hellocm_msgs/include/hellocm_msgs/msg/detail/vehicle_control_in__functions.c
[0.350s] -- Up-to-date: /home/amlab/CarMaker_ROS2_Original/ros/ros2_ws/install/hellocm_msgs/include/hellocm_msgs/msg/detail/imu_out__functions.c
[0.350s] -- Up-to-date: /home/amlab/CarMaker_ROS2_Original/ros/ros2_ws/install/hellocm_msgs/include/hellocm_msgs/msg/detail/ext2_cm__type_support.h
[0.350s] -- Up-to-date: /home/amlab/CarMaker_ROS2_Original/ros/ros2_ws/install/hellocm_msgs/include/hellocm_msgs/msg/detail/gps_out__struct.h
[0.350s] -- Up-to-date: /home/amlab/CarMaker_ROS2_Original/ros/ros2_ws/install/hellocm_msgs/include/hellocm_msgs/msg/detail/signal_light_in__struct.h
[0.350s] -- Up-to-date: /home/amlab/CarMaker_ROS2_Original/ros/ros2_ws/install/hellocm_msgs/include/hellocm_msgs/msg/detail/speed_limit__type_support.h
[0.350s] -- Up-to-date: /home/amlab/CarMaker_ROS2_Original/ros/ros2_ws/install/hellocm_msgs/include/hellocm_msgs/msg/detail/speed_limit__struct.h
[0.350s] -- Up-to-date: /home/amlab/CarMaker_ROS2_Original/ros/ros2_ws/install/hellocm_msgs/include/hellocm_msgs/msg/detail/vehicle_info_out__struct.h
[0.350s] -- Up-to-date: /home/amlab/CarMaker_ROS2_Original/ros/ros2_ws/install/hellocm_msgs/include/hellocm_msgs/msg/detail/vehicle_info_out__functions.c
[0.350s] -- Up-to-date: /home/amlab/CarMaker_ROS2_Original/ros/ros2_ws/install/hellocm_msgs/include/hellocm_msgs/msg/detail/cm2_ext__struct.h
[0.350s] -- Up-to-date: /home/amlab/CarMaker_ROS2_Original/ros/ros2_ws/install/hellocm_msgs/include/hellocm_msgs/msg/detail/signal_light_in__functions.c
[0.350s] -- Up-to-date: /home/amlab/CarMaker_ROS2_Original/ros/ros2_ws/install/hellocm_msgs/include/hellocm_msgs/srv
[0.350s] -- Up-to-date: /home/amlab/CarMaker_ROS2_Original/ros/ros2_ws/install/hellocm_msgs/include/hellocm_msgs/srv/init.h
[0.350s] -- Up-to-date: /home/amlab/CarMaker_ROS2_Original/ros/ros2_ws/install/hellocm_msgs/include/hellocm_msgs/srv/detail
[0.350s] -- Up-to-date: /home/amlab/CarMaker_ROS2_Original/ros/ros2_ws/install/hellocm_msgs/include/hellocm_msgs/srv/detail/init__type_support.h
[0.351s] -- Up-to-date: /home/amlab/CarMaker_ROS2_Original/ros/ros2_ws/install/hellocm_msgs/include/hellocm_msgs/srv/detail/init__functions.h
[0.351s] -- Up-to-date: /home/amlab/CarMaker_ROS2_Original/ros/ros2_ws/install/hellocm_msgs/include/hellocm_msgs/srv/detail/init__functions.c
[0.351s] -- Up-to-date: /home/amlab/CarMaker_ROS2_Original/ros/ros2_ws/install/hellocm_msgs/include/hellocm_msgs/srv/detail/init__struct.h
[0.351s] -- Up-to-date: /home/amlab/CarMaker_ROS2_Original/ros/ros2_ws/install/hellocm_msgs/share/hellocm_msgs/environment/library_path.sh
[0.351s] -- Up-to-date: /home/amlab/CarMaker_ROS2_Original/ros/ros2_ws/install/hellocm_msgs/share/hellocm_msgs/environment/library_path.dsv
[0.351s] -- Up-to-date: /home/amlab/CarMaker_ROS2_Original/ros/ros2_ws/install/hellocm_msgs/lib/libhellocm_msgs__rosidl_generator_c.so
[0.351s] -- Up-to-date: /home/amlab/CarMaker_ROS2_Original/ros/ros2_ws/install/hellocm_msgs/include/hellocm_msgs
[0.351s] -- Up-to-date: /home/amlab/CarMaker_ROS2_Original/ros/ros2_ws/install/hellocm_msgs/include/hellocm_msgs/msg
[0.351s] -- Up-to-date: /home/amlab/CarMaker_ROS2_Original/ros/ros2_ws/install/hellocm_msgs/include/hellocm_msgs/msg/rosidl_typesupport_fastrtps_c__visibility_control.h
[0.351s] -- Up-to-date: /home/amlab/CarMaker_ROS2_Original/ros/ros2_ws/install/hellocm_msgs/include/hellocm_msgs/msg/detail
[0.351s] -- Up-to-date: /home/amlab/CarMaker_ROS2_Original/ros/ros2_ws/install/hellocm_msgs/include/hellocm_msgs/msg/detail/vehicle_control_in__rosidl_typesupport_fastrtps_c.h
[0.351s] -- Up-to-date: /home/amlab/CarMaker_ROS2_Original/ros/ros2_ws/install/hellocm_msgs/include/hellocm_msgs/msg/detail/vehicle_info_out__rosidl_typesupport_fastrtps_c.h
[0.351s] -- Up-to-date: /home/amlab/CarMaker_ROS2_Original/ros/ros2_ws/install/hellocm_msgs/include/hellocm_msgs/msg/detail/speed_limit__rosidl_typesupport_fastrtps_c.h
[0.351s] -- Up-to-date: /home/amlab/CarMaker_ROS2_Original/ros/ros2_ws/install/hellocm_msgs/include/hellocm_msgs/msg/detail/imu_out__rosidl_typesupport_fastrtps_c.h
[0.351s] -- Up-to-date: /home/amlab/CarMaker_ROS2_Original/ros/ros2_ws/install/hellocm_msgs/include/hellocm_msgs/msg/detail/ext2_cm__rosidl_typesupport_fastrtps_c.h
[0.351s] -- Up-to-date: /home/amlab/CarMaker_ROS2_Original/ros/ros2_ws/install/hellocm_msgs/include/hellocm_msgs/msg/detail/gps_out__rosidl_typesupport_fastrtps_c.h
[0.351s] -- Up-to-date: /home/amlab/CarMaker_ROS2_Original/ros/ros2_ws/install/hellocm_msgs/include/hellocm_msgs/msg/detail/object_info_out__rosidl_typesupport_fastrtps_c.h
[0.352s] -- Up-to-date: /home/amlab/CarMaker_ROS2_Original/ros/ros2_ws/install/hellocm_msgs/include/hellocm_msgs/msg/detail/cm2_ext__rosidl_typesupport_fastrtps_c.h
[0.352s] -- Up-to-date: /home/amlab/CarMaker_ROS2_Original/ros/ros2_ws/install/hellocm_msgs/include/hellocm_msgs/msg/detail/signal_light_in__rosidl_typesupport_fastrtps_c.h
[0.352s] -- Up-to-date: /home/amlab/CarMaker_ROS2_Original/ros/ros2_ws/install/hellocm_msgs/include/hellocm_msgs/srv
[0.352s] -- Up-to-date: /home/amlab/CarMaker_ROS2_Original/ros/ros2_ws/install/hellocm_msgs/include/hellocm_msgs/srv/detail
[0.352s] -- Up-to-date: /home/amlab/CarMaker_ROS2_Original/ros/ros2_ws/install/hellocm_msgs/include/hellocm_msgs/srv/detail/init__rosidl_typesupport_fastrtps_c.h
[0.352s] -- Up-to-date: /home/amlab/CarMaker_ROS2_Original/ros/ros2_ws/install/hellocm_msgs/lib/libhellocm_msgs__rosidl_typesupport_fastrtps_c.so
[0.352s] -- Up-to-date: /home/amlab/CarMaker_ROS2_Original/ros/ros2_ws/install/hellocm_msgs/include/hellocm_msgs
[0.352s] -- Up-to-date: /home/amlab/CarMaker_ROS2_Original/ros/ros2_ws/install/hellocm_msgs/include/hellocm_msgs/msg
[0.352s] -- Up-to-date: /home/amlab/CarMaker_ROS2_Original/ros/ros2_ws/install/hellocm_msgs/include/hellocm_msgs/msg/rosidl_typesupport_fastrtps_cpp__visibility_control.h
[0.352s] -- Up-to-date: /home/amlab/CarMaker_ROS2_Original/ros/ros2_ws/install/hellocm_msgs/include/hellocm_msgs/msg/detail
[0.352s] -- Up-to-date: /home/amlab/CarMaker_ROS2_Original/ros/ros2_ws/install/hellocm_msgs/include/hellocm_msgs/msg/detail/speed_limit__rosidl_typesupport_fastrtps_cpp.hpp
[0.352s] -- Up-to-date: /home/amlab/CarMaker_ROS2_Original/ros/ros2_ws/install/hellocm_msgs/include/hellocm_msgs/msg/detail/ext2_cm__rosidl_typesupport_fastrtps_cpp.hpp
[0.352s] -- Up-to-date: /home/amlab/CarMaker_ROS2_Original/ros/ros2_ws/install/hellocm_msgs/include/hellocm_msgs/msg/detail/vehicle_info_out__rosidl_typesupport_fastrtps_cpp.hpp
[0.352s] -- Up-to-date: /home/amlab/CarMaker_ROS2_Original/ros/ros2_ws/install/hellocm_msgs/include/hellocm_msgs/msg/detail/gps_out__rosidl_typesupport_fastrtps_cpp.hpp
[0.352s] -- Up-to-date: /home/amlab/CarMaker_ROS2_Original/ros/ros2_ws/install/hellocm_msgs/include/hellocm_msgs/msg/detail/dds_fastrtps
[0.352s] -- Up-to-date: /home/amlab/CarMaker_ROS2_Original/ros/ros2_ws/install/hellocm_msgs/include/hellocm_msgs/msg/detail/signal_light_in__rosidl_typesupport_fastrtps_cpp.hpp
[0.352s] -- Up-to-date: /home/amlab/CarMaker_ROS2_Original/ros/ros2_ws/install/hellocm_msgs/include/hellocm_msgs/msg/detail/cm2_ext__rosidl_typesupport_fastrtps_cpp.hpp
[0.352s] -- Up-to-date: /home/amlab/CarMaker_ROS2_Original/ros/ros2_ws/install/hellocm_msgs/include/hellocm_msgs/msg/detail/object_info_out__rosidl_typesupport_fastrtps_cpp.hpp
[0.352s] -- Up-to-date: /home/amlab/CarMaker_ROS2_Original/ros/ros2_ws/install/hellocm_msgs/include/hellocm_msgs/msg/detail/vehicle_control_in__rosidl_typesupport_fastrtps_cpp.hpp
[0.352s] -- Up-to-date: /home/amlab/CarMaker_ROS2_Original/ros/ros2_ws/install/hellocm_msgs/include/hellocm_msgs/msg/detail/imu_out__rosidl_typesupport_fastrtps_cpp.hpp
[0.352s] -- Up-to-date: /home/amlab/CarMaker_ROS2_Original/ros/ros2_ws/install/hellocm_msgs/include/hellocm_msgs/srv
[0.352s] -- Up-to-date: /home/amlab/CarMaker_ROS2_Original/ros/ros2_ws/install/hellocm_msgs/include/hellocm_msgs/srv/detail
[0.352s] -- Up-to-date: /home/amlab/CarMaker_ROS2_Original/ros/ros2_ws/install/hellocm_msgs/include/hellocm_msgs/srv/detail/dds_fastrtps
[0.352s] -- Up-to-date: /home/amlab/CarMaker_ROS2_Original/ros/ros2_ws/install/hellocm_msgs/include/hellocm_msgs/srv/detail/init__rosidl_typesupport_fastrtps_cpp.hpp
[0.352s] -- Up-to-date: /home/amlab/CarMaker_ROS2_Original/ros/ros2_ws/install/hellocm_msgs/lib/libhellocm_msgs__rosidl_typesupport_fastrtps_cpp.so
[0.352s] -- Up-to-date: /home/amlab/CarMaker_ROS2_Original/ros/ros2_ws/install/hellocm_msgs/include/hellocm_msgs
[0.352s] -- Up-to-date: /home/amlab/CarMaker_ROS2_Original/ros/ros2_ws/install/hellocm_msgs/include/hellocm_msgs/msg
[0.352s] -- Up-to-date: /home/amlab/CarMaker_ROS2_Original/ros/ros2_ws/install/hellocm_msgs/include/hellocm_msgs/msg/rosidl_typesupport_introspection_c__visibility_control.h
[0.352s] -- Up-to-date: /home/amlab/CarMaker_ROS2_Original/ros/ros2_ws/install/hellocm_msgs/include/hellocm_msgs/msg/detail
[0.353s] -- Up-to-date: /home/amlab/CarMaker_ROS2_Original/ros/ros2_ws/install/hellocm_msgs/include/hellocm_msgs/msg/detail/vehicle_info_out__type_support.c
[0.353s] -- Up-to-date: /home/amlab/CarMaker_ROS2_Original/ros/ros2_ws/install/hellocm_msgs/include/hellocm_msgs/msg/detail/cm2_ext__rosidl_typesupport_introspection_c.h
[0.353s] -- Up-to-date: /home/amlab/CarMaker_ROS2_Original/ros/ros2_ws/install/hellocm_msgs/include/hellocm_msgs/msg/detail/imu_out__rosidl_typesupport_introspection_c.h
[0.353s] -- Up-to-date: /home/amlab/CarMaker_ROS2_Original/ros/ros2_ws/install/hellocm_msgs/include/hellocm_msgs/msg/detail/vehicle_control_in__rosidl_typesupport_introspection_c.h
[0.353s] -- Up-to-date: /home/amlab/CarMaker_ROS2_Original/ros/ros2_ws/install/hellocm_msgs/include/hellocm_msgs/msg/detail/vehicle_info_out__rosidl_typesupport_introspection_c.h
[0.353s] -- Up-to-date: /home/amlab/CarMaker_ROS2_Original/ros/ros2_ws/install/hellocm_msgs/include/hellocm_msgs/msg/detail/ext2_cm__type_support.c
[0.353s] -- Up-to-date: /home/amlab/CarMaker_ROS2_Original/ros/ros2_ws/install/hellocm_msgs/include/hellocm_msgs/msg/detail/signal_light_in__type_support.c
[0.353s] -- Up-to-date: /home/amlab/CarMaker_ROS2_Original/ros/ros2_ws/install/hellocm_msgs/include/hellocm_msgs/msg/detail/vehicle_control_in__type_support.c
[0.353s] -- Up-to-date: /home/amlab/CarMaker_ROS2_Original/ros/ros2_ws/install/hellocm_msgs/include/hellocm_msgs/msg/detail/gps_out__rosidl_typesupport_introspection_c.h
[0.353s] -- Up-to-date: /home/amlab/CarMaker_ROS2_Original/ros/ros2_ws/install/hellocm_msgs/include/hellocm_msgs/msg/detail/object_info_out__rosidl_typesupport_introspection_c.h
[0.353s] -- Up-to-date: /home/amlab/CarMaker_ROS2_Original/ros/ros2_ws/install/hellocm_msgs/include/hellocm_msgs/msg/detail/cm2_ext__type_support.c
[0.353s] -- Up-to-date: /home/amlab/CarMaker_ROS2_Original/ros/ros2_ws/install/hellocm_msgs/include/hellocm_msgs/msg/detail/object_info_out__type_support.c
[0.353s] -- Up-to-date: /home/amlab/CarMaker_ROS2_Original/ros/ros2_ws/install/hellocm_msgs/include/hellocm_msgs/msg/detail/gps_out__type_support.c
[0.353s] -- Up-to-date: /home/amlab/CarMaker_ROS2_Original/ros/ros2_ws/install/hellocm_msgs/include/hellocm_msgs/msg/detail/imu_out__type_support.c
[0.353s] -- Up-to-date: /home/amlab/CarMaker_ROS2_Original/ros/ros2_ws/install/hellocm_msgs/include/hellocm_msgs/msg/detail/speed_limit__rosidl_typesupport_introspection_c.h
[0.353s] -- Up-to-date: /home/amlab/CarMaker_ROS2_Original/ros/ros2_ws/install/hellocm_msgs/include/hellocm_msgs/msg/detail/ext2_cm__rosidl_typesupport_introspection_c.h
[0.353s] -- Up-to-date: /home/amlab/CarMaker_ROS2_Original/ros/ros2_ws/install/hellocm_msgs/include/hellocm_msgs/msg/detail/speed_limit__type_support.c
[0.353s] -- Up-to-date: /home/amlab/CarMaker_ROS2_Original/ros/ros2_ws/install/hellocm_msgs/include/hellocm_msgs/msg/detail/signal_light_in__rosidl_typesupport_introspection_c.h
[0.353s] -- Up-to-date: /home/amlab/CarMaker_ROS2_Original/ros/ros2_ws/install/hellocm_msgs/include/hellocm_msgs/srv
[0.353s] -- Up-to-date: /home/amlab/CarMaker_ROS2_Original/ros/ros2_ws/install/hellocm_msgs/include/hellocm_msgs/srv/detail
[0.353s] -- Up-to-date: /home/amlab/CarMaker_ROS2_Original/ros/ros2_ws/install/hellocm_msgs/include/hellocm_msgs/srv/detail/init__type_support.c
[0.353s] -- Up-to-date: /home/amlab/CarMaker_ROS2_Original/ros/ros2_ws/install/hellocm_msgs/include/hellocm_msgs/srv/detail/init__rosidl_typesupport_introspection_c.h
[0.353s] -- Up-to-date: /home/amlab/CarMaker_ROS2_Original/ros/ros2_ws/install/hellocm_msgs/lib/libhellocm_msgs__rosidl_typesupport_introspection_c.so
[0.353s] -- Up-to-date: /home/amlab/CarMaker_ROS2_Original/ros/ros2_ws/install/hellocm_msgs/lib/libhellocm_msgs__rosidl_typesupport_c.so
[0.353s] -- Up-to-date: /home/amlab/CarMaker_ROS2_Original/ros/ros2_ws/install/hellocm_msgs/include/hellocm_msgs
[0.353s] -- Up-to-date: /home/amlab/CarMaker_ROS2_Original/ros/ros2_ws/install/hellocm_msgs/include/hellocm_msgs/msg
[0.353s] -- Up-to-date: /home/amlab/CarMaker_ROS2_Original/ros/ros2_ws/install/hellocm_msgs/include/hellocm_msgs/msg/vehicle_control_in.hpp
[0.353s] -- Up-to-date: /home/amlab/CarMaker_ROS2_Original/ros/ros2_ws/install/hellocm_msgs/include/hellocm_msgs/msg/vehicle_info_out.hpp
[0.353s] -- Up-to-date: /home/amlab/CarMaker_ROS2_Original/ros/ros2_ws/install/hellocm_msgs/include/hellocm_msgs/msg/imu_out.hpp
[0.353s] -- Up-to-date: /home/amlab/CarMaker_ROS2_Original/ros/ros2_ws/install/hellocm_msgs/include/hellocm_msgs/msg/object_info_out.hpp
[0.353s] -- Up-to-date: /home/amlab/CarMaker_ROS2_Original/ros/ros2_ws/install/hellocm_msgs/include/hellocm_msgs/msg/ext2_cm.hpp
[0.353s] -- Up-to-date: /home/amlab/CarMaker_ROS2_Original/ros/ros2_ws/install/hellocm_msgs/include/hellocm_msgs/msg/cm2_ext.hpp
[0.353s] -- Up-to-date: /home/amlab/CarMaker_ROS2_Original/ros/ros2_ws/install/hellocm_msgs/include/hellocm_msgs/msg/speed_limit.hpp
[0.353s] -- Up-to-date: /home/amlab/CarMaker_ROS2_Original/ros/ros2_ws/install/hellocm_msgs/include/hellocm_msgs/msg/signal_light_in.hpp
[0.353s] -- Up-to-date: /home/amlab/CarMaker_ROS2_Original/ros/ros2_ws/install/hellocm_msgs/include/hellocm_msgs/msg/detail
[0.353s] -- Up-to-date: /home/amlab/CarMaker_ROS2_Original/ros/ros2_ws/install/hellocm_msgs/include/hellocm_msgs/msg/detail/signal_light_in__traits.hpp
[0.353s] -- Up-to-date: /home/amlab/CarMaker_ROS2_Original/ros/ros2_ws/install/hellocm_msgs/include/hellocm_msgs/msg/detail/speed_limit__traits.hpp
[0.353s] -- Up-to-date: /home/amlab/CarMaker_ROS2_Original/ros/ros2_ws/install/hellocm_msgs/include/hellocm_msgs/msg/detail/imu_out__struct.hpp
[0.354s] -- Up-to-date: /home/amlab/CarMaker_ROS2_Original/ros/ros2_ws/install/hellocm_msgs/include/hellocm_msgs/msg/detail/speed_limit__struct.hpp
[0.354s] -- Up-to-date: /home/amlab/CarMaker_ROS2_Original/ros/ros2_ws/install/hellocm_msgs/include/hellocm_msgs/msg/detail/ext2_cm__struct.hpp
[0.354s] -- Up-to-date: /home/amlab/CarMaker_ROS2_Original/ros/ros2_ws/install/hellocm_msgs/include/hellocm_msgs/msg/detail/gps_out__struct.hpp
[0.354s] -- Up-to-date: /home/amlab/CarMaker_ROS2_Original/ros/ros2_ws/install/hellocm_msgs/include/hellocm_msgs/msg/detail/vehicle_info_out__traits.hpp
[0.354s] -- Up-to-date: /home/amlab/CarMaker_ROS2_Original/ros/ros2_ws/install/hellocm_msgs/include/hellocm_msgs/msg/detail/vehicle_control_in__builder.hpp
[0.354s] -- Up-to-date: /home/amlab/CarMaker_ROS2_Original/ros/ros2_ws/install/hellocm_msgs/include/hellocm_msgs/msg/detail/vehicle_info_out__struct.hpp
[0.354s] -- Up-to-date: /home/amlab/CarMaker_ROS2_Original/ros/ros2_ws/install/hellocm_msgs/include/hellocm_msgs/msg/detail/vehicle_control_in__struct.hpp
[0.354s] -- Up-to-date: /home/amlab/CarMaker_ROS2_Original/ros/ros2_ws/install/hellocm_msgs/include/hellocm_msgs/msg/detail/vehicle_info_out__builder.hpp
[0.354s] -- Up-to-date: /home/amlab/CarMaker_ROS2_Original/ros/ros2_ws/install/hellocm_msgs/include/hellocm_msgs/msg/detail/gps_out__builder.hpp
[0.354s] -- Up-to-date: /home/amlab/CarMaker_ROS2_Original/ros/ros2_ws/install/hellocm_msgs/include/hellocm_msgs/msg/detail/imu_out__builder.hpp
[0.354s] -- Up-to-date: /home/amlab/CarMaker_ROS2_Original/ros/ros2_ws/install/hellocm_msgs/include/hellocm_msgs/msg/detail/object_info_out__traits.hpp
[0.354s] -- Up-to-date: /home/amlab/CarMaker_ROS2_Original/ros/ros2_ws/install/hellocm_msgs/include/hellocm_msgs/msg/detail/vehicle_control_in__traits.hpp
[0.354s] -- Up-to-date: /home/amlab/CarMaker_ROS2_Original/ros/ros2_ws/install/hellocm_msgs/include/hellocm_msgs/msg/detail/object_info_out__builder.hpp
[0.354s] -- Up-to-date: /home/amlab/CarMaker_ROS2_Original/ros/ros2_ws/install/hellocm_msgs/include/hellocm_msgs/msg/detail/cm2_ext__builder.hpp
[0.354s] -- Up-to-date: /home/amlab/CarMaker_ROS2_Original/ros/ros2_ws/install/hellocm_msgs/include/hellocm_msgs/msg/detail/cm2_ext__traits.hpp
[0.354s] -- Up-to-date: /home/amlab/CarMaker_ROS2_Original/ros/ros2_ws/install/hellocm_msgs/include/hellocm_msgs/msg/detail/gps_out__traits.hpp
[0.354s] -- Up-to-date: /home/amlab/CarMaker_ROS2_Original/ros/ros2_ws/install/hellocm_msgs/include/hellocm_msgs/msg/detail/signal_light_in__struct.hpp
[0.354s] -- Up-to-date: /home/amlab/CarMaker_ROS2_Original/ros/ros2_ws/install/hellocm_msgs/include/hellocm_msgs/msg/detail/signal_light_in__builder.hpp
[0.354s] -- Up-to-date: /home/amlab/CarMaker_ROS2_Original/ros/ros2_ws/install/hellocm_msgs/include/hellocm_msgs/msg/detail/ext2_cm__traits.hpp
[0.354s] -- Up-to-date: /home/amlab/CarMaker_ROS2_Original/ros/ros2_ws/install/hellocm_msgs/include/hellocm_msgs/msg/detail/speed_limit__builder.hpp
[0.354s] -- Up-to-date: /home/amlab/CarMaker_ROS2_Original/ros/ros2_ws/install/hellocm_msgs/include/hellocm_msgs/msg/detail/ext2_cm__builder.hpp
[0.354s] -- Up-to-date: /home/amlab/CarMaker_ROS2_Original/ros/ros2_ws/install/hellocm_msgs/include/hellocm_msgs/msg/detail/imu_out__traits.hpp
[0.354s] -- Up-to-date: /home/amlab/CarMaker_ROS2_Original/ros/ros2_ws/install/hellocm_msgs/include/hellocm_msgs/msg/detail/object_info_out__struct.hpp
[0.354s] -- Up-to-date: /home/amlab/CarMaker_ROS2_Original/ros/ros2_ws/install/hellocm_msgs/include/hellocm_msgs/msg/detail/cm2_ext__struct.hpp
[0.354s] -- Up-to-date: /home/amlab/CarMaker_ROS2_Original/ros/ros2_ws/install/hellocm_msgs/include/hellocm_msgs/msg/gps_out.hpp
[0.354s] -- Up-to-date: /home/amlab/CarMaker_ROS2_Original/ros/ros2_ws/install/hellocm_msgs/include/hellocm_msgs/srv
[0.354s] -- Up-to-date: /home/amlab/CarMaker_ROS2_Original/ros/ros2_ws/install/hellocm_msgs/include/hellocm_msgs/srv/init.hpp
[0.354s] -- Up-to-date: /home/amlab/CarMaker_ROS2_Original/ros/ros2_ws/install/hellocm_msgs/include/hellocm_msgs/srv/detail
[0.354s] -- Up-to-date: /home/amlab/CarMaker_ROS2_Original/ros/ros2_ws/install/hellocm_msgs/include/hellocm_msgs/srv/detail/init__builder.hpp
[0.354s] -- Up-to-date: /home/amlab/CarMaker_ROS2_Original/ros/ros2_ws/install/hellocm_msgs/include/hellocm_msgs/srv/detail/init__traits.hpp
[0.354s] -- Up-to-date: /home/amlab/CarMaker_ROS2_Original/ros/ros2_ws/install/hellocm_msgs/include/hellocm_msgs/srv/detail/init__struct.hpp
[0.354s] -- Up-to-date: /home/amlab/CarMaker_ROS2_Original/ros/ros2_ws/install/hellocm_msgs/include/hellocm_msgs
[0.354s] -- Up-to-date: /home/amlab/CarMaker_ROS2_Original/ros/ros2_ws/install/hellocm_msgs/include/hellocm_msgs/msg
[0.354s] -- Up-to-date: /home/amlab/CarMaker_ROS2_Original/ros/ros2_ws/install/hellocm_msgs/include/hellocm_msgs/msg/detail
[0.354s] -- Up-to-date: /home/amlab/CarMaker_ROS2_Original/ros/ros2_ws/install/hellocm_msgs/include/hellocm_msgs/msg/detail/gps_out__type_support.cpp
[0.355s] -- Up-to-date: /home/amlab/CarMaker_ROS2_Original/ros/ros2_ws/install/hellocm_msgs/include/hellocm_msgs/msg/detail/vehicle_info_out__type_support.cpp
[0.355s] -- Up-to-date: /home/amlab/CarMaker_ROS2_Original/ros/ros2_ws/install/hellocm_msgs/include/hellocm_msgs/msg/detail/imu_out__rosidl_typesupport_introspection_cpp.hpp
[0.355s] -- Up-to-date: /home/amlab/CarMaker_ROS2_Original/ros/ros2_ws/install/hellocm_msgs/include/hellocm_msgs/msg/detail/imu_out__type_support.cpp
[0.355s] -- Up-to-date: /home/amlab/CarMaker_ROS2_Original/ros/ros2_ws/install/hellocm_msgs/include/hellocm_msgs/msg/detail/object_info_out__type_support.cpp
[0.355s] -- Up-to-date: /home/amlab/CarMaker_ROS2_Original/ros/ros2_ws/install/hellocm_msgs/include/hellocm_msgs/msg/detail/cm2_ext__rosidl_typesupport_introspection_cpp.hpp
[0.355s] -- Up-to-date: /home/amlab/CarMaker_ROS2_Original/ros/ros2_ws/install/hellocm_msgs/include/hellocm_msgs/msg/detail/vehicle_info_out__rosidl_typesupport_introspection_cpp.hpp
[0.355s] -- Up-to-date: /home/amlab/CarMaker_ROS2_Original/ros/ros2_ws/install/hellocm_msgs/include/hellocm_msgs/msg/detail/vehicle_control_in__type_support.cpp
[0.355s] -- Up-to-date: /home/amlab/CarMaker_ROS2_Original/ros/ros2_ws/install/hellocm_msgs/include/hellocm_msgs/msg/detail/speed_limit__rosidl_typesupport_introspection_cpp.hpp
[0.355s] -- Up-to-date: /home/amlab/CarMaker_ROS2_Original/ros/ros2_ws/install/hellocm_msgs/include/hellocm_msgs/msg/detail/signal_light_in__rosidl_typesupport_introspection_cpp.hpp
[0.355s] -- Up-to-date: /home/amlab/CarMaker_ROS2_Original/ros/ros2_ws/install/hellocm_msgs/include/hellocm_msgs/msg/detail/speed_limit__type_support.cpp
[0.355s] -- Up-to-date: /home/amlab/CarMaker_ROS2_Original/ros/ros2_ws/install/hellocm_msgs/include/hellocm_msgs/msg/detail/signal_light_in__type_support.cpp
[0.355s] -- Up-to-date: /home/amlab/CarMaker_ROS2_Original/ros/ros2_ws/install/hellocm_msgs/include/hellocm_msgs/msg/detail/ext2_cm__type_support.cpp
[0.355s] -- Up-to-date: /home/amlab/CarMaker_ROS2_Original/ros/ros2_ws/install/hellocm_msgs/include/hellocm_msgs/msg/detail/object_info_out__rosidl_typesupport_introspection_cpp.hpp
[0.355s] -- Up-to-date: /home/amlab/CarMaker_ROS2_Original/ros/ros2_ws/install/hellocm_msgs/include/hellocm_msgs/msg/detail/ext2_cm__rosidl_typesupport_introspection_cpp.hpp
[0.355s] -- Up-to-date: /home/amlab/CarMaker_ROS2_Original/ros/ros2_ws/install/hellocm_msgs/include/hellocm_msgs/msg/detail/cm2_ext__type_support.cpp
[0.355s] -- Up-to-date: /home/amlab/CarMaker_ROS2_Original/ros/ros2_ws/install/hellocm_msgs/include/hellocm_msgs/msg/detail/gps_out__rosidl_typesupport_introspection_cpp.hpp
[0.355s] -- Up-to-date: /home/amlab/CarMaker_ROS2_Original/ros/ros2_ws/install/hellocm_msgs/include/hellocm_msgs/msg/detail/vehicle_control_in__rosidl_typesupport_introspection_cpp.hpp
[0.355s] -- Up-to-date: /home/amlab/CarMaker_ROS2_Original/ros/ros2_ws/install/hellocm_msgs/include/hellocm_msgs/srv
[0.355s] -- Up-to-date: /home/amlab/CarMaker_ROS2_Original/ros/ros2_ws/install/hellocm_msgs/include/hellocm_msgs/srv/detail
[0.355s] -- Up-to-date: /home/amlab/CarMaker_ROS2_Original/ros/ros2_ws/install/hellocm_msgs/include/hellocm_msgs/srv/detail/init__type_support.cpp
[0.355s] -- Up-to-date: /home/amlab/CarMaker_ROS2_Original/ros/ros2_ws/install/hellocm_msgs/include/hellocm_msgs/srv/detail/init__rosidl_typesupport_introspection_cpp.hpp
[0.355s] -- Up-to-date: /home/amlab/CarMaker_ROS2_Original/ros/ros2_ws/install/hellocm_msgs/lib/libhellocm_msgs__rosidl_typesupport_introspection_cpp.so
[0.355s] -- Up-to-date: /home/amlab/CarMaker_ROS2_Original/ros/ros2_ws/install/hellocm_msgs/lib/libhellocm_msgs__rosidl_typesupport_cpp.so
[0.355s] -- Up-to-date: /home/amlab/CarMaker_ROS2_Original/ros/ros2_ws/install/hellocm_msgs/share/hellocm_msgs/environment/pythonpath.sh
[0.355s] -- Up-to-date: /home/amlab/CarMaker_ROS2_Original/ros/ros2_ws/install/hellocm_msgs/share/hellocm_msgs/environment/pythonpath.dsv
[0.355s] -- Up-to-date: /home/amlab/CarMaker_ROS2_Original/ros/ros2_ws/install/hellocm_msgs/lib/python3.8/site-packages/hellocm_msgs/__init__.py
[0.371s] -- Up-to-date: /home/amlab/CarMaker_ROS2_Original/ros/ros2_ws/install/hellocm_msgs/lib/python3.8/site-packages/hellocm_msgs/msg
[0.372s] -- Up-to-date: /home/amlab/CarMaker_ROS2_Original/ros/ros2_ws/install/hellocm_msgs/lib/python3.8/site-packages/hellocm_msgs/msg/_vehicle_control_in_s.c
[0.372s] -- Up-to-date: /home/amlab/CarMaker_ROS2_Original/ros/ros2_ws/install/hellocm_msgs/lib/python3.8/site-packages/hellocm_msgs/msg/_ext2_cm.py
[0.372s] -- Up-to-date: /home/amlab/CarMaker_ROS2_Original/ros/ros2_ws/install/hellocm_msgs/lib/python3.8/site-packages/hellocm_msgs/msg/_imu_out.py
[0.372s] -- Up-to-date: /home/amlab/CarMaker_ROS2_Original/ros/ros2_ws/install/hellocm_msgs/lib/python3.8/site-packages/hellocm_msgs/msg/_imu_out_s.c
[0.372s] -- Up-to-date: /home/amlab/CarMaker_ROS2_Original/ros/ros2_ws/install/hellocm_msgs/lib/python3.8/site-packages/hellocm_msgs/msg/__init__.py
[0.372s] -- Up-to-date: /home/amlab/CarMaker_ROS2_Original/ros/ros2_ws/install/hellocm_msgs/lib/python3.8/site-packages/hellocm_msgs/msg/_object_info_out_s.c
[0.372s] -- Up-to-date: /home/amlab/CarMaker_ROS2_Original/ros/ros2_ws/install/hellocm_msgs/lib/python3.8/site-packages/hellocm_msgs/msg/_speed_limit.py
[0.372s] -- Up-to-date: /home/amlab/CarMaker_ROS2_Original/ros/ros2_ws/install/hellocm_msgs/lib/python3.8/site-packages/hellocm_msgs/msg/_gps_out.py
[0.372s] -- Up-to-date: /home/amlab/CarMaker_ROS2_Original/ros/ros2_ws/install/hellocm_msgs/lib/python3.8/site-packages/hellocm_msgs/msg/_signal_light_in_s.c
[0.372s] -- Up-to-date: /home/amlab/CarMaker_ROS2_Original/ros/ros2_ws/install/hellocm_msgs/lib/python3.8/site-packages/hellocm_msgs/msg/_ext2_cm_s.c
[0.372s] -- Up-to-date: /home/amlab/CarMaker_ROS2_Original/ros/ros2_ws/install/hellocm_msgs/lib/python3.8/site-packages/hellocm_msgs/msg/_cm2_ext.py
[0.372s] -- Up-to-date: /home/amlab/CarMaker_ROS2_Original/ros/ros2_ws/install/hellocm_msgs/lib/python3.8/site-packages/hellocm_msgs/msg/_vehicle_info_out_s.c
[0.372s] -- Up-to-date: /home/amlab/CarMaker_ROS2_Original/ros/ros2_ws/install/hellocm_msgs/lib/python3.8/site-packages/hellocm_msgs/msg/_object_info_out.py
[0.372s] -- Up-to-date: /home/amlab/CarMaker_ROS2_Original/ros/ros2_ws/install/hellocm_msgs/lib/python3.8/site-packages/hellocm_msgs/msg/_signal_light_in.py
[0.372s] -- Up-to-date: /home/amlab/CarMaker_ROS2_Original/ros/ros2_ws/install/hellocm_msgs/lib/python3.8/site-packages/hellocm_msgs/msg/_cm2_ext_s.c
[0.372s] -- Up-to-date: /home/amlab/CarMaker_ROS2_Original/ros/ros2_ws/install/hellocm_msgs/lib/python3.8/site-packages/hellocm_msgs/msg/_speed_limit_s.c
[0.372s] -- Up-to-date: /home/amlab/CarMaker_ROS2_Original/ros/ros2_ws/install/hellocm_msgs/lib/python3.8/site-packages/hellocm_msgs/msg/_gps_out_s.c
[0.372s] -- Up-to-date: /home/amlab/CarMaker_ROS2_Original/ros/ros2_ws/install/hellocm_msgs/lib/python3.8/site-packages/hellocm_msgs/msg/_vehicle_control_in.py
[0.372s] -- Up-to-date: /home/amlab/CarMaker_ROS2_Original/ros/ros2_ws/install/hellocm_msgs/lib/python3.8/site-packages/hellocm_msgs/msg/_vehicle_info_out.py
[0.372s] -- Up-to-date: /home/amlab/CarMaker_ROS2_Original/ros/ros2_ws/install/hellocm_msgs/lib/python3.8/site-packages/hellocm_msgs/srv
[0.372s] -- Up-to-date: /home/amlab/CarMaker_ROS2_Original/ros/ros2_ws/install/hellocm_msgs/lib/python3.8/site-packages/hellocm_msgs/srv/__init__.py
[0.372s] -- Up-to-date: /home/amlab/CarMaker_ROS2_Original/ros/ros2_ws/install/hellocm_msgs/lib/python3.8/site-packages/hellocm_msgs/srv/_init_s.c
[0.372s] -- Up-to-date: /home/amlab/CarMaker_ROS2_Original/ros/ros2_ws/install/hellocm_msgs/lib/python3.8/site-packages/hellocm_msgs/srv/_init.py
[0.373s] -- Up-to-date: /home/amlab/CarMaker_ROS2_Original/ros/ros2_ws/install/hellocm_msgs/lib/python3.8/site-packages/hellocm_msgs/hellocm_msgs_s__rosidl_typesupport_fastrtps_c.cpython-38-x86_64-linux-gnu.so
[0.373s] -- Up-to-date: /home/amlab/CarMaker_ROS2_Original/ros/ros2_ws/install/hellocm_msgs/lib/python3.8/site-packages/hellocm_msgs/hellocm_msgs_s__rosidl_typesupport_introspection_c.cpython-38-x86_64-linux-gnu.so
[0.373s] -- Up-to-date: /home/amlab/CarMaker_ROS2_Original/ros/ros2_ws/install/hellocm_msgs/lib/python3.8/site-packages/hellocm_msgs/hellocm_msgs_s__rosidl_typesupport_c.cpython-38-x86_64-linux-gnu.so
[0.373s] -- Up-to-date: /home/amlab/CarMaker_ROS2_Original/ros/ros2_ws/install/hellocm_msgs/lib/libhellocm_msgs__python.so
[0.373s] -- Up-to-date: /home/amlab/CarMaker_ROS2_Original/ros/ros2_ws/install/hellocm_msgs/share/hellocm_msgs/msg/CM2Ext.idl
[0.374s] -- Up-to-date: /home/amlab/CarMaker_ROS2_Original/ros/ros2_ws/install/hellocm_msgs/share/hellocm_msgs/msg/Ext2CM.idl
[0.374s] -- Up-to-date: /home/amlab/CarMaker_ROS2_Original/ros/ros2_ws/install/hellocm_msgs/share/hellocm_msgs/msg/GPSOut.idl
[0.374s] -- Up-to-date: /home/amlab/CarMaker_ROS2_Original/ros/ros2_ws/install/hellocm_msgs/share/hellocm_msgs/msg/IMUOut.idl
[0.374s] -- Up-to-date: /home/amlab/CarMaker_ROS2_Original/ros/ros2_ws/install/hellocm_msgs/share/hellocm_msgs/msg/ObjectInfoOut.idl
[0.374s] -- Up-to-date: /home/amlab/CarMaker_ROS2_Original/ros/ros2_ws/install/hellocm_msgs/share/hellocm_msgs/msg/SignalLightIn.idl
[0.374s] -- Up-to-date: /home/amlab/CarMaker_ROS2_Original/ros/ros2_ws/install/hellocm_msgs/share/hellocm_msgs/msg/SpeedLimit.idl
[0.374s] -- Up-to-date: /home/amlab/CarMaker_ROS2_Original/ros/ros2_ws/install/hellocm_msgs/share/hellocm_msgs/msg/VehicleControlIn.idl
[0.374s] -- Up-to-date: /home/amlab/CarMaker_ROS2_Original/ros/ros2_ws/install/hellocm_msgs/share/hellocm_msgs/msg/VehicleInfoOut.idl
[0.374s] -- Up-to-date: /home/amlab/CarMaker_ROS2_Original/ros/ros2_ws/install/hellocm_msgs/share/hellocm_msgs/srv/Init.idl
[0.374s] -- Up-to-date: /home/amlab/CarMaker_ROS2_Original/ros/ros2_ws/install/hellocm_msgs/share/hellocm_msgs/msg/CM2Ext.msg
[0.374s] -- Up-to-date: /home/amlab/CarMaker_ROS2_Original/ros/ros2_ws/install/hellocm_msgs/share/hellocm_msgs/msg/Ext2CM.msg
[0.374s] -- Up-to-date: /home/amlab/CarMaker_ROS2_Original/ros/ros2_ws/install/hellocm_msgs/share/hellocm_msgs/msg/GPSOut.msg
[0.374s] -- Up-to-date: /home/amlab/CarMaker_ROS2_Original/ros/ros2_ws/install/hellocm_msgs/share/hellocm_msgs/msg/IMUOut.msg
[0.374s] -- Up-to-date: /home/amlab/CarMaker_ROS2_Original/ros/ros2_ws/install/hellocm_msgs/share/hellocm_msgs/msg/ObjectInfoOut.msg
[0.374s] -- Up-to-date: /home/amlab/CarMaker_ROS2_Original/ros/ros2_ws/install/hellocm_msgs/share/hellocm_msgs/msg/SignalLightIn.msg
[0.374s] -- Up-to-date: /home/amlab/CarMaker_ROS2_Original/ros/ros2_ws/install/hellocm_msgs/share/hellocm_msgs/msg/SpeedLimit.msg
[0.374s] -- Up-to-date: /home/amlab/CarMaker_ROS2_Original/ros/ros2_ws/install/hellocm_msgs/share/hellocm_msgs/msg/VehicleControlIn.msg
[0.374s] -- Up-to-date: /home/amlab/CarMaker_ROS2_Original/ros/ros2_ws/install/hellocm_msgs/share/hellocm_msgs/msg/VehicleInfoOut.msg
[0.374s] -- Up-to-date: /home/amlab/CarMaker_ROS2_Original/ros/ros2_ws/install/hellocm_msgs/share/hellocm_msgs/srv/Init.srv
[0.374s] -- Up-to-date: /home/amlab/CarMaker_ROS2_Original/ros/ros2_ws/install/hellocm_msgs/share/hellocm_msgs/srv/Init_Request.msg
[0.374s] -- Up-to-date: /home/amlab/CarMaker_ROS2_Original/ros/ros2_ws/install/hellocm_msgs/share/hellocm_msgs/srv/Init_Response.msg
[0.374s] -- Up-to-date: /home/amlab/CarMaker_ROS2_Original/ros/ros2_ws/install/hellocm_msgs/share/ament_index/resource_index/package_run_dependencies/hellocm_msgs
[0.374s] -- Up-to-date: /home/amlab/CarMaker_ROS2_Original/ros/ros2_ws/install/hellocm_msgs/share/ament_index/resource_index/parent_prefix_path/hellocm_msgs
[0.374s] -- Up-to-date: /home/amlab/CarMaker_ROS2_Original/ros/ros2_ws/install/hellocm_msgs/share/hellocm_msgs/environment/ament_prefix_path.sh
[0.374s] -- Up-to-date: /home/amlab/CarMaker_ROS2_Original/ros/ros2_ws/install/hellocm_msgs/share/hellocm_msgs/environment/ament_prefix_path.dsv
[0.374s] -- Up-to-date: /home/amlab/CarMaker_ROS2_Original/ros/ros2_ws/install/hellocm_msgs/share/hellocm_msgs/environment/path.sh
[0.375s] -- Up-to-date: /home/amlab/CarMaker_ROS2_Original/ros/ros2_ws/install/hellocm_msgs/share/hellocm_msgs/environment/path.dsv
[0.375s] -- Up-to-date: /home/amlab/CarMaker_ROS2_Original/ros/ros2_ws/install/hellocm_msgs/share/hellocm_msgs/local_setup.bash
[0.375s] -- Up-to-date: /home/amlab/CarMaker_ROS2_Original/ros/ros2_ws/install/hellocm_msgs/share/hellocm_msgs/local_setup.sh
[0.375s] -- Up-to-date: /home/amlab/CarMaker_ROS2_Original/ros/ros2_ws/install/hellocm_msgs/share/hellocm_msgs/local_setup.zsh
[0.375s] -- Up-to-date: /home/amlab/CarMaker_ROS2_Original/ros/ros2_ws/install/hellocm_msgs/share/hellocm_msgs/local_setup.dsv
[0.375s] -- Installing: /home/amlab/CarMaker_ROS2_Original/ros/ros2_ws/install/hellocm_msgs/share/hellocm_msgs/package.dsv
[0.375s] -- Up-to-date: /home/amlab/CarMaker_ROS2_Original/ros/ros2_ws/install/hellocm_msgs/share/ament_index/resource_index/packages/hellocm_msgs
[0.375s] -- Up-to-date: /home/amlab/CarMaker_ROS2_Original/ros/ros2_ws/install/hellocm_msgs/share/hellocm_msgs/cmake/hellocm_msgs__rosidl_generator_cExport.cmake
[0.375s] -- Up-to-date: /home/amlab/CarMaker_ROS2_Original/ros/ros2_ws/install/hellocm_msgs/share/hellocm_msgs/cmake/hellocm_msgs__rosidl_generator_cExport-noconfig.cmake
[0.375s] -- Up-to-date: /home/amlab/CarMaker_ROS2_Original/ros/ros2_ws/install/hellocm_msgs/share/hellocm_msgs/cmake/hellocm_msgs__rosidl_typesupport_introspection_cExport.cmake
[0.375s] -- Up-to-date: /home/amlab/CarMaker_ROS2_Original/ros/ros2_ws/install/hellocm_msgs/share/hellocm_msgs/cmake/hellocm_msgs__rosidl_typesupport_introspection_cExport-noconfig.cmake
[0.375s] -- Up-to-date: /home/amlab/CarMaker_ROS2_Original/ros/ros2_ws/install/hellocm_msgs/share/hellocm_msgs/cmake/hellocm_msgs__rosidl_typesupport_cExport.cmake
[0.375s] -- Up-to-date: /home/amlab/CarMaker_ROS2_Original/ros/ros2_ws/install/hellocm_msgs/share/hellocm_msgs/cmake/hellocm_msgs__rosidl_typesupport_cExport-noconfig.cmake
[0.375s] -- Up-to-date: /home/amlab/CarMaker_ROS2_Original/ros/ros2_ws/install/hellocm_msgs/share/hellocm_msgs/cmake/hellocm_msgs__rosidl_generator_cppExport.cmake
[0.375s] -- Up-to-date: /home/amlab/CarMaker_ROS2_Original/ros/ros2_ws/install/hellocm_msgs/share/hellocm_msgs/cmake/hellocm_msgs__rosidl_typesupport_introspection_cppExport.cmake
[0.375s] -- Up-to-date: /home/amlab/CarMaker_ROS2_Original/ros/ros2_ws/install/hellocm_msgs/share/hellocm_msgs/cmake/hellocm_msgs__rosidl_typesupport_introspection_cppExport-noconfig.cmake
[0.375s] -- Up-to-date: /home/amlab/CarMaker_ROS2_Original/ros/ros2_ws/install/hellocm_msgs/share/hellocm_msgs/cmake/hellocm_msgs__rosidl_typesupport_cppExport.cmake
[0.375s] -- Up-to-date: /home/amlab/CarMaker_ROS2_Original/ros/ros2_ws/install/hellocm_msgs/share/hellocm_msgs/cmake/hellocm_msgs__rosidl_typesupport_cppExport-noconfig.cmake
[0.375s] -- Up-to-date: /home/amlab/CarMaker_ROS2_Original/ros/ros2_ws/install/hellocm_msgs/share/hellocm_msgs/cmake/rosidl_cmake-extras.cmake
[0.375s] -- Up-to-date: /home/amlab/CarMaker_ROS2_Original/ros/ros2_ws/install/hellocm_msgs/share/hellocm_msgs/cmake/ament_cmake_export_dependencies-extras.cmake
[0.375s] -- Up-to-date: /home/amlab/CarMaker_ROS2_Original/ros/ros2_ws/install/hellocm_msgs/share/hellocm_msgs/cmake/ament_cmake_export_libraries-extras.cmake
[0.375s] -- Up-to-date: /home/amlab/CarMaker_ROS2_Original/ros/ros2_ws/install/hellocm_msgs/share/hellocm_msgs/cmake/ament_cmake_export_targets-extras.cmake
[0.375s] -- Up-to-date: /home/amlab/CarMaker_ROS2_Original/ros/ros2_ws/install/hellocm_msgs/share/hellocm_msgs/cmake/ament_cmake_export_include_directories-extras.cmake
[0.375s] -- Up-to-date: /home/amlab/CarMaker_ROS2_Original/ros/ros2_ws/install/hellocm_msgs/share/hellocm_msgs/cmake/rosidl_cmake_export_typesupport_libraries-extras.cmake
[0.375s] -- Up-to-date: /home/amlab/CarMaker_ROS2_Original/ros/ros2_ws/install/hellocm_msgs/share/hellocm_msgs/cmake/rosidl_cmake_export_typesupport_targets-extras.cmake
[0.375s] -- Up-to-date: /home/amlab/CarMaker_ROS2_Original/ros/ros2_ws/install/hellocm_msgs/share/hellocm_msgs/cmake/hellocm_msgsConfig.cmake
[0.375s] -- Up-to-date: /home/amlab/CarMaker_ROS2_Original/ros/ros2_ws/install/hellocm_msgs/share/hellocm_msgs/cmake/hellocm_msgsConfig-version.cmake
[0.375s] -- Up-to-date: /home/amlab/CarMaker_ROS2_Original/ros/ros2_ws/install/hellocm_msgs/share/hellocm_msgs/package.xml
[0.468s] Invoked command in '/home/amlab/CarMaker_ROS2_Original/ros/ros2_ws/build/hellocm_msgs' returned '0': CMAKE_PREFIX_PATH=/opt/ros/galactic /usr/bin/cmake --install /home/amlab/CarMaker_ROS2_Original/ros/ros2_ws/build/hellocm_msgs
