[0.386s] Invoking command in '/home/amlab/CarMaker_ROS2_Original/ros/ros2_ws/build/cmrosutils': CMAKE_PREFIX_PATH=${CMAKE_PREFIX_PATH}:/opt/ros/galactic /usr/bin/cmake /home/amlab/CarMaker_ROS2_Original/ros/ros2_ws/src/cmrosutils -DAMENT_CMAKE_SYMLINK_INSTALL=1 -DCMAKE_INSTALL_PREFIX=/home/amlab/CarMaker_ROS2_Original/ros/ros2_ws/install/cmrosutils
[0.398s] -- Found std_msgs: 2.2.4 (/opt/ros/galactic/share/std_msgs/cmake)
[0.408s] -- Using PYTHON_EXECUTABLE: /usr/bin/python3
[0.444s] -- Override CMake install command with custom implementation using symlinks instead of copying resources
[0.461s] -- Using all available rosidl_typesupport_c: rosidl_typesupport_fastrtps_c;rosidl_typesupport_introspection_c
[0.463s] -- Found rosidl_adapter: 2.2.3 (/opt/ros/galactic/share/rosidl_adapter/cmake)
[0.536s] -- Using all available rosidl_typesupport_cpp: rosidl_typesupport_fastrtps_cpp;rosidl_typesupport_introspection_cpp
[0.562s] -- Found rosidl_default_generators: 1.1.1 (/opt/ros/galactic/share/rosidl_default_generators/cmake)
[0.583s] -- Found PythonInterp: /usr/bin/python3 (found version "3.8.10") 
[0.698s] -- Found ament_cmake_ros: 0.9.2 (/opt/ros/galactic/share/ament_cmake_ros/cmake)
[0.808s] -- Using all available rosidl_typesupport_c: rosidl_typesupport_fastrtps_c;rosidl_typesupport_introspection_c
[0.844s] -- Using all available rosidl_typesupport_cpp: rosidl_typesupport_fastrtps_cpp;rosidl_typesupport_introspection_cpp
[0.860s] -- Found PythonInterp: /usr/bin/python3 (found suitable version "3.8.10", minimum required is "3.5") 
[0.860s] -- Found python_cmake_module: 0.8.1 (/opt/ros/galactic/share/python_cmake_module/cmake)
[0.874s] -- Using PYTHON_EXECUTABLE: /usr/bin/python3
[0.875s] -- Using PYTHON_INCLUDE_DIRS: /usr/include/python3.8
[0.875s] -- Using PYTHON_LIBRARIES: /usr/lib/x86_64-linux-gnu/libpython3.8.so
[0.899s] -- Found ament_lint_auto: 0.10.7 (/opt/ros/galactic/share/ament_lint_auto/cmake)
[0.907s] -- Added test 'copyright' to check source files copyright and LICENSE
[0.907s] -- Added test 'cppcheck' to perform static code analysis on C / C++ code
[0.907s] -- Configured cppcheck include dirs: 
[0.907s] -- Configured cppcheck exclude dirs and/or files: 
[0.907s] -- Added test 'cpplint' to check C / C++ code against the Google style
[0.907s] -- Configured cpplint exclude dirs and/or files: 
[0.907s] -- Added test 'lint_cmake' to check CMake code style
[0.907s] -- Added test 'uncrustify' to check C / C++ code style
[0.907s] -- Configured uncrustify additional arguments: 
[0.907s] -- Added test 'xmllint' to check XML markup files
[0.910s] -- Configuring done
[0.933s] -- Generating done
[0.934s] -- Build files have been written to: /home/amlab/CarMaker_ROS2_Original/ros/ros2_ws/build/cmrosutils
[0.998s] Invoked command in '/home/amlab/CarMaker_ROS2_Original/ros/ros2_ws/build/cmrosutils' returned '0': CMAKE_PREFIX_PATH=${CMAKE_PREFIX_PATH}:/opt/ros/galactic /usr/bin/cmake /home/amlab/CarMaker_ROS2_Original/ros/ros2_ws/src/cmrosutils -DAMENT_CMAKE_SYMLINK_INSTALL=1 -DCMAKE_INSTALL_PREFIX=/home/amlab/CarMaker_ROS2_Original/ros/ros2_ws/install/cmrosutils
[1.001s] Invoking command in '/home/amlab/CarMaker_ROS2_Original/ros/ros2_ws/build/cmrosutils': CMAKE_PREFIX_PATH=${CMAKE_PREFIX_PATH}:/opt/ros/galactic /usr/bin/cmake --build /home/amlab/CarMaker_ROS2_Original/ros/ros2_ws/build/cmrosutils -- -j12 -l12
[1.031s] [  3%] Built target cmrosutils__cpp
[1.031s] [ 12%] Built target cmrosutils__rosidl_generator_c
[1.046s] [ 22%] Built target cmrosutils__rosidl_typesupport_cpp
[1.047s] [ 32%] Built target cmrosutils__rosidl_typesupport_introspection_c
[1.047s] [ 41%] Built target cmrosutils__rosidl_typesupport_introspection_cpp
[1.048s] [ 51%] Built target cmrosutils__rosidl_typesupport_c
[1.054s] [ 61%] Built target cmrosutils__rosidl_typesupport_fastrtps_cpp
[1.070s] [ 70%] Built target cmrosutils__rosidl_typesupport_fastrtps_c
[1.082s] [ 70%] Built target cmrosutils
[1.093s] [ 74%] Built target cmrosutils__py
[1.108s] [ 80%] Built target cmrosutils__python
[1.123s] [ 87%] Built target cmrosutils__rosidl_typesupport_c__pyext
[1.124s] [ 93%] Built target cmrosutils__rosidl_typesupport_fastrtps_c__pyext
[1.125s] [100%] Built target cmrosutils__rosidl_typesupport_introspection_c__pyext
[1.131s] Invoked command in '/home/amlab/CarMaker_ROS2_Original/ros/ros2_ws/build/cmrosutils' returned '0': CMAKE_PREFIX_PATH=${CMAKE_PREFIX_PATH}:/opt/ros/galactic /usr/bin/cmake --build /home/amlab/CarMaker_ROS2_Original/ros/ros2_ws/build/cmrosutils -- -j12 -l12
[1.160s] Invoking command in '/home/amlab/CarMaker_ROS2_Original/ros/ros2_ws/build/cmrosutils': CMAKE_PREFIX_PATH=${CMAKE_PREFIX_PATH}:/opt/ros/galactic /usr/bin/cmake --install /home/amlab/CarMaker_ROS2_Original/ros/ros2_ws/build/cmrosutils
[1.165s] -- Install configuration: ""
[1.166s] -- Execute custom install script
[1.166s] -- Up-to-date symlink: /home/amlab/CarMaker_ROS2_Original/ros/ros2_ws/install/cmrosutils/share/ament_index/resource_index/rosidl_interfaces/cmrosutils
[1.166s] -- Up-to-date symlink: /home/amlab/CarMaker_ROS2_Original/ros/ros2_ws/install/cmrosutils/include/cmrosutils/msg/rosidl_generator_c__visibility_control.h
[1.166s] -- Up-to-date symlink: /home/amlab/CarMaker_ROS2_Original/ros/ros2_ws/install/cmrosutils/include/cmrosutils/srv/cm_remote.h
[1.166s] -- Up-to-date symlink: /home/amlab/CarMaker_ROS2_Original/ros/ros2_ws/install/cmrosutils/include/cmrosutils/srv/detail/cm_remote__functions.h
[1.166s] -- Up-to-date symlink: /home/amlab/CarMaker_ROS2_Original/ros/ros2_ws/install/cmrosutils/include/cmrosutils/srv/detail/cm_remote__struct.h
[1.166s] -- Up-to-date symlink: /home/amlab/CarMaker_ROS2_Original/ros/ros2_ws/install/cmrosutils/include/cmrosutils/srv/detail/cm_remote__type_support.h
[1.166s] -- Up-to-date symlink: /home/amlab/CarMaker_ROS2_Original/ros/ros2_ws/install/cmrosutils/share/cmrosutils/environment/library_path.sh
[1.166s] -- Up-to-date symlink: /home/amlab/CarMaker_ROS2_Original/ros/ros2_ws/install/cmrosutils/share/cmrosutils/environment/library_path.dsv
[1.167s] -- Up-to-date symlink: /home/amlab/CarMaker_ROS2_Original/ros/ros2_ws/install/cmrosutils/include/cmrosutils/msg/rosidl_typesupport_fastrtps_c__visibility_control.h
[1.167s] -- Up-to-date symlink: /home/amlab/CarMaker_ROS2_Original/ros/ros2_ws/install/cmrosutils/include/cmrosutils/srv/detail/cm_remote__rosidl_typesupport_fastrtps_c.h
[1.167s] -- Up-to-date symlink: /home/amlab/CarMaker_ROS2_Original/ros/ros2_ws/install/cmrosutils/lib/libcmrosutils__rosidl_typesupport_fastrtps_c.so
[1.167s] -- Up-to-date symlink: /home/amlab/CarMaker_ROS2_Original/ros/ros2_ws/install/cmrosutils/include/cmrosutils/msg/rosidl_typesupport_fastrtps_cpp__visibility_control.h
[1.167s] -- Up-to-date symlink: /home/amlab/CarMaker_ROS2_Original/ros/ros2_ws/install/cmrosutils/include/cmrosutils/srv/detail/cm_remote__rosidl_typesupport_fastrtps_cpp.hpp
[1.167s] -- Up-to-date symlink: /home/amlab/CarMaker_ROS2_Original/ros/ros2_ws/install/cmrosutils/lib/libcmrosutils__rosidl_typesupport_fastrtps_cpp.so
[1.168s] -- Up-to-date symlink: /home/amlab/CarMaker_ROS2_Original/ros/ros2_ws/install/cmrosutils/include/cmrosutils/msg/rosidl_typesupport_introspection_c__visibility_control.h
[1.168s] -- Up-to-date symlink: /home/amlab/CarMaker_ROS2_Original/ros/ros2_ws/install/cmrosutils/include/cmrosutils/srv/detail/cm_remote__rosidl_typesupport_introspection_c.h
[1.168s] -- Up-to-date symlink: /home/amlab/CarMaker_ROS2_Original/ros/ros2_ws/install/cmrosutils/include/cmrosutils/srv/cm_remote.hpp
[1.168s] -- Up-to-date symlink: /home/amlab/CarMaker_ROS2_Original/ros/ros2_ws/install/cmrosutils/include/cmrosutils/srv/detail/cm_remote__builder.hpp
[1.168s] -- Up-to-date symlink: /home/amlab/CarMaker_ROS2_Original/ros/ros2_ws/install/cmrosutils/include/cmrosutils/srv/detail/cm_remote__struct.hpp
[1.168s] -- Up-to-date symlink: /home/amlab/CarMaker_ROS2_Original/ros/ros2_ws/install/cmrosutils/include/cmrosutils/srv/detail/cm_remote__traits.hpp
[1.168s] -- Up-to-date symlink: /home/amlab/CarMaker_ROS2_Original/ros/ros2_ws/install/cmrosutils/include/cmrosutils/srv/detail/cm_remote__rosidl_typesupport_introspection_cpp.hpp
[1.169s] -- Up-to-date symlink: /home/amlab/CarMaker_ROS2_Original/ros/ros2_ws/install/cmrosutils/share/cmrosutils/environment/pythonpath.sh
[1.169s] -- Up-to-date symlink: /home/amlab/CarMaker_ROS2_Original/ros/ros2_ws/install/cmrosutils/share/cmrosutils/environment/pythonpath.dsv
[1.169s] -- Up-to-date symlink: /home/amlab/CarMaker_ROS2_Original/ros/ros2_ws/install/cmrosutils/lib/python3.8/site-packages/cmrosutils/__init__.py
[1.169s] -- Up-to-date symlink: /home/amlab/CarMaker_ROS2_Original/ros/ros2_ws/install/cmrosutils/lib/python3.8/site-packages/cmrosutils/srv/__init__.py
[1.169s] -- Up-to-date symlink: /home/amlab/CarMaker_ROS2_Original/ros/ros2_ws/install/cmrosutils/lib/python3.8/site-packages/cmrosutils/srv/_cm_remote.py
[1.170s] -- Up-to-date symlink: /home/amlab/CarMaker_ROS2_Original/ros/ros2_ws/install/cmrosutils/lib/python3.8/site-packages/cmrosutils/cmrosutils_s__rosidl_typesupport_fastrtps_c.cpython-38-x86_64-linux-gnu.so
[1.170s] -- Up-to-date symlink: /home/amlab/CarMaker_ROS2_Original/ros/ros2_ws/install/cmrosutils/lib/python3.8/site-packages/cmrosutils/cmrosutils_s__rosidl_typesupport_introspection_c.cpython-38-x86_64-linux-gnu.so
[1.170s] -- Up-to-date symlink: /home/amlab/CarMaker_ROS2_Original/ros/ros2_ws/install/cmrosutils/lib/python3.8/site-packages/cmrosutils/cmrosutils_s__rosidl_typesupport_c.cpython-38-x86_64-linux-gnu.so
[1.171s] -- Up-to-date symlink: /home/amlab/CarMaker_ROS2_Original/ros/ros2_ws/install/cmrosutils/lib/libcmrosutils__python.so
[1.171s] -- Up-to-date symlink: /home/amlab/CarMaker_ROS2_Original/ros/ros2_ws/install/cmrosutils/share/cmrosutils/srv/CMRemote.idl
[1.171s] -- Up-to-date symlink: /home/amlab/CarMaker_ROS2_Original/ros/ros2_ws/install/cmrosutils/share/cmrosutils/srv/CMRemote.srv
[1.171s] -- Up-to-date symlink: /home/amlab/CarMaker_ROS2_Original/ros/ros2_ws/install/cmrosutils/share/cmrosutils/srv/CMRemote_Request.msg
[1.171s] -- Up-to-date symlink: /home/amlab/CarMaker_ROS2_Original/ros/ros2_ws/install/cmrosutils/share/cmrosutils/srv/CMRemote_Response.msg
[1.171s] -- Up-to-date symlink: /home/amlab/CarMaker_ROS2_Original/ros/ros2_ws/install/cmrosutils/share/ament_index/resource_index/package_run_dependencies/cmrosutils
[1.171s] -- Up-to-date symlink: /home/amlab/CarMaker_ROS2_Original/ros/ros2_ws/install/cmrosutils/share/ament_index/resource_index/parent_prefix_path/cmrosutils
[1.171s] -- Up-to-date symlink: /home/amlab/CarMaker_ROS2_Original/ros/ros2_ws/install/cmrosutils/share/cmrosutils/environment/ament_prefix_path.sh
[1.171s] -- Up-to-date symlink: /home/amlab/CarMaker_ROS2_Original/ros/ros2_ws/install/cmrosutils/share/cmrosutils/environment/ament_prefix_path.dsv
[1.171s] -- Up-to-date symlink: /home/amlab/CarMaker_ROS2_Original/ros/ros2_ws/install/cmrosutils/share/cmrosutils/environment/path.sh
[1.171s] -- Up-to-date symlink: /home/amlab/CarMaker_ROS2_Original/ros/ros2_ws/install/cmrosutils/share/cmrosutils/environment/path.dsv
[1.172s] -- Up-to-date symlink: /home/amlab/CarMaker_ROS2_Original/ros/ros2_ws/install/cmrosutils/share/cmrosutils/local_setup.bash
[1.172s] -- Up-to-date symlink: /home/amlab/CarMaker_ROS2_Original/ros/ros2_ws/install/cmrosutils/share/cmrosutils/local_setup.sh
[1.172s] -- Up-to-date symlink: /home/amlab/CarMaker_ROS2_Original/ros/ros2_ws/install/cmrosutils/share/cmrosutils/local_setup.zsh
[1.172s] -- Up-to-date symlink: /home/amlab/CarMaker_ROS2_Original/ros/ros2_ws/install/cmrosutils/share/cmrosutils/local_setup.dsv
[1.172s] -- Symlinking: /home/amlab/CarMaker_ROS2_Original/ros/ros2_ws/install/cmrosutils/share/cmrosutils/package.dsv
[1.177s] -- Up-to-date symlink: /home/amlab/CarMaker_ROS2_Original/ros/ros2_ws/install/cmrosutils/share/ament_index/resource_index/packages/cmrosutils
[1.178s] -- Up-to-date symlink: /home/amlab/CarMaker_ROS2_Original/ros/ros2_ws/install/cmrosutils/share/cmrosutils/cmake/rosidl_cmake-extras.cmake
[1.178s] -- Up-to-date symlink: /home/amlab/CarMaker_ROS2_Original/ros/ros2_ws/install/cmrosutils/share/cmrosutils/cmake/ament_cmake_export_dependencies-extras.cmake
[1.178s] -- Up-to-date symlink: /home/amlab/CarMaker_ROS2_Original/ros/ros2_ws/install/cmrosutils/share/cmrosutils/cmake/ament_cmake_export_libraries-extras.cmake
[1.178s] -- Up-to-date symlink: /home/amlab/CarMaker_ROS2_Original/ros/ros2_ws/install/cmrosutils/share/cmrosutils/cmake/ament_cmake_export_targets-extras.cmake
[1.178s] -- Up-to-date symlink: /home/amlab/CarMaker_ROS2_Original/ros/ros2_ws/install/cmrosutils/share/cmrosutils/cmake/ament_cmake_export_include_directories-extras.cmake
[1.179s] -- Up-to-date symlink: /home/amlab/CarMaker_ROS2_Original/ros/ros2_ws/install/cmrosutils/share/cmrosutils/cmake/rosidl_cmake_export_typesupport_libraries-extras.cmake
[1.179s] -- Up-to-date symlink: /home/amlab/CarMaker_ROS2_Original/ros/ros2_ws/install/cmrosutils/share/cmrosutils/cmake/rosidl_cmake_export_typesupport_targets-extras.cmake
[1.179s] -- Up-to-date symlink: /home/amlab/CarMaker_ROS2_Original/ros/ros2_ws/install/cmrosutils/share/cmrosutils/cmake/cmrosutilsConfig.cmake
[1.179s] -- Up-to-date symlink: /home/amlab/CarMaker_ROS2_Original/ros/ros2_ws/install/cmrosutils/share/cmrosutils/cmake/cmrosutilsConfig-version.cmake
[1.179s] -- Up-to-date symlink: /home/amlab/CarMaker_ROS2_Original/ros/ros2_ws/install/cmrosutils/share/cmrosutils/package.xml
[1.179s] -- Up-to-date: /home/amlab/CarMaker_ROS2_Original/ros/ros2_ws/install/cmrosutils/lib/libcmrosutils__rosidl_generator_c.so
[1.179s] -- Up-to-date: /home/amlab/CarMaker_ROS2_Original/ros/ros2_ws/install/cmrosutils/lib/libcmrosutils__rosidl_typesupport_introspection_c.so
[1.180s] -- Up-to-date: /home/amlab/CarMaker_ROS2_Original/ros/ros2_ws/install/cmrosutils/lib/libcmrosutils__rosidl_typesupport_c.so
[1.180s] -- Up-to-date: /home/amlab/CarMaker_ROS2_Original/ros/ros2_ws/install/cmrosutils/lib/libcmrosutils__rosidl_typesupport_introspection_cpp.so
[1.180s] -- Up-to-date: /home/amlab/CarMaker_ROS2_Original/ros/ros2_ws/install/cmrosutils/lib/libcmrosutils__rosidl_typesupport_cpp.so
[1.199s] Compiling '/home/amlab/CarMaker_ROS2_Original/ros/ros2_ws/install/cmrosutils/lib/python3.8/site-packages/cmrosutils/__init__.py'...
[1.202s] -- Up-to-date: /home/amlab/CarMaker_ROS2_Original/ros/ros2_ws/install/cmrosutils/include/cmrosutils
[1.203s] -- Up-to-date: /home/amlab/CarMaker_ROS2_Original/ros/ros2_ws/install/cmrosutils/include/cmrosutils/CMRosUtils.h
[1.203s] -- Up-to-date: /home/amlab/CarMaker_ROS2_Original/ros/ros2_ws/install/cmrosutils/include/cmrosutils/CMRosIF_Utils.h
[1.203s] -- Up-to-date: /home/amlab/CarMaker_ROS2_Original/ros/ros2_ws/install/cmrosutils/share/cmrosutils/cmake/cmrosutils__rosidl_generator_cExport.cmake
[1.203s] -- Installing: /home/amlab/CarMaker_ROS2_Original/ros/ros2_ws/install/cmrosutils/share/cmrosutils/cmake/cmrosutils__rosidl_generator_cExport-noconfig.cmake
[1.203s] -- Up-to-date: /home/amlab/CarMaker_ROS2_Original/ros/ros2_ws/install/cmrosutils/share/cmrosutils/cmake/cmrosutils__rosidl_typesupport_introspection_cExport.cmake
[1.203s] -- Installing: /home/amlab/CarMaker_ROS2_Original/ros/ros2_ws/install/cmrosutils/share/cmrosutils/cmake/cmrosutils__rosidl_typesupport_introspection_cExport-noconfig.cmake
[1.203s] -- Up-to-date: /home/amlab/CarMaker_ROS2_Original/ros/ros2_ws/install/cmrosutils/share/cmrosutils/cmake/cmrosutils__rosidl_typesupport_cExport.cmake
[1.203s] -- Installing: /home/amlab/CarMaker_ROS2_Original/ros/ros2_ws/install/cmrosutils/share/cmrosutils/cmake/cmrosutils__rosidl_typesupport_cExport-noconfig.cmake
[1.203s] -- Up-to-date: /home/amlab/CarMaker_ROS2_Original/ros/ros2_ws/install/cmrosutils/share/cmrosutils/cmake/cmrosutils__rosidl_generator_cppExport.cmake
[1.203s] -- Up-to-date: /home/amlab/CarMaker_ROS2_Original/ros/ros2_ws/install/cmrosutils/share/cmrosutils/cmake/cmrosutils__rosidl_typesupport_introspection_cppExport.cmake
[1.203s] -- Installing: /home/amlab/CarMaker_ROS2_Original/ros/ros2_ws/install/cmrosutils/share/cmrosutils/cmake/cmrosutils__rosidl_typesupport_introspection_cppExport-noconfig.cmake
[1.203s] -- Up-to-date: /home/amlab/CarMaker_ROS2_Original/ros/ros2_ws/install/cmrosutils/share/cmrosutils/cmake/cmrosutils__rosidl_typesupport_cppExport.cmake
[1.203s] -- Installing: /home/amlab/CarMaker_ROS2_Original/ros/ros2_ws/install/cmrosutils/share/cmrosutils/cmake/cmrosutils__rosidl_typesupport_cppExport-noconfig.cmake
[1.341s] Invoked command in '/home/amlab/CarMaker_ROS2_Original/ros/ros2_ws/build/cmrosutils' returned '0': CMAKE_PREFIX_PATH=${CMAKE_PREFIX_PATH}:/opt/ros/galactic /usr/bin/cmake --install /home/amlab/CarMaker_ROS2_Original/ros/ros2_ws/build/cmrosutils
