[0.031s] Invoking command in '/home/amlab/URP_example/CarMaker_ROS2_Original/ros/ros2_ws/build/hellocm': AMENT_PREFIX_PATH=/home/amlab/URP_example/CarMaker_ROS2_Original/ros/ros2_ws/install/hellocm_msgs:/home/amlab/URP_example/CarMaker_ROS2_Original/ros/ros2_ws/install/cmrosutils CMAKE_PREFIX_PATH=/home/amlab/URP_example/CarMaker_ROS2_Original/ros/ros2_ws/install/hellocm_msgs:/home/amlab/URP_example/CarMaker_ROS2_Original/ros/ros2_ws/install/cmrosutils LD_LIBRARY_PATH=/home/amlab/URP_example/CarMaker_ROS2_Original/ros/ros2_ws/install/hellocm_msgs/lib:/home/amlab/URP_example/CarMaker_ROS2_Original/ros/ros2_ws/install/cmrosutils/lib PYTHONPATH=/home/amlab/URP_example/CarMaker_ROS2_Original/ros/ros2_ws/install/hellocm_msgs/lib/python3.8/site-packages:/home/amlab/URP_example/CarMaker_ROS2_Original/ros/ros2_ws/install/cmrosutils/lib/python3.8/site-packages /usr/bin/cmake --build /home/amlab/URP_example/CarMaker_ROS2_Original/ros/ros2_ws/build/hellocm -- -j12 -l12
[0.083s] [100%] Built target hellocm_node
[0.092s] Invoked command in '/home/amlab/URP_example/CarMaker_ROS2_Original/ros/ros2_ws/build/hellocm' returned '0': AMENT_PREFIX_PATH=/home/amlab/URP_example/CarMaker_ROS2_Original/ros/ros2_ws/install/hellocm_msgs:/home/amlab/URP_example/CarMaker_ROS2_Original/ros/ros2_ws/install/cmrosutils CMAKE_PREFIX_PATH=/home/amlab/URP_example/CarMaker_ROS2_Original/ros/ros2_ws/install/hellocm_msgs:/home/amlab/URP_example/CarMaker_ROS2_Original/ros/ros2_ws/install/cmrosutils LD_LIBRARY_PATH=/home/amlab/URP_example/CarMaker_ROS2_Original/ros/ros2_ws/install/hellocm_msgs/lib:/home/amlab/URP_example/CarMaker_ROS2_Original/ros/ros2_ws/install/cmrosutils/lib PYTHONPATH=/home/amlab/URP_example/CarMaker_ROS2_Original/ros/ros2_ws/install/hellocm_msgs/lib/python3.8/site-packages:/home/amlab/URP_example/CarMaker_ROS2_Original/ros/ros2_ws/install/cmrosutils/lib/python3.8/site-packages /usr/bin/cmake --build /home/amlab/URP_example/CarMaker_ROS2_Original/ros/ros2_ws/build/hellocm -- -j12 -l12
[0.112s] Invoking command in '/home/amlab/URP_example/CarMaker_ROS2_Original/ros/ros2_ws/build/hellocm': AMENT_PREFIX_PATH=/home/amlab/URP_example/CarMaker_ROS2_Original/ros/ros2_ws/install/hellocm_msgs:/home/amlab/URP_example/CarMaker_ROS2_Original/ros/ros2_ws/install/cmrosutils CMAKE_PREFIX_PATH=/home/amlab/URP_example/CarMaker_ROS2_Original/ros/ros2_ws/install/hellocm_msgs:/home/amlab/URP_example/CarMaker_ROS2_Original/ros/ros2_ws/install/cmrosutils LD_LIBRARY_PATH=/home/amlab/URP_example/CarMaker_ROS2_Original/ros/ros2_ws/install/hellocm_msgs/lib:/home/amlab/URP_example/CarMaker_ROS2_Original/ros/ros2_ws/install/cmrosutils/lib PYTHONPATH=/home/amlab/URP_example/CarMaker_ROS2_Original/ros/ros2_ws/install/hellocm_msgs/lib/python3.8/site-packages:/home/amlab/URP_example/CarMaker_ROS2_Original/ros/ros2_ws/install/cmrosutils/lib/python3.8/site-packages /usr/bin/cmake --install /home/amlab/URP_example/CarMaker_ROS2_Original/ros/ros2_ws/build/hellocm
[0.122s] -- Install configuration: ""
[0.122s] -- Up-to-date: /home/amlab/URP_example/CarMaker_ROS2_Original/ros/ros2_ws/install/hellocm/lib/hellocm/hellocm_node
[0.122s] -- Up-to-date: /home/amlab/URP_example/CarMaker_ROS2_Original/ros/ros2_ws/install/hellocm/include/hellocm/
[0.123s] -- Up-to-date: /home/amlab/URP_example/CarMaker_ROS2_Original/ros/ros2_ws/install/hellocm/include/hellocm//ROS1_HelloCM.h
[0.123s] -- Up-to-date: /home/amlab/URP_example/CarMaker_ROS2_Original/ros/ros2_ws/install/hellocm/share/hellocm/launch
[0.123s] -- Up-to-date: /home/amlab/URP_example/CarMaker_ROS2_Original/ros/ros2_ws/install/hellocm/share/hellocm/launch/hellocm.launch.py
[0.123s] -- Up-to-date: /home/amlab/URP_example/CarMaker_ROS2_Original/ros/ros2_ws/install/hellocm/share/ament_index/resource_index/package_run_dependencies/hellocm
[0.123s] -- Up-to-date: /home/amlab/URP_example/CarMaker_ROS2_Original/ros/ros2_ws/install/hellocm/share/ament_index/resource_index/parent_prefix_path/hellocm
[0.123s] -- Up-to-date: /home/amlab/URP_example/CarMaker_ROS2_Original/ros/ros2_ws/install/hellocm/share/hellocm/environment/ament_prefix_path.sh
[0.123s] -- Up-to-date: /home/amlab/URP_example/CarMaker_ROS2_Original/ros/ros2_ws/install/hellocm/share/hellocm/environment/ament_prefix_path.dsv
[0.123s] -- Up-to-date: /home/amlab/URP_example/CarMaker_ROS2_Original/ros/ros2_ws/install/hellocm/share/hellocm/environment/path.sh
[0.123s] -- Up-to-date: /home/amlab/URP_example/CarMaker_ROS2_Original/ros/ros2_ws/install/hellocm/share/hellocm/environment/path.dsv
[0.123s] -- Up-to-date: /home/amlab/URP_example/CarMaker_ROS2_Original/ros/ros2_ws/install/hellocm/share/hellocm/local_setup.bash
[0.123s] -- Up-to-date: /home/amlab/URP_example/CarMaker_ROS2_Original/ros/ros2_ws/install/hellocm/share/hellocm/local_setup.sh
[0.123s] -- Up-to-date: /home/amlab/URP_example/CarMaker_ROS2_Original/ros/ros2_ws/install/hellocm/share/hellocm/local_setup.zsh
[0.123s] -- Up-to-date: /home/amlab/URP_example/CarMaker_ROS2_Original/ros/ros2_ws/install/hellocm/share/hellocm/local_setup.dsv
[0.123s] -- Installing: /home/amlab/URP_example/CarMaker_ROS2_Original/ros/ros2_ws/install/hellocm/share/hellocm/package.dsv
[0.124s] -- Up-to-date: /home/amlab/URP_example/CarMaker_ROS2_Original/ros/ros2_ws/install/hellocm/share/ament_index/resource_index/packages/hellocm
[0.124s] -- Up-to-date: /home/amlab/URP_example/CarMaker_ROS2_Original/ros/ros2_ws/install/hellocm/share/hellocm/cmake/ament_cmake_export_include_directories-extras.cmake
[0.124s] -- Up-to-date: /home/amlab/URP_example/CarMaker_ROS2_Original/ros/ros2_ws/install/hellocm/share/hellocm/cmake/ament_cmake_export_dependencies-extras.cmake
[0.124s] -- Up-to-date: /home/amlab/URP_example/CarMaker_ROS2_Original/ros/ros2_ws/install/hellocm/share/hellocm/cmake/hellocmConfig.cmake
[0.124s] -- Up-to-date: /home/amlab/URP_example/CarMaker_ROS2_Original/ros/ros2_ws/install/hellocm/share/hellocm/cmake/hellocmConfig-version.cmake
[0.124s] -- Up-to-date: /home/amlab/URP_example/CarMaker_ROS2_Original/ros/ros2_ws/install/hellocm/share/hellocm/package.xml
[0.125s] Invoked command in '/home/amlab/URP_example/CarMaker_ROS2_Original/ros/ros2_ws/build/hellocm' returned '0': AMENT_PREFIX_PATH=/home/amlab/URP_example/CarMaker_ROS2_Original/ros/ros2_ws/install/hellocm_msgs:/home/amlab/URP_example/CarMaker_ROS2_Original/ros/ros2_ws/install/cmrosutils CMAKE_PREFIX_PATH=/home/amlab/URP_example/CarMaker_ROS2_Original/ros/ros2_ws/install/hellocm_msgs:/home/amlab/URP_example/CarMaker_ROS2_Original/ros/ros2_ws/install/cmrosutils LD_LIBRARY_PATH=/home/amlab/URP_example/CarMaker_ROS2_Original/ros/ros2_ws/install/hellocm_msgs/lib:/home/amlab/URP_example/CarMaker_ROS2_Original/ros/ros2_ws/install/cmrosutils/lib PYTHONPATH=/home/amlab/URP_example/CarMaker_ROS2_Original/ros/ros2_ws/install/hellocm_msgs/lib/python3.8/site-packages:/home/amlab/URP_example/CarMaker_ROS2_Original/ros/ros2_ws/install/cmrosutils/lib/python3.8/site-packages /usr/bin/cmake --install /home/amlab/URP_example/CarMaker_ROS2_Original/ros/ros2_ws/build/hellocm
