[0.245s] Invoking command in '/home/amlab/CarMaker_ROS2_Original/ros/ros2_ws/build/cm_control_example': CMAKE_PREFIX_PATH=${CMAKE_PREFIX_PATH}:/opt/ros/galactic /usr/bin/cmake --build /home/amlab/CarMaker_ROS2_Original/ros/ros2_ws/build/cm_control_example -- -j12 -l12
[0.281s] [ 50%] [32mBuilding CXX object CMakeFiles/cm_control_example.dir/src/main.cpp.o[0m
[1.173s] [01m[K/home/amlab/CarMaker_ROS2_Original/ros/ros2_ws/src/cm_control_example/src/main.cpp:35:38:[m[K [01;31m[Kerror: [m[K‘[01m[KFloat64MultiArray[m[K’ is not a member of ‘[01m[Kstd_msgs::msg[m[K’
[1.173s]    35 |     rclcpp::Publisher<std_msgs::msg::[01;31m[KFloat64MultiArray[m[K>::SharedPtr controlPublisher;
[1.173s]       |                                      [01;31m[K^~~~~~~~~~~~~~~~~[m[K
[1.173s] [01m[K/home/amlab/CarMaker_ROS2_Original/ros/ros2_ws/src/cm_control_example/src/main.cpp:35:55:[m[K [01;31m[Kerror: [m[Ktemplate argument 1 is invalid
[1.173s]    35 |     rclcpp::Publisher<std_msgs::msg::Float64MultiArray[01;31m[K>[m[K::SharedPtr controlPublisher;
[1.173s]       |                                                       [01;31m[K^[m[K
[1.173s] [01m[K/home/amlab/CarMaker_ROS2_Original/ros/ros2_ws/src/cm_control_example/src/main.cpp:35:58:[m[K [01;31m[Kerror: [m[Kexpected ‘[01m[K;[m[K’ at end of member declaration
[1.173s]    35 |     rclcpp::Publisher<std_msgs::msg::Float64MultiArray>::[01;31m[KSharedPtr[m[K controlPublisher;
[1.173s]       |                                                          [01;31m[K^~~~~~~~~[m[K
[1.173s]       |                                                                   [32m[K;[m[K
[1.175s] [01m[K/home/amlab/CarMaker_ROS2_Original/ros/ros2_ws/src/cm_control_example/src/main.cpp:35:68:[m[K [01;31m[Kerror: [m[K‘[01m[KcontrolPublisher[m[K’ does not name a type
[1.175s]    35 | clcpp::Publisher<std_msgs::msg::Float64MultiArray>::SharedPtr [01;31m[KcontrolPublisher[m[K;
[1.175s]       |                                                               [01;31m[K^~~~~~~~~~~~~~~~[m[K
[1.175s] 
[1.175s] [01m[K/home/amlab/CarMaker_ROS2_Original/ros/ros2_ws/src/cm_control_example/src/main.cpp:36:41:[m[K [01;31m[Kerror: [m[K‘[01m[KFloat64MultiArray[m[K’ is not a member of ‘[01m[Kstd_msgs::msg[m[K’
[1.175s]    36 |     rclcpp::Subscription<std_msgs::msg::[01;31m[KFloat64MultiArray[m[K>::SharedPtr vehicleInfoSubscriber;
[1.175s]       |                                         [01;31m[K^~~~~~~~~~~~~~~~~[m[K
[1.175s] [01m[K/home/amlab/CarMaker_ROS2_Original/ros/ros2_ws/src/cm_control_example/src/main.cpp:36:58:[m[K [01;31m[Kerror: [m[Ktemplate argument 1 is invalid
[1.175s]    36 |     rclcpp::Subscription<std_msgs::msg::Float64MultiArray[01;31m[K>[m[K::SharedPtr vehicleInfoSubscriber;
[1.175s]       |                                                          [01;31m[K^[m[K
[1.175s] [01m[K/home/amlab/CarMaker_ROS2_Original/ros/ros2_ws/src/cm_control_example/src/main.cpp:36:58:[m[K [01;31m[Kerror: [m[Ktemplate argument 3 is invalid
[1.175s] [01m[K/home/amlab/CarMaker_ROS2_Original/ros/ros2_ws/src/cm_control_example/src/main.cpp:36:61:[m[K [01;31m[Kerror: [m[Kexpected ‘[01m[K;[m[K’ at end of member declaration
[1.175s]    36 |     rclcpp::Subscription<std_msgs::msg::Float64MultiArray>::[01;31m[KSharedPtr[m[K vehicleInfoSubscriber;
[1.175s]       |                                                             [01;31m[K^~~~~~~~~[m[K
[1.175s]       |                                                                      [32m[K;[m[K
[1.175s] [01m[K/home/amlab/CarMaker_ROS2_Original/ros/ros2_ws/src/cm_control_example/src/main.cpp:36:61:[m[K [01;31m[Kerror: [m[Kredeclaration of ‘[01m[Kint cm_control_example::SharedPtr[m[K’
[1.175s] [01m[K/home/amlab/CarMaker_ROS2_Original/ros/ros2_ws/src/cm_control_example/src/main.cpp:35:58:[m[K [01;36m[Knote: [m[Kprevious declaration ‘[01m[Kint cm_control_example::SharedPtr[m[K’
[1.175s]    35 |     rclcpp::Publisher<std_msgs::msg::Float64MultiArray>::[01;36m[KSharedPtr[m[K controlPublisher;
[1.175s]       |                                                          [01;36m[K^~~~~~~~~[m[K
[1.178s] [01m[K/home/amlab/CarMaker_ROS2_Original/ros/ros2_ws/src/cm_control_example/src/main.cpp:36:71:[m[K [01;31m[Kerror: [m[K‘[01m[KvehicleInfoSubscriber[m[K’ does not name a type
[1.178s]    36 | p::Subscription<std_msgs::msg::Float64MultiArray>::SharedPtr [01;31m[KvehicleInfoSubscriber[m[K;
[1.178s]       |                                                              [01;31m[K^~~~~~~~~~~~~~~~~~~~~[m[K
[1.178s] 
[1.180s] [01m[K/home/amlab/CarMaker_ROS2_Original/ros/ros2_ws/src/cm_control_example/src/main.cpp:[m[K In constructor ‘[01m[Kcm_control_example::cm_control_example()[m[K’:
[1.180s] [01m[K/home/amlab/CarMaker_ROS2_Original/ros/ros2_ws/src/cm_control_example/src/main.cpp:19:9:[m[K [01;31m[Kerror: [m[K‘[01m[KcontrolPublisher[m[K’ was not declared in this scope
[1.180s]    19 |         [01;31m[KcontrolPublisher[m[K = this->create_publisher<std_msgs::msg::Float64MultiArray> ("control/vehicle_control", qos_profile);
[1.180s]       |         [01;31m[K^~~~~~~~~~~~~~~~[m[K
[1.181s] [01m[K/home/amlab/CarMaker_ROS2_Original/ros/ros2_ws/src/cm_control_example/src/main.cpp:19:66:[m[K [01;31m[Kerror: [m[K‘[01m[KFloat64MultiArray[m[K’ is not a member of ‘[01m[Kstd_msgs::msg[m[K’
[1.181s]    19 |     controlPublisher = this->create_publisher<std_msgs::msg::[01;31m[KFloat64MultiArray[m[K> ("control/vehicle_control", qos_profile);
[1.181s]       |                                                              [01;31m[K^~~~~~~~~~~~~~~~~[m[K
[1.181s] 
[1.181s] [01m[K/home/amlab/CarMaker_ROS2_Original/ros/ros2_ws/src/cm_control_example/src/main.cpp:19:124:[m[K [01;31m[Kerror: [m[Kno matching function for call to ‘[01m[Kcm_control_example::create_publisher<<expression error> >(const char [24], rclcpp::QoS&)[m[K’
[1.181s]    19 | g::Float64MultiArray> ("control/vehicle_control", qos_profile[01;31m[K)[m[K;
[1.181s]       |                                                              [01;31m[K^[m[K
[1.181s] 
[1.181s] In file included from [01m[K/opt/ros/galactic/include/rclcpp/executors/single_threaded_executor.hpp:28[m[K,
[1.181s]                  from [01m[K/opt/ros/galactic/include/rclcpp/executors.hpp:22[m[K,
[1.181s]                  from [01m[K/opt/ros/galactic/include/rclcpp/rclcpp.hpp:156[m[K,
[1.181s]                  from [01m[K/home/amlab/CarMaker_ROS2_Original/ros/ros2_ws/src/cm_control_example/src/main.cpp:2[m[K:
[1.181s] [01m[K/opt/ros/galactic/include/rclcpp/node.hpp:200:3:[m[K [01;36m[Knote: [m[Kcandidate: ‘[01m[Ktemplate<class MessageT, class AllocatorT, class PublisherT> std::shared_ptr<PublisherT> rclcpp::Node::create_publisher(const string&, const rclcpp::QoS&, const rclcpp::PublisherOptionsWithAllocator<AllocatorT>&)[m[K’
[1.181s]   200 |   [01;36m[Kcreate_publisher[m[K(
[1.181s]       |   [01;36m[K^~~~~~~~~~~~~~~~[m[K
[1.181s] [01m[K/opt/ros/galactic/include/rclcpp/node.hpp:200:3:[m[K [01;36m[Knote: [m[K  template argument deduction/substitution failed:
[1.181s] [01m[K/home/amlab/CarMaker_ROS2_Original/ros/ros2_ws/src/cm_control_example/src/main.cpp:19:124:[m[K [01;31m[Kerror: [m[Ktemplate argument 1 is invalid
[1.181s]    19 | g::Float64MultiArray> ("control/vehicle_control", qos_profile[01;31m[K)[m[K;
[1.181s]       |                                                              [01;31m[K^[m[K
[1.181s] 
[1.183s] [01m[K/home/amlab/CarMaker_ROS2_Original/ros/ros2_ws/src/cm_control_example/src/main.cpp:20:9:[m[K [01;31m[Kerror: [m[K‘[01m[KvehicleInfoSubscriber[m[K’ was not declared in this scope
[1.183s]    20 |         [01;31m[KvehicleInfoSubscriber[m[K = this->create_subscription<std_msgs::msg::Float64MultiArray>
[1.184s]       |         [01;31m[K^~~~~~~~~~~~~~~~~~~~~[m[K
[1.184s] [01m[K/home/amlab/CarMaker_ROS2_Original/ros/ros2_ws/src/cm_control_example/src/main.cpp:20:74:[m[K [01;31m[Kerror: [m[K‘[01m[KFloat64MultiArray[m[K’ is not a member of ‘[01m[Kstd_msgs::msg[m[K’
[1.184s]    20 | cleInfoSubscriber = this->create_subscription<std_msgs::msg::[01;31m[KFloat64MultiArray[m[K>
[1.184s]       |                                                              [01;31m[K^~~~~~~~~~~~~~~~~[m[K
[1.184s] 
[1.184s] [01m[K/home/amlab/CarMaker_ROS2_Original/ros/ros2_ws/src/cm_control_example/src/main.cpp:21:56:[m[K [01;31m[Kerror: [m[K‘[01m[KcontrolTest[m[K’ has not been declared
[1.184s]    21 |         ("/carmaker/vehicle_info_out2", 20, std::bind(&[01;31m[KcontrolTest[m[K::vehicleInfoCallback, this, _1));
[1.184s]       |                                                        [01;31m[K^~~~~~~~~~~[m[K
[1.184s] [01m[K/home/amlab/CarMaker_ROS2_Original/ros/ros2_ws/src/cm_control_example/src/main.cpp:22:59:[m[K [01;31m[Kerror: [m[K‘[01m[KcontrolTest[m[K’ has not been declared
[1.184s]    22 |         timer_ = this->create_wall_timer(10ms, std::bind(&[01;31m[KcontrolTest[m[K::timer_callback, this));
[1.184s]       |                                                           [01;31m[K^~~~~~~~~~~[m[K
[1.184s] [01m[K/home/amlab/CarMaker_ROS2_Original/ros/ros2_ws/src/cm_control_example/src/main.cpp:[m[K In member function ‘[01m[Kvoid cm_control_example::timer_callback()[m[K’:
[1.184s] [01m[K/home/amlab/CarMaker_ROS2_Original/ros/ros2_ws/src/cm_control_example/src/main.cpp:27:38:[m[K [01;31m[Kerror: [m[K‘[01m[KFloat64MultiArray[m[K’ is not a member of ‘[01m[Kstd_msgs::msg[m[K’
[1.184s]    27 |         auto msg_CM = std_msgs::msg::[01;31m[KFloat64MultiArray[m[K();
[1.184s]       |                                      [01;31m[K^~~~~~~~~~~~~~~~~[m[K
[1.184s] [01m[K/home/amlab/CarMaker_ROS2_Original/ros/ros2_ws/src/cm_control_example/src/main.cpp:31:15:[m[K [01;31m[Kerror: [m[K‘[01m[Kclass cm_control_example[m[K’ has no member named ‘[01m[KcontrolPublisher[m[K’
[1.184s]    31 |         this->[01;31m[KcontrolPublisher[m[K->publish(msg_CM);
[1.184s]       |               [01;31m[K^~~~~~~~~~~~~~~~[m[K
[1.515s] make[2]: *** [CMakeFiles/cm_control_example.dir/build.make:63: CMakeFiles/cm_control_example.dir/src/main.cpp.o] Error 1
[1.516s] make[1]: *** [CMakeFiles/Makefile2:78: CMakeFiles/cm_control_example.dir/all] Error 2
[1.516s] make: *** [Makefile:141: all] Error 2
[1.517s] Invoked command in '/home/amlab/CarMaker_ROS2_Original/ros/ros2_ws/build/cm_control_example' returned '2': CMAKE_PREFIX_PATH=${CMAKE_PREFIX_PATH}:/opt/ros/galactic /usr/bin/cmake --build /home/amlab/CarMaker_ROS2_Original/ros/ros2_ws/build/cm_control_example -- -j12 -l12
