[1.079s] DEBUG:colcon:Command line arguments: ['/usr/bin/colcon', 'build']
[1.079s] DEBUG:colcon:Parsed command line arguments: Namespace(allow_overriding=[], ament_cmake_args=None, base_paths=['.'], build_base='build', catkin_cmake_args=None, catkin_skip_building_tests=False, cmake_args=None, cmake_clean_cache=False, cmake_clean_first=False, cmake_force_configure=False, cmake_target=None, cmake_target_skip_unavailable=False, continue_on_error=False, event_handlers=None, executor='parallel', ignore_user_meta=False, install_base='install', log_base=None, log_level=None, main=<bound method BuildVerb.main of <colcon_core.verb.build.BuildVerb object at 0x7f0c37afab80>>, merge_install=False, metas=['./colcon.meta'], packages_above=None, packages_above_and_dependencies=None, packages_above_depth=None, packages_end=None, packages_ignore=None, packages_ignore_regex=None, packages_select=None, packages_select_build_failed=False, packages_select_by_dep=None, packages_select_regex=None, packages_select_test_failures=False, packages_skip=None, packages_skip_build_finished=False, packages_skip_by_dep=None, packages_skip_regex=None, packages_skip_test_passed=False, packages_skip_up_to=None, packages_start=None, packages_up_to=None, packages_up_to_regex=None, parallel_workers=12, paths=None, symlink_install=False, test_result_base=None, verb_extension=<colcon_core.verb.build.BuildVerb object at 0x7f0c37afab80>, verb_name='build', verb_parser=<colcon_defaults.argument_parser.defaults.DefaultArgumentsDecorator object at 0x7f0c384430d0>)
[1.126s] Level 1:colcon.colcon_core.package_discovery:discover_packages(colcon_meta) check parameters
[1.126s] Level 1:colcon.colcon_core.package_discovery:discover_packages(recursive) check parameters
[1.126s] Level 1:colcon.colcon_core.package_discovery:discover_packages(ignore) check parameters
[1.126s] Level 1:colcon.colcon_core.package_discovery:discover_packages(path) check parameters
[1.126s] Level 1:colcon.colcon_core.package_discovery:discover_packages(colcon_meta) discover
[1.126s] Level 1:colcon.colcon_core.package_discovery:discover_packages(recursive) discover
[1.126s] INFO:colcon.colcon_core.package_discovery:Crawling recursively for packages in '/home/amlab/CarMaker_ROS2_Original/ros/ros2_ws'
[1.126s] Level 1:colcon.colcon_core.package_identification:_identify(.) by extensions ['ignore', 'ignore_ament_install']
[1.126s] Level 1:colcon.colcon_core.package_identification:_identify(.) by extension 'ignore'
[1.126s] Level 1:colcon.colcon_core.package_identification:_identify(.) by extension 'ignore_ament_install'
[1.126s] Level 1:colcon.colcon_core.package_identification:_identify(.) by extensions ['colcon_pkg']
[1.126s] Level 1:colcon.colcon_core.package_identification:_identify(.) by extension 'colcon_pkg'
[1.126s] Level 1:colcon.colcon_core.package_identification:_identify(.) by extensions ['colcon_meta']
[1.126s] Level 1:colcon.colcon_core.package_identification:_identify(.) by extension 'colcon_meta'
[1.126s] Level 1:colcon.colcon_core.package_identification:_identify(.) by extensions ['ros']
[1.126s] Level 1:colcon.colcon_core.package_identification:_identify(.) by extension 'ros'
[1.132s] Level 1:colcon.colcon_core.package_identification:_identify(.) by extensions ['cmake', 'python']
[1.132s] Level 1:colcon.colcon_core.package_identification:_identify(.) by extension 'cmake'
[1.132s] Level 1:colcon.colcon_core.package_identification:_identify(.) by extension 'python'
[1.133s] Level 1:colcon.colcon_core.package_identification:_identify(.) by extensions ['python_setup_py']
[1.133s] Level 1:colcon.colcon_core.package_identification:_identify(.) by extension 'python_setup_py'
[1.133s] Level 1:colcon.colcon_core.package_identification:_identify(build) by extensions ['ignore', 'ignore_ament_install']
[1.133s] Level 1:colcon.colcon_core.package_identification:_identify(build) by extension 'ignore'
[1.133s] Level 1:colcon.colcon_core.package_identification:_identify(build) ignored
[1.133s] Level 1:colcon.colcon_core.package_identification:_identify(install) by extensions ['ignore', 'ignore_ament_install']
[1.133s] Level 1:colcon.colcon_core.package_identification:_identify(install) by extension 'ignore'
[1.133s] Level 1:colcon.colcon_core.package_identification:_identify(install) ignored
[1.133s] Level 1:colcon.colcon_core.package_identification:_identify(log) by extensions ['ignore', 'ignore_ament_install']
[1.133s] Level 1:colcon.colcon_core.package_identification:_identify(log) by extension 'ignore'
[1.133s] Level 1:colcon.colcon_core.package_identification:_identify(log) ignored
[1.133s] Level 1:colcon.colcon_core.package_identification:_identify(src) by extensions ['ignore', 'ignore_ament_install']
[1.133s] Level 1:colcon.colcon_core.package_identification:_identify(src) by extension 'ignore'
[1.133s] Level 1:colcon.colcon_core.package_identification:_identify(src) by extension 'ignore_ament_install'
[1.133s] Level 1:colcon.colcon_core.package_identification:_identify(src) by extensions ['colcon_pkg']
[1.133s] Level 1:colcon.colcon_core.package_identification:_identify(src) by extension 'colcon_pkg'
[1.133s] Level 1:colcon.colcon_core.package_identification:_identify(src) by extensions ['colcon_meta']
[1.133s] Level 1:colcon.colcon_core.package_identification:_identify(src) by extension 'colcon_meta'
[1.133s] Level 1:colcon.colcon_core.package_identification:_identify(src) by extensions ['ros']
[1.133s] Level 1:colcon.colcon_core.package_identification:_identify(src) by extension 'ros'
[1.133s] Level 1:colcon.colcon_core.package_identification:_identify(src) by extensions ['cmake', 'python']
[1.133s] Level 1:colcon.colcon_core.package_identification:_identify(src) by extension 'cmake'
[1.133s] Level 1:colcon.colcon_core.package_identification:_identify(src) by extension 'python'
[1.133s] Level 1:colcon.colcon_core.package_identification:_identify(src) by extensions ['python_setup_py']
[1.133s] Level 1:colcon.colcon_core.package_identification:_identify(src) by extension 'python_setup_py'
[1.133s] Level 1:colcon.colcon_core.package_identification:_identify(src/build) by extensions ['ignore', 'ignore_ament_install']
[1.133s] Level 1:colcon.colcon_core.package_identification:_identify(src/build) by extension 'ignore'
[1.133s] Level 1:colcon.colcon_core.package_identification:_identify(src/build) ignored
[1.133s] Level 1:colcon.colcon_core.package_identification:_identify(src/carmaker_vds_client) by extensions ['ignore', 'ignore_ament_install']
[1.133s] Level 1:colcon.colcon_core.package_identification:_identify(src/carmaker_vds_client) by extension 'ignore'
[1.133s] Level 1:colcon.colcon_core.package_identification:_identify(src/carmaker_vds_client) by extension 'ignore_ament_install'
[1.133s] Level 1:colcon.colcon_core.package_identification:_identify(src/carmaker_vds_client) by extensions ['colcon_pkg']
[1.134s] Level 1:colcon.colcon_core.package_identification:_identify(src/carmaker_vds_client) by extension 'colcon_pkg'
[1.134s] Level 1:colcon.colcon_core.package_identification:_identify(src/carmaker_vds_client) by extensions ['colcon_meta']
[1.134s] Level 1:colcon.colcon_core.package_identification:_identify(src/carmaker_vds_client) by extension 'colcon_meta'
[1.134s] Level 1:colcon.colcon_core.package_identification:_identify(src/carmaker_vds_client) by extensions ['ros']
[1.134s] Level 1:colcon.colcon_core.package_identification:_identify(src/carmaker_vds_client) by extension 'ros'
[1.135s] DEBUG:colcon.colcon_core.package_identification:Package 'src/carmaker_vds_client' with type 'ros.ament_cmake' and name 'carmaker_vds_client'
[1.135s] Level 1:colcon.colcon_core.package_identification:_identify(src/cm_control_example) by extensions ['ignore', 'ignore_ament_install']
[1.135s] Level 1:colcon.colcon_core.package_identification:_identify(src/cm_control_example) by extension 'ignore'
[1.135s] Level 1:colcon.colcon_core.package_identification:_identify(src/cm_control_example) by extension 'ignore_ament_install'
[1.135s] Level 1:colcon.colcon_core.package_identification:_identify(src/cm_control_example) by extensions ['colcon_pkg']
[1.135s] Level 1:colcon.colcon_core.package_identification:_identify(src/cm_control_example) by extension 'colcon_pkg'
[1.135s] Level 1:colcon.colcon_core.package_identification:_identify(src/cm_control_example) by extensions ['colcon_meta']
[1.135s] Level 1:colcon.colcon_core.package_identification:_identify(src/cm_control_example) by extension 'colcon_meta'
[1.136s] Level 1:colcon.colcon_core.package_identification:_identify(src/cm_control_example) by extensions ['ros']
[1.136s] Level 1:colcon.colcon_core.package_identification:_identify(src/cm_control_example) by extension 'ros'
[1.136s] DEBUG:colcon.colcon_core.package_identification:Package 'src/cm_control_example' with type 'ros.ament_cmake' and name 'cm_control_example'
[1.136s] Level 1:colcon.colcon_core.package_identification:_identify(src/cmrosutils) by extensions ['ignore', 'ignore_ament_install']
[1.136s] Level 1:colcon.colcon_core.package_identification:_identify(src/cmrosutils) by extension 'ignore'
[1.136s] Level 1:colcon.colcon_core.package_identification:_identify(src/cmrosutils) by extension 'ignore_ament_install'
[1.136s] Level 1:colcon.colcon_core.package_identification:_identify(src/cmrosutils) by extensions ['colcon_pkg']
[1.136s] Level 1:colcon.colcon_core.package_identification:_identify(src/cmrosutils) by extension 'colcon_pkg'
[1.136s] Level 1:colcon.colcon_core.package_identification:_identify(src/cmrosutils) by extensions ['colcon_meta']
[1.136s] Level 1:colcon.colcon_core.package_identification:_identify(src/cmrosutils) by extension 'colcon_meta'
[1.136s] Level 1:colcon.colcon_core.package_identification:_identify(src/cmrosutils) by extensions ['ros']
[1.136s] Level 1:colcon.colcon_core.package_identification:_identify(src/cmrosutils) by extension 'ros'
[1.137s] DEBUG:colcon.colcon_core.package_identification:Package 'src/cmrosutils' with type 'ros.ament_cmake' and name 'cmrosutils'
[1.137s] Level 1:colcon.colcon_core.package_identification:_identify(src/control_test) by extensions ['ignore', 'ignore_ament_install']
[1.137s] Level 1:colcon.colcon_core.package_identification:_identify(src/control_test) by extension 'ignore'
[1.137s] Level 1:colcon.colcon_core.package_identification:_identify(src/control_test) by extension 'ignore_ament_install'
[1.137s] Level 1:colcon.colcon_core.package_identification:_identify(src/control_test) by extensions ['colcon_pkg']
[1.137s] Level 1:colcon.colcon_core.package_identification:_identify(src/control_test) by extension 'colcon_pkg'
[1.137s] Level 1:colcon.colcon_core.package_identification:_identify(src/control_test) by extensions ['colcon_meta']
[1.137s] Level 1:colcon.colcon_core.package_identification:_identify(src/control_test) by extension 'colcon_meta'
[1.137s] Level 1:colcon.colcon_core.package_identification:_identify(src/control_test) by extensions ['ros']
[1.137s] Level 1:colcon.colcon_core.package_identification:_identify(src/control_test) by extension 'ros'
[1.137s] DEBUG:colcon.colcon_core.package_identification:Package 'src/control_test' with type 'ros.ament_cmake' and name 'control_test'
[1.137s] Level 1:colcon.colcon_core.package_identification:_identify(src/custom_msgs) by extensions ['ignore', 'ignore_ament_install']
[1.137s] Level 1:colcon.colcon_core.package_identification:_identify(src/custom_msgs) by extension 'ignore'
[1.137s] Level 1:colcon.colcon_core.package_identification:_identify(src/custom_msgs) by extension 'ignore_ament_install'
[1.137s] Level 1:colcon.colcon_core.package_identification:_identify(src/custom_msgs) by extensions ['colcon_pkg']
[1.138s] Level 1:colcon.colcon_core.package_identification:_identify(src/custom_msgs) by extension 'colcon_pkg'
[1.138s] Level 1:colcon.colcon_core.package_identification:_identify(src/custom_msgs) by extensions ['colcon_meta']
[1.138s] Level 1:colcon.colcon_core.package_identification:_identify(src/custom_msgs) by extension 'colcon_meta'
[1.138s] Level 1:colcon.colcon_core.package_identification:_identify(src/custom_msgs) by extensions ['ros']
[1.138s] Level 1:colcon.colcon_core.package_identification:_identify(src/custom_msgs) by extension 'ros'
[1.138s] DEBUG:colcon.colcon_core.package_identification:Package 'src/custom_msgs' with type 'ros.ament_cmake' and name 'custom_msgs'
[1.138s] Level 1:colcon.colcon_core.package_identification:_identify(src/hellocm) by extensions ['ignore', 'ignore_ament_install']
[1.138s] Level 1:colcon.colcon_core.package_identification:_identify(src/hellocm) by extension 'ignore'
[1.138s] Level 1:colcon.colcon_core.package_identification:_identify(src/hellocm) by extension 'ignore_ament_install'
[1.138s] Level 1:colcon.colcon_core.package_identification:_identify(src/hellocm) by extensions ['colcon_pkg']
[1.138s] Level 1:colcon.colcon_core.package_identification:_identify(src/hellocm) by extension 'colcon_pkg'
[1.138s] Level 1:colcon.colcon_core.package_identification:_identify(src/hellocm) by extensions ['colcon_meta']
[1.138s] Level 1:colcon.colcon_core.package_identification:_identify(src/hellocm) by extension 'colcon_meta'
[1.138s] Level 1:colcon.colcon_core.package_identification:_identify(src/hellocm) by extensions ['ros']
[1.138s] Level 1:colcon.colcon_core.package_identification:_identify(src/hellocm) by extension 'ros'
[1.138s] DEBUG:colcon.colcon_core.package_identification:Package 'src/hellocm' with type 'ros.ament_cmake' and name 'hellocm'
[1.139s] Level 1:colcon.colcon_core.package_identification:_identify(src/hellocm_cmnode) by extensions ['ignore', 'ignore_ament_install']
[1.139s] Level 1:colcon.colcon_core.package_identification:_identify(src/hellocm_cmnode) by extension 'ignore'
[1.139s] Level 1:colcon.colcon_core.package_identification:_identify(src/hellocm_cmnode) by extension 'ignore_ament_install'
[1.139s] Level 1:colcon.colcon_core.package_identification:_identify(src/hellocm_cmnode) by extensions ['colcon_pkg']
[1.139s] Level 1:colcon.colcon_core.package_identification:_identify(src/hellocm_cmnode) by extension 'colcon_pkg'
[1.139s] Level 1:colcon.colcon_core.package_identification:_identify(src/hellocm_cmnode) by extensions ['colcon_meta']
[1.139s] Level 1:colcon.colcon_core.package_identification:_identify(src/hellocm_cmnode) by extension 'colcon_meta'
[1.139s] Level 1:colcon.colcon_core.package_identification:_identify(src/hellocm_cmnode) by extensions ['ros']
[1.139s] Level 1:colcon.colcon_core.package_identification:_identify(src/hellocm_cmnode) by extension 'ros'
[1.139s] DEBUG:colcon.colcon_core.package_identification:Package 'src/hellocm_cmnode' with type 'ros.ament_cmake' and name 'hellocm_cmnode'
[1.140s] Level 1:colcon.colcon_core.package_identification:_identify(src/hellocm_msgs) by extensions ['ignore', 'ignore_ament_install']
[1.140s] Level 1:colcon.colcon_core.package_identification:_identify(src/hellocm_msgs) by extension 'ignore'
[1.140s] Level 1:colcon.colcon_core.package_identification:_identify(src/hellocm_msgs) by extension 'ignore_ament_install'
[1.140s] Level 1:colcon.colcon_core.package_identification:_identify(src/hellocm_msgs) by extensions ['colcon_pkg']
[1.140s] Level 1:colcon.colcon_core.package_identification:_identify(src/hellocm_msgs) by extension 'colcon_pkg'
[1.140s] Level 1:colcon.colcon_core.package_identification:_identify(src/hellocm_msgs) by extensions ['colcon_meta']
[1.140s] Level 1:colcon.colcon_core.package_identification:_identify(src/hellocm_msgs) by extension 'colcon_meta'
[1.140s] Level 1:colcon.colcon_core.package_identification:_identify(src/hellocm_msgs) by extensions ['ros']
[1.140s] Level 1:colcon.colcon_core.package_identification:_identify(src/hellocm_msgs) by extension 'ros'
[1.140s] DEBUG:colcon.colcon_core.package_identification:Package 'src/hellocm_msgs' with type 'ros.ament_cmake' and name 'hellocm_msgs'
[1.140s] Level 1:colcon.colcon_core.package_identification:_identify(src/install) by extensions ['ignore', 'ignore_ament_install']
[1.140s] Level 1:colcon.colcon_core.package_identification:_identify(src/install) by extension 'ignore'
[1.140s] Level 1:colcon.colcon_core.package_identification:_identify(src/install) ignored
[1.140s] Level 1:colcon.colcon_core.package_identification:_identify(src/log) by extensions ['ignore', 'ignore_ament_install']
[1.140s] Level 1:colcon.colcon_core.package_identification:_identify(src/log) by extension 'ignore'
[1.140s] Level 1:colcon.colcon_core.package_identification:_identify(src/log) ignored
[1.140s] Level 1:colcon.colcon_core.package_discovery:discover_packages(recursive) using defaults
[1.140s] Level 1:colcon.colcon_core.package_discovery:discover_packages(ignore) discover
[1.140s] Level 1:colcon.colcon_core.package_discovery:discover_packages(ignore) using defaults
[1.140s] Level 1:colcon.colcon_core.package_discovery:discover_packages(path) discover
[1.140s] Level 1:colcon.colcon_core.package_discovery:discover_packages(path) using defaults
[1.245s] Level 1:colcon.colcon_core.package_discovery:discover_packages(prefix_path) check parameters
[1.245s] Level 1:colcon.colcon_core.package_discovery:discover_packages(prefix_path) discover
[1.282s] DEBUG:colcon.colcon_installed_package_information.package_discovery:Found 7 installed packages in /home/amlab/CarMaker_ROS2_Original/ros/ros2_ws/install
[1.300s] DEBUG:colcon.colcon_installed_package_information.package_discovery:Found 268 installed packages in /opt/ros/galactic
[1.301s] Level 1:colcon.colcon_core.package_discovery:discover_packages(prefix_path) using defaults
[1.376s] Level 5:colcon.colcon_core.verb:set package 'carmaker_vds_client' build argument 'cmake_args' from command line to 'None'
[1.376s] Level 5:colcon.colcon_core.verb:set package 'carmaker_vds_client' build argument 'cmake_target' from command line to 'None'
[1.376s] Level 5:colcon.colcon_core.verb:set package 'carmaker_vds_client' build argument 'cmake_target_skip_unavailable' from command line to 'False'
[1.376s] Level 5:colcon.colcon_core.verb:set package 'carmaker_vds_client' build argument 'cmake_clean_cache' from command line to 'False'
[1.376s] Level 5:colcon.colcon_core.verb:set package 'carmaker_vds_client' build argument 'cmake_clean_first' from command line to 'False'
[1.376s] Level 5:colcon.colcon_core.verb:set package 'carmaker_vds_client' build argument 'cmake_force_configure' from command line to 'False'
[1.376s] Level 5:colcon.colcon_core.verb:set package 'carmaker_vds_client' build argument 'ament_cmake_args' from command line to 'None'
[1.376s] Level 5:colcon.colcon_core.verb:set package 'carmaker_vds_client' build argument 'catkin_cmake_args' from command line to 'None'
[1.376s] Level 5:colcon.colcon_core.verb:set package 'carmaker_vds_client' build argument 'catkin_skip_building_tests' from command line to 'False'
[1.376s] DEBUG:colcon.colcon_core.verb:Building package 'carmaker_vds_client' with the following arguments: {'ament_cmake_args': None, 'build_base': '/home/amlab/CarMaker_ROS2_Original/ros/ros2_ws/build/carmaker_vds_client', 'catkin_cmake_args': None, 'catkin_skip_building_tests': False, 'cmake_args': None, 'cmake_clean_cache': False, 'cmake_clean_first': False, 'cmake_force_configure': False, 'cmake_target': None, 'cmake_target_skip_unavailable': False, 'install_base': '/home/amlab/CarMaker_ROS2_Original/ros/ros2_ws/install/carmaker_vds_client', 'merge_install': False, 'path': '/home/amlab/CarMaker_ROS2_Original/ros/ros2_ws/src/carmaker_vds_client', 'symlink_install': False, 'test_result_base': None}
[1.394s] Level 5:colcon.colcon_core.verb:set package 'cm_control_example' build argument 'cmake_args' from command line to 'None'
[1.394s] Level 5:colcon.colcon_core.verb:set package 'cm_control_example' build argument 'cmake_target' from command line to 'None'
[1.394s] Level 5:colcon.colcon_core.verb:set package 'cm_control_example' build argument 'cmake_target_skip_unavailable' from command line to 'False'
[1.394s] Level 5:colcon.colcon_core.verb:set package 'cm_control_example' build argument 'cmake_clean_cache' from command line to 'False'
[1.394s] Level 5:colcon.colcon_core.verb:set package 'cm_control_example' build argument 'cmake_clean_first' from command line to 'False'
[1.394s] Level 5:colcon.colcon_core.verb:set package 'cm_control_example' build argument 'cmake_force_configure' from command line to 'False'
[1.394s] Level 5:colcon.colcon_core.verb:set package 'cm_control_example' build argument 'ament_cmake_args' from command line to 'None'
[1.394s] Level 5:colcon.colcon_core.verb:set package 'cm_control_example' build argument 'catkin_cmake_args' from command line to 'None'
[1.394s] Level 5:colcon.colcon_core.verb:set package 'cm_control_example' build argument 'catkin_skip_building_tests' from command line to 'False'
[1.394s] DEBUG:colcon.colcon_core.verb:Building package 'cm_control_example' with the following arguments: {'ament_cmake_args': None, 'build_base': '/home/amlab/CarMaker_ROS2_Original/ros/ros2_ws/build/cm_control_example', 'catkin_cmake_args': None, 'catkin_skip_building_tests': False, 'cmake_args': None, 'cmake_clean_cache': False, 'cmake_clean_first': False, 'cmake_force_configure': False, 'cmake_target': None, 'cmake_target_skip_unavailable': False, 'install_base': '/home/amlab/CarMaker_ROS2_Original/ros/ros2_ws/install/cm_control_example', 'merge_install': False, 'path': '/home/amlab/CarMaker_ROS2_Original/ros/ros2_ws/src/cm_control_example', 'symlink_install': False, 'test_result_base': None}
[1.417s] Level 5:colcon.colcon_core.verb:set package 'cmrosutils' build argument 'cmake_args' from command line to 'None'
[1.417s] Level 5:colcon.colcon_core.verb:set package 'cmrosutils' build argument 'cmake_target' from command line to 'None'
[1.417s] Level 5:colcon.colcon_core.verb:set package 'cmrosutils' build argument 'cmake_target_skip_unavailable' from command line to 'False'
[1.417s] Level 5:colcon.colcon_core.verb:set package 'cmrosutils' build argument 'cmake_clean_cache' from command line to 'False'
[1.417s] Level 5:colcon.colcon_core.verb:set package 'cmrosutils' build argument 'cmake_clean_first' from command line to 'False'
[1.417s] Level 5:colcon.colcon_core.verb:set package 'cmrosutils' build argument 'cmake_force_configure' from command line to 'False'
[1.417s] Level 5:colcon.colcon_core.verb:set package 'cmrosutils' build argument 'ament_cmake_args' from command line to 'None'
[1.417s] Level 5:colcon.colcon_core.verb:set package 'cmrosutils' build argument 'catkin_cmake_args' from command line to 'None'
[1.418s] Level 5:colcon.colcon_core.verb:set package 'cmrosutils' build argument 'catkin_skip_building_tests' from command line to 'False'
[1.418s] DEBUG:colcon.colcon_core.verb:Building package 'cmrosutils' with the following arguments: {'ament_cmake_args': None, 'build_base': '/home/amlab/CarMaker_ROS2_Original/ros/ros2_ws/build/cmrosutils', 'catkin_cmake_args': None, 'catkin_skip_building_tests': False, 'cmake_args': None, 'cmake_clean_cache': False, 'cmake_clean_first': False, 'cmake_force_configure': False, 'cmake_target': None, 'cmake_target_skip_unavailable': False, 'install_base': '/home/amlab/CarMaker_ROS2_Original/ros/ros2_ws/install/cmrosutils', 'merge_install': False, 'path': '/home/amlab/CarMaker_ROS2_Original/ros/ros2_ws/src/cmrosutils', 'symlink_install': False, 'test_result_base': None}
[1.435s] Level 5:colcon.colcon_core.verb:set package 'control_test' build argument 'cmake_args' from command line to 'None'
[1.436s] Level 5:colcon.colcon_core.verb:set package 'control_test' build argument 'cmake_target' from command line to 'None'
[1.436s] Level 5:colcon.colcon_core.verb:set package 'control_test' build argument 'cmake_target_skip_unavailable' from command line to 'False'
[1.436s] Level 5:colcon.colcon_core.verb:set package 'control_test' build argument 'cmake_clean_cache' from command line to 'False'
[1.436s] Level 5:colcon.colcon_core.verb:set package 'control_test' build argument 'cmake_clean_first' from command line to 'False'
[1.436s] Level 5:colcon.colcon_core.verb:set package 'control_test' build argument 'cmake_force_configure' from command line to 'False'
[1.436s] Level 5:colcon.colcon_core.verb:set package 'control_test' build argument 'ament_cmake_args' from command line to 'None'
[1.436s] Level 5:colcon.colcon_core.verb:set package 'control_test' build argument 'catkin_cmake_args' from command line to 'None'
[1.436s] Level 5:colcon.colcon_core.verb:set package 'control_test' build argument 'catkin_skip_building_tests' from command line to 'False'
[1.436s] DEBUG:colcon.colcon_core.verb:Building package 'control_test' with the following arguments: {'ament_cmake_args': None, 'build_base': '/home/amlab/CarMaker_ROS2_Original/ros/ros2_ws/build/control_test', 'catkin_cmake_args': None, 'catkin_skip_building_tests': False, 'cmake_args': None, 'cmake_clean_cache': False, 'cmake_clean_first': False, 'cmake_force_configure': False, 'cmake_target': None, 'cmake_target_skip_unavailable': False, 'install_base': '/home/amlab/CarMaker_ROS2_Original/ros/ros2_ws/install/control_test', 'merge_install': False, 'path': '/home/amlab/CarMaker_ROS2_Original/ros/ros2_ws/src/control_test', 'symlink_install': False, 'test_result_base': None}
[1.454s] Level 5:colcon.colcon_core.verb:set package 'custom_msgs' build argument 'cmake_args' from command line to 'None'
[1.454s] Level 5:colcon.colcon_core.verb:set package 'custom_msgs' build argument 'cmake_target' from command line to 'None'
[1.454s] Level 5:colcon.colcon_core.verb:set package 'custom_msgs' build argument 'cmake_target_skip_unavailable' from command line to 'False'
[1.454s] Level 5:colcon.colcon_core.verb:set package 'custom_msgs' build argument 'cmake_clean_cache' from command line to 'False'
[1.454s] Level 5:colcon.colcon_core.verb:set package 'custom_msgs' build argument 'cmake_clean_first' from command line to 'False'
[1.454s] Level 5:colcon.colcon_core.verb:set package 'custom_msgs' build argument 'cmake_force_configure' from command line to 'False'
[1.454s] Level 5:colcon.colcon_core.verb:set package 'custom_msgs' build argument 'ament_cmake_args' from command line to 'None'
[1.454s] Level 5:colcon.colcon_core.verb:set package 'custom_msgs' build argument 'catkin_cmake_args' from command line to 'None'
[1.454s] Level 5:colcon.colcon_core.verb:set package 'custom_msgs' build argument 'catkin_skip_building_tests' from command line to 'False'
[1.454s] DEBUG:colcon.colcon_core.verb:Building package 'custom_msgs' with the following arguments: {'ament_cmake_args': None, 'build_base': '/home/amlab/CarMaker_ROS2_Original/ros/ros2_ws/build/custom_msgs', 'catkin_cmake_args': None, 'catkin_skip_building_tests': False, 'cmake_args': None, 'cmake_clean_cache': False, 'cmake_clean_first': False, 'cmake_force_configure': False, 'cmake_target': None, 'cmake_target_skip_unavailable': False, 'install_base': '/home/amlab/CarMaker_ROS2_Original/ros/ros2_ws/install/custom_msgs', 'merge_install': False, 'path': '/home/amlab/CarMaker_ROS2_Original/ros/ros2_ws/src/custom_msgs', 'symlink_install': False, 'test_result_base': None}
[1.472s] Level 5:colcon.colcon_core.verb:set package 'hellocm_msgs' build argument 'cmake_args' from command line to 'None'
[1.472s] Level 5:colcon.colcon_core.verb:set package 'hellocm_msgs' build argument 'cmake_target' from command line to 'None'
[1.472s] Level 5:colcon.colcon_core.verb:set package 'hellocm_msgs' build argument 'cmake_target_skip_unavailable' from command line to 'False'
[1.472s] Level 5:colcon.colcon_core.verb:set package 'hellocm_msgs' build argument 'cmake_clean_cache' from command line to 'False'
[1.472s] Level 5:colcon.colcon_core.verb:set package 'hellocm_msgs' build argument 'cmake_clean_first' from command line to 'False'
[1.472s] Level 5:colcon.colcon_core.verb:set package 'hellocm_msgs' build argument 'cmake_force_configure' from command line to 'False'
[1.472s] Level 5:colcon.colcon_core.verb:set package 'hellocm_msgs' build argument 'ament_cmake_args' from command line to 'None'
[1.472s] Level 5:colcon.colcon_core.verb:set package 'hellocm_msgs' build argument 'catkin_cmake_args' from command line to 'None'
[1.472s] Level 5:colcon.colcon_core.verb:set package 'hellocm_msgs' build argument 'catkin_skip_building_tests' from command line to 'False'
[1.472s] DEBUG:colcon.colcon_core.verb:Building package 'hellocm_msgs' with the following arguments: {'ament_cmake_args': None, 'build_base': '/home/amlab/CarMaker_ROS2_Original/ros/ros2_ws/build/hellocm_msgs', 'catkin_cmake_args': None, 'catkin_skip_building_tests': False, 'cmake_args': None, 'cmake_clean_cache': False, 'cmake_clean_first': False, 'cmake_force_configure': False, 'cmake_target': None, 'cmake_target_skip_unavailable': False, 'install_base': '/home/amlab/CarMaker_ROS2_Original/ros/ros2_ws/install/hellocm_msgs', 'merge_install': False, 'path': '/home/amlab/CarMaker_ROS2_Original/ros/ros2_ws/src/hellocm_msgs', 'symlink_install': False, 'test_result_base': None}
[1.490s] Level 5:colcon.colcon_core.verb:set package 'hellocm' build argument 'cmake_args' from command line to 'None'
[1.490s] Level 5:colcon.colcon_core.verb:set package 'hellocm' build argument 'cmake_target' from command line to 'None'
[1.490s] Level 5:colcon.colcon_core.verb:set package 'hellocm' build argument 'cmake_target_skip_unavailable' from command line to 'False'
[1.490s] Level 5:colcon.colcon_core.verb:set package 'hellocm' build argument 'cmake_clean_cache' from command line to 'False'
[1.490s] Level 5:colcon.colcon_core.verb:set package 'hellocm' build argument 'cmake_clean_first' from command line to 'False'
[1.490s] Level 5:colcon.colcon_core.verb:set package 'hellocm' build argument 'cmake_force_configure' from command line to 'False'
[1.490s] Level 5:colcon.colcon_core.verb:set package 'hellocm' build argument 'ament_cmake_args' from command line to 'None'
[1.490s] Level 5:colcon.colcon_core.verb:set package 'hellocm' build argument 'catkin_cmake_args' from command line to 'None'
[1.490s] Level 5:colcon.colcon_core.verb:set package 'hellocm' build argument 'catkin_skip_building_tests' from command line to 'False'
[1.490s] DEBUG:colcon.colcon_core.verb:Building package 'hellocm' with the following arguments: {'ament_cmake_args': None, 'build_base': '/home/amlab/CarMaker_ROS2_Original/ros/ros2_ws/build/hellocm', 'catkin_cmake_args': None, 'catkin_skip_building_tests': False, 'cmake_args': None, 'cmake_clean_cache': False, 'cmake_clean_first': False, 'cmake_force_configure': False, 'cmake_target': None, 'cmake_target_skip_unavailable': False, 'install_base': '/home/amlab/CarMaker_ROS2_Original/ros/ros2_ws/install/hellocm', 'merge_install': False, 'path': '/home/amlab/CarMaker_ROS2_Original/ros/ros2_ws/src/hellocm', 'symlink_install': False, 'test_result_base': None}
[1.508s] Level 5:colcon.colcon_core.verb:set package 'hellocm_cmnode' build argument 'cmake_args' from command line to 'None'
[1.508s] Level 5:colcon.colcon_core.verb:set package 'hellocm_cmnode' build argument 'cmake_target' from command line to 'None'
[1.508s] Level 5:colcon.colcon_core.verb:set package 'hellocm_cmnode' build argument 'cmake_target_skip_unavailable' from command line to 'False'
[1.508s] Level 5:colcon.colcon_core.verb:set package 'hellocm_cmnode' build argument 'cmake_clean_cache' from command line to 'False'
[1.508s] Level 5:colcon.colcon_core.verb:set package 'hellocm_cmnode' build argument 'cmake_clean_first' from command line to 'False'
[1.508s] Level 5:colcon.colcon_core.verb:set package 'hellocm_cmnode' build argument 'cmake_force_configure' from command line to 'False'
[1.508s] Level 5:colcon.colcon_core.verb:set package 'hellocm_cmnode' build argument 'ament_cmake_args' from command line to 'None'
[1.508s] Level 5:colcon.colcon_core.verb:set package 'hellocm_cmnode' build argument 'catkin_cmake_args' from command line to 'None'
[1.508s] Level 5:colcon.colcon_core.verb:set package 'hellocm_cmnode' build argument 'catkin_skip_building_tests' from command line to 'False'
[1.508s] DEBUG:colcon.colcon_core.verb:Building package 'hellocm_cmnode' with the following arguments: {'ament_cmake_args': None, 'build_base': '/home/amlab/CarMaker_ROS2_Original/ros/ros2_ws/build/hellocm_cmnode', 'catkin_cmake_args': None, 'catkin_skip_building_tests': False, 'cmake_args': None, 'cmake_clean_cache': False, 'cmake_clean_first': False, 'cmake_force_configure': False, 'cmake_target': None, 'cmake_target_skip_unavailable': False, 'install_base': '/home/amlab/CarMaker_ROS2_Original/ros/ros2_ws/install/hellocm_cmnode', 'merge_install': False, 'path': '/home/amlab/CarMaker_ROS2_Original/ros/ros2_ws/src/hellocm_cmnode', 'symlink_install': False, 'test_result_base': None}
[1.526s] INFO:colcon.colcon_core.executor:Executing jobs using 'parallel' executor
[1.544s] DEBUG:colcon.colcon_parallel_executor.executor.parallel:run_until_complete
[1.544s] INFO:colcon.colcon_ros.task.ament_cmake.build:Building ROS package in '/home/amlab/CarMaker_ROS2_Original/ros/ros2_ws/src/cmrosutils' with build type 'ament_cmake'
[1.544s] INFO:colcon.colcon_cmake.task.cmake.build:Building CMake package in '/home/amlab/CarMaker_ROS2_Original/ros/ros2_ws/src/cmrosutils'
[1.564s] INFO:colcon.colcon_core.plugin_system:Skipping extension 'colcon_core.shell.bat': Not used on non-Windows systems
[1.564s] INFO:colcon.colcon_core.shell:Skip shell extension 'powershell' for command environment: Not usable outside of PowerShell
[1.564s] DEBUG:colcon.colcon_core.shell:Skip shell extension 'dsv' for command environment
[1.622s] INFO:colcon.colcon_ros.task.ament_cmake.build:Building ROS package in '/home/amlab/CarMaker_ROS2_Original/ros/ros2_ws/src/hellocm_msgs' with build type 'ament_cmake'
[1.623s] INFO:colcon.colcon_cmake.task.cmake.build:Building CMake package in '/home/amlab/CarMaker_ROS2_Original/ros/ros2_ws/src/hellocm_msgs'
[1.642s] INFO:colcon.colcon_core.shell:Skip shell extension 'powershell' for command environment: Not usable outside of PowerShell
[1.642s] DEBUG:colcon.colcon_core.shell:Skip shell extension 'dsv' for command environment
[1.702s] INFO:colcon.colcon_ros.task.ament_cmake.build:Building ROS package in '/home/amlab/CarMaker_ROS2_Original/ros/ros2_ws/src/carmaker_vds_client' with build type 'ament_cmake'
[1.702s] INFO:colcon.colcon_cmake.task.cmake.build:Building CMake package in '/home/amlab/CarMaker_ROS2_Original/ros/ros2_ws/src/carmaker_vds_client'
[1.721s] INFO:colcon.colcon_core.shell:Skip shell extension 'powershell' for command environment: Not usable outside of PowerShell
[1.721s] DEBUG:colcon.colcon_core.shell:Skip shell extension 'dsv' for command environment
[1.779s] INFO:colcon.colcon_ros.task.ament_cmake.build:Building ROS package in '/home/amlab/CarMaker_ROS2_Original/ros/ros2_ws/src/cm_control_example' with build type 'ament_cmake'
[1.779s] INFO:colcon.colcon_cmake.task.cmake.build:Building CMake package in '/home/amlab/CarMaker_ROS2_Original/ros/ros2_ws/src/cm_control_example'
[1.798s] INFO:colcon.colcon_core.shell:Skip shell extension 'powershell' for command environment: Not usable outside of PowerShell
[1.798s] DEBUG:colcon.colcon_core.shell:Skip shell extension 'dsv' for command environment
[1.856s] INFO:colcon.colcon_ros.task.ament_cmake.build:Building ROS package in '/home/amlab/CarMaker_ROS2_Original/ros/ros2_ws/src/control_test' with build type 'ament_cmake'
[1.856s] INFO:colcon.colcon_cmake.task.cmake.build:Building CMake package in '/home/amlab/CarMaker_ROS2_Original/ros/ros2_ws/src/control_test'
[1.875s] INFO:colcon.colcon_core.shell:Skip shell extension 'powershell' for command environment: Not usable outside of PowerShell
[1.875s] DEBUG:colcon.colcon_core.shell:Skip shell extension 'dsv' for command environment
[1.931s] INFO:colcon.colcon_ros.task.ament_cmake.build:Building ROS package in '/home/amlab/CarMaker_ROS2_Original/ros/ros2_ws/src/custom_msgs' with build type 'ament_cmake'
[1.932s] INFO:colcon.colcon_cmake.task.cmake.build:Building CMake package in '/home/amlab/CarMaker_ROS2_Original/ros/ros2_ws/src/custom_msgs'
[1.951s] INFO:colcon.colcon_core.shell:Skip shell extension 'powershell' for command environment: Not usable outside of PowerShell
[1.951s] DEBUG:colcon.colcon_core.shell:Skip shell extension 'dsv' for command environment
[2.013s] DEBUG:colcon.colcon_core.event_handler.log_command:Invoking command in '/home/amlab/CarMaker_ROS2_Original/ros/ros2_ws/build/cmrosutils': CMAKE_PREFIX_PATH=${CMAKE_PREFIX_PATH}:/opt/ros/galactic /usr/bin/cmake /home/amlab/CarMaker_ROS2_Original/ros/ros2_ws/src/cmrosutils -DCMAKE_INSTALL_PREFIX=/home/amlab/CarMaker_ROS2_Original/ros/ros2_ws/install/cmrosutils
[2.015s] DEBUG:colcon.colcon_core.event_handler.log_command:Invoking command in '/home/amlab/CarMaker_ROS2_Original/ros/ros2_ws/build/hellocm_msgs': CMAKE_PREFIX_PATH=${CMAKE_PREFIX_PATH}:/opt/ros/galactic /usr/bin/cmake /home/amlab/CarMaker_ROS2_Original/ros/ros2_ws/src/hellocm_msgs -DCMAKE_INSTALL_PREFIX=/home/amlab/CarMaker_ROS2_Original/ros/ros2_ws/install/hellocm_msgs
[2.018s] DEBUG:colcon.colcon_core.event_handler.log_command:Invoking command in '/home/amlab/CarMaker_ROS2_Original/ros/ros2_ws/build/carmaker_vds_client': CMAKE_PREFIX_PATH=${CMAKE_PREFIX_PATH}:/opt/ros/galactic /usr/bin/cmake /home/amlab/CarMaker_ROS2_Original/ros/ros2_ws/src/carmaker_vds_client -DCMAKE_INSTALL_PREFIX=/home/amlab/CarMaker_ROS2_Original/ros/ros2_ws/install/carmaker_vds_client
[2.020s] DEBUG:colcon.colcon_core.event_handler.log_command:Invoking command in '/home/amlab/CarMaker_ROS2_Original/ros/ros2_ws/build/cm_control_example': CMAKE_PREFIX_PATH=${CMAKE_PREFIX_PATH}:/opt/ros/galactic /usr/bin/cmake /home/amlab/CarMaker_ROS2_Original/ros/ros2_ws/src/cm_control_example -DCMAKE_INSTALL_PREFIX=/home/amlab/CarMaker_ROS2_Original/ros/ros2_ws/install/cm_control_example
[2.023s] DEBUG:colcon.colcon_core.event_handler.log_command:Invoking command in '/home/amlab/CarMaker_ROS2_Original/ros/ros2_ws/build/control_test': CMAKE_PREFIX_PATH=${CMAKE_PREFIX_PATH}:/opt/ros/galactic /usr/bin/cmake /home/amlab/CarMaker_ROS2_Original/ros/ros2_ws/src/control_test -DCMAKE_INSTALL_PREFIX=/home/amlab/CarMaker_ROS2_Original/ros/ros2_ws/install/control_test
[2.026s] DEBUG:colcon.colcon_core.event_handler.log_command:Invoking command in '/home/amlab/CarMaker_ROS2_Original/ros/ros2_ws/build/custom_msgs': CMAKE_PREFIX_PATH=${CMAKE_PREFIX_PATH}:/opt/ros/galactic /usr/bin/cmake /home/amlab/CarMaker_ROS2_Original/ros/ros2_ws/src/custom_msgs -DCMAKE_INSTALL_PREFIX=/home/amlab/CarMaker_ROS2_Original/ros/ros2_ws/install/custom_msgs
[2.530s] DEBUG:colcon.colcon_core.event_handler.log_command:Invoked command in '/home/amlab/CarMaker_ROS2_Original/ros/ros2_ws/build/control_test' returned '0': CMAKE_PREFIX_PATH=${CMAKE_PREFIX_PATH}:/opt/ros/galactic /usr/bin/cmake /home/amlab/CarMaker_ROS2_Original/ros/ros2_ws/src/control_test -DCMAKE_INSTALL_PREFIX=/home/amlab/CarMaker_ROS2_Original/ros/ros2_ws/install/control_test
[2.532s] DEBUG:colcon.colcon_core.event_handler.log_command:Invoking command in '/home/amlab/CarMaker_ROS2_Original/ros/ros2_ws/build/control_test': CMAKE_PREFIX_PATH=${CMAKE_PREFIX_PATH}:/opt/ros/galactic /usr/bin/cmake --build /home/amlab/CarMaker_ROS2_Original/ros/ros2_ws/build/control_test -- -j12 -l12
[2.572s] DEBUG:colcon.colcon_core.event_handler.log_command:Invoked command in '/home/amlab/CarMaker_ROS2_Original/ros/ros2_ws/build/cmrosutils' returned '0': CMAKE_PREFIX_PATH=${CMAKE_PREFIX_PATH}:/opt/ros/galactic /usr/bin/cmake /home/amlab/CarMaker_ROS2_Original/ros/ros2_ws/src/cmrosutils -DCMAKE_INSTALL_PREFIX=/home/amlab/CarMaker_ROS2_Original/ros/ros2_ws/install/cmrosutils
[2.573s] DEBUG:colcon.colcon_core.event_handler.log_command:Invoking command in '/home/amlab/CarMaker_ROS2_Original/ros/ros2_ws/build/cmrosutils': CMAKE_PREFIX_PATH=${CMAKE_PREFIX_PATH}:/opt/ros/galactic /usr/bin/cmake --build /home/amlab/CarMaker_ROS2_Original/ros/ros2_ws/build/cmrosutils -- -j12 -l12
[2.574s] DEBUG:colcon.colcon_core.event_handler.log_command:Invoked command in '/home/amlab/CarMaker_ROS2_Original/ros/ros2_ws/build/control_test' returned '0': CMAKE_PREFIX_PATH=${CMAKE_PREFIX_PATH}:/opt/ros/galactic /usr/bin/cmake --build /home/amlab/CarMaker_ROS2_Original/ros/ros2_ws/build/control_test -- -j12 -l12
[2.595s] DEBUG:colcon.colcon_core.event_handler.log_command:Invoking command in '/home/amlab/CarMaker_ROS2_Original/ros/ros2_ws/build/control_test': CMAKE_PREFIX_PATH=${CMAKE_PREFIX_PATH}:/opt/ros/galactic /usr/bin/cmake --install /home/amlab/CarMaker_ROS2_Original/ros/ros2_ws/build/control_test
[2.610s] Level 1:colcon.colcon_core.environment:create_environment_scripts_only(control_test)
[2.610s] DEBUG:colcon.colcon_core.event_handler.log_command:Invoked command in '/home/amlab/CarMaker_ROS2_Original/ros/ros2_ws/build/control_test' returned '0': CMAKE_PREFIX_PATH=${CMAKE_PREFIX_PATH}:/opt/ros/galactic /usr/bin/cmake --install /home/amlab/CarMaker_ROS2_Original/ros/ros2_ws/build/control_test
[2.639s] Level 1:colcon.colcon_core.environment:checking '/home/amlab/CarMaker_ROS2_Original/ros/ros2_ws/install/control_test' for CMake module files
[2.640s] Level 1:colcon.colcon_core.environment:checking '/home/amlab/CarMaker_ROS2_Original/ros/ros2_ws/install/control_test' for CMake config files
[2.640s] Level 1:colcon.colcon_core.shell:create_environment_hook('control_test', 'cmake_prefix_path')
[2.669s] INFO:colcon.colcon_core.shell:Creating environment hook '/home/amlab/CarMaker_ROS2_Original/ros/ros2_ws/install/control_test/share/control_test/hook/cmake_prefix_path.ps1'
[2.669s] INFO:colcon.colcon_core.shell:Creating environment descriptor '/home/amlab/CarMaker_ROS2_Original/ros/ros2_ws/install/control_test/share/control_test/hook/cmake_prefix_path.dsv'
[2.669s] INFO:colcon.colcon_core.shell:Creating environment hook '/home/amlab/CarMaker_ROS2_Original/ros/ros2_ws/install/control_test/share/control_test/hook/cmake_prefix_path.sh'
[2.670s] Level 1:colcon.colcon_core.environment:checking '/home/amlab/CarMaker_ROS2_Original/ros/ros2_ws/install/control_test/lib'
[2.670s] Level 1:colcon.colcon_core.environment:checking '/home/amlab/CarMaker_ROS2_Original/ros/ros2_ws/install/control_test/bin'
[2.670s] Level 1:colcon.colcon_core.environment:checking '/home/amlab/CarMaker_ROS2_Original/ros/ros2_ws/install/control_test/lib/pkgconfig/control_test.pc'
[2.670s] Level 1:colcon.colcon_core.environment:checking '/home/amlab/CarMaker_ROS2_Original/ros/ros2_ws/install/control_test/lib/python3.8/site-packages'
[2.670s] Level 1:colcon.colcon_core.environment:checking '/home/amlab/CarMaker_ROS2_Original/ros/ros2_ws/install/control_test/bin'
[2.691s] INFO:colcon.colcon_core.shell:Creating package script '/home/amlab/CarMaker_ROS2_Original/ros/ros2_ws/install/control_test/share/control_test/package.ps1'
[2.692s] INFO:colcon.colcon_core.shell:Creating package descriptor '/home/amlab/CarMaker_ROS2_Original/ros/ros2_ws/install/control_test/share/control_test/package.dsv'
[2.692s] INFO:colcon.colcon_core.shell:Creating package script '/home/amlab/CarMaker_ROS2_Original/ros/ros2_ws/install/control_test/share/control_test/package.sh'
[2.692s] INFO:colcon.colcon_core.shell:Creating package script '/home/amlab/CarMaker_ROS2_Original/ros/ros2_ws/install/control_test/share/control_test/package.bash'
[2.693s] INFO:colcon.colcon_core.shell:Creating package script '/home/amlab/CarMaker_ROS2_Original/ros/ros2_ws/install/control_test/share/control_test/package.zsh'
[2.693s] Level 1:colcon.colcon_core.environment:create_file_with_runtime_dependencies(/home/amlab/CarMaker_ROS2_Original/ros/ros2_ws/install/control_test/share/colcon-core/packages/control_test)
[2.696s] DEBUG:colcon.colcon_core.event_handler.log_command:Invoked command in '/home/amlab/CarMaker_ROS2_Original/ros/ros2_ws/build/custom_msgs' returned '0': CMAKE_PREFIX_PATH=${CMAKE_PREFIX_PATH}:/opt/ros/galactic /usr/bin/cmake /home/amlab/CarMaker_ROS2_Original/ros/ros2_ws/src/custom_msgs -DCMAKE_INSTALL_PREFIX=/home/amlab/CarMaker_ROS2_Original/ros/ros2_ws/install/custom_msgs
[2.698s] DEBUG:colcon.colcon_core.event_handler.log_command:Invoking command in '/home/amlab/CarMaker_ROS2_Original/ros/ros2_ws/build/custom_msgs': CMAKE_PREFIX_PATH=${CMAKE_PREFIX_PATH}:/opt/ros/galactic /usr/bin/cmake --build /home/amlab/CarMaker_ROS2_Original/ros/ros2_ws/build/custom_msgs -- -j12 -l12
[2.698s] DEBUG:colcon.colcon_core.event_handler.log_command:Invoked command in '/home/amlab/CarMaker_ROS2_Original/ros/ros2_ws/build/hellocm_msgs' returned '0': CMAKE_PREFIX_PATH=${CMAKE_PREFIX_PATH}:/opt/ros/galactic /usr/bin/cmake /home/amlab/CarMaker_ROS2_Original/ros/ros2_ws/src/hellocm_msgs -DCMAKE_INSTALL_PREFIX=/home/amlab/CarMaker_ROS2_Original/ros/ros2_ws/install/hellocm_msgs
[2.700s] DEBUG:colcon.colcon_core.event_handler.log_command:Invoking command in '/home/amlab/CarMaker_ROS2_Original/ros/ros2_ws/build/hellocm_msgs': CMAKE_PREFIX_PATH=${CMAKE_PREFIX_PATH}:/opt/ros/galactic /usr/bin/cmake --build /home/amlab/CarMaker_ROS2_Original/ros/ros2_ws/build/hellocm_msgs -- -j12 -l12
[2.701s] DEBUG:colcon.colcon_core.event_handler.log_command:Invoked command in '/home/amlab/CarMaker_ROS2_Original/ros/ros2_ws/build/cmrosutils' returned '0': CMAKE_PREFIX_PATH=${CMAKE_PREFIX_PATH}:/opt/ros/galactic /usr/bin/cmake --build /home/amlab/CarMaker_ROS2_Original/ros/ros2_ws/build/cmrosutils -- -j12 -l12
[2.729s] Level 1:colcon.colcon_core.environment:create_environment_scripts_only(control_test)
[2.759s] Level 1:colcon.colcon_core.environment:checking '/home/amlab/CarMaker_ROS2_Original/ros/ros2_ws/install/control_test' for CMake module files
[2.760s] Level 1:colcon.colcon_core.environment:checking '/home/amlab/CarMaker_ROS2_Original/ros/ros2_ws/install/control_test' for CMake config files
[2.760s] Level 1:colcon.colcon_core.shell:create_environment_hook('control_test', 'cmake_prefix_path')
[2.781s] INFO:colcon.colcon_core.shell:Creating environment hook '/home/amlab/CarMaker_ROS2_Original/ros/ros2_ws/install/control_test/share/control_test/hook/cmake_prefix_path.ps1'
[2.781s] INFO:colcon.colcon_core.shell:Creating environment descriptor '/home/amlab/CarMaker_ROS2_Original/ros/ros2_ws/install/control_test/share/control_test/hook/cmake_prefix_path.dsv'
[2.781s] INFO:colcon.colcon_core.shell:Creating environment hook '/home/amlab/CarMaker_ROS2_Original/ros/ros2_ws/install/control_test/share/control_test/hook/cmake_prefix_path.sh'
[2.782s] Level 1:colcon.colcon_core.environment:checking '/home/amlab/CarMaker_ROS2_Original/ros/ros2_ws/install/control_test/lib'
[2.782s] Level 1:colcon.colcon_core.environment:checking '/home/amlab/CarMaker_ROS2_Original/ros/ros2_ws/install/control_test/bin'
[2.782s] Level 1:colcon.colcon_core.environment:checking '/home/amlab/CarMaker_ROS2_Original/ros/ros2_ws/install/control_test/lib/pkgconfig/control_test.pc'
[2.782s] Level 1:colcon.colcon_core.environment:checking '/home/amlab/CarMaker_ROS2_Original/ros/ros2_ws/install/control_test/lib/python3.8/site-packages'
[2.782s] Level 1:colcon.colcon_core.environment:checking '/home/amlab/CarMaker_ROS2_Original/ros/ros2_ws/install/control_test/bin'
[2.808s] INFO:colcon.colcon_core.shell:Creating package script '/home/amlab/CarMaker_ROS2_Original/ros/ros2_ws/install/control_test/share/control_test/package.ps1'
[2.809s] INFO:colcon.colcon_core.shell:Creating package descriptor '/home/amlab/CarMaker_ROS2_Original/ros/ros2_ws/install/control_test/share/control_test/package.dsv'
[2.810s] INFO:colcon.colcon_core.shell:Creating package script '/home/amlab/CarMaker_ROS2_Original/ros/ros2_ws/install/control_test/share/control_test/package.sh'
[2.810s] INFO:colcon.colcon_core.shell:Creating package script '/home/amlab/CarMaker_ROS2_Original/ros/ros2_ws/install/control_test/share/control_test/package.bash'
[2.810s] INFO:colcon.colcon_core.shell:Creating package script '/home/amlab/CarMaker_ROS2_Original/ros/ros2_ws/install/control_test/share/control_test/package.zsh'
[2.811s] Level 1:colcon.colcon_core.environment:create_file_with_runtime_dependencies(/home/amlab/CarMaker_ROS2_Original/ros/ros2_ws/install/control_test/share/colcon-core/packages/control_test)
[2.814s] DEBUG:colcon.colcon_core.event_handler.log_command:Invoking command in '/home/amlab/CarMaker_ROS2_Original/ros/ros2_ws/build/cmrosutils': CMAKE_PREFIX_PATH=${CMAKE_PREFIX_PATH}:/opt/ros/galactic /usr/bin/cmake --install /home/amlab/CarMaker_ROS2_Original/ros/ros2_ws/build/cmrosutils
[2.829s] DEBUG:colcon.colcon_core.event_handler.log_command:Invoked command in '/home/amlab/CarMaker_ROS2_Original/ros/ros2_ws/build/custom_msgs' returned '0': CMAKE_PREFIX_PATH=${CMAKE_PREFIX_PATH}:/opt/ros/galactic /usr/bin/cmake --build /home/amlab/CarMaker_ROS2_Original/ros/ros2_ws/build/custom_msgs -- -j12 -l12
[2.832s] DEBUG:colcon.colcon_core.event_handler.log_command:Invoked command in '/home/amlab/CarMaker_ROS2_Original/ros/ros2_ws/build/carmaker_vds_client' returned '0': CMAKE_PREFIX_PATH=${CMAKE_PREFIX_PATH}:/opt/ros/galactic /usr/bin/cmake /home/amlab/CarMaker_ROS2_Original/ros/ros2_ws/src/carmaker_vds_client -DCMAKE_INSTALL_PREFIX=/home/amlab/CarMaker_ROS2_Original/ros/ros2_ws/install/carmaker_vds_client
[2.834s] DEBUG:colcon.colcon_core.event_handler.log_command:Invoking command in '/home/amlab/CarMaker_ROS2_Original/ros/ros2_ws/build/carmaker_vds_client': CMAKE_PREFIX_PATH=${CMAKE_PREFIX_PATH}:/opt/ros/galactic /usr/bin/cmake --build /home/amlab/CarMaker_ROS2_Original/ros/ros2_ws/build/carmaker_vds_client -- -j12 -l12
[2.847s] DEBUG:colcon.colcon_core.event_handler.log_command:Invoked command in '/home/amlab/CarMaker_ROS2_Original/ros/ros2_ws/build/hellocm_msgs' returned '0': CMAKE_PREFIX_PATH=${CMAKE_PREFIX_PATH}:/opt/ros/galactic /usr/bin/cmake --build /home/amlab/CarMaker_ROS2_Original/ros/ros2_ws/build/hellocm_msgs -- -j12 -l12
[2.863s] Level 1:colcon.colcon_core.environment:create_environment_scripts_only(cmrosutils)
[2.864s] DEBUG:colcon.colcon_core.event_handler.log_command:Invoked command in '/home/amlab/CarMaker_ROS2_Original/ros/ros2_ws/build/cmrosutils' returned '0': CMAKE_PREFIX_PATH=${CMAKE_PREFIX_PATH}:/opt/ros/galactic /usr/bin/cmake --install /home/amlab/CarMaker_ROS2_Original/ros/ros2_ws/build/cmrosutils
[2.886s] Level 1:colcon.colcon_core.environment:checking '/home/amlab/CarMaker_ROS2_Original/ros/ros2_ws/install/cmrosutils' for CMake module files
[2.886s] Level 1:colcon.colcon_core.environment:checking '/home/amlab/CarMaker_ROS2_Original/ros/ros2_ws/install/cmrosutils' for CMake config files
[2.886s] Level 1:colcon.colcon_core.shell:create_environment_hook('cmrosutils', 'cmake_prefix_path')
[2.905s] INFO:colcon.colcon_core.shell:Creating environment hook '/home/amlab/CarMaker_ROS2_Original/ros/ros2_ws/install/cmrosutils/share/cmrosutils/hook/cmake_prefix_path.ps1'
[2.905s] INFO:colcon.colcon_core.shell:Creating environment descriptor '/home/amlab/CarMaker_ROS2_Original/ros/ros2_ws/install/cmrosutils/share/cmrosutils/hook/cmake_prefix_path.dsv'
[2.905s] INFO:colcon.colcon_core.shell:Creating environment hook '/home/amlab/CarMaker_ROS2_Original/ros/ros2_ws/install/cmrosutils/share/cmrosutils/hook/cmake_prefix_path.sh'
[2.906s] Level 1:colcon.colcon_core.environment:checking '/home/amlab/CarMaker_ROS2_Original/ros/ros2_ws/install/cmrosutils/lib'
[2.906s] Level 1:colcon.colcon_core.shell:create_environment_hook('cmrosutils', 'ld_library_path_lib')
[2.925s] INFO:colcon.colcon_core.shell:Creating environment hook '/home/amlab/CarMaker_ROS2_Original/ros/ros2_ws/install/cmrosutils/share/cmrosutils/hook/ld_library_path_lib.ps1'
[2.925s] INFO:colcon.colcon_core.shell:Creating environment descriptor '/home/amlab/CarMaker_ROS2_Original/ros/ros2_ws/install/cmrosutils/share/cmrosutils/hook/ld_library_path_lib.dsv'
[2.925s] INFO:colcon.colcon_core.shell:Creating environment hook '/home/amlab/CarMaker_ROS2_Original/ros/ros2_ws/install/cmrosutils/share/cmrosutils/hook/ld_library_path_lib.sh'
[2.925s] Level 1:colcon.colcon_core.environment:checking '/home/amlab/CarMaker_ROS2_Original/ros/ros2_ws/install/cmrosutils/bin'
[2.925s] Level 1:colcon.colcon_core.environment:checking '/home/amlab/CarMaker_ROS2_Original/ros/ros2_ws/install/cmrosutils/lib/pkgconfig/cmrosutils.pc'
[2.925s] Level 1:colcon.colcon_core.environment:checking '/home/amlab/CarMaker_ROS2_Original/ros/ros2_ws/install/cmrosutils/lib/python3.8/site-packages'
[2.925s] Level 1:colcon.colcon_core.shell:create_environment_hook('cmrosutils', 'pythonpath')
[2.944s] INFO:colcon.colcon_core.shell:Creating environment hook '/home/amlab/CarMaker_ROS2_Original/ros/ros2_ws/install/cmrosutils/share/cmrosutils/hook/pythonpath.ps1'
[2.944s] INFO:colcon.colcon_core.shell:Creating environment descriptor '/home/amlab/CarMaker_ROS2_Original/ros/ros2_ws/install/cmrosutils/share/cmrosutils/hook/pythonpath.dsv'
[2.944s] INFO:colcon.colcon_core.shell:Creating environment hook '/home/amlab/CarMaker_ROS2_Original/ros/ros2_ws/install/cmrosutils/share/cmrosutils/hook/pythonpath.sh'
[2.945s] Level 1:colcon.colcon_core.environment:checking '/home/amlab/CarMaker_ROS2_Original/ros/ros2_ws/install/cmrosutils/bin'
[2.964s] INFO:colcon.colcon_core.shell:Creating package script '/home/amlab/CarMaker_ROS2_Original/ros/ros2_ws/install/cmrosutils/share/cmrosutils/package.ps1'
[2.964s] INFO:colcon.colcon_core.shell:Creating package descriptor '/home/amlab/CarMaker_ROS2_Original/ros/ros2_ws/install/cmrosutils/share/cmrosutils/package.dsv'
[2.964s] INFO:colcon.colcon_core.shell:Creating package script '/home/amlab/CarMaker_ROS2_Original/ros/ros2_ws/install/cmrosutils/share/cmrosutils/package.sh'
[2.965s] INFO:colcon.colcon_core.shell:Creating package script '/home/amlab/CarMaker_ROS2_Original/ros/ros2_ws/install/cmrosutils/share/cmrosutils/package.bash'
[2.965s] INFO:colcon.colcon_core.shell:Creating package script '/home/amlab/CarMaker_ROS2_Original/ros/ros2_ws/install/cmrosutils/share/cmrosutils/package.zsh'
[2.965s] Level 1:colcon.colcon_core.environment:create_file_with_runtime_dependencies(/home/amlab/CarMaker_ROS2_Original/ros/ros2_ws/install/cmrosutils/share/colcon-core/packages/cmrosutils)
[2.969s] DEBUG:colcon.colcon_core.event_handler.log_command:Invoking command in '/home/amlab/CarMaker_ROS2_Original/ros/ros2_ws/build/custom_msgs': CMAKE_PREFIX_PATH=${CMAKE_PREFIX_PATH}:/opt/ros/galactic /usr/bin/cmake --install /home/amlab/CarMaker_ROS2_Original/ros/ros2_ws/build/custom_msgs
[2.970s] DEBUG:colcon.colcon_core.event_handler.log_command:Invoking command in '/home/amlab/CarMaker_ROS2_Original/ros/ros2_ws/build/hellocm_msgs': CMAKE_PREFIX_PATH=${CMAKE_PREFIX_PATH}:/opt/ros/galactic /usr/bin/cmake --install /home/amlab/CarMaker_ROS2_Original/ros/ros2_ws/build/hellocm_msgs
[2.972s] DEBUG:colcon.colcon_core.event_handler.log_command:Invoked command in '/home/amlab/CarMaker_ROS2_Original/ros/ros2_ws/build/carmaker_vds_client' returned '0': CMAKE_PREFIX_PATH=${CMAKE_PREFIX_PATH}:/opt/ros/galactic /usr/bin/cmake --build /home/amlab/CarMaker_ROS2_Original/ros/ros2_ws/build/carmaker_vds_client -- -j12 -l12
[2.988s] DEBUG:colcon.colcon_core.event_handler.log_command:Invoking command in '/home/amlab/CarMaker_ROS2_Original/ros/ros2_ws/build/carmaker_vds_client': CMAKE_PREFIX_PATH=${CMAKE_PREFIX_PATH}:/opt/ros/galactic /usr/bin/cmake --install /home/amlab/CarMaker_ROS2_Original/ros/ros2_ws/build/carmaker_vds_client
[3.034s] Level 1:colcon.colcon_core.environment:create_environment_scripts_only(cmrosutils)
[3.060s] Level 1:colcon.colcon_core.environment:checking '/home/amlab/CarMaker_ROS2_Original/ros/ros2_ws/install/cmrosutils' for CMake module files
[3.061s] Level 1:colcon.colcon_core.environment:checking '/home/amlab/CarMaker_ROS2_Original/ros/ros2_ws/install/cmrosutils' for CMake config files
[3.061s] Level 1:colcon.colcon_core.shell:create_environment_hook('cmrosutils', 'cmake_prefix_path')
[3.079s] INFO:colcon.colcon_core.shell:Creating environment hook '/home/amlab/CarMaker_ROS2_Original/ros/ros2_ws/install/cmrosutils/share/cmrosutils/hook/cmake_prefix_path.ps1'
[3.080s] INFO:colcon.colcon_core.shell:Creating environment descriptor '/home/amlab/CarMaker_ROS2_Original/ros/ros2_ws/install/cmrosutils/share/cmrosutils/hook/cmake_prefix_path.dsv'
[3.080s] INFO:colcon.colcon_core.shell:Creating environment hook '/home/amlab/CarMaker_ROS2_Original/ros/ros2_ws/install/cmrosutils/share/cmrosutils/hook/cmake_prefix_path.sh'
[3.080s] Level 1:colcon.colcon_core.environment:checking '/home/amlab/CarMaker_ROS2_Original/ros/ros2_ws/install/cmrosutils/lib'
[3.080s] Level 1:colcon.colcon_core.shell:create_environment_hook('cmrosutils', 'ld_library_path_lib')
[3.106s] INFO:colcon.colcon_core.shell:Creating environment hook '/home/amlab/CarMaker_ROS2_Original/ros/ros2_ws/install/cmrosutils/share/cmrosutils/hook/ld_library_path_lib.ps1'
[3.106s] INFO:colcon.colcon_core.shell:Creating environment descriptor '/home/amlab/CarMaker_ROS2_Original/ros/ros2_ws/install/cmrosutils/share/cmrosutils/hook/ld_library_path_lib.dsv'
[3.107s] INFO:colcon.colcon_core.shell:Creating environment hook '/home/amlab/CarMaker_ROS2_Original/ros/ros2_ws/install/cmrosutils/share/cmrosutils/hook/ld_library_path_lib.sh'
[3.107s] Level 1:colcon.colcon_core.environment:checking '/home/amlab/CarMaker_ROS2_Original/ros/ros2_ws/install/cmrosutils/bin'
[3.107s] Level 1:colcon.colcon_core.environment:checking '/home/amlab/CarMaker_ROS2_Original/ros/ros2_ws/install/cmrosutils/lib/pkgconfig/cmrosutils.pc'
[3.107s] Level 1:colcon.colcon_core.environment:checking '/home/amlab/CarMaker_ROS2_Original/ros/ros2_ws/install/cmrosutils/lib/python3.8/site-packages'
[3.107s] Level 1:colcon.colcon_core.shell:create_environment_hook('cmrosutils', 'pythonpath')
[3.126s] INFO:colcon.colcon_core.shell:Creating environment hook '/home/amlab/CarMaker_ROS2_Original/ros/ros2_ws/install/cmrosutils/share/cmrosutils/hook/pythonpath.ps1'
[3.126s] INFO:colcon.colcon_core.shell:Creating environment descriptor '/home/amlab/CarMaker_ROS2_Original/ros/ros2_ws/install/cmrosutils/share/cmrosutils/hook/pythonpath.dsv'
[3.126s] INFO:colcon.colcon_core.shell:Creating environment hook '/home/amlab/CarMaker_ROS2_Original/ros/ros2_ws/install/cmrosutils/share/cmrosutils/hook/pythonpath.sh'
[3.127s] Level 1:colcon.colcon_core.environment:checking '/home/amlab/CarMaker_ROS2_Original/ros/ros2_ws/install/cmrosutils/bin'
[3.144s] INFO:colcon.colcon_core.shell:Creating package script '/home/amlab/CarMaker_ROS2_Original/ros/ros2_ws/install/cmrosutils/share/cmrosutils/package.ps1'
[3.145s] INFO:colcon.colcon_core.shell:Creating package descriptor '/home/amlab/CarMaker_ROS2_Original/ros/ros2_ws/install/cmrosutils/share/cmrosutils/package.dsv'
[3.145s] INFO:colcon.colcon_core.shell:Creating package script '/home/amlab/CarMaker_ROS2_Original/ros/ros2_ws/install/cmrosutils/share/cmrosutils/package.sh'
[3.145s] INFO:colcon.colcon_core.shell:Creating package script '/home/amlab/CarMaker_ROS2_Original/ros/ros2_ws/install/cmrosutils/share/cmrosutils/package.bash'
[3.145s] INFO:colcon.colcon_core.shell:Creating package script '/home/amlab/CarMaker_ROS2_Original/ros/ros2_ws/install/cmrosutils/share/cmrosutils/package.zsh'
[3.146s] Level 1:colcon.colcon_core.environment:create_file_with_runtime_dependencies(/home/amlab/CarMaker_ROS2_Original/ros/ros2_ws/install/cmrosutils/share/colcon-core/packages/cmrosutils)
[3.147s] Level 1:colcon.colcon_core.environment:create_environment_scripts_only(carmaker_vds_client)
[3.147s] DEBUG:colcon.colcon_core.event_handler.log_command:Invoked command in '/home/amlab/CarMaker_ROS2_Original/ros/ros2_ws/build/carmaker_vds_client' returned '0': CMAKE_PREFIX_PATH=${CMAKE_PREFIX_PATH}:/opt/ros/galactic /usr/bin/cmake --install /home/amlab/CarMaker_ROS2_Original/ros/ros2_ws/build/carmaker_vds_client
[3.165s] Level 1:colcon.colcon_core.environment:checking '/home/amlab/CarMaker_ROS2_Original/ros/ros2_ws/install/carmaker_vds_client' for CMake module files
[3.166s] Level 1:colcon.colcon_core.environment:checking '/home/amlab/CarMaker_ROS2_Original/ros/ros2_ws/install/carmaker_vds_client' for CMake config files
[3.166s] Level 1:colcon.colcon_core.shell:create_environment_hook('carmaker_vds_client', 'cmake_prefix_path')
[3.184s] INFO:colcon.colcon_core.shell:Creating environment hook '/home/amlab/CarMaker_ROS2_Original/ros/ros2_ws/install/carmaker_vds_client/share/carmaker_vds_client/hook/cmake_prefix_path.ps1'
[3.184s] INFO:colcon.colcon_core.shell:Creating environment descriptor '/home/amlab/CarMaker_ROS2_Original/ros/ros2_ws/install/carmaker_vds_client/share/carmaker_vds_client/hook/cmake_prefix_path.dsv'
[3.184s] INFO:colcon.colcon_core.shell:Creating environment hook '/home/amlab/CarMaker_ROS2_Original/ros/ros2_ws/install/carmaker_vds_client/share/carmaker_vds_client/hook/cmake_prefix_path.sh'
[3.185s] Level 1:colcon.colcon_core.environment:checking '/home/amlab/CarMaker_ROS2_Original/ros/ros2_ws/install/carmaker_vds_client/lib'
[3.185s] Level 1:colcon.colcon_core.environment:checking '/home/amlab/CarMaker_ROS2_Original/ros/ros2_ws/install/carmaker_vds_client/bin'
[3.185s] Level 1:colcon.colcon_core.environment:checking '/home/amlab/CarMaker_ROS2_Original/ros/ros2_ws/install/carmaker_vds_client/lib/pkgconfig/carmaker_vds_client.pc'
[3.185s] Level 1:colcon.colcon_core.environment:checking '/home/amlab/CarMaker_ROS2_Original/ros/ros2_ws/install/carmaker_vds_client/lib/python3.8/site-packages'
[3.185s] Level 1:colcon.colcon_core.environment:checking '/home/amlab/CarMaker_ROS2_Original/ros/ros2_ws/install/carmaker_vds_client/bin'
[3.203s] INFO:colcon.colcon_core.shell:Creating package script '/home/amlab/CarMaker_ROS2_Original/ros/ros2_ws/install/carmaker_vds_client/share/carmaker_vds_client/package.ps1'
[3.204s] INFO:colcon.colcon_core.shell:Creating package descriptor '/home/amlab/CarMaker_ROS2_Original/ros/ros2_ws/install/carmaker_vds_client/share/carmaker_vds_client/package.dsv'
[3.204s] INFO:colcon.colcon_core.shell:Creating package script '/home/amlab/CarMaker_ROS2_Original/ros/ros2_ws/install/carmaker_vds_client/share/carmaker_vds_client/package.sh'
[3.204s] INFO:colcon.colcon_core.shell:Creating package script '/home/amlab/CarMaker_ROS2_Original/ros/ros2_ws/install/carmaker_vds_client/share/carmaker_vds_client/package.bash'
[3.204s] INFO:colcon.colcon_core.shell:Creating package script '/home/amlab/CarMaker_ROS2_Original/ros/ros2_ws/install/carmaker_vds_client/share/carmaker_vds_client/package.zsh'
[3.204s] Level 1:colcon.colcon_core.environment:create_file_with_runtime_dependencies(/home/amlab/CarMaker_ROS2_Original/ros/ros2_ws/install/carmaker_vds_client/share/colcon-core/packages/carmaker_vds_client)
[3.206s] Level 1:colcon.colcon_core.environment:create_environment_scripts_only(custom_msgs)
[3.206s] DEBUG:colcon.colcon_core.event_handler.log_command:Invoked command in '/home/amlab/CarMaker_ROS2_Original/ros/ros2_ws/build/custom_msgs' returned '0': CMAKE_PREFIX_PATH=${CMAKE_PREFIX_PATH}:/opt/ros/galactic /usr/bin/cmake --install /home/amlab/CarMaker_ROS2_Original/ros/ros2_ws/build/custom_msgs
[3.225s] Level 1:colcon.colcon_core.environment:checking '/home/amlab/CarMaker_ROS2_Original/ros/ros2_ws/install/custom_msgs' for CMake module files
[3.226s] Level 1:colcon.colcon_core.environment:checking '/home/amlab/CarMaker_ROS2_Original/ros/ros2_ws/install/custom_msgs' for CMake config files
[3.226s] Level 1:colcon.colcon_core.shell:create_environment_hook('custom_msgs', 'cmake_prefix_path')
[3.244s] INFO:colcon.colcon_core.shell:Creating environment hook '/home/amlab/CarMaker_ROS2_Original/ros/ros2_ws/install/custom_msgs/share/custom_msgs/hook/cmake_prefix_path.ps1'
[3.245s] INFO:colcon.colcon_core.shell:Creating environment descriptor '/home/amlab/CarMaker_ROS2_Original/ros/ros2_ws/install/custom_msgs/share/custom_msgs/hook/cmake_prefix_path.dsv'
[3.245s] INFO:colcon.colcon_core.shell:Creating environment hook '/home/amlab/CarMaker_ROS2_Original/ros/ros2_ws/install/custom_msgs/share/custom_msgs/hook/cmake_prefix_path.sh'
[3.245s] Level 1:colcon.colcon_core.environment:checking '/home/amlab/CarMaker_ROS2_Original/ros/ros2_ws/install/custom_msgs/lib'
[3.245s] Level 1:colcon.colcon_core.shell:create_environment_hook('custom_msgs', 'ld_library_path_lib')
[3.264s] INFO:colcon.colcon_core.shell:Creating environment hook '/home/amlab/CarMaker_ROS2_Original/ros/ros2_ws/install/custom_msgs/share/custom_msgs/hook/ld_library_path_lib.ps1'
[3.264s] INFO:colcon.colcon_core.shell:Creating environment descriptor '/home/amlab/CarMaker_ROS2_Original/ros/ros2_ws/install/custom_msgs/share/custom_msgs/hook/ld_library_path_lib.dsv'
[3.264s] INFO:colcon.colcon_core.shell:Creating environment hook '/home/amlab/CarMaker_ROS2_Original/ros/ros2_ws/install/custom_msgs/share/custom_msgs/hook/ld_library_path_lib.sh'
[3.264s] Level 1:colcon.colcon_core.environment:checking '/home/amlab/CarMaker_ROS2_Original/ros/ros2_ws/install/custom_msgs/bin'
[3.264s] Level 1:colcon.colcon_core.environment:checking '/home/amlab/CarMaker_ROS2_Original/ros/ros2_ws/install/custom_msgs/lib/pkgconfig/custom_msgs.pc'
[3.264s] Level 1:colcon.colcon_core.environment:checking '/home/amlab/CarMaker_ROS2_Original/ros/ros2_ws/install/custom_msgs/lib/python3.8/site-packages'
[3.264s] Level 1:colcon.colcon_core.shell:create_environment_hook('custom_msgs', 'pythonpath')
[3.283s] INFO:colcon.colcon_core.shell:Creating environment hook '/home/amlab/CarMaker_ROS2_Original/ros/ros2_ws/install/custom_msgs/share/custom_msgs/hook/pythonpath.ps1'
[3.283s] INFO:colcon.colcon_core.shell:Creating environment descriptor '/home/amlab/CarMaker_ROS2_Original/ros/ros2_ws/install/custom_msgs/share/custom_msgs/hook/pythonpath.dsv'
[3.283s] INFO:colcon.colcon_core.shell:Creating environment hook '/home/amlab/CarMaker_ROS2_Original/ros/ros2_ws/install/custom_msgs/share/custom_msgs/hook/pythonpath.sh'
[3.284s] Level 1:colcon.colcon_core.environment:checking '/home/amlab/CarMaker_ROS2_Original/ros/ros2_ws/install/custom_msgs/bin'
[3.302s] INFO:colcon.colcon_core.shell:Creating package script '/home/amlab/CarMaker_ROS2_Original/ros/ros2_ws/install/custom_msgs/share/custom_msgs/package.ps1'
[3.302s] INFO:colcon.colcon_core.shell:Creating package descriptor '/home/amlab/CarMaker_ROS2_Original/ros/ros2_ws/install/custom_msgs/share/custom_msgs/package.dsv'
[3.303s] INFO:colcon.colcon_core.shell:Creating package script '/home/amlab/CarMaker_ROS2_Original/ros/ros2_ws/install/custom_msgs/share/custom_msgs/package.sh'
[3.303s] INFO:colcon.colcon_core.shell:Creating package script '/home/amlab/CarMaker_ROS2_Original/ros/ros2_ws/install/custom_msgs/share/custom_msgs/package.bash'
[3.303s] INFO:colcon.colcon_core.shell:Creating package script '/home/amlab/CarMaker_ROS2_Original/ros/ros2_ws/install/custom_msgs/share/custom_msgs/package.zsh'
[3.303s] Level 1:colcon.colcon_core.environment:create_file_with_runtime_dependencies(/home/amlab/CarMaker_ROS2_Original/ros/ros2_ws/install/custom_msgs/share/colcon-core/packages/custom_msgs)
[3.305s] Level 1:colcon.colcon_core.environment:create_environment_scripts_only(hellocm_msgs)
[3.306s] DEBUG:colcon.colcon_core.event_handler.log_command:Invoked command in '/home/amlab/CarMaker_ROS2_Original/ros/ros2_ws/build/hellocm_msgs' returned '0': CMAKE_PREFIX_PATH=${CMAKE_PREFIX_PATH}:/opt/ros/galactic /usr/bin/cmake --install /home/amlab/CarMaker_ROS2_Original/ros/ros2_ws/build/hellocm_msgs
[3.325s] Level 1:colcon.colcon_core.environment:checking '/home/amlab/CarMaker_ROS2_Original/ros/ros2_ws/install/hellocm_msgs' for CMake module files
[3.325s] Level 1:colcon.colcon_core.environment:checking '/home/amlab/CarMaker_ROS2_Original/ros/ros2_ws/install/hellocm_msgs' for CMake config files
[3.326s] Level 1:colcon.colcon_core.shell:create_environment_hook('hellocm_msgs', 'cmake_prefix_path')
[3.344s] INFO:colcon.colcon_core.shell:Creating environment hook '/home/amlab/CarMaker_ROS2_Original/ros/ros2_ws/install/hellocm_msgs/share/hellocm_msgs/hook/cmake_prefix_path.ps1'
[3.345s] INFO:colcon.colcon_core.shell:Creating environment descriptor '/home/amlab/CarMaker_ROS2_Original/ros/ros2_ws/install/hellocm_msgs/share/hellocm_msgs/hook/cmake_prefix_path.dsv'
[3.345s] INFO:colcon.colcon_core.shell:Creating environment hook '/home/amlab/CarMaker_ROS2_Original/ros/ros2_ws/install/hellocm_msgs/share/hellocm_msgs/hook/cmake_prefix_path.sh'
[3.345s] Level 1:colcon.colcon_core.environment:checking '/home/amlab/CarMaker_ROS2_Original/ros/ros2_ws/install/hellocm_msgs/lib'
[3.345s] Level 1:colcon.colcon_core.shell:create_environment_hook('hellocm_msgs', 'ld_library_path_lib')
[3.364s] INFO:colcon.colcon_core.shell:Creating environment hook '/home/amlab/CarMaker_ROS2_Original/ros/ros2_ws/install/hellocm_msgs/share/hellocm_msgs/hook/ld_library_path_lib.ps1'
[3.364s] INFO:colcon.colcon_core.shell:Creating environment descriptor '/home/amlab/CarMaker_ROS2_Original/ros/ros2_ws/install/hellocm_msgs/share/hellocm_msgs/hook/ld_library_path_lib.dsv'
[3.364s] INFO:colcon.colcon_core.shell:Creating environment hook '/home/amlab/CarMaker_ROS2_Original/ros/ros2_ws/install/hellocm_msgs/share/hellocm_msgs/hook/ld_library_path_lib.sh'
[3.364s] Level 1:colcon.colcon_core.environment:checking '/home/amlab/CarMaker_ROS2_Original/ros/ros2_ws/install/hellocm_msgs/bin'
[3.364s] Level 1:colcon.colcon_core.environment:checking '/home/amlab/CarMaker_ROS2_Original/ros/ros2_ws/install/hellocm_msgs/lib/pkgconfig/hellocm_msgs.pc'
[3.365s] Level 1:colcon.colcon_core.environment:checking '/home/amlab/CarMaker_ROS2_Original/ros/ros2_ws/install/hellocm_msgs/lib/python3.8/site-packages'
[3.365s] Level 1:colcon.colcon_core.shell:create_environment_hook('hellocm_msgs', 'pythonpath')
[3.383s] INFO:colcon.colcon_core.shell:Creating environment hook '/home/amlab/CarMaker_ROS2_Original/ros/ros2_ws/install/hellocm_msgs/share/hellocm_msgs/hook/pythonpath.ps1'
[3.383s] INFO:colcon.colcon_core.shell:Creating environment descriptor '/home/amlab/CarMaker_ROS2_Original/ros/ros2_ws/install/hellocm_msgs/share/hellocm_msgs/hook/pythonpath.dsv'
[3.383s] INFO:colcon.colcon_core.shell:Creating environment hook '/home/amlab/CarMaker_ROS2_Original/ros/ros2_ws/install/hellocm_msgs/share/hellocm_msgs/hook/pythonpath.sh'
[3.384s] Level 1:colcon.colcon_core.environment:checking '/home/amlab/CarMaker_ROS2_Original/ros/ros2_ws/install/hellocm_msgs/bin'
[3.402s] INFO:colcon.colcon_core.shell:Creating package script '/home/amlab/CarMaker_ROS2_Original/ros/ros2_ws/install/hellocm_msgs/share/hellocm_msgs/package.ps1'
[3.403s] INFO:colcon.colcon_core.shell:Creating package descriptor '/home/amlab/CarMaker_ROS2_Original/ros/ros2_ws/install/hellocm_msgs/share/hellocm_msgs/package.dsv'
[3.403s] INFO:colcon.colcon_core.shell:Creating package script '/home/amlab/CarMaker_ROS2_Original/ros/ros2_ws/install/hellocm_msgs/share/hellocm_msgs/package.sh'
[3.403s] INFO:colcon.colcon_core.shell:Creating package script '/home/amlab/CarMaker_ROS2_Original/ros/ros2_ws/install/hellocm_msgs/share/hellocm_msgs/package.bash'
[3.403s] INFO:colcon.colcon_core.shell:Creating package script '/home/amlab/CarMaker_ROS2_Original/ros/ros2_ws/install/hellocm_msgs/share/hellocm_msgs/package.zsh'
[3.403s] Level 1:colcon.colcon_core.environment:create_file_with_runtime_dependencies(/home/amlab/CarMaker_ROS2_Original/ros/ros2_ws/install/hellocm_msgs/share/colcon-core/packages/hellocm_msgs)
[3.405s] DEBUG:colcon.colcon_core.event_handler.log_command:Invoked command in '/home/amlab/CarMaker_ROS2_Original/ros/ros2_ws/build/cm_control_example' returned '0': CMAKE_PREFIX_PATH=${CMAKE_PREFIX_PATH}:/opt/ros/galactic /usr/bin/cmake /home/amlab/CarMaker_ROS2_Original/ros/ros2_ws/src/cm_control_example -DCMAKE_INSTALL_PREFIX=/home/amlab/CarMaker_ROS2_Original/ros/ros2_ws/install/cm_control_example
[3.407s] DEBUG:colcon.colcon_core.event_handler.log_command:Invoking command in '/home/amlab/CarMaker_ROS2_Original/ros/ros2_ws/build/cm_control_example': CMAKE_PREFIX_PATH=${CMAKE_PREFIX_PATH}:/opt/ros/galactic /usr/bin/cmake --build /home/amlab/CarMaker_ROS2_Original/ros/ros2_ws/build/cm_control_example -- -j12 -l12
[3.435s] Level 1:colcon.colcon_core.environment:create_environment_scripts_only(carmaker_vds_client)
[3.455s] Level 1:colcon.colcon_core.environment:checking '/home/amlab/CarMaker_ROS2_Original/ros/ros2_ws/install/carmaker_vds_client' for CMake module files
[3.456s] Level 1:colcon.colcon_core.environment:checking '/home/amlab/CarMaker_ROS2_Original/ros/ros2_ws/install/carmaker_vds_client' for CMake config files
[3.456s] Level 1:colcon.colcon_core.shell:create_environment_hook('carmaker_vds_client', 'cmake_prefix_path')
[3.474s] INFO:colcon.colcon_core.shell:Creating environment hook '/home/amlab/CarMaker_ROS2_Original/ros/ros2_ws/install/carmaker_vds_client/share/carmaker_vds_client/hook/cmake_prefix_path.ps1'
[3.475s] INFO:colcon.colcon_core.shell:Creating environment descriptor '/home/amlab/CarMaker_ROS2_Original/ros/ros2_ws/install/carmaker_vds_client/share/carmaker_vds_client/hook/cmake_prefix_path.dsv'
[3.475s] INFO:colcon.colcon_core.shell:Creating environment hook '/home/amlab/CarMaker_ROS2_Original/ros/ros2_ws/install/carmaker_vds_client/share/carmaker_vds_client/hook/cmake_prefix_path.sh'
[3.476s] Level 1:colcon.colcon_core.environment:checking '/home/amlab/CarMaker_ROS2_Original/ros/ros2_ws/install/carmaker_vds_client/lib'
[3.476s] Level 1:colcon.colcon_core.environment:checking '/home/amlab/CarMaker_ROS2_Original/ros/ros2_ws/install/carmaker_vds_client/bin'
[3.476s] Level 1:colcon.colcon_core.environment:checking '/home/amlab/CarMaker_ROS2_Original/ros/ros2_ws/install/carmaker_vds_client/lib/pkgconfig/carmaker_vds_client.pc'
[3.476s] Level 1:colcon.colcon_core.environment:checking '/home/amlab/CarMaker_ROS2_Original/ros/ros2_ws/install/carmaker_vds_client/lib/python3.8/site-packages'
[3.476s] Level 1:colcon.colcon_core.environment:checking '/home/amlab/CarMaker_ROS2_Original/ros/ros2_ws/install/carmaker_vds_client/bin'
[3.495s] INFO:colcon.colcon_core.shell:Creating package script '/home/amlab/CarMaker_ROS2_Original/ros/ros2_ws/install/carmaker_vds_client/share/carmaker_vds_client/package.ps1'
[3.496s] INFO:colcon.colcon_core.shell:Creating package descriptor '/home/amlab/CarMaker_ROS2_Original/ros/ros2_ws/install/carmaker_vds_client/share/carmaker_vds_client/package.dsv'
[3.496s] INFO:colcon.colcon_core.shell:Creating package script '/home/amlab/CarMaker_ROS2_Original/ros/ros2_ws/install/carmaker_vds_client/share/carmaker_vds_client/package.sh'
[3.496s] INFO:colcon.colcon_core.shell:Creating package script '/home/amlab/CarMaker_ROS2_Original/ros/ros2_ws/install/carmaker_vds_client/share/carmaker_vds_client/package.bash'
[3.496s] INFO:colcon.colcon_core.shell:Creating package script '/home/amlab/CarMaker_ROS2_Original/ros/ros2_ws/install/carmaker_vds_client/share/carmaker_vds_client/package.zsh'
[3.497s] Level 1:colcon.colcon_core.environment:create_file_with_runtime_dependencies(/home/amlab/CarMaker_ROS2_Original/ros/ros2_ws/install/carmaker_vds_client/share/colcon-core/packages/carmaker_vds_client)
[3.515s] Level 1:colcon.colcon_core.environment:create_environment_scripts_only(custom_msgs)
[3.534s] Level 1:colcon.colcon_core.environment:checking '/home/amlab/CarMaker_ROS2_Original/ros/ros2_ws/install/custom_msgs' for CMake module files
[3.535s] Level 1:colcon.colcon_core.environment:checking '/home/amlab/CarMaker_ROS2_Original/ros/ros2_ws/install/custom_msgs' for CMake config files
[3.535s] Level 1:colcon.colcon_core.shell:create_environment_hook('custom_msgs', 'cmake_prefix_path')
[3.554s] INFO:colcon.colcon_core.shell:Creating environment hook '/home/amlab/CarMaker_ROS2_Original/ros/ros2_ws/install/custom_msgs/share/custom_msgs/hook/cmake_prefix_path.ps1'
[3.554s] INFO:colcon.colcon_core.shell:Creating environment descriptor '/home/amlab/CarMaker_ROS2_Original/ros/ros2_ws/install/custom_msgs/share/custom_msgs/hook/cmake_prefix_path.dsv'
[3.554s] INFO:colcon.colcon_core.shell:Creating environment hook '/home/amlab/CarMaker_ROS2_Original/ros/ros2_ws/install/custom_msgs/share/custom_msgs/hook/cmake_prefix_path.sh'
[3.554s] Level 1:colcon.colcon_core.environment:checking '/home/amlab/CarMaker_ROS2_Original/ros/ros2_ws/install/custom_msgs/lib'
[3.554s] Level 1:colcon.colcon_core.shell:create_environment_hook('custom_msgs', 'ld_library_path_lib')
[3.573s] INFO:colcon.colcon_core.shell:Creating environment hook '/home/amlab/CarMaker_ROS2_Original/ros/ros2_ws/install/custom_msgs/share/custom_msgs/hook/ld_library_path_lib.ps1'
[3.573s] INFO:colcon.colcon_core.shell:Creating environment descriptor '/home/amlab/CarMaker_ROS2_Original/ros/ros2_ws/install/custom_msgs/share/custom_msgs/hook/ld_library_path_lib.dsv'
[3.574s] INFO:colcon.colcon_core.shell:Creating environment hook '/home/amlab/CarMaker_ROS2_Original/ros/ros2_ws/install/custom_msgs/share/custom_msgs/hook/ld_library_path_lib.sh'
[3.574s] Level 1:colcon.colcon_core.environment:checking '/home/amlab/CarMaker_ROS2_Original/ros/ros2_ws/install/custom_msgs/bin'
[3.574s] Level 1:colcon.colcon_core.environment:checking '/home/amlab/CarMaker_ROS2_Original/ros/ros2_ws/install/custom_msgs/lib/pkgconfig/custom_msgs.pc'
[3.574s] Level 1:colcon.colcon_core.environment:checking '/home/amlab/CarMaker_ROS2_Original/ros/ros2_ws/install/custom_msgs/lib/python3.8/site-packages'
[3.574s] Level 1:colcon.colcon_core.shell:create_environment_hook('custom_msgs', 'pythonpath')
[3.593s] INFO:colcon.colcon_core.shell:Creating environment hook '/home/amlab/CarMaker_ROS2_Original/ros/ros2_ws/install/custom_msgs/share/custom_msgs/hook/pythonpath.ps1'
[3.593s] INFO:colcon.colcon_core.shell:Creating environment descriptor '/home/amlab/CarMaker_ROS2_Original/ros/ros2_ws/install/custom_msgs/share/custom_msgs/hook/pythonpath.dsv'
[3.593s] INFO:colcon.colcon_core.shell:Creating environment hook '/home/amlab/CarMaker_ROS2_Original/ros/ros2_ws/install/custom_msgs/share/custom_msgs/hook/pythonpath.sh'
[3.593s] Level 1:colcon.colcon_core.environment:checking '/home/amlab/CarMaker_ROS2_Original/ros/ros2_ws/install/custom_msgs/bin'
[3.612s] INFO:colcon.colcon_core.shell:Creating package script '/home/amlab/CarMaker_ROS2_Original/ros/ros2_ws/install/custom_msgs/share/custom_msgs/package.ps1'
[3.612s] INFO:colcon.colcon_core.shell:Creating package descriptor '/home/amlab/CarMaker_ROS2_Original/ros/ros2_ws/install/custom_msgs/share/custom_msgs/package.dsv'
[3.613s] INFO:colcon.colcon_core.shell:Creating package script '/home/amlab/CarMaker_ROS2_Original/ros/ros2_ws/install/custom_msgs/share/custom_msgs/package.sh'
[3.613s] INFO:colcon.colcon_core.shell:Creating package script '/home/amlab/CarMaker_ROS2_Original/ros/ros2_ws/install/custom_msgs/share/custom_msgs/package.bash'
[3.613s] INFO:colcon.colcon_core.shell:Creating package script '/home/amlab/CarMaker_ROS2_Original/ros/ros2_ws/install/custom_msgs/share/custom_msgs/package.zsh'
[3.613s] Level 1:colcon.colcon_core.environment:create_file_with_runtime_dependencies(/home/amlab/CarMaker_ROS2_Original/ros/ros2_ws/install/custom_msgs/share/colcon-core/packages/custom_msgs)
[3.614s] DEBUG:colcon.colcon_core.event_handler.log_command:Invoked command in '/home/amlab/CarMaker_ROS2_Original/ros/ros2_ws/build/cm_control_example' returned '2': CMAKE_PREFIX_PATH=${CMAKE_PREFIX_PATH}:/opt/ros/galactic /usr/bin/cmake --build /home/amlab/CarMaker_ROS2_Original/ros/ros2_ws/build/cm_control_example -- -j12 -l12
[3.635s] Level 1:colcon.colcon_core.environment:create_environment_scripts_only(hellocm_msgs)
[3.655s] Level 1:colcon.colcon_core.environment:checking '/home/amlab/CarMaker_ROS2_Original/ros/ros2_ws/install/hellocm_msgs' for CMake module files
[3.655s] Level 1:colcon.colcon_core.environment:checking '/home/amlab/CarMaker_ROS2_Original/ros/ros2_ws/install/hellocm_msgs' for CMake config files
[3.656s] Level 1:colcon.colcon_core.shell:create_environment_hook('hellocm_msgs', 'cmake_prefix_path')
[3.674s] INFO:colcon.colcon_core.shell:Creating environment hook '/home/amlab/CarMaker_ROS2_Original/ros/ros2_ws/install/hellocm_msgs/share/hellocm_msgs/hook/cmake_prefix_path.ps1'
[3.674s] INFO:colcon.colcon_core.shell:Creating environment descriptor '/home/amlab/CarMaker_ROS2_Original/ros/ros2_ws/install/hellocm_msgs/share/hellocm_msgs/hook/cmake_prefix_path.dsv'
[3.674s] INFO:colcon.colcon_core.shell:Creating environment hook '/home/amlab/CarMaker_ROS2_Original/ros/ros2_ws/install/hellocm_msgs/share/hellocm_msgs/hook/cmake_prefix_path.sh'
[3.675s] Level 1:colcon.colcon_core.environment:checking '/home/amlab/CarMaker_ROS2_Original/ros/ros2_ws/install/hellocm_msgs/lib'
[3.675s] Level 1:colcon.colcon_core.shell:create_environment_hook('hellocm_msgs', 'ld_library_path_lib')
[3.694s] INFO:colcon.colcon_core.shell:Creating environment hook '/home/amlab/CarMaker_ROS2_Original/ros/ros2_ws/install/hellocm_msgs/share/hellocm_msgs/hook/ld_library_path_lib.ps1'
[3.694s] INFO:colcon.colcon_core.shell:Creating environment descriptor '/home/amlab/CarMaker_ROS2_Original/ros/ros2_ws/install/hellocm_msgs/share/hellocm_msgs/hook/ld_library_path_lib.dsv'
[3.694s] INFO:colcon.colcon_core.shell:Creating environment hook '/home/amlab/CarMaker_ROS2_Original/ros/ros2_ws/install/hellocm_msgs/share/hellocm_msgs/hook/ld_library_path_lib.sh'
[3.694s] Level 1:colcon.colcon_core.environment:checking '/home/amlab/CarMaker_ROS2_Original/ros/ros2_ws/install/hellocm_msgs/bin'
[3.694s] Level 1:colcon.colcon_core.environment:checking '/home/amlab/CarMaker_ROS2_Original/ros/ros2_ws/install/hellocm_msgs/lib/pkgconfig/hellocm_msgs.pc'
[3.695s] Level 1:colcon.colcon_core.environment:checking '/home/amlab/CarMaker_ROS2_Original/ros/ros2_ws/install/hellocm_msgs/lib/python3.8/site-packages'
[3.695s] Level 1:colcon.colcon_core.shell:create_environment_hook('hellocm_msgs', 'pythonpath')
[3.713s] INFO:colcon.colcon_core.shell:Creating environment hook '/home/amlab/CarMaker_ROS2_Original/ros/ros2_ws/install/hellocm_msgs/share/hellocm_msgs/hook/pythonpath.ps1'
[3.714s] INFO:colcon.colcon_core.shell:Creating environment descriptor '/home/amlab/CarMaker_ROS2_Original/ros/ros2_ws/install/hellocm_msgs/share/hellocm_msgs/hook/pythonpath.dsv'
[3.714s] INFO:colcon.colcon_core.shell:Creating environment hook '/home/amlab/CarMaker_ROS2_Original/ros/ros2_ws/install/hellocm_msgs/share/hellocm_msgs/hook/pythonpath.sh'
[3.714s] Level 1:colcon.colcon_core.environment:checking '/home/amlab/CarMaker_ROS2_Original/ros/ros2_ws/install/hellocm_msgs/bin'
[3.733s] INFO:colcon.colcon_core.shell:Creating package script '/home/amlab/CarMaker_ROS2_Original/ros/ros2_ws/install/hellocm_msgs/share/hellocm_msgs/package.ps1'
[3.733s] INFO:colcon.colcon_core.shell:Creating package descriptor '/home/amlab/CarMaker_ROS2_Original/ros/ros2_ws/install/hellocm_msgs/share/hellocm_msgs/package.dsv'
[3.734s] INFO:colcon.colcon_core.shell:Creating package script '/home/amlab/CarMaker_ROS2_Original/ros/ros2_ws/install/hellocm_msgs/share/hellocm_msgs/package.sh'
[3.734s] INFO:colcon.colcon_core.shell:Creating package script '/home/amlab/CarMaker_ROS2_Original/ros/ros2_ws/install/hellocm_msgs/share/hellocm_msgs/package.bash'
[3.734s] INFO:colcon.colcon_core.shell:Creating package script '/home/amlab/CarMaker_ROS2_Original/ros/ros2_ws/install/hellocm_msgs/share/hellocm_msgs/package.zsh'
[3.734s] Level 1:colcon.colcon_core.environment:create_file_with_runtime_dependencies(/home/amlab/CarMaker_ROS2_Original/ros/ros2_ws/install/hellocm_msgs/share/colcon-core/packages/hellocm_msgs)
[3.735s] INFO:colcon.colcon_ros.task.ament_cmake.build:Building ROS package in '/home/amlab/CarMaker_ROS2_Original/ros/ros2_ws/src/hellocm' with build type 'ament_cmake'
[3.735s] INFO:colcon.colcon_cmake.task.cmake.build:Building CMake package in '/home/amlab/CarMaker_ROS2_Original/ros/ros2_ws/src/hellocm'
[3.754s] INFO:colcon.colcon_core.shell:Skip shell extension 'powershell' for command environment: Not usable outside of PowerShell
[3.754s] DEBUG:colcon.colcon_core.shell:Skip shell extension 'dsv' for command environment
[3.832s] Level 1:colcon.colcon_core.environment:create_environment_scripts_only(cm_control_example)
[3.851s] Level 1:colcon.colcon_core.environment:checking '/home/amlab/CarMaker_ROS2_Original/ros/ros2_ws/install/cm_control_example' for CMake module files
[3.851s] Level 1:colcon.colcon_core.environment:checking '/home/amlab/CarMaker_ROS2_Original/ros/ros2_ws/install/cm_control_example' for CMake config files
[3.851s] Level 1:colcon.colcon_core.environment:checking '/home/amlab/CarMaker_ROS2_Original/ros/ros2_ws/install/cm_control_example/bin'
[3.851s] Level 1:colcon.colcon_core.environment:checking '/home/amlab/CarMaker_ROS2_Original/ros/ros2_ws/install/cm_control_example/lib/pkgconfig/cm_control_example.pc'
[3.851s] Level 1:colcon.colcon_core.environment:checking '/home/amlab/CarMaker_ROS2_Original/ros/ros2_ws/install/cm_control_example/lib/python3.8/site-packages'
[3.851s] Level 1:colcon.colcon_core.environment:checking '/home/amlab/CarMaker_ROS2_Original/ros/ros2_ws/install/cm_control_example/bin'
[3.870s] INFO:colcon.colcon_core.shell:Creating package script '/home/amlab/CarMaker_ROS2_Original/ros/ros2_ws/install/cm_control_example/share/cm_control_example/package.ps1'
[3.871s] INFO:colcon.colcon_core.shell:Creating package descriptor '/home/amlab/CarMaker_ROS2_Original/ros/ros2_ws/install/cm_control_example/share/cm_control_example/package.dsv'
[3.871s] INFO:colcon.colcon_core.shell:Creating package script '/home/amlab/CarMaker_ROS2_Original/ros/ros2_ws/install/cm_control_example/share/cm_control_example/package.sh'
[3.871s] INFO:colcon.colcon_core.shell:Creating package script '/home/amlab/CarMaker_ROS2_Original/ros/ros2_ws/install/cm_control_example/share/cm_control_example/package.bash'
[3.871s] INFO:colcon.colcon_core.shell:Creating package script '/home/amlab/CarMaker_ROS2_Original/ros/ros2_ws/install/cm_control_example/share/cm_control_example/package.zsh'
[3.871s] Level 1:colcon.colcon_core.environment:create_file_with_runtime_dependencies(/home/amlab/CarMaker_ROS2_Original/ros/ros2_ws/install/cm_control_example/share/colcon-core/packages/cm_control_example)
[3.882s] DEBUG:colcon.colcon_parallel_executor.executor.parallel:closing loop
[3.882s] DEBUG:colcon.colcon_parallel_executor.executor.parallel:loop closed
[3.882s] DEBUG:colcon.colcon_parallel_executor.executor.parallel:run_until_complete finished with '2'
[3.882s] DEBUG:colcon.colcon_core.event_reactor:joining thread
[3.904s] INFO:colcon.colcon_core.plugin_system:Skipping extension 'colcon_notification.desktop_notification.terminal_notifier': Not used on non-Darwin systems
[3.904s] INFO:colcon.colcon_core.plugin_system:Skipping extension 'colcon_notification.desktop_notification.win32': Not used on non-Windows systems
[3.904s] INFO:colcon.colcon_notification.desktop_notification:Sending desktop notification using 'notify2'
[3.912s] DEBUG:colcon.colcon_core.event_reactor:joined thread
[3.930s] INFO:colcon.colcon_core.shell:Creating prefix script '/home/amlab/CarMaker_ROS2_Original/ros/ros2_ws/install/local_setup.ps1'
[3.931s] INFO:colcon.colcon_core.shell:Creating prefix util module '/home/amlab/CarMaker_ROS2_Original/ros/ros2_ws/install/_local_setup_util_ps1.py'
[3.932s] INFO:colcon.colcon_core.shell:Creating prefix chain script '/home/amlab/CarMaker_ROS2_Original/ros/ros2_ws/install/setup.ps1'
[3.950s] INFO:colcon.colcon_core.shell:Creating prefix script '/home/amlab/CarMaker_ROS2_Original/ros/ros2_ws/install/local_setup.sh'
[3.951s] INFO:colcon.colcon_core.shell:Creating prefix util module '/home/amlab/CarMaker_ROS2_Original/ros/ros2_ws/install/_local_setup_util_sh.py'
[3.951s] INFO:colcon.colcon_core.shell:Creating prefix chain script '/home/amlab/CarMaker_ROS2_Original/ros/ros2_ws/install/setup.sh'
[3.969s] INFO:colcon.colcon_core.shell:Creating prefix script '/home/amlab/CarMaker_ROS2_Original/ros/ros2_ws/install/local_setup.bash'
[3.970s] INFO:colcon.colcon_core.shell:Creating prefix chain script '/home/amlab/CarMaker_ROS2_Original/ros/ros2_ws/install/setup.bash'
[3.988s] INFO:colcon.colcon_core.shell:Creating prefix script '/home/amlab/CarMaker_ROS2_Original/ros/ros2_ws/install/local_setup.zsh'
[3.988s] INFO:colcon.colcon_core.shell:Creating prefix chain script '/home/amlab/CarMaker_ROS2_Original/ros/ros2_ws/install/setup.zsh'
