[0.172s] Invoking command in '/home/amlab/URP_example/CarMaker_ROS2_Original/ros/ros2_ws/build/cm_control_example': CMAKE_PREFIX_PATH=${CMAKE_PREFIX_PATH}:/opt/ros/galactic /usr/bin/cmake --build /home/amlab/URP_example/CarMaker_ROS2_Original/ros/ros2_ws/build/cm_control_example -- -j12 -l12
[0.211s] [100%] Built target cm_control_example
[0.219s] Invoked command in '/home/amlab/URP_example/CarMaker_ROS2_Original/ros/ros2_ws/build/cm_control_example' returned '0': CMAKE_PREFIX_PATH=${CMAKE_PREFIX_PATH}:/opt/ros/galactic /usr/bin/cmake --build /home/amlab/URP_example/CarMaker_ROS2_Original/ros/ros2_ws/build/cm_control_example -- -j12 -l12
[0.246s] Invoking command in '/home/amlab/URP_example/CarMaker_ROS2_Original/ros/ros2_ws/build/cm_control_example': CMAKE_PREFIX_PATH=${CMAKE_PREFIX_PATH}:/opt/ros/galactic /usr/bin/cmake --install /home/amlab/URP_example/CarMaker_ROS2_Original/ros/ros2_ws/build/cm_control_example
[0.250s] -- Install configuration: ""
[0.250s] -- Up-to-date: /home/amlab/URP_example/CarMaker_ROS2_Original/ros/ros2_ws/install/cm_control_example/share/ament_index/resource_index/package_run_dependencies/cm_control_example
[0.251s] -- Up-to-date: /home/amlab/URP_example/CarMaker_ROS2_Original/ros/ros2_ws/install/cm_control_example/share/ament_index/resource_index/parent_prefix_path/cm_control_example
[0.251s] -- Up-to-date: /home/amlab/URP_example/CarMaker_ROS2_Original/ros/ros2_ws/install/cm_control_example/share/cm_control_example/environment/ament_prefix_path.sh
[0.251s] -- Up-to-date: /home/amlab/URP_example/CarMaker_ROS2_Original/ros/ros2_ws/install/cm_control_example/share/cm_control_example/environment/ament_prefix_path.dsv
[0.251s] -- Up-to-date: /home/amlab/URP_example/CarMaker_ROS2_Original/ros/ros2_ws/install/cm_control_example/share/cm_control_example/environment/path.sh
[0.251s] -- Up-to-date: /home/amlab/URP_example/CarMaker_ROS2_Original/ros/ros2_ws/install/cm_control_example/share/cm_control_example/environment/path.dsv
[0.251s] -- Up-to-date: /home/amlab/URP_example/CarMaker_ROS2_Original/ros/ros2_ws/install/cm_control_example/share/cm_control_example/local_setup.bash
[0.251s] -- Up-to-date: /home/amlab/URP_example/CarMaker_ROS2_Original/ros/ros2_ws/install/cm_control_example/share/cm_control_example/local_setup.sh
[0.251s] -- Up-to-date: /home/amlab/URP_example/CarMaker_ROS2_Original/ros/ros2_ws/install/cm_control_example/share/cm_control_example/local_setup.zsh
[0.251s] -- Up-to-date: /home/amlab/URP_example/CarMaker_ROS2_Original/ros/ros2_ws/install/cm_control_example/share/cm_control_example/local_setup.dsv
[0.251s] -- Installing: /home/amlab/URP_example/CarMaker_ROS2_Original/ros/ros2_ws/install/cm_control_example/share/cm_control_example/package.dsv
[0.251s] -- Up-to-date: /home/amlab/URP_example/CarMaker_ROS2_Original/ros/ros2_ws/install/cm_control_example/share/ament_index/resource_index/packages/cm_control_example
[0.251s] -- Up-to-date: /home/amlab/URP_example/CarMaker_ROS2_Original/ros/ros2_ws/install/cm_control_example/share/cm_control_example/cmake/cm_control_exampleConfig.cmake
[0.251s] -- Up-to-date: /home/amlab/URP_example/CarMaker_ROS2_Original/ros/ros2_ws/install/cm_control_example/share/cm_control_example/cmake/cm_control_exampleConfig-version.cmake
[0.251s] -- Up-to-date: /home/amlab/URP_example/CarMaker_ROS2_Original/ros/ros2_ws/install/cm_control_example/share/cm_control_example/package.xml
[0.251s] -- Up-to-date: /home/amlab/URP_example/CarMaker_ROS2_Original/ros/ros2_ws/install/cm_control_example/lib/cm_control_example/cm_control_example
[0.358s] Invoked command in '/home/amlab/URP_example/CarMaker_ROS2_Original/ros/ros2_ws/build/cm_control_example' returned '0': CMAKE_PREFIX_PATH=${CMAKE_PREFIX_PATH}:/opt/ros/galactic /usr/bin/cmake --install /home/amlab/URP_example/CarMaker_ROS2_Original/ros/ros2_ws/build/cm_control_example
