[0.085s] Invoking command in '/home/amlab/CarMaker_ROS2_Original/ros/ros2_ws/build/hellocm_cmnode': CMAKE_PREFIX_PATH=/home/amlab/CarMaker_ROS2_Original/ros/ros2_ws/install/hellocm:/home/amlab/CarMaker_ROS2_Original/ros/ros2_ws/install/hellocm_msgs:/home/amlab/CarMaker_ROS2_Original/ros/ros2_ws/install/cmrosutils:/home/amlab/CarMaker_ROS2_Original/ros/ros2_ws/install/custom_msgs:/home/amlab/CarMaker_ROS2_Original/ros/ros2_ws/install/hellocm_cmnode:/home/amlab/CarMaker_ROS2_Original/ros/ros2_ws/install/carmaker_vds_client:/opt/ros/galactic LD_LIBRARY_PATH=/home/amlab/CarMaker_ROS2_Original/ros/ros2_ws/install/hellocm_msgs/lib:/home/amlab/CarMaker_ROS2_Original/ros/ros2_ws/install/cmrosutils/lib:/home/amlab/CarMaker_ROS2_Original/ros/ros2_ws/install/custom_msgs/lib:/opt/ros/galactic/opt/yaml_cpp_vendor/lib:/opt/ros/galactic/opt/rviz_ogre_vendor/lib:/opt/ros/galactic/lib/x86_64-linux-gnu:/opt/ros/galactic/lib PYTHONPATH=/home/amlab/CarMaker_ROS2_Original/ros/ros2_ws/install/hellocm_msgs/lib/python3.8/site-packages:/home/amlab/CarMaker_ROS2_Original/ros/ros2_ws/install/cmrosutils/lib/python3.8/site-packages:/home/amlab/CarMaker_ROS2_Original/ros/ros2_ws/install/custom_msgs/lib/python3.8/site-packages:/opt/ros/galactic/lib/python3.8/site-packages /usr/bin/cmake --build /home/amlab/CarMaker_ROS2_Original/ros/ros2_ws/build/hellocm_cmnode -- -j12 -l12
[0.102s] -- Found ament_cmake: 1.1.6 (/opt/ros/galactic/share/ament_cmake/cmake)
[0.115s] -- Using PYTHON_EXECUTABLE: /usr/bin/python3
[0.154s] -- Found rclcpp: 9.2.2 (/opt/ros/galactic/share/rclcpp/cmake)
[0.175s] -- Using all available rosidl_typesupport_c: rosidl_typesupport_fastrtps_c;rosidl_typesupport_introspection_c
[0.177s] -- Found rosidl_adapter: 2.2.3 (/opt/ros/galactic/share/rosidl_adapter/cmake)
[0.248s] -- Using all available rosidl_typesupport_cpp: rosidl_typesupport_fastrtps_cpp;rosidl_typesupport_introspection_cpp
[0.279s] -- Found rmw_implementation_cmake: 3.3.1 (/opt/ros/galactic/share/rmw_implementation_cmake/cmake)
[0.280s] -- Found rmw_cyclonedds_cpp: 0.22.6 (/opt/ros/galactic/share/rmw_cyclonedds_cpp/cmake)
[0.291s] -- Using RMW implementation 'rmw_cyclonedds_cpp' as default
[0.377s] -- Found rosidl_default_generators: 1.1.1 (/opt/ros/galactic/share/rosidl_default_generators/cmake)
[0.383s] -- Found cmrosutils: 0.0.0 (/home/amlab/CarMaker_ROS2_Original/ros/ros2_ws/install/cmrosutils/share/cmrosutils/cmake)
[0.405s] -- Found hellocm: 0.0.0 (/home/amlab/CarMaker_ROS2_Original/ros/ros2_ws/install/hellocm/share/hellocm/cmake)
[0.442s] -- Found tf2: 0.17.5 (/opt/ros/galactic/share/tf2/cmake)
[0.471s] -- Found tf2_ros: 0.17.5 (/opt/ros/galactic/share/tf2_ros/cmake)
[0.674s] -- Found tf2_geometry_msgs: 0.17.5 (/opt/ros/galactic/share/tf2_geometry_msgs/cmake)
[0.678s] -- Found eigen3_cmake_module: 0.1.1 (/opt/ros/galactic/share/eigen3_cmake_module/cmake)
[0.695s] -- Found sensor_msgs: 2.2.4 (/opt/ros/galactic/share/sensor_msgs/cmake)
[0.739s] -- Found visualization_msgs: 2.2.4 (/opt/ros/galactic/share/visualization_msgs/cmake)
[0.784s] -- Found nav_msgs: 2.2.4 (/opt/ros/galactic/share/nav_msgs/cmake)
[0.843s] -- Found ament_lint_auto: 0.10.7 (/opt/ros/galactic/share/ament_lint_auto/cmake)
[0.882s] -- Added test 'copyright' to check source files copyright and LICENSE
[0.883s] -- Added test 'cppcheck' to perform static code analysis on C / C++ code
[0.884s] -- Configured cppcheck include dirs: /home/amlab/CarMaker_ROS2_Original/ros/ros2_ws/src/hellocm_cmnode/include
[0.884s] -- Configured cppcheck exclude dirs and/or files: 
[0.884s] -- Added test 'cpplint' to check C / C++ code against the Google style
[0.884s] -- Configured cpplint exclude dirs and/or files: 
[0.885s] -- Added test 'lint_cmake' to check CMake code style
[0.885s] -- Added test 'uncrustify' to check C / C++ code style
[0.885s] -- Configured uncrustify additional arguments: 
[0.885s] -- Added test 'xmllint' to check XML markup files
[0.887s] -- Configuring done
[0.899s] -- Generating done
[0.900s] -- Build files have been written to: /home/amlab/CarMaker_ROS2_Original/ros/ros2_ws/build/hellocm_cmnode
[0.930s] [100%] Built target CMNode_ROS1_HelloCM
[0.936s] Invoked command in '/home/amlab/CarMaker_ROS2_Original/ros/ros2_ws/build/hellocm_cmnode' returned '0': CMAKE_PREFIX_PATH=/home/amlab/CarMaker_ROS2_Original/ros/ros2_ws/install/hellocm:/home/amlab/CarMaker_ROS2_Original/ros/ros2_ws/install/hellocm_msgs:/home/amlab/CarMaker_ROS2_Original/ros/ros2_ws/install/cmrosutils:/home/amlab/CarMaker_ROS2_Original/ros/ros2_ws/install/custom_msgs:/home/amlab/CarMaker_ROS2_Original/ros/ros2_ws/install/hellocm_cmnode:/home/amlab/CarMaker_ROS2_Original/ros/ros2_ws/install/carmaker_vds_client:/opt/ros/galactic LD_LIBRARY_PATH=/home/amlab/CarMaker_ROS2_Original/ros/ros2_ws/install/hellocm_msgs/lib:/home/amlab/CarMaker_ROS2_Original/ros/ros2_ws/install/cmrosutils/lib:/home/amlab/CarMaker_ROS2_Original/ros/ros2_ws/install/custom_msgs/lib:/opt/ros/galactic/opt/yaml_cpp_vendor/lib:/opt/ros/galactic/opt/rviz_ogre_vendor/lib:/opt/ros/galactic/lib/x86_64-linux-gnu:/opt/ros/galactic/lib PYTHONPATH=/home/amlab/CarMaker_ROS2_Original/ros/ros2_ws/install/hellocm_msgs/lib/python3.8/site-packages:/home/amlab/CarMaker_ROS2_Original/ros/ros2_ws/install/cmrosutils/lib/python3.8/site-packages:/home/amlab/CarMaker_ROS2_Original/ros/ros2_ws/install/custom_msgs/lib/python3.8/site-packages:/opt/ros/galactic/lib/python3.8/site-packages /usr/bin/cmake --build /home/amlab/CarMaker_ROS2_Original/ros/ros2_ws/build/hellocm_cmnode -- -j12 -l12
[0.950s] Invoking command in '/home/amlab/CarMaker_ROS2_Original/ros/ros2_ws/build/hellocm_cmnode': CMAKE_PREFIX_PATH=/home/amlab/CarMaker_ROS2_Original/ros/ros2_ws/install/hellocm:/home/amlab/CarMaker_ROS2_Original/ros/ros2_ws/install/hellocm_msgs:/home/amlab/CarMaker_ROS2_Original/ros/ros2_ws/install/cmrosutils:/home/amlab/CarMaker_ROS2_Original/ros/ros2_ws/install/custom_msgs:/home/amlab/CarMaker_ROS2_Original/ros/ros2_ws/install/hellocm_cmnode:/home/amlab/CarMaker_ROS2_Original/ros/ros2_ws/install/carmaker_vds_client:/opt/ros/galactic LD_LIBRARY_PATH=/home/amlab/CarMaker_ROS2_Original/ros/ros2_ws/install/hellocm_msgs/lib:/home/amlab/CarMaker_ROS2_Original/ros/ros2_ws/install/cmrosutils/lib:/home/amlab/CarMaker_ROS2_Original/ros/ros2_ws/install/custom_msgs/lib:/opt/ros/galactic/opt/yaml_cpp_vendor/lib:/opt/ros/galactic/opt/rviz_ogre_vendor/lib:/opt/ros/galactic/lib/x86_64-linux-gnu:/opt/ros/galactic/lib PYTHONPATH=/home/amlab/CarMaker_ROS2_Original/ros/ros2_ws/install/hellocm_msgs/lib/python3.8/site-packages:/home/amlab/CarMaker_ROS2_Original/ros/ros2_ws/install/cmrosutils/lib/python3.8/site-packages:/home/amlab/CarMaker_ROS2_Original/ros/ros2_ws/install/custom_msgs/lib/python3.8/site-packages:/opt/ros/galactic/lib/python3.8/site-packages /usr/bin/cmake --install /home/amlab/CarMaker_ROS2_Original/ros/ros2_ws/build/hellocm_cmnode
[0.955s] -- Install configuration: ""
[0.955s] -- Up-to-date: /home/amlab/CarMaker_ROS2_Original/ros/ros2_ws/install/hellocm_cmnode/lib/hellocm_cmnode/libCMNode_ROS1_HelloCM.so
[0.955s] -- Up-to-date: /home/amlab/CarMaker_ROS2_Original/ros/ros2_ws/install/hellocm_cmnode/include
[0.955s] -- Up-to-date: /home/amlab/CarMaker_ROS2_Original/ros/ros2_ws/install/hellocm_cmnode/include/a
[0.955s] -- Up-to-date: /home/amlab/CarMaker_ROS2_Original/ros/ros2_ws/install/hellocm_cmnode/share/hellocm_cmnode/meshes
[0.955s] -- Up-to-date: /home/amlab/CarMaker_ROS2_Original/ros/ros2_ws/install/hellocm_cmnode/share/hellocm_cmnode/meshes/IPG_CompanyCar_2020_Orange.dae
[0.955s] -- Up-to-date: /home/amlab/CarMaker_ROS2_Original/ros/ros2_ws/install/hellocm_cmnode/share/hellocm_cmnode/meshes/IPG_CompanyCar_2020.png
[0.955s] -- Up-to-date: /home/amlab/CarMaker_ROS2_Original/ros/ros2_ws/install/hellocm_cmnode/share/hellocm_cmnode/meshes/IPG_CompanyCar_2020_Wheel.dae
[0.955s] -- Up-to-date: /home/amlab/CarMaker_ROS2_Original/ros/ros2_ws/install/hellocm_cmnode/share/ament_index/resource_index/package_run_dependencies/hellocm_cmnode
[0.956s] -- Installing: /home/amlab/CarMaker_ROS2_Original/ros/ros2_ws/install/hellocm_cmnode/share/ament_index/resource_index/parent_prefix_path/hellocm_cmnode
[0.956s] -- Up-to-date: /home/amlab/CarMaker_ROS2_Original/ros/ros2_ws/install/hellocm_cmnode/share/hellocm_cmnode/environment/ament_prefix_path.sh
[0.956s] -- Installing: /home/amlab/CarMaker_ROS2_Original/ros/ros2_ws/install/hellocm_cmnode/share/hellocm_cmnode/environment/ament_prefix_path.dsv
[0.956s] -- Up-to-date: /home/amlab/CarMaker_ROS2_Original/ros/ros2_ws/install/hellocm_cmnode/share/hellocm_cmnode/environment/path.sh
[0.956s] -- Installing: /home/amlab/CarMaker_ROS2_Original/ros/ros2_ws/install/hellocm_cmnode/share/hellocm_cmnode/environment/path.dsv
[0.956s] -- Up-to-date: /home/amlab/CarMaker_ROS2_Original/ros/ros2_ws/install/hellocm_cmnode/share/hellocm_cmnode/local_setup.bash
[0.956s] -- Up-to-date: /home/amlab/CarMaker_ROS2_Original/ros/ros2_ws/install/hellocm_cmnode/share/hellocm_cmnode/local_setup.sh
[0.956s] -- Up-to-date: /home/amlab/CarMaker_ROS2_Original/ros/ros2_ws/install/hellocm_cmnode/share/hellocm_cmnode/local_setup.zsh
[0.956s] -- Installing: /home/amlab/CarMaker_ROS2_Original/ros/ros2_ws/install/hellocm_cmnode/share/hellocm_cmnode/local_setup.dsv
[0.956s] -- Installing: /home/amlab/CarMaker_ROS2_Original/ros/ros2_ws/install/hellocm_cmnode/share/hellocm_cmnode/package.dsv
[0.956s] -- Up-to-date: /home/amlab/CarMaker_ROS2_Original/ros/ros2_ws/install/hellocm_cmnode/share/ament_index/resource_index/packages/hellocm_cmnode
[0.956s] -- Up-to-date: /home/amlab/CarMaker_ROS2_Original/ros/ros2_ws/install/hellocm_cmnode/share/hellocm_cmnode/cmake/ament_cmake_export_include_directories-extras.cmake
[0.956s] -- Up-to-date: /home/amlab/CarMaker_ROS2_Original/ros/ros2_ws/install/hellocm_cmnode/share/hellocm_cmnode/cmake/hellocm_cmnodeConfig.cmake
[0.956s] -- Up-to-date: /home/amlab/CarMaker_ROS2_Original/ros/ros2_ws/install/hellocm_cmnode/share/hellocm_cmnode/cmake/hellocm_cmnodeConfig-version.cmake
[0.956s] -- Up-to-date: /home/amlab/CarMaker_ROS2_Original/ros/ros2_ws/install/hellocm_cmnode/share/hellocm_cmnode/package.xml
[0.957s] Invoked command in '/home/amlab/CarMaker_ROS2_Original/ros/ros2_ws/build/hellocm_cmnode' returned '0': CMAKE_PREFIX_PATH=/home/amlab/CarMaker_ROS2_Original/ros/ros2_ws/install/hellocm:/home/amlab/CarMaker_ROS2_Original/ros/ros2_ws/install/hellocm_msgs:/home/amlab/CarMaker_ROS2_Original/ros/ros2_ws/install/cmrosutils:/home/amlab/CarMaker_ROS2_Original/ros/ros2_ws/install/custom_msgs:/home/amlab/CarMaker_ROS2_Original/ros/ros2_ws/install/hellocm_cmnode:/home/amlab/CarMaker_ROS2_Original/ros/ros2_ws/install/carmaker_vds_client:/opt/ros/galactic LD_LIBRARY_PATH=/home/amlab/CarMaker_ROS2_Original/ros/ros2_ws/install/hellocm_msgs/lib:/home/amlab/CarMaker_ROS2_Original/ros/ros2_ws/install/cmrosutils/lib:/home/amlab/CarMaker_ROS2_Original/ros/ros2_ws/install/custom_msgs/lib:/opt/ros/galactic/opt/yaml_cpp_vendor/lib:/opt/ros/galactic/opt/rviz_ogre_vendor/lib:/opt/ros/galactic/lib/x86_64-linux-gnu:/opt/ros/galactic/lib PYTHONPATH=/home/amlab/CarMaker_ROS2_Original/ros/ros2_ws/install/hellocm_msgs/lib/python3.8/site-packages:/home/amlab/CarMaker_ROS2_Original/ros/ros2_ws/install/cmrosutils/lib/python3.8/site-packages:/home/amlab/CarMaker_ROS2_Original/ros/ros2_ws/install/custom_msgs/lib/python3.8/site-packages:/opt/ros/galactic/lib/python3.8/site-packages /usr/bin/cmake --install /home/amlab/CarMaker_ROS2_Original/ros/ros2_ws/build/hellocm_cmnode
