[0.127s] Invoking command in '/home/amlab/URP_example/CarMaker_ROS2_Original/ros/ros2_ws/build/cm_control_example': CMAKE_PREFIX_PATH=/opt/ros/galactic /usr/bin/cmake /home/amlab/URP_example/CarMaker_ROS2_Original/ros/ros2_ws/src/cm_control_example -DCMAKE_INSTALL_PREFIX=/home/amlab/URP_example/CarMaker_ROS2_Original/ros/ros2_ws/install/cm_control_example
[0.158s] -- The C compiler identification is GNU 11.4.0
[0.190s] -- The CXX compiler identification is GNU 11.4.0
[0.193s] -- Check for working C compiler: /usr/bin/cc
[0.229s] -- Check for working C compiler: /usr/bin/cc -- works
[0.230s] -- Detecting C compiler ABI info
[0.268s] -- Detecting C compiler ABI info - done
[0.275s] -- Detecting C compile features
[0.275s] -- Detecting C compile features - done
[0.276s] -- Check for working CXX compiler: /usr/bin/c++
[0.321s] -- Check for working CXX compiler: /usr/bin/c++ -- works
[0.322s] -- Detecting CXX compiler ABI info
[0.367s] -- Detecting CXX compiler ABI info - done
[0.380s] -- Detecting CXX compile features
[0.380s] -- Detecting CXX compile features - done
[0.381s] -- Found ament_cmake: 1.1.6 (/opt/ros/galactic/share/ament_cmake/cmake)
[0.395s] -- Found PythonInterp: /usr/bin/python3 (found suitable version "3.8.10", minimum required is "3") 
[0.395s] -- Using PYTHON_EXECUTABLE: /usr/bin/python3
[0.441s] -- Found std_msgs: 2.2.4 (/opt/ros/galactic/share/std_msgs/cmake)
[0.457s] -- Using all available rosidl_typesupport_c: rosidl_typesupport_fastrtps_c;rosidl_typesupport_introspection_c
[0.460s] -- Found rosidl_adapter: 2.2.3 (/opt/ros/galactic/share/rosidl_adapter/cmake)
[0.496s] -- Found OpenSSL: /usr/lib/x86_64-linux-gnu/libcrypto.so (found version "1.1.1f")  
[0.508s] -- Found FastRTPS: /opt/ros/galactic/include  
[0.542s] -- Using all available rosidl_typesupport_cpp: rosidl_typesupport_fastrtps_cpp;rosidl_typesupport_introspection_cpp
[0.570s] -- Found rclcpp: 9.2.2 (/opt/ros/galactic/share/rclcpp/cmake)
[0.599s] -- Found rmw_implementation_cmake: 3.3.1 (/opt/ros/galactic/share/rmw_implementation_cmake/cmake)
[0.601s] -- Found rmw_cyclonedds_cpp: 0.22.6 (/opt/ros/galactic/share/rmw_cyclonedds_cpp/cmake)
[0.613s] -- Using RMW implementation 'rmw_cyclonedds_cpp' as default
[0.613s] -- Looking for pthread.h
[0.652s] -- Looking for pthread.h - found
[0.652s] -- Performing Test CMAKE_HAVE_LIBC_PTHREAD
[0.692s] -- Performing Test CMAKE_HAVE_LIBC_PTHREAD - Failed
[0.692s] -- Looking for pthread_create in pthreads
[0.725s] -- Looking for pthread_create in pthreads - not found
[0.725s] -- Looking for pthread_create in pthread
[0.763s] -- Looking for pthread_create in pthread - found
[0.764s] -- Found Threads: TRUE  
[0.858s] -- Found visualization_msgs: 2.2.4 (/opt/ros/galactic/share/visualization_msgs/cmake)
[0.957s] -- Found ament_lint_auto: 0.10.7 (/opt/ros/galactic/share/ament_lint_auto/cmake)
[1.004s] -- Added test 'copyright' to check source files copyright and LICENSE
[1.005s] -- Added test 'cppcheck' to perform static code analysis on C / C++ code
[1.005s] -- Configured cppcheck include dirs: 
[1.005s] -- Configured cppcheck exclude dirs and/or files: 
[1.006s] -- Added test 'cpplint' to check C / C++ code against the Google style
[1.006s] -- Configured cpplint exclude dirs and/or files: 
[1.007s] -- Added test 'lint_cmake' to check CMake code style
[1.007s] -- Added test 'uncrustify' to check C / C++ code style
[1.007s] -- Configured uncrustify additional arguments: 
[1.008s] -- Added test 'xmllint' to check XML markup files
[1.012s] -- Configuring done
[1.020s] -- Generating done
[1.021s] -- Build files have been written to: /home/amlab/URP_example/CarMaker_ROS2_Original/ros/ros2_ws/build/cm_control_example
[1.026s] Invoked command in '/home/amlab/URP_example/CarMaker_ROS2_Original/ros/ros2_ws/build/cm_control_example' returned '0': CMAKE_PREFIX_PATH=/opt/ros/galactic /usr/bin/cmake /home/amlab/URP_example/CarMaker_ROS2_Original/ros/ros2_ws/src/cm_control_example -DCMAKE_INSTALL_PREFIX=/home/amlab/URP_example/CarMaker_ROS2_Original/ros/ros2_ws/install/cm_control_example
[1.028s] Invoking command in '/home/amlab/URP_example/CarMaker_ROS2_Original/ros/ros2_ws/build/cm_control_example': CMAKE_PREFIX_PATH=/opt/ros/galactic /usr/bin/cmake --build /home/amlab/URP_example/CarMaker_ROS2_Original/ros/ros2_ws/build/cm_control_example -- -j12 -l12
[1.052s] [35m[1mScanning dependencies of target cm_control_example[0m
[1.077s] [ 50%] [32mBuilding CXX object CMakeFiles/cm_control_example.dir/src/main.cpp.o[0m
[2.773s] [01m[K/home/amlab/URP_example/CarMaker_ROS2_Original/ros/ros2_ws/src/cm_control_example/src/main.cpp:[m[K In member function ‘[01m[Kvoid cm_control_example::vehicleInfoCallback(std_msgs::msg::Float64MultiArray_<std::allocator<void> >::SharedPtr)[m[K’:
[2.773s] [01m[K/home/amlab/URP_example/CarMaker_ROS2_Original/ros/ros2_ws/src/cm_control_example/src/main.cpp:27:80:[m[K [01;35m[Kwarning: [m[Kunused parameter ‘[01m[Kmsg[m[K’ [[01;35m[K]8;;https://gcc.gnu.org/onlinedocs/gcc/Warning-Options.html#index-Wunused-parameter-Wunused-parameter]8;;[m[K]
[2.773s]    27 | icleInfoCallback([01;35m[Kconst std_msgs::msg::Float64MultiArray::SharedPtr msg[m[K)
[2.773s]       |                  [01;35m[K~~~~~~~~~~~~~~~~~~~~~~~~~~~~~~~~~~~~~~~~~~~~~~~~~~^~~[m[K
[2.773s] 
[6.520s] [100%] [32m[1mLinking CXX executable cm_control_example[0m
[6.691s] [100%] Built target cm_control_example
[6.728s] Invoked command in '/home/amlab/URP_example/CarMaker_ROS2_Original/ros/ros2_ws/build/cm_control_example' returned '0': CMAKE_PREFIX_PATH=/opt/ros/galactic /usr/bin/cmake --build /home/amlab/URP_example/CarMaker_ROS2_Original/ros/ros2_ws/build/cm_control_example -- -j12 -l12
[6.744s] Invoking command in '/home/amlab/URP_example/CarMaker_ROS2_Original/ros/ros2_ws/build/cm_control_example': CMAKE_PREFIX_PATH=/opt/ros/galactic /usr/bin/cmake --install /home/amlab/URP_example/CarMaker_ROS2_Original/ros/ros2_ws/build/cm_control_example
[6.751s] -- Install configuration: ""
[6.751s] -- Installing: /home/amlab/URP_example/CarMaker_ROS2_Original/ros/ros2_ws/install/cm_control_example/share/ament_index/resource_index/package_run_dependencies/cm_control_example
[6.751s] -- Installing: /home/amlab/URP_example/CarMaker_ROS2_Original/ros/ros2_ws/install/cm_control_example/share/ament_index/resource_index/parent_prefix_path/cm_control_example
[6.752s] -- Installing: /home/amlab/URP_example/CarMaker_ROS2_Original/ros/ros2_ws/install/cm_control_example/share/cm_control_example/environment/ament_prefix_path.sh
[6.752s] -- Installing: /home/amlab/URP_example/CarMaker_ROS2_Original/ros/ros2_ws/install/cm_control_example/share/cm_control_example/environment/ament_prefix_path.dsv
[6.752s] -- Installing: /home/amlab/URP_example/CarMaker_ROS2_Original/ros/ros2_ws/install/cm_control_example/share/cm_control_example/environment/path.sh
[6.752s] -- Installing: /home/amlab/URP_example/CarMaker_ROS2_Original/ros/ros2_ws/install/cm_control_example/share/cm_control_example/environment/path.dsv
[6.752s] -- Installing: /home/amlab/URP_example/CarMaker_ROS2_Original/ros/ros2_ws/install/cm_control_example/share/cm_control_example/local_setup.bash
[6.752s] -- Installing: /home/amlab/URP_example/CarMaker_ROS2_Original/ros/ros2_ws/install/cm_control_example/share/cm_control_example/local_setup.sh
[6.752s] -- Installing: /home/amlab/URP_example/CarMaker_ROS2_Original/ros/ros2_ws/install/cm_control_example/share/cm_control_example/local_setup.zsh
[6.752s] -- Installing: /home/amlab/URP_example/CarMaker_ROS2_Original/ros/ros2_ws/install/cm_control_example/share/cm_control_example/local_setup.dsv
[6.752s] -- Installing: /home/amlab/URP_example/CarMaker_ROS2_Original/ros/ros2_ws/install/cm_control_example/share/cm_control_example/package.dsv
[6.752s] -- Installing: /home/amlab/URP_example/CarMaker_ROS2_Original/ros/ros2_ws/install/cm_control_example/share/ament_index/resource_index/packages/cm_control_example
[6.752s] -- Installing: /home/amlab/URP_example/CarMaker_ROS2_Original/ros/ros2_ws/install/cm_control_example/share/cm_control_example/cmake/cm_control_exampleConfig.cmake
[6.752s] -- Installing: /home/amlab/URP_example/CarMaker_ROS2_Original/ros/ros2_ws/install/cm_control_example/share/cm_control_example/cmake/cm_control_exampleConfig-version.cmake
[6.752s] -- Installing: /home/amlab/URP_example/CarMaker_ROS2_Original/ros/ros2_ws/install/cm_control_example/share/cm_control_example/package.xml
[6.753s] -- Installing: /home/amlab/URP_example/CarMaker_ROS2_Original/ros/ros2_ws/install/cm_control_example/lib/cm_control_example/cm_control_example
[6.754s] -- Set runtime path of "/home/amlab/URP_example/CarMaker_ROS2_Original/ros/ros2_ws/install/cm_control_example/lib/cm_control_example/cm_control_example" to ""
[6.756s] Invoked command in '/home/amlab/URP_example/CarMaker_ROS2_Original/ros/ros2_ws/build/cm_control_example' returned '0': CMAKE_PREFIX_PATH=/opt/ros/galactic /usr/bin/cmake --install /home/amlab/URP_example/CarMaker_ROS2_Original/ros/ros2_ws/build/cm_control_example
