APPLICATION	Car_Generic with CMRosIF #63 (linux64-9.1.1)
COMPILED	amlab@amlab-legion-t7-34imz5 2021-08-12 18:09:32
 
		CMRosIF: Initialization (v0.6.8-CM7.1.2)
		CMRosIF: Read parameters from 'Data/Config/CMRosIFParameters'
		CMRosIF: Loaded library 'ros/ros2_ws/install/hellocm_cmnode/lib/hellocm_cmnode/libCMNode_ROS1_HelloCM.so'
		Initialize CarMaker ROS Node
		  -> Node Version = 00800
		  -> ROS Version  = 00002
		  -> CM Version   = 90101
		  -> Has param 'use_sim_time' with value '0'
		  -> Provide simulation time!
		    -> Publish '/clock' every 100ms
		  -> Publish 'hellocm/cm2ext'
		  -> Publish '/pointcloud/os1'
		  -> Publish '/gps_out2'
		  -> Publish '/imu_out2'
		  -> Publish '/vehicle_info_out'
		  -> Publish '/pointcloud/os1_pc2'
		  -> Publish '/Lane/Left0'
		  -> Publish '/Lane/Left1'
		  -> Publish '/Lane/Right0'
		  -> Publish '/Lane/Right1'
		  -> Publish '/objectinfo_out2'
		  -> Subscribe 'hellocm/ext2cm'
		  -> Service Client 'hellocm/init'
		  -> Create Service 'CMRemote'
		Initialization of ROS Node finished!
		  -> Node Name = 'CMNode'
		  -> Namespace = '/'
		    -> Connected Topics (51)
		    -> /CAN/id1808
		    -> /CAN/id1809
		    -> /CAN/id1810
		    -> /CAN/id304
		    -> /CAN/id343
		    -> /CAN/id640
		    -> /CAN/id656
		    -> /Lane/Left0
		    -> /Lane/Left1
		    -> /Lane/Right0
		    -> /Lane/Right1
		    -> /acc_en
		    -> /aeb_en
		    -> /bag_visualization
		    -> /clock
		    -> /control_mapuse
		    -> /control_rqt
		    -> /ego_location
		    -> /eps_en
		    -> /eps_speed
		    -> /eps_switch
		    -> /forced_lc
		    -> /gear_en
		    -> /goal_acc
		    -> /gpgga
		    -> /gps_out2
		    -> /gpvtg
		    -> /hellocm/cm2ext
		    -> /hellocm/ext2cm
		    -> /hybrid_pp_constant
		    -> /hybrid_stan_constant
		    -> /imu_out2
		    -> /kalman
		    -> /local_kalman
		    -> /lqr_r
		    -> /map
		    -> /objectinfo_out2
		    -> /parameter_events
		    -> /pointcloud/os1
		    -> /pointcloud/os1_pc2
		    -> /q_array
		    -> /rosout
		    -> /sensor
		    -> /signal_light
		    -> /speed_limit
		    -> /tf
		    -> /tf_static
		    -> /vehicle_control
		    -> /vehicle_info_out
		    -> /version
		    -> /vn_300
		CMRosIF_CMNode_MyFunc: Here is my own function from the CarMaker ROS Node library!
FIRST_INIT	(internal default used)	2021-08-12 18:11:08
TIME	0.000
		FName = (no associated file)
		errCode = 0
		CarMaker ROS Node is disabled!
SIM_END			0s	0m
IDLE	18:11:08
SIM_START	CMRosIF_Testing	2021-08-12 18:11:23
TIME	0.008
		FName = Data/Vehicle/DemoCar_CMRosIF_SensorExtension
		errCode = 0
		CarMaker ROS Node is enabled! Mode=1, SyncMode=0
		  -> Node Name = CMNode
		  -> Publish /clock every 100ms
		  -> Send Service Request
		  -> Cycle time of external node changed from 15000ms to 10000ms
		External ROS Node is ready to simulate
		Current random seed value = 1628759483
		CMNode (CMSimTime=0.000s): External Node is in cycle 1, Time=1628759491s, Stamp=1628759491s
SIM_END		CMRosIF_Testing	0s	0m
TIME	5.746
SIM_START	CMRosIF_Testing	2021-08-12 18:12:21
TIME	0.002
		FName = /opt/ipg/carmaker/linux64-9.1.1/Data/Vehicle/Examples/Demo_Audi_R8
		errCode = 0
		CarMaker ROS Node is enabled! Mode=1, SyncMode=0
		  -> Node Name = CMNode
		  -> Publish /clock every 100ms
		  -> Send Service Request
		External ROS Node is ready to simulate
		CMNode (CMSimTime=0.000s): External Node is in cycle 1, Time=1628759541s, Stamp=1628759541s
		CMNode (CMSimTime=0.000s): External Node is in cycle 2, Time=1628759551s, Stamp=1628759551s
TIME	2.017
		CMNode (CMSimTime=0.000s): External Node is in cycle 3, Time=1628759561s, Stamp=1628759561s
		CMNode (CMSimTime=0.000s): External Node is in cycle 4, Time=1628759571s, Stamp=1628759571s
SIM_END		CMRosIF_Testing	0s	0m
TIME	5.107
SIM_START	CityDriving_CMRosIF_SensorExtension	2021-08-12 18:13:12
TIME	0.004
		FName = Data/Vehicle/Demo_IPG_CompanyCar_CMRosIF_SensorExtension
		errCode = 0
		CarMaker ROS Node is enabled! Mode=1, SyncMode=0
		  -> Node Name = CMNode
		  -> Publish /clock every 100ms
		  -> Send Service Request
		External ROS Node is ready to simulate
		Current random seed value = 1628759592
		CMNode (CMSimTime=0.000s): External Node is in cycle 1, Time=1628759601s, Stamp=1628759601s
SIM_END		CityDriving_CMRosIF_SensorExtension	0s	0m
TIME	4.112
SIM_START	Examples/VehicleDynamics/Braking/Braking	2021-08-12 18:13:53
TIME	0.002
		FName = /opt/ipg/carmaker/linux64-9.1.1/Data/Vehicle/Examples/DemoCar
		errCode = 0
		CarMaker ROS Node is enabled! Mode=1, SyncMode=0
		  -> Node Name = CMNode
		  -> Publish /clock every 100ms
		  -> Send Service Request
		External ROS Node is ready to simulate
TIME	0.000
SIMULATE	Examples/VehicleDynamics/Braking/Braking

ERROR		Caught signal SIGSEGV (11)
WARNING	Simulation program terminates
