APPLICATION	Car_Generic with CMRosIF #61 (linux64-9.1.1)
COMPILED	amlab@amlab-legion-t7-34imz5 2021-08-10 22:41:57
 
		CMRosIF: Initialization (v0.6.8-CM7.1.2)
		CMRosIF: Read parameters from 'Data/Config/CMRosIFParameters'
		CMRosIF: Loaded library 'ros/ros2_ws/install/hellocm_cmnode/lib/hellocm_cmnode/libCMNode_ROS1_HelloCM.so'
		Initialize CarMaker ROS Node
		  -> Node Version = 00800
		  -> ROS Version  = 00002
		  -> CM Version   = 90101
		  -> Has param 'use_sim_time' with value '0'
		  -> Provide simulation time!
		    -> Publish '/clock' every 100ms
		  -> Publish 'hellocm/cm2ext'
		  -> Publish '/pointcloud/os1'
		  -> Publish '/gps_out2'
		  -> Publish '/imu_out2'
		  -> Publish '/vehicle_info_out'
		  -> Publish '/pointcloud/os1_pc2'
		  -> Publish '/Lane/Left0'
		  -> Publish '/Lane/Left1'
		  -> Publish '/Lane/Right0'
		  -> Publish '/Lane/Right1'
		  -> Publish '/objectinfo_out2'
		  -> Subscribe 'hellocm/ext2cm'
		  -> Service Client 'hellocm/init'
		  -> Create Service 'CMRemote'
		Initialization of ROS Node finished!
		  -> Node Name = 'CMNode'
		  -> Namespace = '/'
		    -> Connected Topics (53)
		    -> /CAN/id1808
		    -> /CAN/id1809
		    -> /CAN/id1810
		    -> /CAN/id304
		    -> /CAN/id343
		    -> /CAN/id608
		    -> /CAN/id640
		    -> /CAN/id656
		    -> /Lane/Left0
		    -> /Lane/Left1
		    -> /Lane/Right0
		    -> /Lane/Right1
		    -> /acc_en
		    -> /aeb_en
		    -> /bag_visualization
		    -> /clock
		    -> /control_mapuse
		    -> /control_rqt
		    -> /driving_status
		    -> /ego_location
		    -> /eps_en
		    -> /eps_speed
		    -> /eps_switch
		    -> /forced_lc
		    -> /gear_en
		    -> /goal_acc
		    -> /gpgga
		    -> /gps_out2
		    -> /gpvtg
		    -> /hellocm/cm2ext
		    -> /hellocm/ext2cm
		    -> /hybrid_pp_constant
		    -> /hybrid_stan_constant
		    -> /imu_out2
		    -> /kalman
		    -> /local_kalman
		    -> /lqr_r
		    -> /map
		    -> /objectinfo_out2
		    -> /parameter_events
		    -> /pointcloud/os1
		    -> /pointcloud/os1_pc2
		    -> /q_array
		    -> /rosout
		    -> /sensor
		    -> /signal_light
		    -> /speed_limit
		    -> /tf
		    -> /tf_static
		    -> /vehicle_control
		    -> /vehicle_info_out
		    -> /version
		    -> /vn_300
		CMRosIF_CMNode_MyFunc: Here is my own function from the CarMaker ROS Node library!
FIRST_INIT	(internal default used)	2021-08-11 17:29:00
TIME	0.000
		FName = (no associated file)
		errCode = 0
		CarMaker ROS Node is disabled!
SIM_END			0s	0m
IDLE	17:29:00
TIME	3.052
SIM_START	Sangam_AD_HK_sc6[control]	2021-08-11 17:29:31
TIME	0.017
		FName = Data/Vehicle/DEEV_Based_AE_EV_SOP_Lidar_AVcontrol_rev
		errCode = 0
		CarMaker ROS Node is enabled! Mode=1, SyncMode=0
		  -> Node Name = CMNode
		  -> Publish /clock every 100ms
		  -> Send Service Request
		  -> Cycle time of external node changed from 15000ms to 10000ms
		External ROS Node is ready to simulate
		No route selected for ego vehicle
		Environment Generic: model disabled (works only on route)
		Traffic Light 'CtrlTL000_InG' works only in manual mode. For automatic mode at least two phase times should be non zero
		Traffic Light 'CtrlTL000_inR' works only in manual mode. For automatic mode at least two phase times should be non zero
		Traffic Light 'Ped_inR' works only in manual mode. For automatic mode at least two phase times should be non zero
		Traffic Light 'Ped_inG' works only in manual mode. For automatic mode at least two phase times should be non zero
ERROR		Tire: Can't read file 'Data/Tire/TIRE_PureSlip@': No such file or directory
SIM_ABORT	Sangam_AD_HK_sc6[control]	0s	0m
TIME	6.278
SIM_START	Sangam_AD_HK_sc6[control]	2021-08-11 17:30:34
TIME	0.019
		FName = Data/Vehicle/DEEV_Based_AE_EV_SOP_Lidar_AVcontrol_rev
		errCode = 0
		CarMaker ROS Node is enabled! Mode=1, SyncMode=0
		  -> Node Name = CMNode
		  -> Publish /clock every 100ms
		  -> Send Service Request
		External ROS Node is ready to simulate
		No route selected for ego vehicle
		Environment Generic: model disabled (works only on route)
		Traffic Light 'CtrlTL000_InG' works only in manual mode. For automatic mode at least two phase times should be non zero
		Traffic Light 'CtrlTL000_inR' works only in manual mode. For automatic mode at least two phase times should be non zero
		Traffic Light 'Ped_inR' works only in manual mode. For automatic mode at least two phase times should be non zero
		Traffic Light 'Ped_inG' works only in manual mode. For automatic mode at least two phase times should be non zero
ERROR		KnC: File does not exist 'Data/Chassis/AE_EV_SOP_FRT_160627@'
SIM_ABORT	Sangam_AD_HK_sc6[control]	0s	0m
TIME	17.386
SHUTDOWN	CarMaker shutdown initiated

		CMRosIF_CMNode_End: End
