APPLICATION	Car_Generic with CMRosIF #67 (linux64-9.1.1)
COMPILED	amlab@amlab-legion-t7-34imz5 2021-08-12 18:23:22
 
		CMRosIF: Initialization (v0.6.8-CM7.1.2)
		CMRosIF: Read parameters from 'Data/Config/CMRosIFParameters'
		CMRosIF: Loaded library 'ros/ros2_ws/install/hellocm_cmnode/lib/hellocm_cmnode/libCMNode_ROS1_HelloCM.so'
		Initialize CarMaker ROS Node
		  -> Node Version = 00800
		  -> ROS Version  = 00002
		  -> CM Version   = 90101
		  -> Has param 'use_sim_time' with value '0'
		  -> Provide simulation time!
		    -> Publish '/clock' every 100ms
		  -> Publish 'hellocm/cm2ext'
		  -> Publish '/pointcloud/os1'
		  -> Publish '/gps_out2'
		  -> Publish '/imu_out2'
		  -> Publish '/vehicle_info_out'
		  -> Publish '/pointcloud/os1_pc2'
		  -> Publish '/Lane/Left0'
		  -> Publish '/Lane/Left1'
		  -> Publish '/Lane/Right0'
		  -> Publish '/Lane/Right1'
		  -> Publish '/objectinfo_out2'
		  -> Subscribe 'hellocm/ext2cm'
		  -> Service Client 'hellocm/init'
		  -> Create Service 'CMRemote'
		Initialization of ROS Node finished!
		  -> Node Name = 'CMNode'
		  -> Namespace = '/'
		    -> Connected Topics (19)
		    -> /Lane/Left0
		    -> /Lane/Left1
		    -> /Lane/Right0
		    -> /Lane/Right1
		    -> /clock
		    -> /gps_out2
		    -> /hellocm/cm2ext
		    -> /hellocm/ext2cm
		    -> /imu_out2
		    -> /objectinfo_out2
		    -> /parameter_events
		    -> /pointcloud/os1
		    -> /pointcloud/os1_pc2
		    -> /rosout
		    -> /signal_light
		    -> /tf
		    -> /tf_static
		    -> /vehicle_control
		    -> /vehicle_info_out
		CMRosIF_CMNode_MyFunc: Here is my own function from the CarMaker ROS Node library!
FIRST_INIT	(internal default used)	2022-01-18 19:28:30
TIME	0.000
		FName = (no associated file)
		errCode = 0
		CarMaker ROS Node is disabled!
SIM_END			0s	0m
IDLE	19:28:30
TIME	8.210
SIM_START	Sangam_AD_HK_sc5[control]	2022-01-18 19:29:52
TIME	0.017
		FName = Data/Vehicle/DEEV_Based_AE_EV_SOP_Lidar_AVcontrol_rev
		errCode = 0
		CarMaker ROS Node is enabled! Mode=1, SyncMode=0
		  -> Node Name = CMNode
		  -> Publish /clock every 100ms
		  -> Send Service Request
		  -> Cycle time of external node changed from 15000ms to 10000ms
		External ROS Node is ready to simulate
		No route selected for ego vehicle
		Environment Generic: model disabled (works only on route)
		Traffic Light 'CtrlTL000_InG' works only in manual mode. For automatic mode at least two phase times should be non zero
		Traffic Light 'CtrlTL000_inR' works only in manual mode. For automatic mode at least two phase times should be non zero
		Traffic Light 'Ped_inR' works only in manual mode. For automatic mode at least two phase times should be non zero
		Traffic Light 'Ped_inG' works only in manual mode. For automatic mode at least two phase times should be non zero
		Road Sensor: evaluation of route/path disabled
		DrivMan road markers disabled (works only on route)
		Maneuver using IPGDriver disabled (works only on route)
		Current random seed value = 1642501793
		CMNode (CMSimTime=0.000s): External Node is in cycle 1, Time=1642501797s, Stamp=1642501797s
		CMNode (CMSimTime=0.000s): External Node is in cycle 2, Time=1642501807s, Stamp=1642501807s
TIME	2.488
		CMNode (CMSimTime=0.000s): External Node is in cycle 3, Time=1642501817s, Stamp=1642501817s
SIM_END		Sangam_AD_HK_sc5[control]	0s	0m
SHUTDOWN	CarMaker quick shutdown initiated

		CMRosIF_CMNode_End: End
