APPLICATION	Car_Generic with CMRosIF #61 (linux64-9.1.1)
COMPILED	amlab@amlab-legion-t7-34imz5 2021-08-10 22:41:57
 
		CMRosIF: Initialization (v0.6.8-CM7.1.2)
		CMRosIF: Read parameters from 'Data/Config/CMRosIFParameters'
		CMRosIF: Loaded library 'ros/ros2_ws/install/hellocm_cmnode/lib/hellocm_cmnode/libCMNode_ROS1_HelloCM.so'
		Initialize CarMaker ROS Node
		  -> Node Version = 00800
		  -> ROS Version  = 00002
		  -> CM Version   = 90101
		  -> Has param 'use_sim_time' with value '0'
		  -> Provide simulation time!
		    -> Publish '/clock' every 100ms
		  -> Publish 'hellocm/cm2ext'
		  -> Publish '/pointcloud/os1'
		  -> Publish '/gps_out2'
		  -> Publish '/imu_out2'
		  -> Publish '/vehicle_info_out'
		  -> Publish '/pointcloud/os1_pc2'
		  -> Publish '/Lane/Left0'
		  -> Publish '/Lane/Left1'
		  -> Publish '/Lane/Right0'
		  -> Publish '/Lane/Right1'
		  -> Publish '/objectinfo_out2'
		  -> Subscribe 'hellocm/ext2cm'
		  -> Service Client 'hellocm/init'
		  -> Create Service 'CMRemote'
		Initialization of ROS Node finished!
		  -> Node Name = 'CMNode'
		  -> Namespace = '/'
		    -> Connected Topics (19)
		    -> /Lane/Left0
		    -> /Lane/Left1
		    -> /Lane/Right0
		    -> /Lane/Right1
		    -> /clock
		    -> /gps_out2
		    -> /hellocm/cm2ext
		    -> /hellocm/ext2cm
		    -> /imu_out2
		    -> /objectinfo_out2
		    -> /parameter_events
		    -> /pointcloud/os1
		    -> /pointcloud/os1_pc2
		    -> /rosout
		    -> /signal_light
		    -> /tf
		    -> /tf_static
		    -> /vehicle_control
		    -> /vehicle_info_out
		CMRosIF_CMNode_MyFunc: Here is my own function from the CarMaker ROS Node library!
FIRST_INIT	(internal default used)	2021-08-10 22:42:11
TIME	0.000
		FName = (no associated file)
		errCode = 0
		CarMaker ROS Node is disabled!
SIM_END			0s	0m
IDLE	22:42:12
SIM_START	CMRosIF_Testing	2021-08-10 22:42:18
TIME	0.009
		FName = Data/Vehicle/DemoCar_CMRosIF_SensorExtension
		errCode = 0
		CarMaker ROS Node is enabled! Mode=1, SyncMode=0
		  -> Node Name = CMNode
		  -> Publish /clock every 100ms
		  -> Send Service Request
		  -> Cycle time of external node changed from 15000ms to 10000ms
		External ROS Node is ready to simulate
		Current random seed value = 1628602938
ERROR		LidarRSI: Error setting up sensor instance (-14)
SIM_ABORT	CMRosIF_Testing	0s	0m
TIME	5.136
SHUTDOWN	CarMaker quick shutdown initiated

		CMRosIF_CMNode_End: End
