[0.474s] Invoking command in '/home/amlab/CarMaker_ROS2_Original/ros/ros2_ws/src/build/cmrosutils': CMAKE_PREFIX_PATH=${CMAKE_PREFIX_PATH}:/opt/ros/galactic /usr/bin/cmake /home/amlab/CarMaker_ROS2_Original/ros/ros2_ws/src/cmrosutils -DCMAKE_INSTALL_PREFIX=/home/amlab/CarMaker_ROS2_Original/ros/ros2_ws/src/install/cmrosutils
[0.510s] -- The C compiler identification is GNU 9.4.0
[0.543s] -- The CXX compiler identification is GNU 9.4.0
[0.546s] -- Check for working C compiler: /usr/bin/cc
[0.587s] -- Check for working C compiler: /usr/bin/cc -- works
[0.587s] -- Detecting C compiler ABI info
[0.631s] -- Detecting C compiler ABI info - done
[0.643s] -- Detecting C compile features
[0.644s] -- Detecting C compile features - done
[0.646s] -- Check for working CXX compiler: /usr/bin/c++
[0.693s] -- Check for working CXX compiler: /usr/bin/c++ -- works
[0.694s] -- Detecting CXX compiler ABI info
[0.746s] -- Detecting CXX compiler ABI info - done
[0.755s] -- Detecting CXX compile features
[0.756s] -- Detecting CXX compile features - done
[0.758s] -- Found std_msgs: 2.2.4 (/opt/ros/galactic/share/std_msgs/cmake)
[0.775s] -- Found PythonInterp: /usr/bin/python3 (found suitable version "3.8.10", minimum required is "3") 
[0.775s] -- Using PYTHON_EXECUTABLE: /usr/bin/python3
[0.856s] -- Using all available rosidl_typesupport_c: rosidl_typesupport_fastrtps_c;rosidl_typesupport_introspection_c
[0.862s] -- Found rosidl_adapter: 2.2.3 (/opt/ros/galactic/share/rosidl_adapter/cmake)
[0.908s] -- Found OpenSSL: /usr/lib/x86_64-linux-gnu/libcrypto.so (found version "1.1.1f")  
[0.933s] -- Found FastRTPS: /opt/ros/galactic/include  
[0.993s] -- Using all available rosidl_typesupport_cpp: rosidl_typesupport_fastrtps_cpp;rosidl_typesupport_introspection_cpp
[1.022s] -- Found rosidl_default_generators: 1.1.1 (/opt/ros/galactic/share/rosidl_default_generators/cmake)
[1.042s] -- Found PythonInterp: /usr/bin/python3 (found version "3.8.10") 
[1.150s] -- Found ament_cmake_ros: 0.9.2 (/opt/ros/galactic/share/ament_cmake_ros/cmake)
[1.291s] -- Using all available rosidl_typesupport_c: rosidl_typesupport_fastrtps_c;rosidl_typesupport_introspection_c
[1.354s] -- Using all available rosidl_typesupport_cpp: rosidl_typesupport_fastrtps_cpp;rosidl_typesupport_introspection_cpp
[1.372s] -- Found PythonInterp: /usr/bin/python3 (found suitable version "3.8.10", minimum required is "3.5") 
[1.374s] -- Found python_cmake_module: 0.8.1 (/opt/ros/galactic/share/python_cmake_module/cmake)
[1.391s] -- Found PythonLibs: /usr/lib/x86_64-linux-gnu/libpython3.8.so (found suitable version "3.8.10", minimum required is "3.5") 
[1.391s] -- Using PYTHON_EXECUTABLE: /usr/bin/python3
[1.391s] -- Using PYTHON_INCLUDE_DIRS: /usr/include/python3.8
[1.391s] -- Using PYTHON_LIBRARIES: /usr/lib/x86_64-linux-gnu/libpython3.8.so
[1.404s] -- Found PythonExtra: .so  
[1.454s] -- Found ament_lint_auto: 0.10.7 (/opt/ros/galactic/share/ament_lint_auto/cmake)
[1.474s] -- Added test 'copyright' to check source files copyright and LICENSE
[1.475s] -- Added test 'cppcheck' to perform static code analysis on C / C++ code
[1.476s] -- Configured cppcheck include dirs: 
[1.476s] -- Configured cppcheck exclude dirs and/or files: 
[1.477s] -- Added test 'cpplint' to check C / C++ code against the Google style
[1.477s] -- Configured cpplint exclude dirs and/or files: 
[1.478s] -- Added test 'lint_cmake' to check CMake code style
[1.479s] -- Added test 'uncrustify' to check C / C++ code style
[1.479s] -- Configured uncrustify additional arguments: 
[1.479s] -- Added test 'xmllint' to check XML markup files
[1.484s] -- Configuring done
[1.521s] -- Generating done
[1.523s] -- Build files have been written to: /home/amlab/CarMaker_ROS2_Original/ros/ros2_ws/src/build/cmrosutils
[1.528s] Invoked command in '/home/amlab/CarMaker_ROS2_Original/ros/ros2_ws/src/build/cmrosutils' returned '0': CMAKE_PREFIX_PATH=${CMAKE_PREFIX_PATH}:/opt/ros/galactic /usr/bin/cmake /home/amlab/CarMaker_ROS2_Original/ros/ros2_ws/src/cmrosutils -DCMAKE_INSTALL_PREFIX=/home/amlab/CarMaker_ROS2_Original/ros/ros2_ws/src/install/cmrosutils
[1.530s] Invoking command in '/home/amlab/CarMaker_ROS2_Original/ros/ros2_ws/src/build/cmrosutils': CMAKE_PREFIX_PATH=${CMAKE_PREFIX_PATH}:/opt/ros/galactic /usr/bin/cmake --build /home/amlab/CarMaker_ROS2_Original/ros/ros2_ws/src/build/cmrosutils -- -j12 -l12
[1.554s] [35m[1mScanning dependencies of target cmrosutils__cpp[0m
[1.559s] [  3%] [34m[1mGenerating C code for ROS interfaces[0m
[1.563s] [  6%] [34m[1mGenerating C++ code for ROS interfaces[0m
[1.760s] [35m[1mScanning dependencies of target cmrosutils__rosidl_generator_c[0m
[1.766s] [  9%] [32mBuilding C object CMakeFiles/cmrosutils__rosidl_generator_c.dir/rosidl_generator_c/cmrosutils/srv/detail/cm_remote__functions.c.o[0m
[1.768s] [  9%] Built target cmrosutils__cpp
[1.775s] [ 12%] [34m[1mGenerating C++ introspection for ROS interfaces[0m
[1.776s] [ 16%] [34m[1mGenerating C++ type support for eProsima Fast-RTPS[0m
[1.776s] [ 19%] [34m[1mGenerating C++ type support dispatch for ROS interfaces[0m
[1.804s] [ 22%] [32m[1mLinking C shared library libcmrosutils__rosidl_generator_c.so[0m
[1.833s] [ 22%] Built target cmrosutils__rosidl_generator_c
[1.841s] [ 29%] [34m[1mGenerating C introspection for ROS interfaces[0m
[1.842s] [ 29%] [34m[1mGenerating C type support dispatch for ROS interfaces[0m
[1.940s] [35m[1mScanning dependencies of target cmrosutils__rosidl_typesupport_introspection_cpp[0m
[1.947s] [ 32%] [32mBuilding CXX object CMakeFiles/cmrosutils__rosidl_typesupport_introspection_cpp.dir/rosidl_typesupport_introspection_cpp/cmrosutils/srv/detail/cm_remote__type_support.cpp.o[0m
[1.995s] [35m[1mScanning dependencies of target cmrosutils__rosidl_typesupport_c[0m
[2.004s] [ 35%] [32mBuilding CXX object CMakeFiles/cmrosutils__rosidl_typesupport_c.dir/rosidl_typesupport_c/cmrosutils/srv/cm_remote__type_support.cpp.o[0m
[2.031s] [ 38%] [32m[1mLinking CXX shared library libcmrosutils__rosidl_typesupport_c.so[0m
[2.034s] [35m[1mScanning dependencies of target cmrosutils__rosidl_typesupport_cpp[0m
[2.043s] [ 41%] [32mBuilding CXX object CMakeFiles/cmrosutils__rosidl_typesupport_cpp.dir/rosidl_typesupport_cpp/cmrosutils/srv/cm_remote__type_support.cpp.o[0m
[2.055s] [35m[1mScanning dependencies of target cmrosutils__rosidl_typesupport_fastrtps_cpp[0m
[2.069s] [ 45%] [32mBuilding CXX object CMakeFiles/cmrosutils__rosidl_typesupport_fastrtps_cpp.dir/rosidl_typesupport_fastrtps_cpp/cmrosutils/srv/detail/dds_fastrtps/cm_remote__type_support.cpp.o[0m
[2.072s] [ 45%] Built target cmrosutils__rosidl_typesupport_c
[2.091s] [35m[1mScanning dependencies of target cmrosutils__rosidl_typesupport_introspection_c[0m
[2.099s] [ 48%] [32mBuilding C object CMakeFiles/cmrosutils__rosidl_typesupport_introspection_c.dir/rosidl_typesupport_introspection_c/cmrosutils/srv/detail/cm_remote__type_support.c.o[0m
[2.105s] [ 51%] [32m[1mLinking CXX shared library libcmrosutils__rosidl_typesupport_introspection_cpp.so[0m
[2.120s] [ 54%] [32m[1mLinking C shared library libcmrosutils__rosidl_typesupport_introspection_c.so[0m
[2.139s] [ 54%] Built target cmrosutils__rosidl_typesupport_introspection_c
[2.142s] [ 54%] Built target cmrosutils__rosidl_typesupport_introspection_cpp
[2.203s] [ 58%] [32m[1mLinking CXX shared library libcmrosutils__rosidl_typesupport_cpp.so[0m
[2.227s] [ 58%] Built target cmrosutils__rosidl_typesupport_cpp
[2.349s] [ 61%] [32m[1mLinking CXX shared library libcmrosutils__rosidl_typesupport_fastrtps_cpp.so[0m
[2.400s] [ 61%] Built target cmrosutils__rosidl_typesupport_fastrtps_cpp
[2.406s] [ 64%] [34m[1mGenerating C type support for eProsima Fast-RTPS[0m
[2.607s] [35m[1mScanning dependencies of target cmrosutils__rosidl_typesupport_fastrtps_c[0m
[2.619s] [ 67%] [32mBuilding CXX object CMakeFiles/cmrosutils__rosidl_typesupport_fastrtps_c.dir/rosidl_typesupport_fastrtps_c/cmrosutils/srv/detail/cm_remote__type_support_c.cpp.o[0m
[2.815s] [ 70%] [32m[1mLinking CXX shared library libcmrosutils__rosidl_typesupport_fastrtps_c.so[0m
[2.865s] [ 70%] Built target cmrosutils__rosidl_typesupport_fastrtps_c
[2.872s] [35m[1mScanning dependencies of target cmrosutils[0m
[2.884s] [ 70%] Built target cmrosutils
[2.891s] [35m[1mScanning dependencies of target cmrosutils__py[0m
[2.900s] [ 74%] [34m[1mGenerating Python code for ROS interfaces[0m
[3.602s] [ 74%] Built target cmrosutils__py
[3.615s] [35m[1mScanning dependencies of target cmrosutils__python[0m
[3.637s] [ 77%] [32mBuilding C object CMakeFiles/cmrosutils__python.dir/rosidl_generator_py/cmrosutils/srv/_cm_remote_s.c.o[0m
[3.749s] [ 80%] [32m[1mLinking C shared library rosidl_generator_py/cmrosutils/libcmrosutils__python.so[0m
[3.812s] [ 80%] Built target cmrosutils__python
[3.834s] [35m[1mScanning dependencies of target cmrosutils__rosidl_typesupport_fastrtps_c__pyext[0m
[3.854s] [35m[1mScanning dependencies of target cmrosutils__rosidl_typesupport_introspection_c__pyext[0m
[3.854s] [35m[1mScanning dependencies of target cmrosutils__rosidl_typesupport_c__pyext[0m
[3.859s] [ 83%] [32mBuilding C object CMakeFiles/cmrosutils__rosidl_typesupport_fastrtps_c__pyext.dir/rosidl_generator_py/cmrosutils/_cmrosutils_s.ep.rosidl_typesupport_fastrtps_c.c.o[0m
[3.909s] [ 87%] [32mBuilding C object CMakeFiles/cmrosutils__rosidl_typesupport_introspection_c__pyext.dir/rosidl_generator_py/cmrosutils/_cmrosutils_s.ep.rosidl_typesupport_introspection_c.c.o[0m
[3.916s] [ 90%] [32mBuilding C object CMakeFiles/cmrosutils__rosidl_typesupport_c__pyext.dir/rosidl_generator_py/cmrosutils/_cmrosutils_s.ep.rosidl_typesupport_c.c.o[0m
[4.007s] [ 93%] [32m[1mLinking CXX shared library rosidl_generator_py/cmrosutils/cmrosutils_s__rosidl_typesupport_fastrtps_c.cpython-38-x86_64-linux-gnu.so[0m
[4.022s] [ 96%] [32m[1mLinking C shared library rosidl_generator_py/cmrosutils/cmrosutils_s__rosidl_typesupport_introspection_c.cpython-38-x86_64-linux-gnu.so[0m
[4.057s] [ 96%] Built target cmrosutils__rosidl_typesupport_introspection_c__pyext
[4.071s] [100%] [32m[1mLinking C shared library rosidl_generator_py/cmrosutils/cmrosutils_s__rosidl_typesupport_c.cpython-38-x86_64-linux-gnu.so[0m
[4.079s] [100%] Built target cmrosutils__rosidl_typesupport_fastrtps_c__pyext
[4.093s] [100%] Built target cmrosutils__rosidl_typesupport_c__pyext
