[1.054s] DEBUG:colcon:Command line arguments: ['/usr/bin/colcon', 'build']
[1.054s] DEBUG:colcon:Parsed command line arguments: Namespace(allow_overriding=[], ament_cmake_args=None, base_paths=['.'], build_base='build', catkin_cmake_args=None, catkin_skip_building_tests=False, cmake_args=None, cmake_clean_cache=False, cmake_clean_first=False, cmake_force_configure=False, cmake_target=None, cmake_target_skip_unavailable=False, continue_on_error=False, event_handlers=None, executor='parallel', ignore_user_meta=False, install_base='install', log_base=None, log_level=None, main=<bound method BuildVerb.main of <colcon_core.verb.build.BuildVerb object at 0x7f465b9dcb80>>, merge_install=False, metas=['./colcon.meta'], packages_above=None, packages_above_and_dependencies=None, packages_above_depth=None, packages_end=None, packages_ignore=None, packages_ignore_regex=None, packages_select=None, packages_select_build_failed=False, packages_select_by_dep=None, packages_select_regex=None, packages_select_test_failures=False, packages_skip=None, packages_skip_build_finished=False, packages_skip_by_dep=None, packages_skip_regex=None, packages_skip_test_passed=False, packages_skip_up_to=None, packages_start=None, packages_up_to=None, packages_up_to_regex=None, parallel_workers=12, paths=None, symlink_install=False, test_result_base=None, verb_extension=<colcon_core.verb.build.BuildVerb object at 0x7f465b9dcb80>, verb_name='build', verb_parser=<colcon_defaults.argument_parser.defaults.DefaultArgumentsDecorator object at 0x7f465c3220d0>)
[1.101s] Level 1:colcon.colcon_core.package_discovery:discover_packages(colcon_meta) check parameters
[1.101s] Level 1:colcon.colcon_core.package_discovery:discover_packages(recursive) check parameters
[1.101s] Level 1:colcon.colcon_core.package_discovery:discover_packages(ignore) check parameters
[1.101s] Level 1:colcon.colcon_core.package_discovery:discover_packages(path) check parameters
[1.101s] Level 1:colcon.colcon_core.package_discovery:discover_packages(colcon_meta) discover
[1.101s] Level 1:colcon.colcon_core.package_discovery:discover_packages(recursive) discover
[1.101s] INFO:colcon.colcon_core.package_discovery:Crawling recursively for packages in '/home/amlab/CarMaker_ROS2_Original/ros/ros2_ws'
[1.101s] Level 1:colcon.colcon_core.package_identification:_identify(.) by extensions ['ignore', 'ignore_ament_install']
[1.101s] Level 1:colcon.colcon_core.package_identification:_identify(.) by extension 'ignore'
[1.101s] Level 1:colcon.colcon_core.package_identification:_identify(.) by extension 'ignore_ament_install'
[1.101s] Level 1:colcon.colcon_core.package_identification:_identify(.) by extensions ['colcon_pkg']
[1.101s] Level 1:colcon.colcon_core.package_identification:_identify(.) by extension 'colcon_pkg'
[1.101s] Level 1:colcon.colcon_core.package_identification:_identify(.) by extensions ['colcon_meta']
[1.101s] Level 1:colcon.colcon_core.package_identification:_identify(.) by extension 'colcon_meta'
[1.101s] Level 1:colcon.colcon_core.package_identification:_identify(.) by extensions ['ros']
[1.101s] Level 1:colcon.colcon_core.package_identification:_identify(.) by extension 'ros'
[1.107s] Level 1:colcon.colcon_core.package_identification:_identify(.) by extensions ['cmake', 'python']
[1.107s] Level 1:colcon.colcon_core.package_identification:_identify(.) by extension 'cmake'
[1.107s] Level 1:colcon.colcon_core.package_identification:_identify(.) by extension 'python'
[1.107s] Level 1:colcon.colcon_core.package_identification:_identify(.) by extensions ['python_setup_py']
[1.107s] Level 1:colcon.colcon_core.package_identification:_identify(.) by extension 'python_setup_py'
[1.107s] Level 1:colcon.colcon_core.package_identification:_identify(build) by extensions ['ignore', 'ignore_ament_install']
[1.108s] Level 1:colcon.colcon_core.package_identification:_identify(build) by extension 'ignore'
[1.108s] Level 1:colcon.colcon_core.package_identification:_identify(build) ignored
[1.108s] Level 1:colcon.colcon_core.package_identification:_identify(install) by extensions ['ignore', 'ignore_ament_install']
[1.108s] Level 1:colcon.colcon_core.package_identification:_identify(install) by extension 'ignore'
[1.108s] Level 1:colcon.colcon_core.package_identification:_identify(install) ignored
[1.108s] Level 1:colcon.colcon_core.package_identification:_identify(log) by extensions ['ignore', 'ignore_ament_install']
[1.108s] Level 1:colcon.colcon_core.package_identification:_identify(log) by extension 'ignore'
[1.108s] Level 1:colcon.colcon_core.package_identification:_identify(log) ignored
[1.108s] Level 1:colcon.colcon_core.package_identification:_identify(src) by extensions ['ignore', 'ignore_ament_install']
[1.108s] Level 1:colcon.colcon_core.package_identification:_identify(src) by extension 'ignore'
[1.108s] Level 1:colcon.colcon_core.package_identification:_identify(src) by extension 'ignore_ament_install'
[1.108s] Level 1:colcon.colcon_core.package_identification:_identify(src) by extensions ['colcon_pkg']
[1.108s] Level 1:colcon.colcon_core.package_identification:_identify(src) by extension 'colcon_pkg'
[1.108s] Level 1:colcon.colcon_core.package_identification:_identify(src) by extensions ['colcon_meta']
[1.108s] Level 1:colcon.colcon_core.package_identification:_identify(src) by extension 'colcon_meta'
[1.108s] Level 1:colcon.colcon_core.package_identification:_identify(src) by extensions ['ros']
[1.108s] Level 1:colcon.colcon_core.package_identification:_identify(src) by extension 'ros'
[1.108s] Level 1:colcon.colcon_core.package_identification:_identify(src) by extensions ['cmake', 'python']
[1.108s] Level 1:colcon.colcon_core.package_identification:_identify(src) by extension 'cmake'
[1.108s] Level 1:colcon.colcon_core.package_identification:_identify(src) by extension 'python'
[1.108s] Level 1:colcon.colcon_core.package_identification:_identify(src) by extensions ['python_setup_py']
[1.108s] Level 1:colcon.colcon_core.package_identification:_identify(src) by extension 'python_setup_py'
[1.108s] Level 1:colcon.colcon_core.package_identification:_identify(src/build) by extensions ['ignore', 'ignore_ament_install']
[1.108s] Level 1:colcon.colcon_core.package_identification:_identify(src/build) by extension 'ignore'
[1.108s] Level 1:colcon.colcon_core.package_identification:_identify(src/build) ignored
[1.108s] Level 1:colcon.colcon_core.package_identification:_identify(src/carmaker_vds_client) by extensions ['ignore', 'ignore_ament_install']
[1.108s] Level 1:colcon.colcon_core.package_identification:_identify(src/carmaker_vds_client) by extension 'ignore'
[1.108s] Level 1:colcon.colcon_core.package_identification:_identify(src/carmaker_vds_client) by extension 'ignore_ament_install'
[1.108s] Level 1:colcon.colcon_core.package_identification:_identify(src/carmaker_vds_client) by extensions ['colcon_pkg']
[1.108s] Level 1:colcon.colcon_core.package_identification:_identify(src/carmaker_vds_client) by extension 'colcon_pkg'
[1.108s] Level 1:colcon.colcon_core.package_identification:_identify(src/carmaker_vds_client) by extensions ['colcon_meta']
[1.108s] Level 1:colcon.colcon_core.package_identification:_identify(src/carmaker_vds_client) by extension 'colcon_meta'
[1.108s] Level 1:colcon.colcon_core.package_identification:_identify(src/carmaker_vds_client) by extensions ['ros']
[1.108s] Level 1:colcon.colcon_core.package_identification:_identify(src/carmaker_vds_client) by extension 'ros'
[1.110s] DEBUG:colcon.colcon_core.package_identification:Package 'src/carmaker_vds_client' with type 'ros.ament_cmake' and name 'carmaker_vds_client'
[1.110s] Level 1:colcon.colcon_core.package_identification:_identify(src/cm_control_example) by extensions ['ignore', 'ignore_ament_install']
[1.110s] Level 1:colcon.colcon_core.package_identification:_identify(src/cm_control_example) by extension 'ignore'
[1.110s] Level 1:colcon.colcon_core.package_identification:_identify(src/cm_control_example) by extension 'ignore_ament_install'
[1.110s] Level 1:colcon.colcon_core.package_identification:_identify(src/cm_control_example) by extensions ['colcon_pkg']
[1.110s] Level 1:colcon.colcon_core.package_identification:_identify(src/cm_control_example) by extension 'colcon_pkg'
[1.110s] Level 1:colcon.colcon_core.package_identification:_identify(src/cm_control_example) by extensions ['colcon_meta']
[1.110s] Level 1:colcon.colcon_core.package_identification:_identify(src/cm_control_example) by extension 'colcon_meta'
[1.110s] Level 1:colcon.colcon_core.package_identification:_identify(src/cm_control_example) by extensions ['ros']
[1.110s] Level 1:colcon.colcon_core.package_identification:_identify(src/cm_control_example) by extension 'ros'
[1.111s] DEBUG:colcon.colcon_core.package_identification:Package 'src/cm_control_example' with type 'ros.ament_cmake' and name 'cm_control_example'
[1.111s] Level 1:colcon.colcon_core.package_identification:_identify(src/cmrosutils) by extensions ['ignore', 'ignore_ament_install']
[1.111s] Level 1:colcon.colcon_core.package_identification:_identify(src/cmrosutils) by extension 'ignore'
[1.111s] Level 1:colcon.colcon_core.package_identification:_identify(src/cmrosutils) by extension 'ignore_ament_install'
[1.111s] Level 1:colcon.colcon_core.package_identification:_identify(src/cmrosutils) by extensions ['colcon_pkg']
[1.111s] Level 1:colcon.colcon_core.package_identification:_identify(src/cmrosutils) by extension 'colcon_pkg'
[1.111s] Level 1:colcon.colcon_core.package_identification:_identify(src/cmrosutils) by extensions ['colcon_meta']
[1.111s] Level 1:colcon.colcon_core.package_identification:_identify(src/cmrosutils) by extension 'colcon_meta'
[1.111s] Level 1:colcon.colcon_core.package_identification:_identify(src/cmrosutils) by extensions ['ros']
[1.111s] Level 1:colcon.colcon_core.package_identification:_identify(src/cmrosutils) by extension 'ros'
[1.111s] DEBUG:colcon.colcon_core.package_identification:Package 'src/cmrosutils' with type 'ros.ament_cmake' and name 'cmrosutils'
[1.111s] Level 1:colcon.colcon_core.package_identification:_identify(src/control_test) by extensions ['ignore', 'ignore_ament_install']
[1.111s] Level 1:colcon.colcon_core.package_identification:_identify(src/control_test) by extension 'ignore'
[1.111s] Level 1:colcon.colcon_core.package_identification:_identify(src/control_test) by extension 'ignore_ament_install'
[1.111s] Level 1:colcon.colcon_core.package_identification:_identify(src/control_test) by extensions ['colcon_pkg']
[1.111s] Level 1:colcon.colcon_core.package_identification:_identify(src/control_test) by extension 'colcon_pkg'
[1.111s] Level 1:colcon.colcon_core.package_identification:_identify(src/control_test) by extensions ['colcon_meta']
[1.111s] Level 1:colcon.colcon_core.package_identification:_identify(src/control_test) by extension 'colcon_meta'
[1.111s] Level 1:colcon.colcon_core.package_identification:_identify(src/control_test) by extensions ['ros']
[1.111s] Level 1:colcon.colcon_core.package_identification:_identify(src/control_test) by extension 'ros'
[1.112s] DEBUG:colcon.colcon_core.package_identification:Package 'src/control_test' with type 'ros.ament_cmake' and name 'control_test'
[1.112s] Level 1:colcon.colcon_core.package_identification:_identify(src/custom_msgs) by extensions ['ignore', 'ignore_ament_install']
[1.112s] Level 1:colcon.colcon_core.package_identification:_identify(src/custom_msgs) by extension 'ignore'
[1.112s] Level 1:colcon.colcon_core.package_identification:_identify(src/custom_msgs) by extension 'ignore_ament_install'
[1.112s] Level 1:colcon.colcon_core.package_identification:_identify(src/custom_msgs) by extensions ['colcon_pkg']
[1.112s] Level 1:colcon.colcon_core.package_identification:_identify(src/custom_msgs) by extension 'colcon_pkg'
[1.112s] Level 1:colcon.colcon_core.package_identification:_identify(src/custom_msgs) by extensions ['colcon_meta']
[1.112s] Level 1:colcon.colcon_core.package_identification:_identify(src/custom_msgs) by extension 'colcon_meta'
[1.112s] Level 1:colcon.colcon_core.package_identification:_identify(src/custom_msgs) by extensions ['ros']
[1.112s] Level 1:colcon.colcon_core.package_identification:_identify(src/custom_msgs) by extension 'ros'
[1.112s] DEBUG:colcon.colcon_core.package_identification:Package 'src/custom_msgs' with type 'ros.ament_cmake' and name 'custom_msgs'
[1.112s] Level 1:colcon.colcon_core.package_identification:_identify(src/hellocm) by extensions ['ignore', 'ignore_ament_install']
[1.112s] Level 1:colcon.colcon_core.package_identification:_identify(src/hellocm) by extension 'ignore'
[1.112s] Level 1:colcon.colcon_core.package_identification:_identify(src/hellocm) by extension 'ignore_ament_install'
[1.112s] Level 1:colcon.colcon_core.package_identification:_identify(src/hellocm) by extensions ['colcon_pkg']
[1.113s] Level 1:colcon.colcon_core.package_identification:_identify(src/hellocm) by extension 'colcon_pkg'
[1.113s] Level 1:colcon.colcon_core.package_identification:_identify(src/hellocm) by extensions ['colcon_meta']
[1.113s] Level 1:colcon.colcon_core.package_identification:_identify(src/hellocm) by extension 'colcon_meta'
[1.113s] Level 1:colcon.colcon_core.package_identification:_identify(src/hellocm) by extensions ['ros']
[1.113s] Level 1:colcon.colcon_core.package_identification:_identify(src/hellocm) by extension 'ros'
[1.113s] DEBUG:colcon.colcon_core.package_identification:Package 'src/hellocm' with type 'ros.ament_cmake' and name 'hellocm'
[1.113s] Level 1:colcon.colcon_core.package_identification:_identify(src/hellocm_cmnode) by extensions ['ignore', 'ignore_ament_install']
[1.113s] Level 1:colcon.colcon_core.package_identification:_identify(src/hellocm_cmnode) by extension 'ignore'
[1.113s] Level 1:colcon.colcon_core.package_identification:_identify(src/hellocm_cmnode) by extension 'ignore_ament_install'
[1.113s] Level 1:colcon.colcon_core.package_identification:_identify(src/hellocm_cmnode) by extensions ['colcon_pkg']
[1.113s] Level 1:colcon.colcon_core.package_identification:_identify(src/hellocm_cmnode) by extension 'colcon_pkg'
[1.113s] Level 1:colcon.colcon_core.package_identification:_identify(src/hellocm_cmnode) by extensions ['colcon_meta']
[1.113s] Level 1:colcon.colcon_core.package_identification:_identify(src/hellocm_cmnode) by extension 'colcon_meta'
[1.113s] Level 1:colcon.colcon_core.package_identification:_identify(src/hellocm_cmnode) by extensions ['ros']
[1.113s] Level 1:colcon.colcon_core.package_identification:_identify(src/hellocm_cmnode) by extension 'ros'
[1.114s] DEBUG:colcon.colcon_core.package_identification:Package 'src/hellocm_cmnode' with type 'ros.ament_cmake' and name 'hellocm_cmnode'
[1.114s] Level 1:colcon.colcon_core.package_identification:_identify(src/hellocm_msgs) by extensions ['ignore', 'ignore_ament_install']
[1.114s] Level 1:colcon.colcon_core.package_identification:_identify(src/hellocm_msgs) by extension 'ignore'
[1.114s] Level 1:colcon.colcon_core.package_identification:_identify(src/hellocm_msgs) by extension 'ignore_ament_install'
[1.114s] Level 1:colcon.colcon_core.package_identification:_identify(src/hellocm_msgs) by extensions ['colcon_pkg']
[1.114s] Level 1:colcon.colcon_core.package_identification:_identify(src/hellocm_msgs) by extension 'colcon_pkg'
[1.114s] Level 1:colcon.colcon_core.package_identification:_identify(src/hellocm_msgs) by extensions ['colcon_meta']
[1.114s] Level 1:colcon.colcon_core.package_identification:_identify(src/hellocm_msgs) by extension 'colcon_meta'
[1.114s] Level 1:colcon.colcon_core.package_identification:_identify(src/hellocm_msgs) by extensions ['ros']
[1.114s] Level 1:colcon.colcon_core.package_identification:_identify(src/hellocm_msgs) by extension 'ros'
[1.115s] DEBUG:colcon.colcon_core.package_identification:Package 'src/hellocm_msgs' with type 'ros.ament_cmake' and name 'hellocm_msgs'
[1.115s] Level 1:colcon.colcon_core.package_identification:_identify(src/install) by extensions ['ignore', 'ignore_ament_install']
[1.115s] Level 1:colcon.colcon_core.package_identification:_identify(src/install) by extension 'ignore'
[1.115s] Level 1:colcon.colcon_core.package_identification:_identify(src/install) ignored
[1.115s] Level 1:colcon.colcon_core.package_identification:_identify(src/log) by extensions ['ignore', 'ignore_ament_install']
[1.115s] Level 1:colcon.colcon_core.package_identification:_identify(src/log) by extension 'ignore'
[1.115s] Level 1:colcon.colcon_core.package_identification:_identify(src/log) ignored
[1.115s] Level 1:colcon.colcon_core.package_discovery:discover_packages(recursive) using defaults
[1.115s] Level 1:colcon.colcon_core.package_discovery:discover_packages(ignore) discover
[1.115s] Level 1:colcon.colcon_core.package_discovery:discover_packages(ignore) using defaults
[1.115s] Level 1:colcon.colcon_core.package_discovery:discover_packages(path) discover
[1.115s] Level 1:colcon.colcon_core.package_discovery:discover_packages(path) using defaults
[1.217s] Level 1:colcon.colcon_core.package_discovery:discover_packages(prefix_path) check parameters
[1.217s] Level 1:colcon.colcon_core.package_discovery:discover_packages(prefix_path) discover
[1.252s] DEBUG:colcon.colcon_installed_package_information.package_discovery:Found 8 installed packages in /home/amlab/CarMaker_ROS2_Original/ros/ros2_ws/install
[1.270s] DEBUG:colcon.colcon_installed_package_information.package_discovery:Found 268 installed packages in /opt/ros/galactic
[1.271s] Level 1:colcon.colcon_core.package_discovery:discover_packages(prefix_path) using defaults
[1.345s] Level 5:colcon.colcon_core.verb:set package 'carmaker_vds_client' build argument 'cmake_args' from command line to 'None'
[1.345s] Level 5:colcon.colcon_core.verb:set package 'carmaker_vds_client' build argument 'cmake_target' from command line to 'None'
[1.345s] Level 5:colcon.colcon_core.verb:set package 'carmaker_vds_client' build argument 'cmake_target_skip_unavailable' from command line to 'False'
[1.345s] Level 5:colcon.colcon_core.verb:set package 'carmaker_vds_client' build argument 'cmake_clean_cache' from command line to 'False'
[1.345s] Level 5:colcon.colcon_core.verb:set package 'carmaker_vds_client' build argument 'cmake_clean_first' from command line to 'False'
[1.345s] Level 5:colcon.colcon_core.verb:set package 'carmaker_vds_client' build argument 'cmake_force_configure' from command line to 'False'
[1.345s] Level 5:colcon.colcon_core.verb:set package 'carmaker_vds_client' build argument 'ament_cmake_args' from command line to 'None'
[1.345s] Level 5:colcon.colcon_core.verb:set package 'carmaker_vds_client' build argument 'catkin_cmake_args' from command line to 'None'
[1.345s] Level 5:colcon.colcon_core.verb:set package 'carmaker_vds_client' build argument 'catkin_skip_building_tests' from command line to 'False'
[1.346s] DEBUG:colcon.colcon_core.verb:Building package 'carmaker_vds_client' with the following arguments: {'ament_cmake_args': None, 'build_base': '/home/amlab/CarMaker_ROS2_Original/ros/ros2_ws/build/carmaker_vds_client', 'catkin_cmake_args': None, 'catkin_skip_building_tests': False, 'cmake_args': None, 'cmake_clean_cache': False, 'cmake_clean_first': False, 'cmake_force_configure': False, 'cmake_target': None, 'cmake_target_skip_unavailable': False, 'install_base': '/home/amlab/CarMaker_ROS2_Original/ros/ros2_ws/install/carmaker_vds_client', 'merge_install': False, 'path': '/home/amlab/CarMaker_ROS2_Original/ros/ros2_ws/src/carmaker_vds_client', 'symlink_install': False, 'test_result_base': None}
[1.363s] Level 5:colcon.colcon_core.verb:set package 'cm_control_example' build argument 'cmake_args' from command line to 'None'
[1.363s] Level 5:colcon.colcon_core.verb:set package 'cm_control_example' build argument 'cmake_target' from command line to 'None'
[1.363s] Level 5:colcon.colcon_core.verb:set package 'cm_control_example' build argument 'cmake_target_skip_unavailable' from command line to 'False'
[1.363s] Level 5:colcon.colcon_core.verb:set package 'cm_control_example' build argument 'cmake_clean_cache' from command line to 'False'
[1.363s] Level 5:colcon.colcon_core.verb:set package 'cm_control_example' build argument 'cmake_clean_first' from command line to 'False'
[1.363s] Level 5:colcon.colcon_core.verb:set package 'cm_control_example' build argument 'cmake_force_configure' from command line to 'False'
[1.363s] Level 5:colcon.colcon_core.verb:set package 'cm_control_example' build argument 'ament_cmake_args' from command line to 'None'
[1.363s] Level 5:colcon.colcon_core.verb:set package 'cm_control_example' build argument 'catkin_cmake_args' from command line to 'None'
[1.363s] Level 5:colcon.colcon_core.verb:set package 'cm_control_example' build argument 'catkin_skip_building_tests' from command line to 'False'
[1.363s] DEBUG:colcon.colcon_core.verb:Building package 'cm_control_example' with the following arguments: {'ament_cmake_args': None, 'build_base': '/home/amlab/CarMaker_ROS2_Original/ros/ros2_ws/build/cm_control_example', 'catkin_cmake_args': None, 'catkin_skip_building_tests': False, 'cmake_args': None, 'cmake_clean_cache': False, 'cmake_clean_first': False, 'cmake_force_configure': False, 'cmake_target': None, 'cmake_target_skip_unavailable': False, 'install_base': '/home/amlab/CarMaker_ROS2_Original/ros/ros2_ws/install/cm_control_example', 'merge_install': False, 'path': '/home/amlab/CarMaker_ROS2_Original/ros/ros2_ws/src/cm_control_example', 'symlink_install': False, 'test_result_base': None}
[1.386s] Level 5:colcon.colcon_core.verb:set package 'cmrosutils' build argument 'cmake_args' from command line to 'None'
[1.386s] Level 5:colcon.colcon_core.verb:set package 'cmrosutils' build argument 'cmake_target' from command line to 'None'
[1.387s] Level 5:colcon.colcon_core.verb:set package 'cmrosutils' build argument 'cmake_target_skip_unavailable' from command line to 'False'
[1.387s] Level 5:colcon.colcon_core.verb:set package 'cmrosutils' build argument 'cmake_clean_cache' from command line to 'False'
[1.387s] Level 5:colcon.colcon_core.verb:set package 'cmrosutils' build argument 'cmake_clean_first' from command line to 'False'
[1.387s] Level 5:colcon.colcon_core.verb:set package 'cmrosutils' build argument 'cmake_force_configure' from command line to 'False'
[1.387s] Level 5:colcon.colcon_core.verb:set package 'cmrosutils' build argument 'ament_cmake_args' from command line to 'None'
[1.387s] Level 5:colcon.colcon_core.verb:set package 'cmrosutils' build argument 'catkin_cmake_args' from command line to 'None'
[1.387s] Level 5:colcon.colcon_core.verb:set package 'cmrosutils' build argument 'catkin_skip_building_tests' from command line to 'False'
[1.387s] DEBUG:colcon.colcon_core.verb:Building package 'cmrosutils' with the following arguments: {'ament_cmake_args': None, 'build_base': '/home/amlab/CarMaker_ROS2_Original/ros/ros2_ws/build/cmrosutils', 'catkin_cmake_args': None, 'catkin_skip_building_tests': False, 'cmake_args': None, 'cmake_clean_cache': False, 'cmake_clean_first': False, 'cmake_force_configure': False, 'cmake_target': None, 'cmake_target_skip_unavailable': False, 'install_base': '/home/amlab/CarMaker_ROS2_Original/ros/ros2_ws/install/cmrosutils', 'merge_install': False, 'path': '/home/amlab/CarMaker_ROS2_Original/ros/ros2_ws/src/cmrosutils', 'symlink_install': False, 'test_result_base': None}
[1.404s] Level 5:colcon.colcon_core.verb:set package 'control_test' build argument 'cmake_args' from command line to 'None'
[1.404s] Level 5:colcon.colcon_core.verb:set package 'control_test' build argument 'cmake_target' from command line to 'None'
[1.404s] Level 5:colcon.colcon_core.verb:set package 'control_test' build argument 'cmake_target_skip_unavailable' from command line to 'False'
[1.404s] Level 5:colcon.colcon_core.verb:set package 'control_test' build argument 'cmake_clean_cache' from command line to 'False'
[1.404s] Level 5:colcon.colcon_core.verb:set package 'control_test' build argument 'cmake_clean_first' from command line to 'False'
[1.404s] Level 5:colcon.colcon_core.verb:set package 'control_test' build argument 'cmake_force_configure' from command line to 'False'
[1.404s] Level 5:colcon.colcon_core.verb:set package 'control_test' build argument 'ament_cmake_args' from command line to 'None'
[1.404s] Level 5:colcon.colcon_core.verb:set package 'control_test' build argument 'catkin_cmake_args' from command line to 'None'
[1.404s] Level 5:colcon.colcon_core.verb:set package 'control_test' build argument 'catkin_skip_building_tests' from command line to 'False'
[1.404s] DEBUG:colcon.colcon_core.verb:Building package 'control_test' with the following arguments: {'ament_cmake_args': None, 'build_base': '/home/amlab/CarMaker_ROS2_Original/ros/ros2_ws/build/control_test', 'catkin_cmake_args': None, 'catkin_skip_building_tests': False, 'cmake_args': None, 'cmake_clean_cache': False, 'cmake_clean_first': False, 'cmake_force_configure': False, 'cmake_target': None, 'cmake_target_skip_unavailable': False, 'install_base': '/home/amlab/CarMaker_ROS2_Original/ros/ros2_ws/install/control_test', 'merge_install': False, 'path': '/home/amlab/CarMaker_ROS2_Original/ros/ros2_ws/src/control_test', 'symlink_install': False, 'test_result_base': None}
[1.421s] Level 5:colcon.colcon_core.verb:set package 'custom_msgs' build argument 'cmake_args' from command line to 'None'
[1.421s] Level 5:colcon.colcon_core.verb:set package 'custom_msgs' build argument 'cmake_target' from command line to 'None'
[1.421s] Level 5:colcon.colcon_core.verb:set package 'custom_msgs' build argument 'cmake_target_skip_unavailable' from command line to 'False'
[1.421s] Level 5:colcon.colcon_core.verb:set package 'custom_msgs' build argument 'cmake_clean_cache' from command line to 'False'
[1.421s] Level 5:colcon.colcon_core.verb:set package 'custom_msgs' build argument 'cmake_clean_first' from command line to 'False'
[1.422s] Level 5:colcon.colcon_core.verb:set package 'custom_msgs' build argument 'cmake_force_configure' from command line to 'False'
[1.422s] Level 5:colcon.colcon_core.verb:set package 'custom_msgs' build argument 'ament_cmake_args' from command line to 'None'
[1.422s] Level 5:colcon.colcon_core.verb:set package 'custom_msgs' build argument 'catkin_cmake_args' from command line to 'None'
[1.422s] Level 5:colcon.colcon_core.verb:set package 'custom_msgs' build argument 'catkin_skip_building_tests' from command line to 'False'
[1.422s] DEBUG:colcon.colcon_core.verb:Building package 'custom_msgs' with the following arguments: {'ament_cmake_args': None, 'build_base': '/home/amlab/CarMaker_ROS2_Original/ros/ros2_ws/build/custom_msgs', 'catkin_cmake_args': None, 'catkin_skip_building_tests': False, 'cmake_args': None, 'cmake_clean_cache': False, 'cmake_clean_first': False, 'cmake_force_configure': False, 'cmake_target': None, 'cmake_target_skip_unavailable': False, 'install_base': '/home/amlab/CarMaker_ROS2_Original/ros/ros2_ws/install/custom_msgs', 'merge_install': False, 'path': '/home/amlab/CarMaker_ROS2_Original/ros/ros2_ws/src/custom_msgs', 'symlink_install': False, 'test_result_base': None}
[1.439s] Level 5:colcon.colcon_core.verb:set package 'hellocm_msgs' build argument 'cmake_args' from command line to 'None'
[1.439s] Level 5:colcon.colcon_core.verb:set package 'hellocm_msgs' build argument 'cmake_target' from command line to 'None'
[1.439s] Level 5:colcon.colcon_core.verb:set package 'hellocm_msgs' build argument 'cmake_target_skip_unavailable' from command line to 'False'
[1.439s] Level 5:colcon.colcon_core.verb:set package 'hellocm_msgs' build argument 'cmake_clean_cache' from command line to 'False'
[1.439s] Level 5:colcon.colcon_core.verb:set package 'hellocm_msgs' build argument 'cmake_clean_first' from command line to 'False'
[1.439s] Level 5:colcon.colcon_core.verb:set package 'hellocm_msgs' build argument 'cmake_force_configure' from command line to 'False'
[1.439s] Level 5:colcon.colcon_core.verb:set package 'hellocm_msgs' build argument 'ament_cmake_args' from command line to 'None'
[1.439s] Level 5:colcon.colcon_core.verb:set package 'hellocm_msgs' build argument 'catkin_cmake_args' from command line to 'None'
[1.439s] Level 5:colcon.colcon_core.verb:set package 'hellocm_msgs' build argument 'catkin_skip_building_tests' from command line to 'False'
[1.439s] DEBUG:colcon.colcon_core.verb:Building package 'hellocm_msgs' with the following arguments: {'ament_cmake_args': None, 'build_base': '/home/amlab/CarMaker_ROS2_Original/ros/ros2_ws/build/hellocm_msgs', 'catkin_cmake_args': None, 'catkin_skip_building_tests': False, 'cmake_args': None, 'cmake_clean_cache': False, 'cmake_clean_first': False, 'cmake_force_configure': False, 'cmake_target': None, 'cmake_target_skip_unavailable': False, 'install_base': '/home/amlab/CarMaker_ROS2_Original/ros/ros2_ws/install/hellocm_msgs', 'merge_install': False, 'path': '/home/amlab/CarMaker_ROS2_Original/ros/ros2_ws/src/hellocm_msgs', 'symlink_install': False, 'test_result_base': None}
[1.456s] Level 5:colcon.colcon_core.verb:set package 'hellocm' build argument 'cmake_args' from command line to 'None'
[1.456s] Level 5:colcon.colcon_core.verb:set package 'hellocm' build argument 'cmake_target' from command line to 'None'
[1.456s] Level 5:colcon.colcon_core.verb:set package 'hellocm' build argument 'cmake_target_skip_unavailable' from command line to 'False'
[1.456s] Level 5:colcon.colcon_core.verb:set package 'hellocm' build argument 'cmake_clean_cache' from command line to 'False'
[1.456s] Level 5:colcon.colcon_core.verb:set package 'hellocm' build argument 'cmake_clean_first' from command line to 'False'
[1.456s] Level 5:colcon.colcon_core.verb:set package 'hellocm' build argument 'cmake_force_configure' from command line to 'False'
[1.456s] Level 5:colcon.colcon_core.verb:set package 'hellocm' build argument 'ament_cmake_args' from command line to 'None'
[1.456s] Level 5:colcon.colcon_core.verb:set package 'hellocm' build argument 'catkin_cmake_args' from command line to 'None'
[1.456s] Level 5:colcon.colcon_core.verb:set package 'hellocm' build argument 'catkin_skip_building_tests' from command line to 'False'
[1.456s] DEBUG:colcon.colcon_core.verb:Building package 'hellocm' with the following arguments: {'ament_cmake_args': None, 'build_base': '/home/amlab/CarMaker_ROS2_Original/ros/ros2_ws/build/hellocm', 'catkin_cmake_args': None, 'catkin_skip_building_tests': False, 'cmake_args': None, 'cmake_clean_cache': False, 'cmake_clean_first': False, 'cmake_force_configure': False, 'cmake_target': None, 'cmake_target_skip_unavailable': False, 'install_base': '/home/amlab/CarMaker_ROS2_Original/ros/ros2_ws/install/hellocm', 'merge_install': False, 'path': '/home/amlab/CarMaker_ROS2_Original/ros/ros2_ws/src/hellocm', 'symlink_install': False, 'test_result_base': None}
[1.474s] Level 5:colcon.colcon_core.verb:set package 'hellocm_cmnode' build argument 'cmake_args' from command line to 'None'
[1.474s] Level 5:colcon.colcon_core.verb:set package 'hellocm_cmnode' build argument 'cmake_target' from command line to 'None'
[1.474s] Level 5:colcon.colcon_core.verb:set package 'hellocm_cmnode' build argument 'cmake_target_skip_unavailable' from command line to 'False'
[1.474s] Level 5:colcon.colcon_core.verb:set package 'hellocm_cmnode' build argument 'cmake_clean_cache' from command line to 'False'
[1.474s] Level 5:colcon.colcon_core.verb:set package 'hellocm_cmnode' build argument 'cmake_clean_first' from command line to 'False'
[1.474s] Level 5:colcon.colcon_core.verb:set package 'hellocm_cmnode' build argument 'cmake_force_configure' from command line to 'False'
[1.474s] Level 5:colcon.colcon_core.verb:set package 'hellocm_cmnode' build argument 'ament_cmake_args' from command line to 'None'
[1.474s] Level 5:colcon.colcon_core.verb:set package 'hellocm_cmnode' build argument 'catkin_cmake_args' from command line to 'None'
[1.474s] Level 5:colcon.colcon_core.verb:set package 'hellocm_cmnode' build argument 'catkin_skip_building_tests' from command line to 'False'
[1.474s] DEBUG:colcon.colcon_core.verb:Building package 'hellocm_cmnode' with the following arguments: {'ament_cmake_args': None, 'build_base': '/home/amlab/CarMaker_ROS2_Original/ros/ros2_ws/build/hellocm_cmnode', 'catkin_cmake_args': None, 'catkin_skip_building_tests': False, 'cmake_args': None, 'cmake_clean_cache': False, 'cmake_clean_first': False, 'cmake_force_configure': False, 'cmake_target': None, 'cmake_target_skip_unavailable': False, 'install_base': '/home/amlab/CarMaker_ROS2_Original/ros/ros2_ws/install/hellocm_cmnode', 'merge_install': False, 'path': '/home/amlab/CarMaker_ROS2_Original/ros/ros2_ws/src/hellocm_cmnode', 'symlink_install': False, 'test_result_base': None}
[1.491s] INFO:colcon.colcon_core.executor:Executing jobs using 'parallel' executor
[1.508s] DEBUG:colcon.colcon_parallel_executor.executor.parallel:run_until_complete
[1.509s] INFO:colcon.colcon_ros.task.ament_cmake.build:Building ROS package in '/home/amlab/CarMaker_ROS2_Original/ros/ros2_ws/src/cmrosutils' with build type 'ament_cmake'
[1.509s] INFO:colcon.colcon_cmake.task.cmake.build:Building CMake package in '/home/amlab/CarMaker_ROS2_Original/ros/ros2_ws/src/cmrosutils'
[1.528s] INFO:colcon.colcon_core.plugin_system:Skipping extension 'colcon_core.shell.bat': Not used on non-Windows systems
[1.528s] INFO:colcon.colcon_core.shell:Skip shell extension 'powershell' for command environment: Not usable outside of PowerShell
[1.528s] DEBUG:colcon.colcon_core.shell:Skip shell extension 'dsv' for command environment
[1.585s] INFO:colcon.colcon_ros.task.ament_cmake.build:Building ROS package in '/home/amlab/CarMaker_ROS2_Original/ros/ros2_ws/src/hellocm_msgs' with build type 'ament_cmake'
[1.585s] INFO:colcon.colcon_cmake.task.cmake.build:Building CMake package in '/home/amlab/CarMaker_ROS2_Original/ros/ros2_ws/src/hellocm_msgs'
[1.604s] INFO:colcon.colcon_core.shell:Skip shell extension 'powershell' for command environment: Not usable outside of PowerShell
[1.604s] DEBUG:colcon.colcon_core.shell:Skip shell extension 'dsv' for command environment
[1.663s] INFO:colcon.colcon_ros.task.ament_cmake.build:Building ROS package in '/home/amlab/CarMaker_ROS2_Original/ros/ros2_ws/src/carmaker_vds_client' with build type 'ament_cmake'
[1.663s] INFO:colcon.colcon_cmake.task.cmake.build:Building CMake package in '/home/amlab/CarMaker_ROS2_Original/ros/ros2_ws/src/carmaker_vds_client'
[1.682s] INFO:colcon.colcon_core.shell:Skip shell extension 'powershell' for command environment: Not usable outside of PowerShell
[1.682s] DEBUG:colcon.colcon_core.shell:Skip shell extension 'dsv' for command environment
[1.740s] INFO:colcon.colcon_ros.task.ament_cmake.build:Building ROS package in '/home/amlab/CarMaker_ROS2_Original/ros/ros2_ws/src/cm_control_example' with build type 'ament_cmake'
[1.741s] INFO:colcon.colcon_cmake.task.cmake.build:Building CMake package in '/home/amlab/CarMaker_ROS2_Original/ros/ros2_ws/src/cm_control_example'
[1.760s] INFO:colcon.colcon_core.shell:Skip shell extension 'powershell' for command environment: Not usable outside of PowerShell
[1.760s] DEBUG:colcon.colcon_core.shell:Skip shell extension 'dsv' for command environment
[1.818s] INFO:colcon.colcon_ros.task.ament_cmake.build:Building ROS package in '/home/amlab/CarMaker_ROS2_Original/ros/ros2_ws/src/control_test' with build type 'ament_cmake'
[1.818s] INFO:colcon.colcon_cmake.task.cmake.build:Building CMake package in '/home/amlab/CarMaker_ROS2_Original/ros/ros2_ws/src/control_test'
[1.838s] INFO:colcon.colcon_core.shell:Skip shell extension 'powershell' for command environment: Not usable outside of PowerShell
[1.838s] DEBUG:colcon.colcon_core.shell:Skip shell extension 'dsv' for command environment
[1.895s] INFO:colcon.colcon_ros.task.ament_cmake.build:Building ROS package in '/home/amlab/CarMaker_ROS2_Original/ros/ros2_ws/src/custom_msgs' with build type 'ament_cmake'
[1.896s] INFO:colcon.colcon_cmake.task.cmake.build:Building CMake package in '/home/amlab/CarMaker_ROS2_Original/ros/ros2_ws/src/custom_msgs'
[1.916s] INFO:colcon.colcon_core.shell:Skip shell extension 'powershell' for command environment: Not usable outside of PowerShell
[1.916s] DEBUG:colcon.colcon_core.shell:Skip shell extension 'dsv' for command environment
[1.977s] DEBUG:colcon.colcon_core.event_handler.log_command:Invoking command in '/home/amlab/CarMaker_ROS2_Original/ros/ros2_ws/build/cmrosutils': CMAKE_PREFIX_PATH=${CMAKE_PREFIX_PATH}:/opt/ros/galactic /usr/bin/cmake --build /home/amlab/CarMaker_ROS2_Original/ros/ros2_ws/build/cmrosutils -- -j12 -l12
[1.980s] DEBUG:colcon.colcon_core.event_handler.log_command:Invoking command in '/home/amlab/CarMaker_ROS2_Original/ros/ros2_ws/build/hellocm_msgs': CMAKE_PREFIX_PATH=${CMAKE_PREFIX_PATH}:/opt/ros/galactic /usr/bin/cmake --build /home/amlab/CarMaker_ROS2_Original/ros/ros2_ws/build/hellocm_msgs -- -j12 -l12
[1.982s] DEBUG:colcon.colcon_core.event_handler.log_command:Invoking command in '/home/amlab/CarMaker_ROS2_Original/ros/ros2_ws/build/carmaker_vds_client': CMAKE_PREFIX_PATH=${CMAKE_PREFIX_PATH}:/opt/ros/galactic /usr/bin/cmake --build /home/amlab/CarMaker_ROS2_Original/ros/ros2_ws/build/carmaker_vds_client -- -j12 -l12
[1.985s] DEBUG:colcon.colcon_core.event_handler.log_command:Invoking command in '/home/amlab/CarMaker_ROS2_Original/ros/ros2_ws/build/cm_control_example': CMAKE_PREFIX_PATH=${CMAKE_PREFIX_PATH}:/opt/ros/galactic /usr/bin/cmake --build /home/amlab/CarMaker_ROS2_Original/ros/ros2_ws/build/cm_control_example -- -j12 -l12
[1.988s] DEBUG:colcon.colcon_core.event_handler.log_command:Invoking command in '/home/amlab/CarMaker_ROS2_Original/ros/ros2_ws/build/control_test': CMAKE_PREFIX_PATH=${CMAKE_PREFIX_PATH}:/opt/ros/galactic /usr/bin/cmake --build /home/amlab/CarMaker_ROS2_Original/ros/ros2_ws/build/control_test -- -j12 -l12
[1.993s] DEBUG:colcon.colcon_core.event_handler.log_command:Invoking command in '/home/amlab/CarMaker_ROS2_Original/ros/ros2_ws/build/custom_msgs': CMAKE_PREFIX_PATH=${CMAKE_PREFIX_PATH}:/opt/ros/galactic /usr/bin/cmake --build /home/amlab/CarMaker_ROS2_Original/ros/ros2_ws/build/custom_msgs -- -j12 -l12
[2.038s] DEBUG:colcon.colcon_core.event_handler.log_command:Invoked command in '/home/amlab/CarMaker_ROS2_Original/ros/ros2_ws/build/control_test' returned '0': CMAKE_PREFIX_PATH=${CMAKE_PREFIX_PATH}:/opt/ros/galactic /usr/bin/cmake --build /home/amlab/CarMaker_ROS2_Original/ros/ros2_ws/build/control_test -- -j12 -l12
[2.048s] DEBUG:colcon.colcon_core.event_handler.log_command:Invoked command in '/home/amlab/CarMaker_ROS2_Original/ros/ros2_ws/build/carmaker_vds_client' returned '0': CMAKE_PREFIX_PATH=${CMAKE_PREFIX_PATH}:/opt/ros/galactic /usr/bin/cmake --build /home/amlab/CarMaker_ROS2_Original/ros/ros2_ws/build/carmaker_vds_client -- -j12 -l12
[2.063s] DEBUG:colcon.colcon_core.event_handler.log_command:Invoking command in '/home/amlab/CarMaker_ROS2_Original/ros/ros2_ws/build/control_test': CMAKE_PREFIX_PATH=${CMAKE_PREFIX_PATH}:/opt/ros/galactic /usr/bin/cmake --install /home/amlab/CarMaker_ROS2_Original/ros/ros2_ws/build/control_test
[2.066s] DEBUG:colcon.colcon_core.event_handler.log_command:Invoking command in '/home/amlab/CarMaker_ROS2_Original/ros/ros2_ws/build/carmaker_vds_client': CMAKE_PREFIX_PATH=${CMAKE_PREFIX_PATH}:/opt/ros/galactic /usr/bin/cmake --install /home/amlab/CarMaker_ROS2_Original/ros/ros2_ws/build/carmaker_vds_client
[2.077s] Level 1:colcon.colcon_core.environment:create_environment_scripts_only(control_test)
[2.077s] DEBUG:colcon.colcon_core.event_handler.log_command:Invoked command in '/home/amlab/CarMaker_ROS2_Original/ros/ros2_ws/build/control_test' returned '0': CMAKE_PREFIX_PATH=${CMAKE_PREFIX_PATH}:/opt/ros/galactic /usr/bin/cmake --install /home/amlab/CarMaker_ROS2_Original/ros/ros2_ws/build/control_test
[2.101s] Level 1:colcon.colcon_core.environment:checking '/home/amlab/CarMaker_ROS2_Original/ros/ros2_ws/install/control_test' for CMake module files
[2.101s] Level 1:colcon.colcon_core.environment:checking '/home/amlab/CarMaker_ROS2_Original/ros/ros2_ws/install/control_test' for CMake config files
[2.101s] Level 1:colcon.colcon_core.shell:create_environment_hook('control_test', 'cmake_prefix_path')
[2.141s] INFO:colcon.colcon_core.shell:Creating environment hook '/home/amlab/CarMaker_ROS2_Original/ros/ros2_ws/install/control_test/share/control_test/hook/cmake_prefix_path.ps1'
[2.142s] INFO:colcon.colcon_core.shell:Creating environment descriptor '/home/amlab/CarMaker_ROS2_Original/ros/ros2_ws/install/control_test/share/control_test/hook/cmake_prefix_path.dsv'
[2.142s] INFO:colcon.colcon_core.shell:Creating environment hook '/home/amlab/CarMaker_ROS2_Original/ros/ros2_ws/install/control_test/share/control_test/hook/cmake_prefix_path.sh'
[2.142s] Level 1:colcon.colcon_core.environment:checking '/home/amlab/CarMaker_ROS2_Original/ros/ros2_ws/install/control_test/lib'
[2.143s] Level 1:colcon.colcon_core.environment:checking '/home/amlab/CarMaker_ROS2_Original/ros/ros2_ws/install/control_test/bin'
[2.143s] Level 1:colcon.colcon_core.environment:checking '/home/amlab/CarMaker_ROS2_Original/ros/ros2_ws/install/control_test/lib/pkgconfig/control_test.pc'
[2.143s] Level 1:colcon.colcon_core.environment:checking '/home/amlab/CarMaker_ROS2_Original/ros/ros2_ws/install/control_test/lib/python3.8/site-packages'
[2.143s] Level 1:colcon.colcon_core.environment:checking '/home/amlab/CarMaker_ROS2_Original/ros/ros2_ws/install/control_test/bin'
[2.162s] INFO:colcon.colcon_core.shell:Creating package script '/home/amlab/CarMaker_ROS2_Original/ros/ros2_ws/install/control_test/share/control_test/package.ps1'
[2.162s] INFO:colcon.colcon_core.shell:Creating package descriptor '/home/amlab/CarMaker_ROS2_Original/ros/ros2_ws/install/control_test/share/control_test/package.dsv'
[2.163s] INFO:colcon.colcon_core.shell:Creating package script '/home/amlab/CarMaker_ROS2_Original/ros/ros2_ws/install/control_test/share/control_test/package.sh'
[2.163s] INFO:colcon.colcon_core.shell:Creating package script '/home/amlab/CarMaker_ROS2_Original/ros/ros2_ws/install/control_test/share/control_test/package.bash'
[2.163s] INFO:colcon.colcon_core.shell:Creating package script '/home/amlab/CarMaker_ROS2_Original/ros/ros2_ws/install/control_test/share/control_test/package.zsh'
[2.164s] Level 1:colcon.colcon_core.environment:create_file_with_runtime_dependencies(/home/amlab/CarMaker_ROS2_Original/ros/ros2_ws/install/control_test/share/colcon-core/packages/control_test)
[2.167s] DEBUG:colcon.colcon_core.event_handler.log_command:Invoked command in '/home/amlab/CarMaker_ROS2_Original/ros/ros2_ws/build/cmrosutils' returned '0': CMAKE_PREFIX_PATH=${CMAKE_PREFIX_PATH}:/opt/ros/galactic /usr/bin/cmake --build /home/amlab/CarMaker_ROS2_Original/ros/ros2_ws/build/cmrosutils -- -j12 -l12
[2.168s] DEBUG:colcon.colcon_core.event_handler.log_command:Invoked command in '/home/amlab/CarMaker_ROS2_Original/ros/ros2_ws/build/custom_msgs' returned '0': CMAKE_PREFIX_PATH=${CMAKE_PREFIX_PATH}:/opt/ros/galactic /usr/bin/cmake --build /home/amlab/CarMaker_ROS2_Original/ros/ros2_ws/build/custom_msgs -- -j12 -l12
[2.170s] Level 1:colcon.colcon_core.environment:create_environment_scripts_only(carmaker_vds_client)
[2.170s] DEBUG:colcon.colcon_core.event_handler.log_command:Invoked command in '/home/amlab/CarMaker_ROS2_Original/ros/ros2_ws/build/carmaker_vds_client' returned '0': CMAKE_PREFIX_PATH=${CMAKE_PREFIX_PATH}:/opt/ros/galactic /usr/bin/cmake --install /home/amlab/CarMaker_ROS2_Original/ros/ros2_ws/build/carmaker_vds_client
[2.191s] Level 1:colcon.colcon_core.environment:checking '/home/amlab/CarMaker_ROS2_Original/ros/ros2_ws/install/carmaker_vds_client' for CMake module files
[2.191s] Level 1:colcon.colcon_core.environment:checking '/home/amlab/CarMaker_ROS2_Original/ros/ros2_ws/install/carmaker_vds_client' for CMake config files
[2.192s] Level 1:colcon.colcon_core.shell:create_environment_hook('carmaker_vds_client', 'cmake_prefix_path')
[2.210s] INFO:colcon.colcon_core.shell:Creating environment hook '/home/amlab/CarMaker_ROS2_Original/ros/ros2_ws/install/carmaker_vds_client/share/carmaker_vds_client/hook/cmake_prefix_path.ps1'
[2.211s] INFO:colcon.colcon_core.shell:Creating environment descriptor '/home/amlab/CarMaker_ROS2_Original/ros/ros2_ws/install/carmaker_vds_client/share/carmaker_vds_client/hook/cmake_prefix_path.dsv'
[2.211s] INFO:colcon.colcon_core.shell:Creating environment hook '/home/amlab/CarMaker_ROS2_Original/ros/ros2_ws/install/carmaker_vds_client/share/carmaker_vds_client/hook/cmake_prefix_path.sh'
[2.211s] Level 1:colcon.colcon_core.environment:checking '/home/amlab/CarMaker_ROS2_Original/ros/ros2_ws/install/carmaker_vds_client/lib'
[2.211s] Level 1:colcon.colcon_core.environment:checking '/home/amlab/CarMaker_ROS2_Original/ros/ros2_ws/install/carmaker_vds_client/bin'
[2.211s] Level 1:colcon.colcon_core.environment:checking '/home/amlab/CarMaker_ROS2_Original/ros/ros2_ws/install/carmaker_vds_client/lib/pkgconfig/carmaker_vds_client.pc'
[2.212s] Level 1:colcon.colcon_core.environment:checking '/home/amlab/CarMaker_ROS2_Original/ros/ros2_ws/install/carmaker_vds_client/lib/python3.8/site-packages'
[2.212s] Level 1:colcon.colcon_core.environment:checking '/home/amlab/CarMaker_ROS2_Original/ros/ros2_ws/install/carmaker_vds_client/bin'
[2.231s] INFO:colcon.colcon_core.shell:Creating package script '/home/amlab/CarMaker_ROS2_Original/ros/ros2_ws/install/carmaker_vds_client/share/carmaker_vds_client/package.ps1'
[2.231s] INFO:colcon.colcon_core.shell:Creating package descriptor '/home/amlab/CarMaker_ROS2_Original/ros/ros2_ws/install/carmaker_vds_client/share/carmaker_vds_client/package.dsv'
[2.231s] INFO:colcon.colcon_core.shell:Creating package script '/home/amlab/CarMaker_ROS2_Original/ros/ros2_ws/install/carmaker_vds_client/share/carmaker_vds_client/package.sh'
[2.231s] INFO:colcon.colcon_core.shell:Creating package script '/home/amlab/CarMaker_ROS2_Original/ros/ros2_ws/install/carmaker_vds_client/share/carmaker_vds_client/package.bash'
[2.232s] INFO:colcon.colcon_core.shell:Creating package script '/home/amlab/CarMaker_ROS2_Original/ros/ros2_ws/install/carmaker_vds_client/share/carmaker_vds_client/package.zsh'
[2.232s] Level 1:colcon.colcon_core.environment:create_file_with_runtime_dependencies(/home/amlab/CarMaker_ROS2_Original/ros/ros2_ws/install/carmaker_vds_client/share/colcon-core/packages/carmaker_vds_client)
[2.235s] DEBUG:colcon.colcon_core.event_handler.log_command:Invoked command in '/home/amlab/CarMaker_ROS2_Original/ros/ros2_ws/build/hellocm_msgs' returned '0': CMAKE_PREFIX_PATH=${CMAKE_PREFIX_PATH}:/opt/ros/galactic /usr/bin/cmake --build /home/amlab/CarMaker_ROS2_Original/ros/ros2_ws/build/hellocm_msgs -- -j12 -l12
[2.256s] Level 1:colcon.colcon_core.environment:create_environment_scripts_only(control_test)
[2.275s] Level 1:colcon.colcon_core.environment:checking '/home/amlab/CarMaker_ROS2_Original/ros/ros2_ws/install/control_test' for CMake module files
[2.275s] Level 1:colcon.colcon_core.environment:checking '/home/amlab/CarMaker_ROS2_Original/ros/ros2_ws/install/control_test' for CMake config files
[2.276s] Level 1:colcon.colcon_core.shell:create_environment_hook('control_test', 'cmake_prefix_path')
[2.295s] INFO:colcon.colcon_core.shell:Creating environment hook '/home/amlab/CarMaker_ROS2_Original/ros/ros2_ws/install/control_test/share/control_test/hook/cmake_prefix_path.ps1'
[2.296s] INFO:colcon.colcon_core.shell:Creating environment descriptor '/home/amlab/CarMaker_ROS2_Original/ros/ros2_ws/install/control_test/share/control_test/hook/cmake_prefix_path.dsv'
[2.296s] INFO:colcon.colcon_core.shell:Creating environment hook '/home/amlab/CarMaker_ROS2_Original/ros/ros2_ws/install/control_test/share/control_test/hook/cmake_prefix_path.sh'
[2.296s] Level 1:colcon.colcon_core.environment:checking '/home/amlab/CarMaker_ROS2_Original/ros/ros2_ws/install/control_test/lib'
[2.296s] Level 1:colcon.colcon_core.environment:checking '/home/amlab/CarMaker_ROS2_Original/ros/ros2_ws/install/control_test/bin'
[2.296s] Level 1:colcon.colcon_core.environment:checking '/home/amlab/CarMaker_ROS2_Original/ros/ros2_ws/install/control_test/lib/pkgconfig/control_test.pc'
[2.296s] Level 1:colcon.colcon_core.environment:checking '/home/amlab/CarMaker_ROS2_Original/ros/ros2_ws/install/control_test/lib/python3.8/site-packages'
[2.296s] Level 1:colcon.colcon_core.environment:checking '/home/amlab/CarMaker_ROS2_Original/ros/ros2_ws/install/control_test/bin'
[2.316s] INFO:colcon.colcon_core.shell:Creating package script '/home/amlab/CarMaker_ROS2_Original/ros/ros2_ws/install/control_test/share/control_test/package.ps1'
[2.316s] INFO:colcon.colcon_core.shell:Creating package descriptor '/home/amlab/CarMaker_ROS2_Original/ros/ros2_ws/install/control_test/share/control_test/package.dsv'
[2.316s] INFO:colcon.colcon_core.shell:Creating package script '/home/amlab/CarMaker_ROS2_Original/ros/ros2_ws/install/control_test/share/control_test/package.sh'
[2.316s] INFO:colcon.colcon_core.shell:Creating package script '/home/amlab/CarMaker_ROS2_Original/ros/ros2_ws/install/control_test/share/control_test/package.bash'
[2.317s] INFO:colcon.colcon_core.shell:Creating package script '/home/amlab/CarMaker_ROS2_Original/ros/ros2_ws/install/control_test/share/control_test/package.zsh'
[2.317s] Level 1:colcon.colcon_core.environment:create_file_with_runtime_dependencies(/home/amlab/CarMaker_ROS2_Original/ros/ros2_ws/install/control_test/share/colcon-core/packages/control_test)
[2.319s] DEBUG:colcon.colcon_core.event_handler.log_command:Invoking command in '/home/amlab/CarMaker_ROS2_Original/ros/ros2_ws/build/cmrosutils': CMAKE_PREFIX_PATH=${CMAKE_PREFIX_PATH}:/opt/ros/galactic /usr/bin/cmake --install /home/amlab/CarMaker_ROS2_Original/ros/ros2_ws/build/cmrosutils
[2.321s] DEBUG:colcon.colcon_core.event_handler.log_command:Invoking command in '/home/amlab/CarMaker_ROS2_Original/ros/ros2_ws/build/custom_msgs': CMAKE_PREFIX_PATH=${CMAKE_PREFIX_PATH}:/opt/ros/galactic /usr/bin/cmake --install /home/amlab/CarMaker_ROS2_Original/ros/ros2_ws/build/custom_msgs
[2.350s] Level 1:colcon.colcon_core.environment:create_environment_scripts_only(carmaker_vds_client)
[2.371s] Level 1:colcon.colcon_core.environment:checking '/home/amlab/CarMaker_ROS2_Original/ros/ros2_ws/install/carmaker_vds_client' for CMake module files
[2.372s] Level 1:colcon.colcon_core.environment:checking '/home/amlab/CarMaker_ROS2_Original/ros/ros2_ws/install/carmaker_vds_client' for CMake config files
[2.372s] Level 1:colcon.colcon_core.shell:create_environment_hook('carmaker_vds_client', 'cmake_prefix_path')
[2.391s] INFO:colcon.colcon_core.shell:Creating environment hook '/home/amlab/CarMaker_ROS2_Original/ros/ros2_ws/install/carmaker_vds_client/share/carmaker_vds_client/hook/cmake_prefix_path.ps1'
[2.391s] INFO:colcon.colcon_core.shell:Creating environment descriptor '/home/amlab/CarMaker_ROS2_Original/ros/ros2_ws/install/carmaker_vds_client/share/carmaker_vds_client/hook/cmake_prefix_path.dsv'
[2.392s] INFO:colcon.colcon_core.shell:Creating environment hook '/home/amlab/CarMaker_ROS2_Original/ros/ros2_ws/install/carmaker_vds_client/share/carmaker_vds_client/hook/cmake_prefix_path.sh'
[2.392s] Level 1:colcon.colcon_core.environment:checking '/home/amlab/CarMaker_ROS2_Original/ros/ros2_ws/install/carmaker_vds_client/lib'
[2.392s] Level 1:colcon.colcon_core.environment:checking '/home/amlab/CarMaker_ROS2_Original/ros/ros2_ws/install/carmaker_vds_client/bin'
[2.392s] Level 1:colcon.colcon_core.environment:checking '/home/amlab/CarMaker_ROS2_Original/ros/ros2_ws/install/carmaker_vds_client/lib/pkgconfig/carmaker_vds_client.pc'
[2.392s] Level 1:colcon.colcon_core.environment:checking '/home/amlab/CarMaker_ROS2_Original/ros/ros2_ws/install/carmaker_vds_client/lib/python3.8/site-packages'
[2.392s] Level 1:colcon.colcon_core.environment:checking '/home/amlab/CarMaker_ROS2_Original/ros/ros2_ws/install/carmaker_vds_client/bin'
[2.411s] INFO:colcon.colcon_core.shell:Creating package script '/home/amlab/CarMaker_ROS2_Original/ros/ros2_ws/install/carmaker_vds_client/share/carmaker_vds_client/package.ps1'
[2.411s] INFO:colcon.colcon_core.shell:Creating package descriptor '/home/amlab/CarMaker_ROS2_Original/ros/ros2_ws/install/carmaker_vds_client/share/carmaker_vds_client/package.dsv'
[2.412s] INFO:colcon.colcon_core.shell:Creating package script '/home/amlab/CarMaker_ROS2_Original/ros/ros2_ws/install/carmaker_vds_client/share/carmaker_vds_client/package.sh'
[2.412s] INFO:colcon.colcon_core.shell:Creating package script '/home/amlab/CarMaker_ROS2_Original/ros/ros2_ws/install/carmaker_vds_client/share/carmaker_vds_client/package.bash'
[2.412s] INFO:colcon.colcon_core.shell:Creating package script '/home/amlab/CarMaker_ROS2_Original/ros/ros2_ws/install/carmaker_vds_client/share/carmaker_vds_client/package.zsh'
[2.412s] Level 1:colcon.colcon_core.environment:create_file_with_runtime_dependencies(/home/amlab/CarMaker_ROS2_Original/ros/ros2_ws/install/carmaker_vds_client/share/colcon-core/packages/carmaker_vds_client)
[2.414s] DEBUG:colcon.colcon_core.event_handler.log_command:Invoking command in '/home/amlab/CarMaker_ROS2_Original/ros/ros2_ws/build/hellocm_msgs': CMAKE_PREFIX_PATH=${CMAKE_PREFIX_PATH}:/opt/ros/galactic /usr/bin/cmake --install /home/amlab/CarMaker_ROS2_Original/ros/ros2_ws/build/hellocm_msgs
[2.415s] Level 1:colcon.colcon_core.environment:create_environment_scripts_only(cmrosutils)
[2.415s] DEBUG:colcon.colcon_core.event_handler.log_command:Invoked command in '/home/amlab/CarMaker_ROS2_Original/ros/ros2_ws/build/cmrosutils' returned '0': CMAKE_PREFIX_PATH=${CMAKE_PREFIX_PATH}:/opt/ros/galactic /usr/bin/cmake --install /home/amlab/CarMaker_ROS2_Original/ros/ros2_ws/build/cmrosutils
[2.444s] Level 1:colcon.colcon_core.environment:checking '/home/amlab/CarMaker_ROS2_Original/ros/ros2_ws/install/cmrosutils' for CMake module files
[2.445s] Level 1:colcon.colcon_core.environment:checking '/home/amlab/CarMaker_ROS2_Original/ros/ros2_ws/install/cmrosutils' for CMake config files
[2.446s] Level 1:colcon.colcon_core.shell:create_environment_hook('cmrosutils', 'cmake_prefix_path')
[2.467s] INFO:colcon.colcon_core.shell:Creating environment hook '/home/amlab/CarMaker_ROS2_Original/ros/ros2_ws/install/cmrosutils/share/cmrosutils/hook/cmake_prefix_path.ps1'
[2.467s] INFO:colcon.colcon_core.shell:Creating environment descriptor '/home/amlab/CarMaker_ROS2_Original/ros/ros2_ws/install/cmrosutils/share/cmrosutils/hook/cmake_prefix_path.dsv'
[2.467s] INFO:colcon.colcon_core.shell:Creating environment hook '/home/amlab/CarMaker_ROS2_Original/ros/ros2_ws/install/cmrosutils/share/cmrosutils/hook/cmake_prefix_path.sh'
[2.468s] Level 1:colcon.colcon_core.environment:checking '/home/amlab/CarMaker_ROS2_Original/ros/ros2_ws/install/cmrosutils/lib'
[2.468s] Level 1:colcon.colcon_core.shell:create_environment_hook('cmrosutils', 'ld_library_path_lib')
[2.487s] INFO:colcon.colcon_core.shell:Creating environment hook '/home/amlab/CarMaker_ROS2_Original/ros/ros2_ws/install/cmrosutils/share/cmrosutils/hook/ld_library_path_lib.ps1'
[2.487s] INFO:colcon.colcon_core.shell:Creating environment descriptor '/home/amlab/CarMaker_ROS2_Original/ros/ros2_ws/install/cmrosutils/share/cmrosutils/hook/ld_library_path_lib.dsv'
[2.487s] INFO:colcon.colcon_core.shell:Creating environment hook '/home/amlab/CarMaker_ROS2_Original/ros/ros2_ws/install/cmrosutils/share/cmrosutils/hook/ld_library_path_lib.sh'
[2.488s] Level 1:colcon.colcon_core.environment:checking '/home/amlab/CarMaker_ROS2_Original/ros/ros2_ws/install/cmrosutils/bin'
[2.488s] Level 1:colcon.colcon_core.environment:checking '/home/amlab/CarMaker_ROS2_Original/ros/ros2_ws/install/cmrosutils/lib/pkgconfig/cmrosutils.pc'
[2.488s] Level 1:colcon.colcon_core.environment:checking '/home/amlab/CarMaker_ROS2_Original/ros/ros2_ws/install/cmrosutils/lib/python3.8/site-packages'
[2.488s] Level 1:colcon.colcon_core.shell:create_environment_hook('cmrosutils', 'pythonpath')
[2.507s] INFO:colcon.colcon_core.shell:Creating environment hook '/home/amlab/CarMaker_ROS2_Original/ros/ros2_ws/install/cmrosutils/share/cmrosutils/hook/pythonpath.ps1'
[2.507s] INFO:colcon.colcon_core.shell:Creating environment descriptor '/home/amlab/CarMaker_ROS2_Original/ros/ros2_ws/install/cmrosutils/share/cmrosutils/hook/pythonpath.dsv'
[2.507s] INFO:colcon.colcon_core.shell:Creating environment hook '/home/amlab/CarMaker_ROS2_Original/ros/ros2_ws/install/cmrosutils/share/cmrosutils/hook/pythonpath.sh'
[2.507s] Level 1:colcon.colcon_core.environment:checking '/home/amlab/CarMaker_ROS2_Original/ros/ros2_ws/install/cmrosutils/bin'
[2.526s] INFO:colcon.colcon_core.shell:Creating package script '/home/amlab/CarMaker_ROS2_Original/ros/ros2_ws/install/cmrosutils/share/cmrosutils/package.ps1'
[2.527s] INFO:colcon.colcon_core.shell:Creating package descriptor '/home/amlab/CarMaker_ROS2_Original/ros/ros2_ws/install/cmrosutils/share/cmrosutils/package.dsv'
[2.527s] INFO:colcon.colcon_core.shell:Creating package script '/home/amlab/CarMaker_ROS2_Original/ros/ros2_ws/install/cmrosutils/share/cmrosutils/package.sh'
[2.527s] INFO:colcon.colcon_core.shell:Creating package script '/home/amlab/CarMaker_ROS2_Original/ros/ros2_ws/install/cmrosutils/share/cmrosutils/package.bash'
[2.527s] INFO:colcon.colcon_core.shell:Creating package script '/home/amlab/CarMaker_ROS2_Original/ros/ros2_ws/install/cmrosutils/share/cmrosutils/package.zsh'
[2.527s] Level 1:colcon.colcon_core.environment:create_file_with_runtime_dependencies(/home/amlab/CarMaker_ROS2_Original/ros/ros2_ws/install/cmrosutils/share/colcon-core/packages/cmrosutils)
[2.529s] Level 1:colcon.colcon_core.environment:create_environment_scripts_only(custom_msgs)
[2.530s] DEBUG:colcon.colcon_core.event_handler.log_command:Invoked command in '/home/amlab/CarMaker_ROS2_Original/ros/ros2_ws/build/custom_msgs' returned '0': CMAKE_PREFIX_PATH=${CMAKE_PREFIX_PATH}:/opt/ros/galactic /usr/bin/cmake --install /home/amlab/CarMaker_ROS2_Original/ros/ros2_ws/build/custom_msgs
[2.549s] Level 1:colcon.colcon_core.environment:checking '/home/amlab/CarMaker_ROS2_Original/ros/ros2_ws/install/custom_msgs' for CMake module files
[2.549s] Level 1:colcon.colcon_core.environment:checking '/home/amlab/CarMaker_ROS2_Original/ros/ros2_ws/install/custom_msgs' for CMake config files
[2.549s] Level 1:colcon.colcon_core.shell:create_environment_hook('custom_msgs', 'cmake_prefix_path')
[2.568s] INFO:colcon.colcon_core.shell:Creating environment hook '/home/amlab/CarMaker_ROS2_Original/ros/ros2_ws/install/custom_msgs/share/custom_msgs/hook/cmake_prefix_path.ps1'
[2.569s] INFO:colcon.colcon_core.shell:Creating environment descriptor '/home/amlab/CarMaker_ROS2_Original/ros/ros2_ws/install/custom_msgs/share/custom_msgs/hook/cmake_prefix_path.dsv'
[2.569s] INFO:colcon.colcon_core.shell:Creating environment hook '/home/amlab/CarMaker_ROS2_Original/ros/ros2_ws/install/custom_msgs/share/custom_msgs/hook/cmake_prefix_path.sh'
[2.569s] Level 1:colcon.colcon_core.environment:checking '/home/amlab/CarMaker_ROS2_Original/ros/ros2_ws/install/custom_msgs/lib'
[2.569s] Level 1:colcon.colcon_core.shell:create_environment_hook('custom_msgs', 'ld_library_path_lib')
[2.588s] INFO:colcon.colcon_core.shell:Creating environment hook '/home/amlab/CarMaker_ROS2_Original/ros/ros2_ws/install/custom_msgs/share/custom_msgs/hook/ld_library_path_lib.ps1'
[2.588s] INFO:colcon.colcon_core.shell:Creating environment descriptor '/home/amlab/CarMaker_ROS2_Original/ros/ros2_ws/install/custom_msgs/share/custom_msgs/hook/ld_library_path_lib.dsv'
[2.589s] INFO:colcon.colcon_core.shell:Creating environment hook '/home/amlab/CarMaker_ROS2_Original/ros/ros2_ws/install/custom_msgs/share/custom_msgs/hook/ld_library_path_lib.sh'
[2.589s] Level 1:colcon.colcon_core.environment:checking '/home/amlab/CarMaker_ROS2_Original/ros/ros2_ws/install/custom_msgs/bin'
[2.589s] Level 1:colcon.colcon_core.environment:checking '/home/amlab/CarMaker_ROS2_Original/ros/ros2_ws/install/custom_msgs/lib/pkgconfig/custom_msgs.pc'
[2.589s] Level 1:colcon.colcon_core.environment:checking '/home/amlab/CarMaker_ROS2_Original/ros/ros2_ws/install/custom_msgs/lib/python3.8/site-packages'
[2.589s] Level 1:colcon.colcon_core.shell:create_environment_hook('custom_msgs', 'pythonpath')
[2.608s] INFO:colcon.colcon_core.shell:Creating environment hook '/home/amlab/CarMaker_ROS2_Original/ros/ros2_ws/install/custom_msgs/share/custom_msgs/hook/pythonpath.ps1'
[2.608s] INFO:colcon.colcon_core.shell:Creating environment descriptor '/home/amlab/CarMaker_ROS2_Original/ros/ros2_ws/install/custom_msgs/share/custom_msgs/hook/pythonpath.dsv'
[2.608s] INFO:colcon.colcon_core.shell:Creating environment hook '/home/amlab/CarMaker_ROS2_Original/ros/ros2_ws/install/custom_msgs/share/custom_msgs/hook/pythonpath.sh'
[2.608s] Level 1:colcon.colcon_core.environment:checking '/home/amlab/CarMaker_ROS2_Original/ros/ros2_ws/install/custom_msgs/bin'
[2.627s] INFO:colcon.colcon_core.shell:Creating package script '/home/amlab/CarMaker_ROS2_Original/ros/ros2_ws/install/custom_msgs/share/custom_msgs/package.ps1'
[2.628s] INFO:colcon.colcon_core.shell:Creating package descriptor '/home/amlab/CarMaker_ROS2_Original/ros/ros2_ws/install/custom_msgs/share/custom_msgs/package.dsv'
[2.628s] INFO:colcon.colcon_core.shell:Creating package script '/home/amlab/CarMaker_ROS2_Original/ros/ros2_ws/install/custom_msgs/share/custom_msgs/package.sh'
[2.628s] INFO:colcon.colcon_core.shell:Creating package script '/home/amlab/CarMaker_ROS2_Original/ros/ros2_ws/install/custom_msgs/share/custom_msgs/package.bash'
[2.628s] INFO:colcon.colcon_core.shell:Creating package script '/home/amlab/CarMaker_ROS2_Original/ros/ros2_ws/install/custom_msgs/share/custom_msgs/package.zsh'
[2.629s] Level 1:colcon.colcon_core.environment:create_file_with_runtime_dependencies(/home/amlab/CarMaker_ROS2_Original/ros/ros2_ws/install/custom_msgs/share/colcon-core/packages/custom_msgs)
[2.631s] Level 1:colcon.colcon_core.environment:create_environment_scripts_only(hellocm_msgs)
[2.631s] DEBUG:colcon.colcon_core.event_handler.log_command:Invoked command in '/home/amlab/CarMaker_ROS2_Original/ros/ros2_ws/build/hellocm_msgs' returned '0': CMAKE_PREFIX_PATH=${CMAKE_PREFIX_PATH}:/opt/ros/galactic /usr/bin/cmake --install /home/amlab/CarMaker_ROS2_Original/ros/ros2_ws/build/hellocm_msgs
[2.651s] Level 1:colcon.colcon_core.environment:checking '/home/amlab/CarMaker_ROS2_Original/ros/ros2_ws/install/hellocm_msgs' for CMake module files
[2.651s] Level 1:colcon.colcon_core.environment:checking '/home/amlab/CarMaker_ROS2_Original/ros/ros2_ws/install/hellocm_msgs' for CMake config files
[2.652s] Level 1:colcon.colcon_core.shell:create_environment_hook('hellocm_msgs', 'cmake_prefix_path')
[2.671s] INFO:colcon.colcon_core.shell:Creating environment hook '/home/amlab/CarMaker_ROS2_Original/ros/ros2_ws/install/hellocm_msgs/share/hellocm_msgs/hook/cmake_prefix_path.ps1'
[2.671s] INFO:colcon.colcon_core.shell:Creating environment descriptor '/home/amlab/CarMaker_ROS2_Original/ros/ros2_ws/install/hellocm_msgs/share/hellocm_msgs/hook/cmake_prefix_path.dsv'
[2.671s] INFO:colcon.colcon_core.shell:Creating environment hook '/home/amlab/CarMaker_ROS2_Original/ros/ros2_ws/install/hellocm_msgs/share/hellocm_msgs/hook/cmake_prefix_path.sh'
[2.672s] Level 1:colcon.colcon_core.environment:checking '/home/amlab/CarMaker_ROS2_Original/ros/ros2_ws/install/hellocm_msgs/lib'
[2.672s] Level 1:colcon.colcon_core.shell:create_environment_hook('hellocm_msgs', 'ld_library_path_lib')
[2.690s] INFO:colcon.colcon_core.shell:Creating environment hook '/home/amlab/CarMaker_ROS2_Original/ros/ros2_ws/install/hellocm_msgs/share/hellocm_msgs/hook/ld_library_path_lib.ps1'
[2.691s] INFO:colcon.colcon_core.shell:Creating environment descriptor '/home/amlab/CarMaker_ROS2_Original/ros/ros2_ws/install/hellocm_msgs/share/hellocm_msgs/hook/ld_library_path_lib.dsv'
[2.691s] INFO:colcon.colcon_core.shell:Creating environment hook '/home/amlab/CarMaker_ROS2_Original/ros/ros2_ws/install/hellocm_msgs/share/hellocm_msgs/hook/ld_library_path_lib.sh'
[2.691s] Level 1:colcon.colcon_core.environment:checking '/home/amlab/CarMaker_ROS2_Original/ros/ros2_ws/install/hellocm_msgs/bin'
[2.691s] Level 1:colcon.colcon_core.environment:checking '/home/amlab/CarMaker_ROS2_Original/ros/ros2_ws/install/hellocm_msgs/lib/pkgconfig/hellocm_msgs.pc'
[2.691s] Level 1:colcon.colcon_core.environment:checking '/home/amlab/CarMaker_ROS2_Original/ros/ros2_ws/install/hellocm_msgs/lib/python3.8/site-packages'
[2.691s] Level 1:colcon.colcon_core.shell:create_environment_hook('hellocm_msgs', 'pythonpath')
[2.710s] INFO:colcon.colcon_core.shell:Creating environment hook '/home/amlab/CarMaker_ROS2_Original/ros/ros2_ws/install/hellocm_msgs/share/hellocm_msgs/hook/pythonpath.ps1'
[2.710s] INFO:colcon.colcon_core.shell:Creating environment descriptor '/home/amlab/CarMaker_ROS2_Original/ros/ros2_ws/install/hellocm_msgs/share/hellocm_msgs/hook/pythonpath.dsv'
[2.711s] INFO:colcon.colcon_core.shell:Creating environment hook '/home/amlab/CarMaker_ROS2_Original/ros/ros2_ws/install/hellocm_msgs/share/hellocm_msgs/hook/pythonpath.sh'
[2.711s] Level 1:colcon.colcon_core.environment:checking '/home/amlab/CarMaker_ROS2_Original/ros/ros2_ws/install/hellocm_msgs/bin'
[2.730s] INFO:colcon.colcon_core.shell:Creating package script '/home/amlab/CarMaker_ROS2_Original/ros/ros2_ws/install/hellocm_msgs/share/hellocm_msgs/package.ps1'
[2.730s] INFO:colcon.colcon_core.shell:Creating package descriptor '/home/amlab/CarMaker_ROS2_Original/ros/ros2_ws/install/hellocm_msgs/share/hellocm_msgs/package.dsv'
[2.730s] INFO:colcon.colcon_core.shell:Creating package script '/home/amlab/CarMaker_ROS2_Original/ros/ros2_ws/install/hellocm_msgs/share/hellocm_msgs/package.sh'
[2.731s] INFO:colcon.colcon_core.shell:Creating package script '/home/amlab/CarMaker_ROS2_Original/ros/ros2_ws/install/hellocm_msgs/share/hellocm_msgs/package.bash'
[2.731s] INFO:colcon.colcon_core.shell:Creating package script '/home/amlab/CarMaker_ROS2_Original/ros/ros2_ws/install/hellocm_msgs/share/hellocm_msgs/package.zsh'
[2.731s] Level 1:colcon.colcon_core.environment:create_file_with_runtime_dependencies(/home/amlab/CarMaker_ROS2_Original/ros/ros2_ws/install/hellocm_msgs/share/colcon-core/packages/hellocm_msgs)
[2.760s] Level 1:colcon.colcon_core.environment:create_environment_scripts_only(cmrosutils)
[2.778s] Level 1:colcon.colcon_core.environment:checking '/home/amlab/CarMaker_ROS2_Original/ros/ros2_ws/install/cmrosutils' for CMake module files
[2.778s] Level 1:colcon.colcon_core.environment:checking '/home/amlab/CarMaker_ROS2_Original/ros/ros2_ws/install/cmrosutils' for CMake config files
[2.779s] Level 1:colcon.colcon_core.shell:create_environment_hook('cmrosutils', 'cmake_prefix_path')
[2.797s] INFO:colcon.colcon_core.shell:Creating environment hook '/home/amlab/CarMaker_ROS2_Original/ros/ros2_ws/install/cmrosutils/share/cmrosutils/hook/cmake_prefix_path.ps1'
[2.797s] INFO:colcon.colcon_core.shell:Creating environment descriptor '/home/amlab/CarMaker_ROS2_Original/ros/ros2_ws/install/cmrosutils/share/cmrosutils/hook/cmake_prefix_path.dsv'
[2.797s] INFO:colcon.colcon_core.shell:Creating environment hook '/home/amlab/CarMaker_ROS2_Original/ros/ros2_ws/install/cmrosutils/share/cmrosutils/hook/cmake_prefix_path.sh'
[2.798s] Level 1:colcon.colcon_core.environment:checking '/home/amlab/CarMaker_ROS2_Original/ros/ros2_ws/install/cmrosutils/lib'
[2.798s] Level 1:colcon.colcon_core.shell:create_environment_hook('cmrosutils', 'ld_library_path_lib')
[2.816s] INFO:colcon.colcon_core.shell:Creating environment hook '/home/amlab/CarMaker_ROS2_Original/ros/ros2_ws/install/cmrosutils/share/cmrosutils/hook/ld_library_path_lib.ps1'
[2.817s] INFO:colcon.colcon_core.shell:Creating environment descriptor '/home/amlab/CarMaker_ROS2_Original/ros/ros2_ws/install/cmrosutils/share/cmrosutils/hook/ld_library_path_lib.dsv'
[2.817s] INFO:colcon.colcon_core.shell:Creating environment hook '/home/amlab/CarMaker_ROS2_Original/ros/ros2_ws/install/cmrosutils/share/cmrosutils/hook/ld_library_path_lib.sh'
[2.817s] Level 1:colcon.colcon_core.environment:checking '/home/amlab/CarMaker_ROS2_Original/ros/ros2_ws/install/cmrosutils/bin'
[2.817s] Level 1:colcon.colcon_core.environment:checking '/home/amlab/CarMaker_ROS2_Original/ros/ros2_ws/install/cmrosutils/lib/pkgconfig/cmrosutils.pc'
[2.817s] Level 1:colcon.colcon_core.environment:checking '/home/amlab/CarMaker_ROS2_Original/ros/ros2_ws/install/cmrosutils/lib/python3.8/site-packages'
[2.817s] Level 1:colcon.colcon_core.shell:create_environment_hook('cmrosutils', 'pythonpath')
[2.836s] INFO:colcon.colcon_core.shell:Creating environment hook '/home/amlab/CarMaker_ROS2_Original/ros/ros2_ws/install/cmrosutils/share/cmrosutils/hook/pythonpath.ps1'
[2.836s] INFO:colcon.colcon_core.shell:Creating environment descriptor '/home/amlab/CarMaker_ROS2_Original/ros/ros2_ws/install/cmrosutils/share/cmrosutils/hook/pythonpath.dsv'
[2.837s] INFO:colcon.colcon_core.shell:Creating environment hook '/home/amlab/CarMaker_ROS2_Original/ros/ros2_ws/install/cmrosutils/share/cmrosutils/hook/pythonpath.sh'
[2.837s] Level 1:colcon.colcon_core.environment:checking '/home/amlab/CarMaker_ROS2_Original/ros/ros2_ws/install/cmrosutils/bin'
[2.855s] INFO:colcon.colcon_core.shell:Creating package script '/home/amlab/CarMaker_ROS2_Original/ros/ros2_ws/install/cmrosutils/share/cmrosutils/package.ps1'
[2.856s] INFO:colcon.colcon_core.shell:Creating package descriptor '/home/amlab/CarMaker_ROS2_Original/ros/ros2_ws/install/cmrosutils/share/cmrosutils/package.dsv'
[2.856s] INFO:colcon.colcon_core.shell:Creating package script '/home/amlab/CarMaker_ROS2_Original/ros/ros2_ws/install/cmrosutils/share/cmrosutils/package.sh'
[2.856s] INFO:colcon.colcon_core.shell:Creating package script '/home/amlab/CarMaker_ROS2_Original/ros/ros2_ws/install/cmrosutils/share/cmrosutils/package.bash'
[2.856s] INFO:colcon.colcon_core.shell:Creating package script '/home/amlab/CarMaker_ROS2_Original/ros/ros2_ws/install/cmrosutils/share/cmrosutils/package.zsh'
[2.857s] Level 1:colcon.colcon_core.environment:create_file_with_runtime_dependencies(/home/amlab/CarMaker_ROS2_Original/ros/ros2_ws/install/cmrosutils/share/colcon-core/packages/cmrosutils)
[2.876s] Level 1:colcon.colcon_core.environment:create_environment_scripts_only(custom_msgs)
[2.894s] Level 1:colcon.colcon_core.environment:checking '/home/amlab/CarMaker_ROS2_Original/ros/ros2_ws/install/custom_msgs' for CMake module files
[2.895s] Level 1:colcon.colcon_core.environment:checking '/home/amlab/CarMaker_ROS2_Original/ros/ros2_ws/install/custom_msgs' for CMake config files
[2.895s] Level 1:colcon.colcon_core.shell:create_environment_hook('custom_msgs', 'cmake_prefix_path')
[2.913s] INFO:colcon.colcon_core.shell:Creating environment hook '/home/amlab/CarMaker_ROS2_Original/ros/ros2_ws/install/custom_msgs/share/custom_msgs/hook/cmake_prefix_path.ps1'
[2.914s] INFO:colcon.colcon_core.shell:Creating environment descriptor '/home/amlab/CarMaker_ROS2_Original/ros/ros2_ws/install/custom_msgs/share/custom_msgs/hook/cmake_prefix_path.dsv'
[2.914s] INFO:colcon.colcon_core.shell:Creating environment hook '/home/amlab/CarMaker_ROS2_Original/ros/ros2_ws/install/custom_msgs/share/custom_msgs/hook/cmake_prefix_path.sh'
[2.914s] Level 1:colcon.colcon_core.environment:checking '/home/amlab/CarMaker_ROS2_Original/ros/ros2_ws/install/custom_msgs/lib'
[2.915s] Level 1:colcon.colcon_core.shell:create_environment_hook('custom_msgs', 'ld_library_path_lib')
[2.936s] INFO:colcon.colcon_core.shell:Creating environment hook '/home/amlab/CarMaker_ROS2_Original/ros/ros2_ws/install/custom_msgs/share/custom_msgs/hook/ld_library_path_lib.ps1'
[2.936s] INFO:colcon.colcon_core.shell:Creating environment descriptor '/home/amlab/CarMaker_ROS2_Original/ros/ros2_ws/install/custom_msgs/share/custom_msgs/hook/ld_library_path_lib.dsv'
[2.936s] INFO:colcon.colcon_core.shell:Creating environment hook '/home/amlab/CarMaker_ROS2_Original/ros/ros2_ws/install/custom_msgs/share/custom_msgs/hook/ld_library_path_lib.sh'
[2.936s] Level 1:colcon.colcon_core.environment:checking '/home/amlab/CarMaker_ROS2_Original/ros/ros2_ws/install/custom_msgs/bin'
[2.936s] Level 1:colcon.colcon_core.environment:checking '/home/amlab/CarMaker_ROS2_Original/ros/ros2_ws/install/custom_msgs/lib/pkgconfig/custom_msgs.pc'
[2.937s] Level 1:colcon.colcon_core.environment:checking '/home/amlab/CarMaker_ROS2_Original/ros/ros2_ws/install/custom_msgs/lib/python3.8/site-packages'
[2.937s] Level 1:colcon.colcon_core.shell:create_environment_hook('custom_msgs', 'pythonpath')
[2.955s] INFO:colcon.colcon_core.shell:Creating environment hook '/home/amlab/CarMaker_ROS2_Original/ros/ros2_ws/install/custom_msgs/share/custom_msgs/hook/pythonpath.ps1'
[2.955s] INFO:colcon.colcon_core.shell:Creating environment descriptor '/home/amlab/CarMaker_ROS2_Original/ros/ros2_ws/install/custom_msgs/share/custom_msgs/hook/pythonpath.dsv'
[2.956s] INFO:colcon.colcon_core.shell:Creating environment hook '/home/amlab/CarMaker_ROS2_Original/ros/ros2_ws/install/custom_msgs/share/custom_msgs/hook/pythonpath.sh'
[2.956s] Level 1:colcon.colcon_core.environment:checking '/home/amlab/CarMaker_ROS2_Original/ros/ros2_ws/install/custom_msgs/bin'
[2.975s] INFO:colcon.colcon_core.shell:Creating package script '/home/amlab/CarMaker_ROS2_Original/ros/ros2_ws/install/custom_msgs/share/custom_msgs/package.ps1'
[2.975s] INFO:colcon.colcon_core.shell:Creating package descriptor '/home/amlab/CarMaker_ROS2_Original/ros/ros2_ws/install/custom_msgs/share/custom_msgs/package.dsv'
[2.975s] INFO:colcon.colcon_core.shell:Creating package script '/home/amlab/CarMaker_ROS2_Original/ros/ros2_ws/install/custom_msgs/share/custom_msgs/package.sh'
[2.975s] INFO:colcon.colcon_core.shell:Creating package script '/home/amlab/CarMaker_ROS2_Original/ros/ros2_ws/install/custom_msgs/share/custom_msgs/package.bash'
[2.976s] INFO:colcon.colcon_core.shell:Creating package script '/home/amlab/CarMaker_ROS2_Original/ros/ros2_ws/install/custom_msgs/share/custom_msgs/package.zsh'
[2.976s] Level 1:colcon.colcon_core.environment:create_file_with_runtime_dependencies(/home/amlab/CarMaker_ROS2_Original/ros/ros2_ws/install/custom_msgs/share/colcon-core/packages/custom_msgs)
[2.995s] Level 1:colcon.colcon_core.environment:create_environment_scripts_only(hellocm_msgs)
[3.013s] Level 1:colcon.colcon_core.environment:checking '/home/amlab/CarMaker_ROS2_Original/ros/ros2_ws/install/hellocm_msgs' for CMake module files
[3.014s] Level 1:colcon.colcon_core.environment:checking '/home/amlab/CarMaker_ROS2_Original/ros/ros2_ws/install/hellocm_msgs' for CMake config files
[3.014s] Level 1:colcon.colcon_core.shell:create_environment_hook('hellocm_msgs', 'cmake_prefix_path')
[3.033s] INFO:colcon.colcon_core.shell:Creating environment hook '/home/amlab/CarMaker_ROS2_Original/ros/ros2_ws/install/hellocm_msgs/share/hellocm_msgs/hook/cmake_prefix_path.ps1'
[3.033s] INFO:colcon.colcon_core.shell:Creating environment descriptor '/home/amlab/CarMaker_ROS2_Original/ros/ros2_ws/install/hellocm_msgs/share/hellocm_msgs/hook/cmake_prefix_path.dsv'
[3.033s] INFO:colcon.colcon_core.shell:Creating environment hook '/home/amlab/CarMaker_ROS2_Original/ros/ros2_ws/install/hellocm_msgs/share/hellocm_msgs/hook/cmake_prefix_path.sh'
[3.034s] Level 1:colcon.colcon_core.environment:checking '/home/amlab/CarMaker_ROS2_Original/ros/ros2_ws/install/hellocm_msgs/lib'
[3.034s] Level 1:colcon.colcon_core.shell:create_environment_hook('hellocm_msgs', 'ld_library_path_lib')
[3.053s] INFO:colcon.colcon_core.shell:Creating environment hook '/home/amlab/CarMaker_ROS2_Original/ros/ros2_ws/install/hellocm_msgs/share/hellocm_msgs/hook/ld_library_path_lib.ps1'
[3.053s] INFO:colcon.colcon_core.shell:Creating environment descriptor '/home/amlab/CarMaker_ROS2_Original/ros/ros2_ws/install/hellocm_msgs/share/hellocm_msgs/hook/ld_library_path_lib.dsv'
[3.053s] INFO:colcon.colcon_core.shell:Creating environment hook '/home/amlab/CarMaker_ROS2_Original/ros/ros2_ws/install/hellocm_msgs/share/hellocm_msgs/hook/ld_library_path_lib.sh'
[3.053s] Level 1:colcon.colcon_core.environment:checking '/home/amlab/CarMaker_ROS2_Original/ros/ros2_ws/install/hellocm_msgs/bin'
[3.053s] Level 1:colcon.colcon_core.environment:checking '/home/amlab/CarMaker_ROS2_Original/ros/ros2_ws/install/hellocm_msgs/lib/pkgconfig/hellocm_msgs.pc'
[3.054s] Level 1:colcon.colcon_core.environment:checking '/home/amlab/CarMaker_ROS2_Original/ros/ros2_ws/install/hellocm_msgs/lib/python3.8/site-packages'
[3.054s] Level 1:colcon.colcon_core.shell:create_environment_hook('hellocm_msgs', 'pythonpath')
[3.072s] INFO:colcon.colcon_core.shell:Creating environment hook '/home/amlab/CarMaker_ROS2_Original/ros/ros2_ws/install/hellocm_msgs/share/hellocm_msgs/hook/pythonpath.ps1'
[3.073s] INFO:colcon.colcon_core.shell:Creating environment descriptor '/home/amlab/CarMaker_ROS2_Original/ros/ros2_ws/install/hellocm_msgs/share/hellocm_msgs/hook/pythonpath.dsv'
[3.073s] INFO:colcon.colcon_core.shell:Creating environment hook '/home/amlab/CarMaker_ROS2_Original/ros/ros2_ws/install/hellocm_msgs/share/hellocm_msgs/hook/pythonpath.sh'
[3.073s] Level 1:colcon.colcon_core.environment:checking '/home/amlab/CarMaker_ROS2_Original/ros/ros2_ws/install/hellocm_msgs/bin'
[3.092s] INFO:colcon.colcon_core.shell:Creating package script '/home/amlab/CarMaker_ROS2_Original/ros/ros2_ws/install/hellocm_msgs/share/hellocm_msgs/package.ps1'
[3.092s] INFO:colcon.colcon_core.shell:Creating package descriptor '/home/amlab/CarMaker_ROS2_Original/ros/ros2_ws/install/hellocm_msgs/share/hellocm_msgs/package.dsv'
[3.092s] INFO:colcon.colcon_core.shell:Creating package script '/home/amlab/CarMaker_ROS2_Original/ros/ros2_ws/install/hellocm_msgs/share/hellocm_msgs/package.sh'
[3.093s] INFO:colcon.colcon_core.shell:Creating package script '/home/amlab/CarMaker_ROS2_Original/ros/ros2_ws/install/hellocm_msgs/share/hellocm_msgs/package.bash'
[3.093s] INFO:colcon.colcon_core.shell:Creating package script '/home/amlab/CarMaker_ROS2_Original/ros/ros2_ws/install/hellocm_msgs/share/hellocm_msgs/package.zsh'
[3.093s] Level 1:colcon.colcon_core.environment:create_file_with_runtime_dependencies(/home/amlab/CarMaker_ROS2_Original/ros/ros2_ws/install/hellocm_msgs/share/colcon-core/packages/hellocm_msgs)
[3.093s] INFO:colcon.colcon_ros.task.ament_cmake.build:Building ROS package in '/home/amlab/CarMaker_ROS2_Original/ros/ros2_ws/src/hellocm' with build type 'ament_cmake'
[3.093s] INFO:colcon.colcon_cmake.task.cmake.build:Building CMake package in '/home/amlab/CarMaker_ROS2_Original/ros/ros2_ws/src/hellocm'
[3.112s] INFO:colcon.colcon_core.shell:Skip shell extension 'powershell' for command environment: Not usable outside of PowerShell
[3.112s] DEBUG:colcon.colcon_core.shell:Skip shell extension 'dsv' for command environment
[3.177s] DEBUG:colcon.colcon_core.event_handler.log_command:Invoking command in '/home/amlab/CarMaker_ROS2_Original/ros/ros2_ws/build/hellocm': CMAKE_PREFIX_PATH=/home/amlab/CarMaker_ROS2_Original/ros/ros2_ws/install/hellocm_msgs:/home/amlab/CarMaker_ROS2_Original/ros/ros2_ws/install/cmrosutils:/home/amlab/CarMaker_ROS2_Original/ros/ros2_ws/install/hellocm_cmnode:/home/amlab/CarMaker_ROS2_Original/ros/ros2_ws/install/hellocm:/home/amlab/CarMaker_ROS2_Original/ros/ros2_ws/install/custom_msgs:/home/amlab/CarMaker_ROS2_Original/ros/ros2_ws/install/control_test:/home/amlab/CarMaker_ROS2_Original/ros/ros2_ws/install/carmaker_vds_client:/opt/ros/galactic LD_LIBRARY_PATH=/home/amlab/CarMaker_ROS2_Original/ros/ros2_ws/install/hellocm_msgs/lib:/home/amlab/CarMaker_ROS2_Original/ros/ros2_ws/install/cmrosutils/lib:/home/amlab/CarMaker_ROS2_Original/ros/ros2_ws/install/custom_msgs/lib:/opt/ros/galactic/opt/yaml_cpp_vendor/lib:/opt/ros/galactic/opt/rviz_ogre_vendor/lib:/opt/ros/galactic/lib/x86_64-linux-gnu:/opt/ros/galactic/lib PYTHONPATH=/home/amlab/CarMaker_ROS2_Original/ros/ros2_ws/install/hellocm_msgs/lib/python3.8/site-packages:/home/amlab/CarMaker_ROS2_Original/ros/ros2_ws/install/cmrosutils/lib/python3.8/site-packages:/home/amlab/CarMaker_ROS2_Original/ros/ros2_ws/install/custom_msgs/lib/python3.8/site-packages:/opt/ros/galactic/lib/python3.8/site-packages /usr/bin/cmake /home/amlab/CarMaker_ROS2_Original/ros/ros2_ws/src/hellocm -DCMAKE_INSTALL_PREFIX=/home/amlab/CarMaker_ROS2_Original/ros/ros2_ws/install/hellocm
[3.258s] DEBUG:colcon.colcon_core.event_handler.log_command:Invoked command in '/home/amlab/CarMaker_ROS2_Original/ros/ros2_ws/build/cm_control_example' returned '2': CMAKE_PREFIX_PATH=${CMAKE_PREFIX_PATH}:/opt/ros/galactic /usr/bin/cmake --build /home/amlab/CarMaker_ROS2_Original/ros/ros2_ws/build/cm_control_example -- -j12 -l12
[3.290s] Level 1:colcon.colcon_core.environment:create_environment_scripts_only(cm_control_example)
[3.311s] Level 1:colcon.colcon_core.environment:checking '/home/amlab/CarMaker_ROS2_Original/ros/ros2_ws/install/cm_control_example' for CMake module files
[3.311s] Level 1:colcon.colcon_core.environment:checking '/home/amlab/CarMaker_ROS2_Original/ros/ros2_ws/install/cm_control_example' for CMake config files
[3.312s] Level 1:colcon.colcon_core.environment:checking '/home/amlab/CarMaker_ROS2_Original/ros/ros2_ws/install/cm_control_example/bin'
[3.312s] Level 1:colcon.colcon_core.environment:checking '/home/amlab/CarMaker_ROS2_Original/ros/ros2_ws/install/cm_control_example/lib/pkgconfig/cm_control_example.pc'
[3.312s] Level 1:colcon.colcon_core.environment:checking '/home/amlab/CarMaker_ROS2_Original/ros/ros2_ws/install/cm_control_example/lib/python3.8/site-packages'
[3.312s] Level 1:colcon.colcon_core.environment:checking '/home/amlab/CarMaker_ROS2_Original/ros/ros2_ws/install/cm_control_example/bin'
[3.332s] INFO:colcon.colcon_core.shell:Creating package script '/home/amlab/CarMaker_ROS2_Original/ros/ros2_ws/install/cm_control_example/share/cm_control_example/package.ps1'
[3.332s] INFO:colcon.colcon_core.shell:Creating package descriptor '/home/amlab/CarMaker_ROS2_Original/ros/ros2_ws/install/cm_control_example/share/cm_control_example/package.dsv'
[3.333s] INFO:colcon.colcon_core.shell:Creating package script '/home/amlab/CarMaker_ROS2_Original/ros/ros2_ws/install/cm_control_example/share/cm_control_example/package.sh'
[3.333s] INFO:colcon.colcon_core.shell:Creating package script '/home/amlab/CarMaker_ROS2_Original/ros/ros2_ws/install/cm_control_example/share/cm_control_example/package.bash'
[3.333s] INFO:colcon.colcon_core.shell:Creating package script '/home/amlab/CarMaker_ROS2_Original/ros/ros2_ws/install/cm_control_example/share/cm_control_example/package.zsh'
[3.333s] Level 1:colcon.colcon_core.environment:create_file_with_runtime_dependencies(/home/amlab/CarMaker_ROS2_Original/ros/ros2_ws/install/cm_control_example/share/colcon-core/packages/cm_control_example)
[3.577s] DEBUG:colcon.colcon_parallel_executor.executor.parallel:closing loop
[3.577s] DEBUG:colcon.colcon_parallel_executor.executor.parallel:loop closed
[3.577s] DEBUG:colcon.colcon_parallel_executor.executor.parallel:run_until_complete finished with '2'
[3.577s] DEBUG:colcon.colcon_core.event_reactor:joining thread
[3.599s] INFO:colcon.colcon_core.plugin_system:Skipping extension 'colcon_notification.desktop_notification.terminal_notifier': Not used on non-Darwin systems
[3.599s] INFO:colcon.colcon_core.plugin_system:Skipping extension 'colcon_notification.desktop_notification.win32': Not used on non-Windows systems
[3.599s] INFO:colcon.colcon_notification.desktop_notification:Sending desktop notification using 'notify2'
[3.607s] DEBUG:colcon.colcon_core.event_reactor:joined thread
[3.627s] INFO:colcon.colcon_core.shell:Creating prefix script '/home/amlab/CarMaker_ROS2_Original/ros/ros2_ws/install/local_setup.ps1'
[3.627s] INFO:colcon.colcon_core.shell:Creating prefix util module '/home/amlab/CarMaker_ROS2_Original/ros/ros2_ws/install/_local_setup_util_ps1.py'
[3.628s] INFO:colcon.colcon_core.shell:Creating prefix chain script '/home/amlab/CarMaker_ROS2_Original/ros/ros2_ws/install/setup.ps1'
[3.647s] INFO:colcon.colcon_core.shell:Creating prefix script '/home/amlab/CarMaker_ROS2_Original/ros/ros2_ws/install/local_setup.sh'
[3.647s] INFO:colcon.colcon_core.shell:Creating prefix util module '/home/amlab/CarMaker_ROS2_Original/ros/ros2_ws/install/_local_setup_util_sh.py'
[3.647s] INFO:colcon.colcon_core.shell:Creating prefix chain script '/home/amlab/CarMaker_ROS2_Original/ros/ros2_ws/install/setup.sh'
[3.666s] INFO:colcon.colcon_core.shell:Creating prefix script '/home/amlab/CarMaker_ROS2_Original/ros/ros2_ws/install/local_setup.bash'
[3.666s] INFO:colcon.colcon_core.shell:Creating prefix chain script '/home/amlab/CarMaker_ROS2_Original/ros/ros2_ws/install/setup.bash'
[3.684s] INFO:colcon.colcon_core.shell:Creating prefix script '/home/amlab/CarMaker_ROS2_Original/ros/ros2_ws/install/local_setup.zsh'
[3.684s] INFO:colcon.colcon_core.shell:Creating prefix chain script '/home/amlab/CarMaker_ROS2_Original/ros/ros2_ws/install/setup.zsh'
