[0.082s] Invoking command in '/home/amlab/CarMaker_ROS2_Original/ros/ros2_ws/build/hellocm': CMAKE_PREFIX_PATH=/home/amlab/CarMaker_ROS2_Original/ros/ros2_ws/install/hellocm_msgs:/home/amlab/CarMaker_ROS2_Original/ros/ros2_ws/install/cmrosutils:/home/amlab/CarMaker_ROS2_Original/ros/ros2_ws/install/hellocm_cmnode:/home/amlab/CarMaker_ROS2_Original/ros/ros2_ws/install/hellocm:/home/amlab/CarMaker_ROS2_Original/ros/ros2_ws/install/custom_msgs:/home/amlab/CarMaker_ROS2_Original/ros/ros2_ws/install/control_test:/home/amlab/CarMaker_ROS2_Original/ros/ros2_ws/install/carmaker_vds_client:/opt/ros/galactic LD_LIBRARY_PATH=/home/amlab/CarMaker_ROS2_Original/ros/ros2_ws/install/hellocm_msgs/lib:/home/amlab/CarMaker_ROS2_Original/ros/ros2_ws/install/cmrosutils/lib:/home/amlab/CarMaker_ROS2_Original/ros/ros2_ws/install/custom_msgs/lib:/opt/ros/galactic/opt/yaml_cpp_vendor/lib:/opt/ros/galactic/opt/rviz_ogre_vendor/lib:/opt/ros/galactic/lib/x86_64-linux-gnu:/opt/ros/galactic/lib PYTHONPATH=/home/amlab/CarMaker_ROS2_Original/ros/ros2_ws/install/hellocm_msgs/lib/python3.8/site-packages:/home/amlab/CarMaker_ROS2_Original/ros/ros2_ws/install/cmrosutils/lib/python3.8/site-packages:/home/amlab/CarMaker_ROS2_Original/ros/ros2_ws/install/custom_msgs/lib/python3.8/site-packages:/opt/ros/galactic/lib/python3.8/site-packages /usr/bin/cmake --build /home/amlab/CarMaker_ROS2_Original/ros/ros2_ws/build/hellocm -- -j12 -l12
[0.106s] [35m[1mScanning dependencies of target hellocm_node[0m
[0.115s] [ 50%] [32mBuilding CXX object CMakeFiles/hellocm_node.dir/src/ROS1_HelloCM.cpp.o[0m
[0.188s] [01m[K/home/amlab/CarMaker_ROS2_Original/ros/ros2_ws/src/hellocm/src/ROS1_HelloCM.cpp:35:4:[m[K [01;35m[Kwarning: [m[K#warning is a GCC extension
[0.188s]    35 | #  [01;35m[Kwarning[m[K "Debug options are enabled!"
[0.188s]       |    [01;35m[K^~~~~~~[m[K
[0.188s] [01m[K/home/amlab/CarMaker_ROS2_Original/ros/ros2_ws/src/hellocm/src/ROS1_HelloCM.cpp:35:4:[m[K [01;35m[Kwarning: [m[K#warning "Debug options are enabled!" [[01;35m[K-Wcpp[m[K]
[0.994s] [01m[K/home/amlab/CarMaker_ROS2_Original/ros/ros2_ws/src/hellocm/src/ROS1_HelloCM.cpp:[m[K In function ‘[01m[Kbool ros_HelloCM_CB_SrvInit(std::shared_ptr<rmw_request_id_t>, std::shared_ptr<hellocm_msgs::srv::Init_Request_<std::allocator<void> > >, std::shared_ptr<hellocm_msgs::srv::Init_Response_<std::allocator<void> > >)[m[K’:
[0.994s] [01m[K/home/amlab/CarMaker_ROS2_Original/ros/ros2_ws/src/hellocm/src/ROS1_HelloCM.cpp:95:42:[m[K [01;35m[Kwarning: [m[Kunused parameter ‘[01m[Krequest_header[m[K’ [[01;35m[K-Wunused-parameter[m[K]
[0.994s]    95 |  [01;35m[Kconst std::shared_ptr<rmw_request_id_t> request_header[m[K,
[0.994s]       |  [01;35m[K~~~~~~~~~~~~~~~~~~~~~~~~~~~~~~~~~~~~~~~~^~~~~~~~~~~~~~[m[K
[0.994s] [01m[K/home/amlab/CarMaker_ROS2_Original/ros/ros2_ws/src/hellocm/src/ROS1_HelloCM.cpp:96:52:[m[K [01;35m[Kwarning: [m[Kunused parameter ‘[01m[Kreq[m[K’ [[01;35m[K-Wunused-parameter[m[K]
[0.994s]    96 |  [01;35m[Kstd::shared_ptr<hellocm_msgs::srv::Init::Request> req[m[K,
[0.994s]       |  [01;35m[K~~~~~~~~~~~~~~~~~~~~~~~~~~~~~~~~~~~~~~~~~~~~~~~~~~^~~[m[K
[1.100s] [01m[K/home/amlab/CarMaker_ROS2_Original/ros/ros2_ws/src/hellocm/src/ROS1_HelloCM.cpp:[m[K In function ‘[01m[Kint ros_HelloCM_Init(int, char**)[m[K’:
[1.101s] [01m[K/home/amlab/CarMaker_ROS2_Original/ros/ros2_ws/src/hellocm/src/ROS1_HelloCM.cpp:285:30:[m[K [01;35m[Kwarning: [m[K‘[01m[Kconst rclcpp::ParameterValue& rclcpp::Node::declare_parameter(const string&)[m[K’ is deprecated: declare_parameter() with only a name is deprecated and will be deleted in the future.\nIf you want to declare a parameter that won't change type without a default value use:\n`node->declare_parameter<ParameterT>(name)`, where e.g. ParameterT=int64_t.\n\nIf you want to declare a parameter that can dynamically change type use:\n```\nrcl_interfaces::msg::ParameterDescriptor descriptor;\ndescriptor.dynamic_typing = true;\nnode->declare_parameter(name, rclcpp::ParameterValue{}, descriptor);\n``` [[01;35m[K-Wdeprecated-declarations[m[K]
[1.101s]   285 |  node->declare_parameter(sbuf[01;35m[K)[m[K;
[1.101s]       |                              [01;35m[K^[m[K
[1.101s] In file included from [01m[K/opt/ros/galactic/include/rclcpp/executors/single_threaded_executor.hpp:28[m[K,
[1.101s]                  from [01m[K/opt/ros/galactic/include/rclcpp/executors.hpp:22[m[K,
[1.101s]                  from [01m[K/opt/ros/galactic/include/rclcpp/rclcpp.hpp:156[m[K,
[1.101s]                  from [01m[K/home/amlab/CarMaker_ROS2_Original/ros/ros2_ws/install/cmrosutils/include/cmrosutils/CMRosUtils.h:36[m[K,
[1.101s]                  from [01m[K/home/amlab/CarMaker_ROS2_Original/ros/ros2_ws/src/hellocm/src/ROS1_HelloCM.cpp:27[m[K:
[1.101s] [01m[K/opt/ros/galactic/include/rclcpp/node.hpp:422:3:[m[K [01;36m[Knote: [m[Kdeclared here
[1.101s]   422 |   [01;36m[Kdeclare_parameter[m[K(const std::string & name);
[1.101s]       |   [01;36m[K^~~~~~~~~~~~~~~~~[m[K
[4.361s] [100%] [32m[1mLinking CXX executable hellocm_node[0m
[4.540s] [100%] Built target hellocm_node
