[100%] Built target CMNode_ROS1_HelloCM
-- Install configuration: ""
-- Execute custom install script
-- Up-to-date symlink: /home/amlab/CarMaker_ROS2_Original/ros/ros2_ws/install/hellocm_cmnode/lib/hellocm_cmnode/libCMNode_ROS1_HelloCM.so
-- Up-to-date symlink: /home/amlab/CarMaker_ROS2_Original/ros/ros2_ws/install/hellocm_cmnode/include/a
-- Up-to-date symlink: /home/amlab/CarMaker_ROS2_Original/ros/ros2_ws/install/hellocm_cmnode/share/hellocm_cmnode/meshes/IPG_CompanyCar_2020.png
-- Up-to-date symlink: /home/amlab/CarMaker_ROS2_Original/ros/ros2_ws/install/hellocm_cmnode/share/hellocm_cmnode/meshes/IPG_CompanyCar_2020_Orange.dae
-- Up-to-date symlink: /home/amlab/CarMaker_ROS2_Original/ros/ros2_ws/install/hellocm_cmnode/share/hellocm_cmnode/meshes/IPG_CompanyCar_2020_Wheel.dae
-- Up-to-date symlink: /home/amlab/CarMaker_ROS2_Original/ros/ros2_ws/install/hellocm_cmnode/share/ament_index/resource_index/package_run_dependencies/hellocm_cmnode
-- Up-to-date symlink: /home/amlab/CarMaker_ROS2_Original/ros/ros2_ws/install/hellocm_cmnode/share/ament_index/resource_index/parent_prefix_path/hellocm_cmnode
-- Up-to-date symlink: /home/amlab/CarMaker_ROS2_Original/ros/ros2_ws/install/hellocm_cmnode/share/hellocm_cmnode/environment/ament_prefix_path.sh
-- Up-to-date symlink: /home/amlab/CarMaker_ROS2_Original/ros/ros2_ws/install/hellocm_cmnode/share/hellocm_cmnode/environment/ament_prefix_path.dsv
-- Up-to-date symlink: /home/amlab/CarMaker_ROS2_Original/ros/ros2_ws/install/hellocm_cmnode/share/hellocm_cmnode/environment/path.sh
-- Up-to-date symlink: /home/amlab/CarMaker_ROS2_Original/ros/ros2_ws/install/hellocm_cmnode/share/hellocm_cmnode/environment/path.dsv
-- Up-to-date symlink: /home/amlab/CarMaker_ROS2_Original/ros/ros2_ws/install/hellocm_cmnode/share/hellocm_cmnode/local_setup.bash
-- Up-to-date symlink: /home/amlab/CarMaker_ROS2_Original/ros/ros2_ws/install/hellocm_cmnode/share/hellocm_cmnode/local_setup.sh
-- Up-to-date symlink: /home/amlab/CarMaker_ROS2_Original/ros/ros2_ws/install/hellocm_cmnode/share/hellocm_cmnode/local_setup.zsh
-- Up-to-date symlink: /home/amlab/CarMaker_ROS2_Original/ros/ros2_ws/install/hellocm_cmnode/share/hellocm_cmnode/local_setup.dsv
-- Symlinking: /home/amlab/CarMaker_ROS2_Original/ros/ros2_ws/install/hellocm_cmnode/share/hellocm_cmnode/package.dsv
-- Up-to-date symlink: /home/amlab/CarMaker_ROS2_Original/ros/ros2_ws/install/hellocm_cmnode/share/ament_index/resource_index/packages/hellocm_cmnode
-- Up-to-date symlink: /home/amlab/CarMaker_ROS2_Original/ros/ros2_ws/install/hellocm_cmnode/share/hellocm_cmnode/cmake/ament_cmake_export_include_directories-extras.cmake
-- Up-to-date symlink: /home/amlab/CarMaker_ROS2_Original/ros/ros2_ws/install/hellocm_cmnode/share/hellocm_cmnode/cmake/hellocm_cmnodeConfig.cmake
-- Up-to-date symlink: /home/amlab/CarMaker_ROS2_Original/ros/ros2_ws/install/hellocm_cmnode/share/hellocm_cmnode/cmake/hellocm_cmnodeConfig-version.cmake
-- Up-to-date symlink: /home/amlab/CarMaker_ROS2_Original/ros/ros2_ws/install/hellocm_cmnode/share/hellocm_cmnode/package.xml
