APPLICATION	Car_Generic with CMRosIF #12 (linux64-9.1.1)
COMPILED	amlab@amlab 2023-12-18 20:06:37
 
		CMRosIF: Initialization (v0.6.8-CM7.1.2)
		CMRosIF: Read parameters from 'Data/Config/CMRosIFParameters'
		CMRosIF: Loaded library 'ros/ros2_ws/install/hellocm_cmnode/lib/hellocm_cmnode/libCMNode_ROS1_HelloCM.so'
		Initialize CarMaker ROS Node
		  -> Node Version = 00800
		  -> ROS Version  = 00002
		  -> CM Version   = 90101
		  -> Has param 'use_sim_time' with value '0'
		  -> Provide simulation time!
		    -> Publish '/clock' every 100ms
		  -> Publish 'hellocm/cm2ext'
		  -> Publish '/pointcloud/os1'
		  -> Publish '/gps_out'
		  -> Publish '/imu_out'
		  -> Publish '/vehicle_info_out'
		  -> Publish '/objectinfo_out'
		  -> Publish '/pointcloud/os1_pc2'
		  -> Publish '/Lane/Left0'
		  -> Publish '/Lane/Left1'
		  -> Publish '/Lane/Right0'
		  -> Publish '/Lane/Right1'
		  -> Subscribe 'hellocm/ext2cm'
		  -> Service Client 'hellocm/init'
		  -> Create Service 'CMRemote'
		Initialization of ROS Node finished!
		  -> Node Name = 'CMNode'
		  -> Namespace = '/'
		    -> Connected Topics (24)
		    -> /Lane/Left0
		    -> /Lane/Left1
		    -> /Lane/Right0
		    -> /Lane/Right1
		    -> /carmaker/gps_out2
		    -> /carmaker/imu_out2
		    -> /carmaker/object_info_out2
		    -> /carmaker/vehicle_info_out2
		    -> /clock
		    -> /control/cm_save_custom
		    -> /control/vehicle_control
		    -> /gps_out
		    -> /hellocm/cm2ext
		    -> /hellocm/ext2cm
		    -> /imu_out
		    -> /objectinfo_out
		    -> /parameter_events
		    -> /pointcloud/os1
		    -> /pointcloud/os1_pc2
		    -> /rosout
		    -> /signal_light
		    -> /tf
		    -> /tf_static
		    -> /vehicle_info_out
		CMRosIF_CMNode_MyFunc: Here is my own function from the CarMaker ROS Node library!
FIRST_INIT	(internal default used)	2023-12-18 20:09:31
TIME	0.000
		FName = (no associated file)
		errCode = 0
		CarMaker ROS Node is disabled!
SIM_END			0s	0m
IDLE	20:09:31
TIME	2.070
SHUTDOWN	CarMaker quick shutdown initiated

		CMRosIF_CMNode_End: End
