APPLICATION	Car_Generic with CMRosIF #12 (linux64-9.1.1)
COMPILED	amlab@amlab 2023-12-18 20:06:37
 
		CMRosIF: Initialization (v0.6.8-CM7.1.2)
		CMRosIF: Read parameters from 'Data/Config/CMRosIFParameters'
		CMRosIF: Loaded library 'ros/ros2_ws/install/hellocm_cmnode/lib/hellocm_cmnode/libCMNode_ROS1_HelloCM.so'
		Initialize CarMaker ROS Node
		  -> Node Version = 00800
		  -> ROS Version  = 00002
		  -> CM Version   = 90101
		  -> Has param 'use_sim_time' with value '0'
		  -> Provide simulation time!
		    -> Publish '/clock' every 100ms
		  -> Publish 'hellocm/cm2ext'
		  -> Publish '/pointcloud/os1'
		  -> Publish '/gps_out'
		  -> Publish '/imu_out'
		  -> Publish '/vehicle_info_out'
		  -> Publish '/objectinfo_out'
		  -> Publish '/pointcloud/os1_pc2'
		  -> Publish '/Lane/Left0'
		  -> Publish '/Lane/Left1'
		  -> Publish '/Lane/Right0'
		  -> Publish '/Lane/Right1'
		  -> Subscribe 'hellocm/ext2cm'
		  -> Service Client 'hellocm/init'
		  -> Create Service 'CMRemote'
		Initialization of ROS Node finished!
		  -> Node Name = 'CMNode'
		  -> Namespace = '/'
		    -> Connected Topics (24)
		    -> /Lane/Left0
		    -> /Lane/Left1
		    -> /Lane/Right0
		    -> /Lane/Right1
		    -> /carmaker/gps_out2
		    -> /carmaker/imu_out2
		    -> /carmaker/object_info_out2
		    -> /carmaker/vehicle_info_out2
		    -> /clock
		    -> /control/cm_save_custom
		    -> /control/vehicle_control
		    -> /gps_out
		    -> /hellocm/cm2ext
		    -> /hellocm/ext2cm
		    -> /imu_out
		    -> /objectinfo_out
		    -> /parameter_events
		    -> /pointcloud/os1
		    -> /pointcloud/os1_pc2
		    -> /rosout
		    -> /signal_light
		    -> /tf
		    -> /tf_static
		    -> /vehicle_info_out
		CMRosIF_CMNode_MyFunc: Here is my own function from the CarMaker ROS Node library!
FIRST_INIT	(internal default used)	2023-12-18 20:10:58
TIME	0.000
		FName = (no associated file)
		errCode = 0
		CarMaker ROS Node is disabled!
SIM_END			0s	0m
IDLE	20:10:58
TIME	11.471
SIM_START	unknown	2023-12-18 20:12:53
TIME	0.002
		FName = Data/Vehicle/.tmp_amlab_amlab.1
		errCode = 0
		CarMaker ROS Node is enabled! Mode=1, SyncMode=0
		  -> Node Name = CMNode
		  -> Publish /clock every 100ms
		  -> Send Service Request
		  -> Cycle time of external node changed from 15000ms to 10000ms
		External ROS Node is ready to simulate
TIME	0.000
SIMULATE	unknown

		cycleTime: 100, cycleoffset: 0, cycle: 0CMNode: Error on DoPrep for Job 'pointcloud/os1_pc2'! rv=DoSomethingcycleTime: 100, cycleoffset: 0, cycle: 100CMNode: Error on DoPrep for Job 'pointcloud/os1_pc2'! rv=DoSomethingCMNode (CMSimTime=0.118s): External Node is in cycle 1, Time=1702897975s, Stamp=1702897975s
TIME	2.001
		cycleTime: 100, cycleoffset: 0, cycle: 200CMNode: Error on DoPrep for Job 'pointcloud/os1_pc2'! rv=DoSomethingcycleTime: 100, cycleoffset: 0, cycle: 300CMNode: Error on DoPrep for Job 'pointcloud/os1_pc2'! rv=DoSomethingcycleTime: 100, cycleoffset: 0, cycle: 400CMNode: Error on DoPrep for Job 'pointcloud/os1_pc2'! rv=DoSomethingcycleTime: 100, cycleoffset: 0, cycle: 500CMNode: Error on DoPrep for Job 'pointcloud/os1_pc2'! rv=DoSomethingcycleTime: 100, cycleoffset: 0, cycle: 600CMNode: Error on DoPrep for Job 'pointcloud/os1_pc2'! rv=DoSomethingcycleTime: 100, cycleoffset: 0, cycle: 700CMNode: Error on DoPrep for Job 'pointcloud/os1_pc2'! rv=DoSomethingcycleTime: 100, cycleoffset: 0, cycle: 800CMNode: Error on DoPrep for Job 'pointcloud/os1_pc2'! rv=DoSomethingcycleTime: 100, cycleoffset: 0, cycle: 900CMNode: Error on DoPrep for Job 'pointcloud/os1_pc2'! rv=DoSomethingcycleTime: 100, cycleoffset: 0, cycle: 1000CMNode: Error on DoPrep for Job 'pointcloud/os1_pc2'! rv=DoSomethingcycleTime: 100, cycleoffset: 0, cycle: 1100CMNode: Error on DoPrep for Job 'pointcloud/os1_pc2'! rv=DoSomethingcycleTime: 100, cycleoffset: 0, cycle: 1200CMNode: Error on DoPrep for Job 'pointcloud/os1_pc2'! rv=DoSomethingcycleTime: 100, cycleoffset: 0, cycle: 1300CMNode: Error on DoPrep for Job 'pointcloud/os1_pc2'! rv=DoSomethingcycleTime: 100, cycleoffset: 0, cycle: 1400CMNode: Error on DoPrep for Job 'pointcloud/os1_pc2'! rv=DoSomethingcycleTime: 100, cycleoffset: 0, cycle: 1500CMNode: Error on DoPrep for Job 'pointcloud/os1_pc2'! rv=DoSomethingcycleTime: 100, cycleoffset: 0, cycle: 1600CMNode: Error on DoPrep for Job 'pointcloud/os1_pc2'! rv=DoSomethingcycleTime: 100, cycleoffset: 0, cycle: 1700CMNode: Error on DoPrep for Job 'pointcloud/os1_pc2'! rv=DoSomethingcycleTime: 100, cycleoffset: 0, cycle: 1800CMNode: Error on DoPrep for Job 'pointcloud/os1_pc2'! rv=DoSomethingcycleTime: 100, cycleoffset: 0, cycle: 1900CMNode: Error on DoPrep for Job 'pointcloud/os1_pc2'! rv=DoSomethingcycleTime: 100, cycleoffset: 0, cycle: 2000		CMNode: Error on DoPrep for Job 'pointcloud/os1_pc2'! rv=DoSomethingCMNode (CMSimTime=2.046s): External Node is in cycle 1, Time=1702897977s, Stamp=1702897977s
		cycleTime: 100, cycleoffset: 0, cycle: 2100CMNode: Error on DoPrep for Job 'pointcloud/os1_pc2'! rv=DoSomethingcycleTime: 100, cycleoffset: 0, cycle: 2200CMNode: Error on DoPrep for Job 'pointcloud/os1_pc2'! rv=DoSomethingcycleTime: 100, cycleoffset: 0, cycle: 2300CMNode: Error on DoPrep for Job 'pointcloud/os1_pc2'! rv=DoSomethingcycleTime: 100, cycleoffset: 0, cycle: 2400CMNode: Error on DoPrep for Job 'pointcloud/os1_pc2'! rv=DoSomethingcycleTime: 100, cycleoffset: 0, cycle: 2500CMNode: Error on DoPrep for Job 'pointcloud/os1_pc2'! rv=DoSomethingcycleTime: 100, cycleoffset: 0, cycle: 2600CMNode: Error on DoPrep for Job 'pointcloud/os1_pc2'! rv=DoSomethingcycleTime: 100, cycleoffset: 0, cycle: 2700CMNode: Error on DoPrep for Job 'pointcloud/os1_pc2'! rv=DoSomethingcycleTime: 100, cycleoffset: 0, cycle: 2800CMNode: Error on DoPrep for Job 'pointcloud/os1_pc2'! rv=DoSomethingcycleTime: 100, cycleoffset: 0, cycle: 2900CMNode: Error on DoPrep for Job 'pointcloud/os1_pc2'! rv=DoSomethingcycleTime: 100, cycleoffset: 0, cycle: 3000CMNode: Error on DoPrep for Job 'pointcloud/os1_pc2'! rv=DoSomethingcycleTime: 100, cycleoffset: 0, cycle: 3100CMNode: Error on DoPrep for Job 'pointcloud/os1_pc2'! rv=DoSomethingcycleTime: 100, cycleoffset: 0, cycle: 3200CMNode: Error on DoPrep for Job 'pointcloud/os1_pc2'! rv=DoSomethingcycleTime: 100, cycleoffset: 0, cycle: 3300CMNode: Error on DoPrep for Job 'pointcloud/os1_pc2'! rv=DoSomethingcycleTime: 100, cycleoffset: 0, cycle: 3400CMNode: Error on DoPrep for Job 'pointcloud/os1_pc2'! rv=DoSomethingcycleTime: 100, cycleoffset: 0, cycle: 3500CMNode: Error on DoPrep for Job 'pointcloud/os1_pc2'! rv=DoSomethingcycleTime: 100, cycleoffset: 0, cycle: 3600CMNode: Error on DoPrep for Job 'pointcloud/os1_pc2'! rv=DoSomethingcycleTime: 100, cycleoffset: 0, cycle: 3700CMNode: Error on DoPrep for Job 'pointcloud/os1_pc2'! rv=DoSomethingcycleTime: 100, cycleoffset: 0, cycle: 3800CMNode: Error on DoPrep for Job 'pointcloud/os1_pc2'! rv=DoSomethingcycleTime: 100, cycleoffset: 0, cycle: 3900TIME	5.701
		CMNode: Error on DoPrep for Job 'pointcloud/os1_pc2'! rv=DoSomethingcycleTime: 100, cycleoffset: 0, cycle: 4000CMNode: Error on DoPrep for Job 'pointcloud/os1_pc2'! rv=DoSomethingcycleTime: 100, cycleoffset: 0, cycle: 4100CMNode: Error on DoPrep for Job 'pointcloud/os1_pc2'! rv=DoSomethingcycleTime: 100, cycleoffset: 0, cycle: 4200CMNode: Error on DoPrep for Job 'pointcloud/os1_pc2'! rv=DoSomethingcycleTime: 100, cycleoffset: 0, cycle: 4300CMNode: Error on DoPrep for Job 'pointcloud/os1_pc2'! rv=DoSomethingcycleTime: 100, cycleoffset: 0, cycle: 4400CMNode: Error on DoPrep for Job 'pointcloud/os1_pc2'! rv=DoSomethingcycleTime: 100, cycleoffset: 0, cycle: 4500CMNode: Error on DoPrep for Job 'pointcloud/os1_pc2'! rv=DoSomethingcycleTime: 100, cycleoffset: 0, cycle: 4600CMNode: Error on DoPrep for Job 'pointcloud/os1_pc2'! rv=DoSomethingcycleTime: 100, cycleoffset: 0, cycle: 4700CMNode: Error on DoPrep for Job 'pointcloud/os1_pc2'! rv=DoSomethingcycleTime: 100, cycleoffset: 0, cycle: 4800CMNode: Error on DoPrep for Job 'pointcloud/os1_pc2'! rv=DoSomethingcycleTime: 100, cycleoffset: 0, cycle: 4900CMNode: Error on DoPrep for Job 'pointcloud/os1_pc2'! rv=DoSomethingcycleTime: 100, cycleoffset: 0, cycle: 5000CMNode: Error on DoPrep for Job 'pointcloud/os1_pc2'! rv=DoSomethingcycleTime: 100, cycleoffset: 0, cycle: 5100CMNode: Error on DoPrep for Job 'pointcloud/os1_pc2'! rv=DoSomethingcycleTime: 100, cycleoffset: 0, cycle: 5200CMNode: Error on DoPrep for Job 'pointcloud/os1_pc2'! rv=DoSomethingcycleTime: 100, cycleoffset: 0, cycle: 5300CMNode: Error on DoPrep for Job 'pointcloud/os1_pc2'! rv=DoSomethingcycleTime: 100, cycleoffset: 0, cycle: 5400CMNode: Error on DoPrep for Job 'pointcloud/os1_pc2'! rv=DoSomethingcycleTime: 100, cycleoffset: 0, cycle: 5500CMNode: Error on DoPrep for Job 'pointcloud/os1_pc2'! rv=DoSomethingcycleTime: 100, cycleoffset: 0, cycle: 5600CMNode: Error on DoPrep for Job 'pointcloud/os1_pc2'! rv=DoSomethingcycleTime: 100, cycleoffset: 0, cycle: 5700SIM_END		unknown	5.958s	0.0966891m
TIME	11.571
SIM_START	unknown	2023-12-18 20:13:57
TIME	0.002
		CMNode: Error on DoPrep for Job 'pointcloud/os1_pc2'! rv=DoSomethingcycleTime: 100, cycleoffset: 0, cycle: 5800CMNode: Error on DoPrep for Job 'pointcloud/os1_pc2'! rv=DoSomethingcycleTime: 100, cycleoffset: 0, cycle: 5900CMNode: Error on DoPrep for Job 'pointcloud/os1_pc2'! rv=DoSomethingFName = Data/Vehicle/.tmp_amlab_amlab.0
		errCode = 0
		CarMaker ROS Node is enabled! Mode=1, SyncMode=0
		  -> Node Name = CMNode
		  -> Publish /clock every 100ms
		  -> Send Service Request
		External ROS Node is ready to simulate
TIME	0.000
SIMULATE	unknown

		cycleTime: 100, cycleoffset: 0, cycle: 0CMNode: Error on DoPrep for Job 'pointcloud/os1_pc2'! rv=DoSomethingcycleTime: 100, cycleoffset: 0, cycle: 100CMNode: Error on DoPrep for Job 'pointcloud/os1_pc2'! rv=DoSomethingcycleTime: 100, cycleoffset: 0, cycle: 200CMNode: Error on DoPrep for Job 'pointcloud/os1_pc2'! rv=DoSomethingcycleTime: 100, cycleoffset: 0, cycle: 300CMNode: Error on DoPrep for Job 'pointcloud/os1_pc2'! rv=DoSomethingcycleTime: 100, cycleoffset: 0, cycle: 400CMNode: Error on DoPrep for Job 'pointcloud/os1_pc2'! rv=DoSomethingcycleTime: 100, cycleoffset: 0, cycle: 500CMNode: Error on DoPrep for Job 'pointcloud/os1_pc2'! rv=DoSomethingcycleTime: 100, cycleoffset: 0, cycle: 600CMNode: Error on DoPrep for Job 'pointcloud/os1_pc2'! rv=DoSomethingcycleTime: 100, cycleoffset: 0, cycle: 700CMNode: Error on DoPrep for Job 'pointcloud/os1_pc2'! rv=DoSomethingcycleTime: 100, cycleoffset: 0, cycle: 800CMNode: Error on DoPrep for Job 'pointcloud/os1_pc2'! rv=DoSomethingcycleTime: 100, cycleoffset: 0, cycle: 900CMNode: Error on DoPrep for Job 'pointcloud/os1_pc2'! rv=DoSomethingcycleTime: 100, cycleoffset: 0, cycle: 1000CMNode: Error on DoPrep for Job 'pointcloud/os1_pc2'! rv=DoSomethingcycleTime: 100, cycleoffset: 0, cycle: 1100CMNode: Error on DoPrep for Job 'pointcloud/os1_pc2'! rv=DoSomethingcycleTime: 100, cycleoffset: 0, cycle: 1200CMNode: Error on DoPrep for Job 'pointcloud/os1_pc2'! rv=DoSomethingcycleTime: 100, cycleoffset: 0, cycle: 1300CMNode: Error on DoPrep for Job 'pointcloud/os1_pc2'! rv=DoSomethingcycleTime: 100, cycleoffset: 0, cycle: 1400CMNode: Error on DoPrep for Job 'pointcloud/os1_pc2'! rv=DoSomethingcycleTime: 100, cycleoffset: 0, cycle: 1500CMNode: Error on DoPrep for Job 'pointcloud/os1_pc2'! rv=DoSomethingcycleTime: 100, cycleoffset: 0, cycle: 1600CMNode: Error on DoPrep for Job 'pointcloud/os1_pc2'! rv=DoSomethingcycleTime: 100, cycleoffset: 0, cycle: 1700CMNode: Error on DoPrep for Job 'pointcloud/os1_pc2'! rv=DoSomethingcycleTime: 100, cycleoffset: 0, cycle: 1800TIME	3.601
		CMNode: Error on DoPrep for Job 'pointcloud/os1_pc2'! rv=DoSomethingcycleTime: 100, cycleoffset: 0, cycle: 1900CMNode: Error on DoPrep for Job 'pointcloud/os1_pc2'! rv=DoSomethingcycleTime: 100, cycleoffset: 0, cycle: 2000CMNode: Error on DoPrep for Job 'pointcloud/os1_pc2'! rv=DoSomethingcycleTime: 100, cycleoffset: 0, cycle: 2100CMNode: Error on DoPrep for Job 'pointcloud/os1_pc2'! rv=DoSomethingcycleTime: 100, cycleoffset: 0, cycle: 2200CMNode: Error on DoPrep for Job 'pointcloud/os1_pc2'! rv=DoSomethingcycleTime: 100, cycleoffset: 0, cycle: 2300CMNode: Error on DoPrep for Job 'pointcloud/os1_pc2'! rv=DoSomethingcycleTime: 100, cycleoffset: 0, cycle: 2400CMNode: Error on DoPrep for Job 'pointcloud/os1_pc2'! rv=DoSomethingcycleTime: 100, cycleoffset: 0, cycle: 2500CMNode: Error on DoPrep for Job 'pointcloud/os1_pc2'! rv=DoSomethingcycleTime: 100, cycleoffset: 0, cycle: 2600CMNode: Error on DoPrep for Job 'pointcloud/os1_pc2'! rv=DoSomethingcycleTime: 100, cycleoffset: 0, cycle: 2700CMNode: Error on DoPrep for Job 'pointcloud/os1_pc2'! rv=DoSomethingcycleTime: 100, cycleoffset: 0, cycle: 2800CMNode: Error on DoPrep for Job 'pointcloud/os1_pc2'! rv=DoSomethingcycleTime: 100, cycleoffset: 0, cycle: 2900CMNode: Error on DoPrep for Job 'pointcloud/os1_pc2'! rv=DoSomethingcycleTime: 100, cycleoffset: 0, cycle: 3000CMNode: Error on DoPrep for Job 'pointcloud/os1_pc2'! rv=DoSomethingcycleTime: 100, cycleoffset: 0, cycle: 3100CMNode: Error on DoPrep for Job 'pointcloud/os1_pc2'! rv=DoSomethingcycleTime: 100, cycleoffset: 0, cycle: 3200CMNode: Error on DoPrep for Job 'pointcloud/os1_pc2'! rv=DoSomethingcycleTime: 100, cycleoffset: 0, cycle: 3300CMNode: Error on DoPrep for Job 'pointcloud/os1_pc2'! rv=DoSomethingcycleTime: 100, cycleoffset: 0, cycle: 3400CMNode: Error on DoPrep for Job 'pointcloud/os1_pc2'! rv=DoSomethingcycleTime: 100, cycleoffset: 0, cycle: 3500CMNode: Error on DoPrep for Job 'pointcloud/os1_pc2'! rv=DoSomethingcycleTime: 100, cycleoffset: 0, cycle: 3600		CMNode: Error on DoPrep for Job 'pointcloud/os1_pc2'! rv=DoSomethingcycleTime: 100, cycleoffset: 0, cycle: 3700CMNode: Error on DoPrep for Job 'pointcloud/os1_pc2'! rv=DoSomethingcycleTime: 100, cycleoffset: 0, cycle: 3800CMNode: Error on DoPrep for Job 'pointcloud/os1_pc2'! rv=DoSomethingcycleTime: 100, cycleoffset: 0, cycle: 3900CMNode: Error on DoPrep for Job 'pointcloud/os1_pc2'! rv=DoSomethingcycleTime: 100, cycleoffset: 0, cycle: 4000CMNode: Error on DoPrep for Job 'pointcloud/os1_pc2'! rv=DoSomethingcycleTime: 100, cycleoffset: 0, cycle: 4100CMNode: Error on DoPrep for Job 'pointcloud/os1_pc2'! rv=DoSomethingcycleTime: 100, cycleoffset: 0, cycle: 4200CMNode: Error on DoPrep for Job 'pointcloud/os1_pc2'! rv=DoSomethingcycleTime: 100, cycleoffset: 0, cycle: 4300CMNode: Error on DoPrep for Job 'pointcloud/os1_pc2'! rv=DoSomethingcycleTime: 100, cycleoffset: 0, cycle: 4400CMNode: Error on DoPrep for Job 'pointcloud/os1_pc2'! rv=DoSomethingcycleTime: 100, cycleoffset: 0, cycle: 4500CMNode: Error on DoPrep for Job 'pointcloud/os1_pc2'! rv=DoSomethingcycleTime: 100, cycleoffset: 0, cycle: 4600CMNode: Error on DoPrep for Job 'pointcloud/os1_pc2'! rv=DoSomethingcycleTime: 100, cycleoffset: 0, cycle: 4700CMNode: Error on DoPrep for Job 'pointcloud/os1_pc2'! rv=DoSomethingcycleTime: 100, cycleoffset: 0, cycle: 4800CMNode: Error on DoPrep for Job 'pointcloud/os1_pc2'! rv=DoSomethingcycleTime: 100, cycleoffset: 0, cycle: 4900CMNode: Error on DoPrep for Job 'pointcloud/os1_pc2'! rv=DoSomethingcycleTime: 100, cycleoffset: 0, cycle: 5000CMNode: Error on DoPrep for Job 'pointcloud/os1_pc2'! rv=DoSomethingcycleTime: 100, cycleoffset: 0, cycle: 5100CMNode: Error on DoPrep for Job 'pointcloud/os1_pc2'! rv=DoSomethingcycleTime: 100, cycleoffset: 0, cycle: 5200CMNode: Error on DoPrep for Job 'pointcloud/os1_pc2'! rv=DoSomethingcycleTime: 100, cycleoffset: 0, cycle: 5300CMNode: Error on DoPrep for Job 'pointcloud/os1_pc2'! rv=DoSomethingcycleTime: 100, cycleoffset: 0, cycle: 5400TIME	6.668
		CMNode: Error on DoPrep for Job 'pointcloud/os1_pc2'! rv=DoSomethingcycleTime: 100, cycleoffset: 0, cycle: 5500CMNode: Error on DoPrep for Job 'pointcloud/os1_pc2'! rv=DoSomethingcycleTime: 100, cycleoffset: 0, cycle: 5600CMNode: Error on DoPrep for Job 'pointcloud/os1_pc2'! rv=DoSomethingcycleTime: 100, cycleoffset: 0, cycle: 5700CMNode: Error on DoPrep for Job 'pointcloud/os1_pc2'! rv=DoSomethingcycleTime: 100, cycleoffset: 0, cycle: 5800CMNode: Error on DoPrep for Job 'pointcloud/os1_pc2'! rv=DoSomethingcycleTime: 100, cycleoffset: 0, cycle: 5900CMNode: Error on DoPrep for Job 'pointcloud/os1_pc2'! rv=DoSomethingcycleTime: 100, cycleoffset: 0, cycle: 6000CMNode: Error on DoPrep for Job 'pointcloud/os1_pc2'! rv=DoSomethingcycleTime: 100, cycleoffset: 0, cycle: 6100CMNode: Error on DoPrep for Job 'pointcloud/os1_pc2'! rv=DoSomethingcycleTime: 100, cycleoffset: 0, cycle: 6200CMNode: Error on DoPrep for Job 'pointcloud/os1_pc2'! rv=DoSomethingcycleTime: 100, cycleoffset: 0, cycle: 6300CMNode: Error on DoPrep for Job 'pointcloud/os1_pc2'! rv=DoSomethingcycleTime: 100, cycleoffset: 0, cycle: 6400CMNode: Error on DoPrep for Job 'pointcloud/os1_pc2'! rv=DoSomethingcycleTime: 100, cycleoffset: 0, cycle: 6500CMNode: Error on DoPrep for Job 'pointcloud/os1_pc2'! rv=DoSomethingcycleTime: 100, cycleoffset: 0, cycle: 6600CMNode: Error on DoPrep for Job 'pointcloud/os1_pc2'! rv=DoSomethingCMNode (CMSimTime=6.667s): External Node is in cycle 1, Time=1702898045s, Stamp=1702898045s
		cycleTime: 100, cycleoffset: 0, cycle: 6700CMNode: Error on DoPrep for Job 'pointcloud/os1_pc2'! rv=DoSomethingcycleTime: 100, cycleoffset: 0, cycle: 6800CMNode: Error on DoPrep for Job 'pointcloud/os1_pc2'! rv=DoSomethingcycleTime: 100, cycleoffset: 0, cycle: 6900CMNode: Error on DoPrep for Job 'pointcloud/os1_pc2'! rv=DoSomethingcycleTime: 100, cycleoffset: 0, cycle: 7000CMNode: Error on DoPrep for Job 'pointcloud/os1_pc2'! rv=DoSomethingcycleTime: 100, cycleoffset: 0, cycle: 7100CMNode: Error on DoPrep for Job 'pointcloud/os1_pc2'! rv=DoSomethingcycleTime: 100, cycleoffset: 0, cycle: 7200CMNode: Error on DoPrep for Job 'pointcloud/os1_pc2'! rv=DoSomethingcycleTime: 100, cycleoffset: 0, cycle: 7300CMNode: Error on DoPrep for Job 'pointcloud/os1_pc2'! rv=DoSomethingcycleTime: 100, cycleoffset: 0, cycle: 7400CMNode: Error on DoPrep for Job 'pointcloud/os1_pc2'! rv=DoSomethingcycleTime: 100, cycleoffset: 0, cycle: 7500CMNode: Error on DoPrep for Job 'pointcloud/os1_pc2'! rv=DoSomethingcycleTime: 100, cycleoffset: 0, cycle: 7600CMNode: Error on DoPrep for Job 'pointcloud/os1_pc2'! rv=DoSomethingcycleTime: 100, cycleoffset: 0, cycle: 7700CMNode: Error on DoPrep for Job 'pointcloud/os1_pc2'! rv=DoSomethingcycleTime: 100, cycleoffset: 0, cycle: 7800CMNode: Error on DoPrep for Job 'pointcloud/os1_pc2'! rv=DoSomethingcycleTime: 100, cycleoffset: 0, cycle: 7900CMNode: Error on DoPrep for Job 'pointcloud/os1_pc2'! rv=DoSomethingcycleTime: 100, cycleoffset: 0, cycle: 8000CMNode: Error on DoPrep for Job 'pointcloud/os1_pc2'! rv=DoSomethingcycleTime: 100, cycleoffset: 0, cycle: 8100CMNode: Error on DoPrep for Job 'pointcloud/os1_pc2'! rv=DoSomethingcycleTime: 100, cycleoffset: 0, cycle: 8200CMNode: Error on DoPrep for Job 'pointcloud/os1_pc2'! rv=DoSomethingcycleTime: 100, cycleoffset: 0, cycle: 8300CMNode: Error on DoPrep for Job 'pointcloud/os1_pc2'! rv=DoSomethingcycleTime: 100, cycleoffset: 0, cycle: 8400CMNode: Error on DoPrep for Job 'pointcloud/os1_pc2'! rv=DoSomethingcycleTime: 100, cycleoffset: 0, cycle: 8500		CMNode: Error on DoPrep for Job 'pointcloud/os1_pc2'! rv=DoSomethingCMNode (CMSimTime=8.590s): External Node is in cycle 1, Time=1702898047s, Stamp=1702898047s
TIME	10.401
		cycleTime: 100, cycleoffset: 0, cycle: 8600CMNode: Error on DoPrep for Job 'pointcloud/os1_pc2'! rv=DoSomethingcycleTime: 100, cycleoffset: 0, cycle: 8700CMNode: Error on DoPrep for Job 'pointcloud/os1_pc2'! rv=DoSomethingcycleTime: 100, cycleoffset: 0, cycle: 8800CMNode: Error on DoPrep for Job 'pointcloud/os1_pc2'! rv=DoSomethingcycleTime: 100, cycleoffset: 0, cycle: 8900CMNode: Error on DoPrep for Job 'pointcloud/os1_pc2'! rv=DoSomethingcycleTime: 100, cycleoffset: 0, cycle: 9000CMNode: Error on DoPrep for Job 'pointcloud/os1_pc2'! rv=DoSomethingcycleTime: 100, cycleoffset: 0, cycle: 9100CMNode: Error on DoPrep for Job 'pointcloud/os1_pc2'! rv=DoSomethingcycleTime: 100, cycleoffset: 0, cycle: 9200CMNode: Error on DoPrep for Job 'pointcloud/os1_pc2'! rv=DoSomethingcycleTime: 100, cycleoffset: 0, cycle: 9300CMNode: Error on DoPrep for Job 'pointcloud/os1_pc2'! rv=DoSomethingcycleTime: 100, cycleoffset: 0, cycle: 9400CMNode: Error on DoPrep for Job 'pointcloud/os1_pc2'! rv=DoSomethingcycleTime: 100, cycleoffset: 0, cycle: 9500CMNode: Error on DoPrep for Job 'pointcloud/os1_pc2'! rv=DoSomethingcycleTime: 100, cycleoffset: 0, cycle: 9600CMNode: Error on DoPrep for Job 'pointcloud/os1_pc2'! rv=DoSomethingcycleTime: 100, cycleoffset: 0, cycle: 9700CMNode: Error on DoPrep for Job 'pointcloud/os1_pc2'! rv=DoSomethingcycleTime: 100, cycleoffset: 0, cycle: 9800CMNode: Error on DoPrep for Job 'pointcloud/os1_pc2'! rv=DoSomethingcycleTime: 100, cycleoffset: 0, cycle: 9900CMNode: Error on DoPrep for Job 'pointcloud/os1_pc2'! rv=DoSomethingcycleTime: 100, cycleoffset: 0, cycle: 10000CMNode: Error on DoPrep for Job 'pointcloud/os1_pc2'! rv=DoSomethingcycleTime: 100, cycleoffset: 0, cycle: 10100CMNode: Error on DoPrep for Job 'pointcloud/os1_pc2'! rv=DoSomethingcycleTime: 100, cycleoffset: 0, cycle: 10200CMNode: Error on DoPrep for Job 'pointcloud/os1_pc2'! rv=DoSomethingcycleTime: 100, cycleoffset: 0, cycle: 10300CMNode: Error on DoPrep for Job 'pointcloud/os1_pc2'! rv=DoSomething		cycleTime: 100, cycleoffset: 0, cycle: 10400CMNode: Error on DoPrep for Job 'pointcloud/os1_pc2'! rv=DoSomethingcycleTime: 100, cycleoffset: 0, cycle: 10500CMNode: Error on DoPrep for Job 'pointcloud/os1_pc2'! rv=DoSomethingcycleTime: 100, cycleoffset: 0, cycle: 10600CMNode: Error on DoPrep for Job 'pointcloud/os1_pc2'! rv=DoSomethingcycleTime: 100, cycleoffset: 0, cycle: 10700CMNode: Error on DoPrep for Job 'pointcloud/os1_pc2'! rv=DoSomethingcycleTime: 100, cycleoffset: 0, cycle: 10800CMNode: Error on DoPrep for Job 'pointcloud/os1_pc2'! rv=DoSomethingcycleTime: 100, cycleoffset: 0, cycle: 10900CMNode: Error on DoPrep for Job 'pointcloud/os1_pc2'! rv=DoSomethingcycleTime: 100, cycleoffset: 0, cycle: 11000CMNode: Error on DoPrep for Job 'pointcloud/os1_pc2'! rv=DoSomethingcycleTime: 100, cycleoffset: 0, cycle: 11100CMNode: Error on DoPrep for Job 'pointcloud/os1_pc2'! rv=DoSomethingcycleTime: 100, cycleoffset: 0, cycle: 11200CMNode: Error on DoPrep for Job 'pointcloud/os1_pc2'! rv=DoSomethingcycleTime: 100, cycleoffset: 0, cycle: 11300CMNode: Error on DoPrep for Job 'pointcloud/os1_pc2'! rv=DoSomethingcycleTime: 100, cycleoffset: 0, cycle: 11400CMNode: Error on DoPrep for Job 'pointcloud/os1_pc2'! rv=DoSomethingcycleTime: 100, cycleoffset: 0, cycle: 11500CMNode: Error on DoPrep for Job 'pointcloud/os1_pc2'! rv=DoSomethingcycleTime: 100, cycleoffset: 0, cycle: 11600CMNode: Error on DoPrep for Job 'pointcloud/os1_pc2'! rv=DoSomethingcycleTime: 100, cycleoffset: 0, cycle: 11700CMNode: Error on DoPrep for Job 'pointcloud/os1_pc2'! rv=DoSomethingcycleTime: 100, cycleoffset: 0, cycle: 11800CMNode: Error on DoPrep for Job 'pointcloud/os1_pc2'! rv=DoSomethingcycleTime: 100, cycleoffset: 0, cycle: 11900CMNode: Error on DoPrep for Job 'pointcloud/os1_pc2'! rv=DoSomethingcycleTime: 100, cycleoffset: 0, cycle: 12000CMNode: Error on DoPrep for Job 'pointcloud/os1_pc2'! rv=DoSomethingcycleTime: 100, cycleoffset: 0, cycle: 12100CMNode: Error on DoPrep for Job 'pointcloud/os1_pc2'! rv=DoSomethingTIME	14.001
		cycleTime: 100, cycleoffset: 0, cycle: 12200CMNode: Error on DoPrep for Job 'pointcloud/os1_pc2'! rv=DoSomethingcycleTime: 100, cycleoffset: 0, cycle: 12300CMNode: Error on DoPrep for Job 'pointcloud/os1_pc2'! rv=DoSomethingcycleTime: 100, cycleoffset: 0, cycle: 12400CMNode: Error on DoPrep for Job 'pointcloud/os1_pc2'! rv=DoSomethingcycleTime: 100, cycleoffset: 0, cycle: 12500CMNode: Error on DoPrep for Job 'pointcloud/os1_pc2'! rv=DoSomethingcycleTime: 100, cycleoffset: 0, cycle: 12600CMNode: Error on DoPrep for Job 'pointcloud/os1_pc2'! rv=DoSomethingcycleTime: 100, cycleoffset: 0, cycle: 12700CMNode: Error on DoPrep for Job 'pointcloud/os1_pc2'! rv=DoSomethingcycleTime: 100, cycleoffset: 0, cycle: 12800CMNode: Error on DoPrep for Job 'pointcloud/os1_pc2'! rv=DoSomethingcycleTime: 100, cycleoffset: 0, cycle: 12900CMNode: Error on DoPrep for Job 'pointcloud/os1_pc2'! rv=DoSomethingcycleTime: 100, cycleoffset: 0, cycle: 13000CMNode: Error on DoPrep for Job 'pointcloud/os1_pc2'! rv=DoSomethingcycleTime: 100, cycleoffset: 0, cycle: 13100CMNode: Error on DoPrep for Job 'pointcloud/os1_pc2'! rv=DoSomethingcycleTime: 100, cycleoffset: 0, cycle: 13200CMNode: Error on DoPrep for Job 'pointcloud/os1_pc2'! rv=DoSomethingcycleTime: 100, cycleoffset: 0, cycle: 13300CMNode: Error on DoPrep for Job 'pointcloud/os1_pc2'! rv=DoSomethingcycleTime: 100, cycleoffset: 0, cycle: 13400CMNode: Error on DoPrep for Job 'pointcloud/os1_pc2'! rv=DoSomethingcycleTime: 100, cycleoffset: 0, cycle: 13500CMNode: Error on DoPrep for Job 'pointcloud/os1_pc2'! rv=DoSomethingcycleTime: 100, cycleoffset: 0, cycle: 13600CMNode: Error on DoPrep for Job 'pointcloud/os1_pc2'! rv=DoSomethingcycleTime: 100, cycleoffset: 0, cycle: 13700CMNode: Error on DoPrep for Job 'pointcloud/os1_pc2'! rv=DoSomethingcycleTime: 100, cycleoffset: 0, cycle: 13800CMNode: Error on DoPrep for Job 'pointcloud/os1_pc2'! rv=DoSomethingcycleTime: 100, cycleoffset: 0, cycle: 13900CMNode: Error on DoPrep for Job 'pointcloud/os1_pc2'! rv=DoSomething		cycleTime: 100, cycleoffset: 0, cycle: 14000CMNode: Error on DoPrep for Job 'pointcloud/os1_pc2'! rv=DoSomethingcycleTime: 100, cycleoffset: 0, cycle: 14100CMNode: Error on DoPrep for Job 'pointcloud/os1_pc2'! rv=DoSomethingcycleTime: 100, cycleoffset: 0, cycle: 14200CMNode: Error on DoPrep for Job 'pointcloud/os1_pc2'! rv=DoSomethingcycleTime: 100, cycleoffset: 0, cycle: 14300CMNode: Error on DoPrep for Job 'pointcloud/os1_pc2'! rv=DoSomethingcycleTime: 100, cycleoffset: 0, cycle: 14400CMNode: Error on DoPrep for Job 'pointcloud/os1_pc2'! rv=DoSomethingcycleTime: 100, cycleoffset: 0, cycle: 14500CMNode: Error on DoPrep for Job 'pointcloud/os1_pc2'! rv=DoSomethingcycleTime: 100, cycleoffset: 0, cycle: 14600CMNode: Error on DoPrep for Job 'pointcloud/os1_pc2'! rv=DoSomethingcycleTime: 100, cycleoffset: 0, cycle: 14700CMNode: Error on DoPrep for Job 'pointcloud/os1_pc2'! rv=DoSomethingcycleTime: 100, cycleoffset: 0, cycle: 14800CMNode: Error on DoPrep for Job 'pointcloud/os1_pc2'! rv=DoSomethingcycleTime: 100, cycleoffset: 0, cycle: 14900CMNode: Error on DoPrep for Job 'pointcloud/os1_pc2'! rv=DoSomethingcycleTime: 100, cycleoffset: 0, cycle: 15000CMNode: Error on DoPrep for Job 'pointcloud/os1_pc2'! rv=DoSomethingcycleTime: 100, cycleoffset: 0, cycle: 15100CMNode: Error on DoPrep for Job 'pointcloud/os1_pc2'! rv=DoSomethingcycleTime: 100, cycleoffset: 0, cycle: 15200CMNode: Error on DoPrep for Job 'pointcloud/os1_pc2'! rv=DoSomethingcycleTime: 100, cycleoffset: 0, cycle: 15300CMNode: Error on DoPrep for Job 'pointcloud/os1_pc2'! rv=DoSomethingcycleTime: 100, cycleoffset: 0, cycle: 15400CMNode: Error on DoPrep for Job 'pointcloud/os1_pc2'! rv=DoSomethingcycleTime: 100, cycleoffset: 0, cycle: 15500CMNode: Error on DoPrep for Job 'pointcloud/os1_pc2'! rv=DoSomethingcycleTime: 100, cycleoffset: 0, cycle: 15600CMNode: Error on DoPrep for Job 'pointcloud/os1_pc2'! rv=DoSomethingcycleTime: 100, cycleoffset: 0, cycle: 15700CMNode: Error on DoPrep for Job 'pointcloud/os1_pc2'! rv=DoSomethingTIME	16.672
		cycleTime: 100, cycleoffset: 0, cycle: 15800CMNode: Error on DoPrep for Job 'pointcloud/os1_pc2'! rv=DoSomethingcycleTime: 100, cycleoffset: 0, cycle: 15900CMNode: Error on DoPrep for Job 'pointcloud/os1_pc2'! rv=DoSomethingcycleTime: 100, cycleoffset: 0, cycle: 16000CMNode: Error on DoPrep for Job 'pointcloud/os1_pc2'! rv=DoSomethingcycleTime: 100, cycleoffset: 0, cycle: 16100CMNode: Error on DoPrep for Job 'pointcloud/os1_pc2'! rv=DoSomethingcycleTime: 100, cycleoffset: 0, cycle: 16200CMNode: Error on DoPrep for Job 'pointcloud/os1_pc2'! rv=DoSomethingcycleTime: 100, cycleoffset: 0, cycle: 16300CMNode: Error on DoPrep for Job 'pointcloud/os1_pc2'! rv=DoSomethingcycleTime: 100, cycleoffset: 0, cycle: 16400CMNode: Error on DoPrep for Job 'pointcloud/os1_pc2'! rv=DoSomethingcycleTime: 100, cycleoffset: 0, cycle: 16500CMNode: Error on DoPrep for Job 'pointcloud/os1_pc2'! rv=DoSomethingcycleTime: 100, cycleoffset: 0, cycle: 16600CMNode: Error on DoPrep for Job 'pointcloud/os1_pc2'! rv=DoSomethingCMNode (CMSimTime=16.671s): External Node is in cycle 2, Time=1702898055s, Stamp=1702898055s
SIM_END		unknown	17.624s	0.27808m
SIM_START	unknown	2023-12-18 20:14:16
TIME	0.002
		cycleTime: 100, cycleoffset: 0, cycle: 16700CMNode: Error on DoPrep for Job 'pointcloud/os1_pc2'! rv=DoSomethingcycleTime: 100, cycleoffset: 0, cycle: 16800CMNode: Error on DoPrep for Job 'pointcloud/os1_pc2'! rv=DoSomethingcycleTime: 100, cycleoffset: 0, cycle: 16900CMNode: Error on DoPrep for Job 'pointcloud/os1_pc2'! rv=DoSomethingcycleTime: 100, cycleoffset: 0, cycle: 17000CMNode: Error on DoPrep for Job 'pointcloud/os1_pc2'! rv=DoSomethingcycleTime: 100, cycleoffset: 0, cycle: 17100CMNode: Error on DoPrep for Job 'pointcloud/os1_pc2'! rv=DoSomethingcycleTime: 100, cycleoffset: 0, cycle: 17200CMNode: Error on DoPrep for Job 'pointcloud/os1_pc2'! rv=DoSomethingcycleTime: 100, cycleoffset: 0, cycle: 17300CMNode: Error on DoPrep for Job 'pointcloud/os1_pc2'! rv=DoSomethingcycleTime: 100, cycleoffset: 0, cycle: 17400CMNode: Error on DoPrep for Job 'pointcloud/os1_pc2'! rv=DoSomethingcycleTime: 100, cycleoffset: 0, cycle: 17500CMNode: Error on DoPrep for Job 'pointcloud/os1_pc2'! rv=DoSomethingcycleTime: 100, cycleoffset: 0, cycle: 17600CMNode: Error on DoPrep for Job 'pointcloud/os1_pc2'! rv=DoSomethingFName = Data/Vehicle/.tmp_amlab_amlab.1
		errCode = 0
		CarMaker ROS Node is enabled! Mode=1, SyncMode=0
		  -> Node Name = CMNode
		  -> Publish /clock every 100ms
		  -> Send Service Request
		External ROS Node is ready to simulate
WARNING		IPGDriver: LatInc too big (t=0.000, s=18.000m, LatInc=88.596deg, ay_LatInc=-22.469m/ss) (1) (id=200)
WARNING		IPGDriver: LatInc too big (t=0.000, s=49.000m, LatInc=-65.891deg, ay_LatInc=-9.377m/ss) (1) (id=200)
WARNING		IPGDriver: LatInc too big (t=0.000, s=50.000m, LatInc=-77.225deg, ay_LatInc=-14.032m/ss) (1) (id=200)
ERROR		IPGDriver: LatInc too big (t=0.000, s=51.000m, LatInc=-81.389deg, ay_LatInc=-16.460m/ss) (1) (id=200)
ERROR		Too many warnings
ERROR		IPGDriver: LatInc too big (t=0.000, s=52.000m, LatInc=-83.525deg, ay_LatInc=-17.949m/ss) (1) (id=200)
ERROR		IPGDriver: LatInc too big (t=0.000, s=53.000m, LatInc=-84.819deg, ay_LatInc=-18.954m/ss) (1) (id=200)
ERROR		IPGDriver: LatInc too big (t=0.000, s=54.000m, LatInc=-85.684deg, ay_LatInc=-19.677m/ss) (1) (id=200)
ERROR		IPGDriver: LatInc too big (t=0.000, s=55.000m, LatInc=-86.303deg, ay_LatInc=-20.221m/ss) (1) (id=200)
ERROR		IPGDriver: LatInc too big (t=0.000, s=56.000m, LatInc=-86.767deg, ay_LatInc=-20.645m/ss) (1) (id=200)
ERROR		IPGDriver: LatInc too big (t=0.000, s=57.000m, LatInc=-87.126deg, ay_LatInc=-20.983m/ss) (1) (id=200)
ERROR		IPGDriver: LatInc too big (t=0.000, s=58.000m, LatInc=-87.413deg, ay_LatInc=-21.260m/ss) (1) (id=200)
ERROR		IPGDriver: LatInc too big (t=0.000, s=59.000m, LatInc=-87.647deg, ay_LatInc=-21.490m/ss) (1) (id=200)
ERROR		IPGDriver: LatInc too big (t=0.000, s=60.000m, LatInc=-87.840deg, ay_LatInc=-21.684m/ss) (1) (id=200)
ERROR		IPGDriver: LatInc too big (t=0.000, s=61.000m, LatInc=-88.003deg, ay_LatInc=-21.849m/ss) (1) (id=200)
ERROR		IPGDriver: LatInc too big (t=0.000, s=62.000m, LatInc=-88.142deg, ay_LatInc=-21.991m/ss) (1) (id=200)
ERROR		IPGDriver: LatInc too big (t=0.000, s=63.000m, LatInc=-88.261deg, ay_LatInc=-22.115m/ss) (1) (id=200)
ERROR		IPGDriver: LatInc too big (t=0.000, s=64.000m, LatInc=-88.364deg, ay_LatInc=-22.223m/ss) (1) (id=200)
ERROR		IPGDriver: LatInc too big (t=0.000, s=65.000m, LatInc=-88.455deg, ay_LatInc=-22.318m/ss) (1) (id=200)
ERROR		IPGDriver: LatInc too big (t=0.000, s=66.000m, LatInc=-88.534deg, ay_LatInc=-22.402m/ss) (1) (id=200)
ERROR		IPGDriver: LatInc too big (t=0.000, s=67.000m, LatInc=-88.605deg, ay_LatInc=-22.477m/ss) (1) (id=200)
ERROR		IPGDriver: LatInc too big (t=0.000, s=68.000m, LatInc=-88.667deg, ay_LatInc=-22.544m/ss) (1) (id=200)
ERROR		IPGDriver: LatInc too big (t=0.000, s=69.000m, LatInc=-88.723deg, ay_LatInc=-22.605m/ss) (1) (id=200)
ERROR		IPGDriver: LatInc too big (t=0.000, s=70.000m, LatInc=-88.773deg, ay_LatInc=-22.659m/ss) (1) (id=200)
ERROR		IPGDriver: LatInc too big (t=0.000, s=71.000m, LatInc=-88.818deg, ay_LatInc=-22.707m/ss) (1) (id=200)
ERROR		IPGDriver: LatInc too big (t=0.000, s=72.000m, LatInc=-88.858deg, ay_LatInc=-22.751m/ss) (1) (id=200)
ERROR		IPGDriver: LatInc too big (t=0.000, s=73.000m, LatInc=-88.894deg, ay_LatInc=-22.791m/ss) (1) (id=200)
ERROR		IPGDriver: LatInc too big (t=0.000, s=74.000m, LatInc=-88.927deg, ay_LatInc=-22.827m/ss) (1) (id=200)
ERROR		IPGDriver: LatInc too big (t=0.000, s=75.000m, LatInc=-88.956deg, ay_LatInc=-22.859m/ss) (1) (id=200)
ERROR		IPGDriver: LatInc too big (t=0.000, s=76.000m, LatInc=-88.983deg, ay_LatInc=-22.888m/ss) (1) (id=200)
ERROR		IPGDriver: LatInc too big (t=0.000, s=77.000m, LatInc=-89.007deg, ay_LatInc=-22.915m/ss) (1) (id=200)
ERROR		IPGDriver: LatInc too big (t=0.000, s=78.000m, LatInc=-89.028deg, ay_LatInc=-22.939m/ss) (1) (id=200)
ERROR		IPGDriver: LatInc too big (t=0.000, s=79.000m, LatInc=-89.048deg, ay_LatInc=-22.960m/ss) (1) (id=200)
ERROR		IPGDriver: LatInc too big (t=0.000, s=80.000m, LatInc=-89.065deg, ay_LatInc=-22.979m/ss) (1) (id=200)
ERROR		IPGDriver: LatInc too big (t=0.000, s=81.000m, LatInc=-89.080deg, ay_LatInc=-22.996m/ss) (1) (id=200)
ERROR		IPGDriver: LatInc too big (t=0.000, s=82.000m, LatInc=-89.093deg, ay_LatInc=-23.011m/ss) (1) (id=200)
ERROR		IPGDriver: LatInc too big (t=0.000, s=83.000m, LatInc=-89.105deg, ay_LatInc=-23.023m/ss) (1) (id=200)
ERROR		IPGDriver: LatInc too big (t=0.000, s=84.000m, LatInc=-89.115deg, ay_LatInc=-23.034m/ss) (1) (id=200)
ERROR		IPGDriver: LatInc too big (t=0.000, s=85.000m, LatInc=-89.123deg, ay_LatInc=-23.043m/ss) (1) (id=200)
ERROR		IPGDriver: LatInc too big (t=0.000, s=86.000m, LatInc=-89.129deg, ay_LatInc=-23.051m/ss) (1) (id=200)
ERROR		IPGDriver: LatInc too big (t=0.000, s=87.000m, LatInc=-89.134deg, ay_LatInc=-23.056m/ss) (1) (id=200)
ERROR		IPGDriver: LatInc too big (t=0.000, s=88.000m, LatInc=-89.138deg, ay_LatInc=-23.060m/ss) (1) (id=200)
ERROR		IPGDriver: LatInc too big (t=0.000, s=89.000m, LatInc=-89.139deg, ay_LatInc=-23.062m/ss) (1) (id=200)
ERROR		IPGDriver: LatInc too big (t=0.000, s=90.000m, LatInc=-89.139deg, ay_LatInc=-23.062m/ss) (1) (id=200)
ERROR		IPGDriver: LatInc too big (t=0.000, s=91.000m, LatInc=-89.138deg, ay_LatInc=-23.060m/ss) (1) (id=200)
ERROR		IPGDriver: LatInc too big (t=0.000, s=92.000m, LatInc=-89.135deg, ay_LatInc=-23.057m/ss) (1) (id=200)
ERROR		IPGDriver: LatInc too big (t=0.000, s=93.000m, LatInc=-89.129deg, ay_LatInc=-23.051m/ss) (1) (id=200)
ERROR		IPGDriver: LatInc too big (t=0.000, s=94.000m, LatInc=-89.122deg, ay_LatInc=-23.043m/ss) (1) (id=200)
ERROR		IPGDriver: LatInc too big (t=0.000, s=95.000m, LatInc=-89.113deg, ay_LatInc=-23.033m/ss) (1) (id=200)
ERROR		IPGDriver: LatInc too big (t=0.000, s=96.000m, LatInc=-89.102deg, ay_LatInc=-23.020m/ss) (1) (id=200)
ERROR		IPGDriver: LatInc too big (t=0.000, s=97.000m, LatInc=-89.088deg, ay_LatInc=-23.005m/ss) (1) (id=200)
ERROR		IPGDriver: LatInc too big (t=0.000, s=98.000m, LatInc=-89.071deg, ay_LatInc=-22.986m/ss) (1) (id=200)
ERROR		IPGDriver: LatInc too big (t=0.000, s=99.000m, LatInc=-89.052deg, ay_LatInc=-22.964m/ss) (1) (id=200)
ERROR		IPGDriver: LatInc too big (t=0.000, s=100.000m, LatInc=-89.028deg, ay_LatInc=-22.939m/ss) (1) (id=200)
ERROR		IPGDriver: LatInc too big (t=0.000, s=101.000m, LatInc=-89.001deg, ay_LatInc=-22.908m/ss) (1) (id=200)
ERROR		IPGDriver: LatInc too big (t=0.000, s=102.000m, LatInc=-88.969deg, ay_LatInc=-22.873m/ss) (1) (id=200)
ERROR		IPGDriver: LatInc too big (t=0.000, s=103.000m, LatInc=-88.932deg, ay_LatInc=-22.832m/ss) (1) (id=200)
ERROR		IPGDriver: LatInc too big (t=0.000, s=104.000m, LatInc=-88.887deg, ay_LatInc=-22.783m/ss) (1) (id=200)
ERROR		IPGDriver: LatInc too big (t=0.000, s=105.000m, LatInc=-88.835deg, ay_LatInc=-22.726m/ss) (1) (id=200)
ERROR		IPGDriver: LatInc too big (t=0.000, s=106.000m, LatInc=-88.773deg, ay_LatInc=-22.658m/ss) (1) (id=200)
ERROR		IPGDriver: LatInc too big (t=0.000, s=107.000m, LatInc=-88.698deg, ay_LatInc=-22.577m/ss) (1) (id=200)
ERROR		IPGDriver: LatInc too big (t=0.000, s=108.000m, LatInc=-88.607deg, ay_LatInc=-22.480m/ss) (1) (id=200)
ERROR		IPGDriver: LatInc too big (t=0.000, s=109.000m, LatInc=-88.494deg, ay_LatInc=-22.360m/ss) (1) (id=200)
ERROR		IPGDriver: LatInc too big (t=0.000, s=110.000m, LatInc=-88.353deg, ay_LatInc=-22.210m/ss) (1) (id=200)
ERROR		IPGDriver: LatInc too big (t=0.000, s=111.000m, LatInc=-88.170deg, ay_LatInc=-22.020m/ss) (1) (id=200)
ERROR		IPGDriver: LatInc too big (t=0.000, s=112.000m, LatInc=-87.927deg, ay_LatInc=-21.771m/ss) (1) (id=200)
ERROR		IPGDriver: LatInc too big (t=0.000, s=113.000m, LatInc=-87.588deg, ay_LatInc=-21.432m/ss) (1) (id=200)
ERROR		IPGDriver: LatInc too big (t=0.000, s=114.000m, LatInc=-87.085deg, ay_LatInc=-20.944m/ss) (1) (id=200)
ERROR		IPGDriver: LatInc too big (t=0.000, s=115.000m, LatInc=-86.265deg, ay_LatInc=-20.187m/ss) (1) (id=200)
ERROR		IPGDriver: LatInc too big (t=0.000, s=116.000m, LatInc=-84.700deg, ay_LatInc=-18.858m/ss) (1) (id=200)
ERROR		IPGDriver: LatInc too big (t=0.000, s=117.000m, LatInc=-80.565deg, ay_LatInc=-15.935m/ss) (1) (id=200)
ERROR		IPGDriver: LatInc too big (t=0.000, s=118.000m, LatInc=-45.875deg, ay_LatInc=-4.305m/ss) (1) (id=200)
SIM_ABORT	unknown	0s	0.27808m
TIME	2.104
SIM_START	unknown	2023-12-18 20:14:37
TIME	0.002
		FName = Data/Vehicle/.tmp_amlab_amlab.0
		errCode = 0
		CarMaker ROS Node is enabled! Mode=1, SyncMode=0
		  -> Node Name = CMNode
		  -> Publish /clock every 100ms
		  -> Send Service Request
		External ROS Node is ready to simulate
TIME	0.000
SIMULATE	unknown

SIM_END		unknown	1.012s	0.0149863m
TIME	230.850
SIM_START	unknown	2023-12-18 20:52:58
TIME	0.002
		cycleTime: 100, cycleoffset: 0, cycle: 0CMNode: Error on DoPrep for Job 'pointcloud/os1_pc2'! rv=DoSomethingcycleTime: 100, cycleoffset: 0, cycle: 100CMNode: Error on DoPrep for Job 'pointcloud/os1_pc2'! rv=DoSomethingcycleTime: 100, cycleoffset: 0, cycle: 200CMNode: Error on DoPrep for Job 'pointcloud/os1_pc2'! rv=DoSomethingcycleTime: 100, cycleoffset: 0, cycle: 300CMNode: Error on DoPrep for Job 'pointcloud/os1_pc2'! rv=DoSomethingcycleTime: 100, cycleoffset: 0, cycle: 400CMNode: Error on DoPrep for Job 'pointcloud/os1_pc2'! rv=DoSomethingcycleTime: 100, cycleoffset: 0, cycle: 500CMNode: Error on DoPrep for Job 'pointcloud/os1_pc2'! rv=DoSomethingcycleTime: 100, cycleoffset: 0, cycle: 600CMNode: Error on DoPrep for Job 'pointcloud/os1_pc2'! rv=DoSomethingcycleTime: 100, cycleoffset: 0, cycle: 700CMNode: Error on DoPrep for Job 'pointcloud/os1_pc2'! rv=DoSomethingcycleTime: 100, cycleoffset: 0, cycle: 800CMNode: Error on DoPrep for Job 'pointcloud/os1_pc2'! rv=DoSomethingcycleTime: 100, cycleoffset: 0, cycle: 900CMNode: Error on DoPrep for Job 'pointcloud/os1_pc2'! rv=DoSomethingcycleTime: 100, cycleoffset: 0, cycle: 1000CMNode: Error on DoPrep for Job 'pointcloud/os1_pc2'! rv=DoSomethingFName = Data/Vehicle/.tmp_amlab_amlab.1
		errCode = 0
		CarMaker ROS Node is enabled! Mode=1, SyncMode=0
		  -> Node Name = CMNode
		  -> Publish /clock every 100ms
		  -> Send Service Request
		External ROS Node is ready to simulate
TIME	0.000
SIMULATE	unknown

		cycleTime: 100, cycleoffset: 0, cycle: 0CMNode: Error on DoPrep for Job 'pointcloud/os1_pc2'! rv=DoSomethingcycleTime: 100, cycleoffset: 0, cycle: 100CMNode: Error on DoPrep for Job 'pointcloud/os1_pc2'! rv=DoSomethingcycleTime: 100, cycleoffset: 0, cycle: 200CMNode: Error on DoPrep for Job 'pointcloud/os1_pc2'! rv=DoSomethingcycleTime: 100, cycleoffset: 0, cycle: 300CMNode: Error on DoPrep for Job 'pointcloud/os1_pc2'! rv=DoSomethingcycleTime: 100, cycleoffset: 0, cycle: 400CMNode: Error on DoPrep for Job 'pointcloud/os1_pc2'! rv=DoSomethingcycleTime: 100, cycleoffset: 0, cycle: 500CMNode: Error on DoPrep for Job 'pointcloud/os1_pc2'! rv=DoSomethingcycleTime: 100, cycleoffset: 0, cycle: 600CMNode: Error on DoPrep for Job 'pointcloud/os1_pc2'! rv=DoSomethingcycleTime: 100, cycleoffset: 0, cycle: 700CMNode: Error on DoPrep for Job 'pointcloud/os1_pc2'! rv=DoSomethingcycleTime: 100, cycleoffset: 0, cycle: 800CMNode: Error on DoPrep for Job 'pointcloud/os1_pc2'! rv=DoSomethingcycleTime: 100, cycleoffset: 0, cycle: 900CMNode: Error on DoPrep for Job 'pointcloud/os1_pc2'! rv=DoSomethingcycleTime: 100, cycleoffset: 0, cycle: 1000CMNode: Error on DoPrep for Job 'pointcloud/os1_pc2'! rv=DoSomethingcycleTime: 100, cycleoffset: 0, cycle: 1100CMNode: Error on DoPrep for Job 'pointcloud/os1_pc2'! rv=DoSomethingcycleTime: 100, cycleoffset: 0, cycle: 1200CMNode: Error on DoPrep for Job 'pointcloud/os1_pc2'! rv=DoSomethingcycleTime: 100, cycleoffset: 0, cycle: 1300CMNode: Error on DoPrep for Job 'pointcloud/os1_pc2'! rv=DoSomethingcycleTime: 100, cycleoffset: 0, cycle: 1400CMNode: Error on DoPrep for Job 'pointcloud/os1_pc2'! rv=DoSomethingcycleTime: 100, cycleoffset: 0, cycle: 1500CMNode: Error on DoPrep for Job 'pointcloud/os1_pc2'! rv=DoSomethingcycleTime: 100, cycleoffset: 0, cycle: 1600CMNode: Error on DoPrep for Job 'pointcloud/os1_pc2'! rv=DoSomethingcycleTime: 100, cycleoffset: 0, cycle: 1700CMNode: Error on DoPrep for Job 'pointcloud/os1_pc2'! rv=DoSomethingcycleTime: 100, cycleoffset: 0, cycle: 1800TIME	3.601
		CMNode: Error on DoPrep for Job 'pointcloud/os1_pc2'! rv=DoSomethingcycleTime: 100, cycleoffset: 0, cycle: 1900CMNode: Error on DoPrep for Job 'pointcloud/os1_pc2'! rv=DoSomethingcycleTime: 100, cycleoffset: 0, cycle: 2000CMNode: Error on DoPrep for Job 'pointcloud/os1_pc2'! rv=DoSomethingcycleTime: 100, cycleoffset: 0, cycle: 2100CMNode: Error on DoPrep for Job 'pointcloud/os1_pc2'! rv=DoSomethingcycleTime: 100, cycleoffset: 0, cycle: 2200CMNode: Error on DoPrep for Job 'pointcloud/os1_pc2'! rv=DoSomethingcycleTime: 100, cycleoffset: 0, cycle: 2300CMNode: Error on DoPrep for Job 'pointcloud/os1_pc2'! rv=DoSomethingcycleTime: 100, cycleoffset: 0, cycle: 2400CMNode: Error on DoPrep for Job 'pointcloud/os1_pc2'! rv=DoSomethingcycleTime: 100, cycleoffset: 0, cycle: 2500CMNode: Error on DoPrep for Job 'pointcloud/os1_pc2'! rv=DoSomethingcycleTime: 100, cycleoffset: 0, cycle: 2600CMNode: Error on DoPrep for Job 'pointcloud/os1_pc2'! rv=DoSomethingcycleTime: 100, cycleoffset: 0, cycle: 2700CMNode: Error on DoPrep for Job 'pointcloud/os1_pc2'! rv=DoSomethingcycleTime: 100, cycleoffset: 0, cycle: 2800CMNode: Error on DoPrep for Job 'pointcloud/os1_pc2'! rv=DoSomethingcycleTime: 100, cycleoffset: 0, cycle: 2900CMNode: Error on DoPrep for Job 'pointcloud/os1_pc2'! rv=DoSomethingcycleTime: 100, cycleoffset: 0, cycle: 3000CMNode: Error on DoPrep for Job 'pointcloud/os1_pc2'! rv=DoSomethingcycleTime: 100, cycleoffset: 0, cycle: 3100CMNode: Error on DoPrep for Job 'pointcloud/os1_pc2'! rv=DoSomethingcycleTime: 100, cycleoffset: 0, cycle: 3200CMNode: Error on DoPrep for Job 'pointcloud/os1_pc2'! rv=DoSomethingcycleTime: 100, cycleoffset: 0, cycle: 3300CMNode: Error on DoPrep for Job 'pointcloud/os1_pc2'! rv=DoSomethingcycleTime: 100, cycleoffset: 0, cycle: 3400CMNode: Error on DoPrep for Job 'pointcloud/os1_pc2'! rv=DoSomethingcycleTime: 100, cycleoffset: 0, cycle: 3500CMNode: Error on DoPrep for Job 'pointcloud/os1_pc2'! rv=DoSomethingcycleTime: 100, cycleoffset: 0, cycle: 3600		CMNode: Error on DoPrep for Job 'pointcloud/os1_pc2'! rv=DoSomethingcycleTime: 100, cycleoffset: 0, cycle: 3700CMNode: Error on DoPrep for Job 'pointcloud/os1_pc2'! rv=DoSomethingcycleTime: 100, cycleoffset: 0, cycle: 3800CMNode: Error on DoPrep for Job 'pointcloud/os1_pc2'! rv=DoSomethingcycleTime: 100, cycleoffset: 0, cycle: 3900CMNode: Error on DoPrep for Job 'pointcloud/os1_pc2'! rv=DoSomethingcycleTime: 100, cycleoffset: 0, cycle: 4000CMNode: Error on DoPrep for Job 'pointcloud/os1_pc2'! rv=DoSomethingcycleTime: 100, cycleoffset: 0, cycle: 4100CMNode: Error on DoPrep for Job 'pointcloud/os1_pc2'! rv=DoSomethingcycleTime: 100, cycleoffset: 0, cycle: 4200CMNode: Error on DoPrep for Job 'pointcloud/os1_pc2'! rv=DoSomethingcycleTime: 100, cycleoffset: 0, cycle: 4300CMNode: Error on DoPrep for Job 'pointcloud/os1_pc2'! rv=DoSomethingcycleTime: 100, cycleoffset: 0, cycle: 4400CMNode: Error on DoPrep for Job 'pointcloud/os1_pc2'! rv=DoSomethingcycleTime: 100, cycleoffset: 0, cycle: 4500CMNode: Error on DoPrep for Job 'pointcloud/os1_pc2'! rv=DoSomethingcycleTime: 100, cycleoffset: 0, cycle: 4600CMNode: Error on DoPrep for Job 'pointcloud/os1_pc2'! rv=DoSomethingcycleTime: 100, cycleoffset: 0, cycle: 4700CMNode: Error on DoPrep for Job 'pointcloud/os1_pc2'! rv=DoSomethingcycleTime: 100, cycleoffset: 0, cycle: 4800CMNode: Error on DoPrep for Job 'pointcloud/os1_pc2'! rv=DoSomethingcycleTime: 100, cycleoffset: 0, cycle: 4900CMNode: Error on DoPrep for Job 'pointcloud/os1_pc2'! rv=DoSomethingcycleTime: 100, cycleoffset: 0, cycle: 5000CMNode: Error on DoPrep for Job 'pointcloud/os1_pc2'! rv=DoSomethingcycleTime: 100, cycleoffset: 0, cycle: 5100CMNode: Error on DoPrep for Job 'pointcloud/os1_pc2'! rv=DoSomethingcycleTime: 100, cycleoffset: 0, cycle: 5200CMNode: Error on DoPrep for Job 'pointcloud/os1_pc2'! rv=DoSomethingcycleTime: 100, cycleoffset: 0, cycle: 5300CMNode: Error on DoPrep for Job 'pointcloud/os1_pc2'! rv=DoSomethingcycleTime: 100, cycleoffset: 0, cycle: 5400		CMNode: Error on DoPrep for Job 'pointcloud/os1_pc2'! rv=DoSomethingCMNode (CMSimTime=5.493s): External Node is in cycle 1, Time=1702900385s, Stamp=1702900385s
TIME	7.301
		cycleTime: 100, cycleoffset: 0, cycle: 5500CMNode: Error on DoPrep for Job 'pointcloud/os1_pc2'! rv=DoSomethingcycleTime: 100, cycleoffset: 0, cycle: 5600CMNode: Error on DoPrep for Job 'pointcloud/os1_pc2'! rv=DoSomethingcycleTime: 100, cycleoffset: 0, cycle: 5700CMNode: Error on DoPrep for Job 'pointcloud/os1_pc2'! rv=DoSomethingcycleTime: 100, cycleoffset: 0, cycle: 5800CMNode: Error on DoPrep for Job 'pointcloud/os1_pc2'! rv=DoSomethingcycleTime: 100, cycleoffset: 0, cycle: 5900CMNode: Error on DoPrep for Job 'pointcloud/os1_pc2'! rv=DoSomethingcycleTime: 100, cycleoffset: 0, cycle: 6000CMNode: Error on DoPrep for Job 'pointcloud/os1_pc2'! rv=DoSomethingcycleTime: 100, cycleoffset: 0, cycle: 6100CMNode: Error on DoPrep for Job 'pointcloud/os1_pc2'! rv=DoSomethingcycleTime: 100, cycleoffset: 0, cycle: 6200CMNode: Error on DoPrep for Job 'pointcloud/os1_pc2'! rv=DoSomethingcycleTime: 100, cycleoffset: 0, cycle: 6300CMNode: Error on DoPrep for Job 'pointcloud/os1_pc2'! rv=DoSomethingcycleTime: 100, cycleoffset: 0, cycle: 6400CMNode: Error on DoPrep for Job 'pointcloud/os1_pc2'! rv=DoSomethingcycleTime: 100, cycleoffset: 0, cycle: 6500CMNode: Error on DoPrep for Job 'pointcloud/os1_pc2'! rv=DoSomethingcycleTime: 100, cycleoffset: 0, cycle: 6600CMNode: Error on DoPrep for Job 'pointcloud/os1_pc2'! rv=DoSomethingcycleTime: 100, cycleoffset: 0, cycle: 6700CMNode: Error on DoPrep for Job 'pointcloud/os1_pc2'! rv=DoSomethingcycleTime: 100, cycleoffset: 0, cycle: 6800CMNode: Error on DoPrep for Job 'pointcloud/os1_pc2'! rv=DoSomethingcycleTime: 100, cycleoffset: 0, cycle: 6900CMNode: Error on DoPrep for Job 'pointcloud/os1_pc2'! rv=DoSomethingcycleTime: 100, cycleoffset: 0, cycle: 7000CMNode: Error on DoPrep for Job 'pointcloud/os1_pc2'! rv=DoSomethingcycleTime: 100, cycleoffset: 0, cycle: 7100CMNode: Error on DoPrep for Job 'pointcloud/os1_pc2'! rv=DoSomethingcycleTime: 100, cycleoffset: 0, cycle: 7200CMNode: Error on DoPrep for Job 'pointcloud/os1_pc2'! rv=DoSomethingcycleTime: 100, cycleoffset: 0, cycle: 7300		CMNode: Error on DoPrep for Job 'pointcloud/os1_pc2'! rv=DoSomethingcycleTime: 100, cycleoffset: 0, cycle: 7400CMNode: Error on DoPrep for Job 'pointcloud/os1_pc2'! rv=DoSomethingCMNode (CMSimTime=7.413s): External Node is in cycle 1, Time=1702900387s, Stamp=1702900387s
		cycleTime: 100, cycleoffset: 0, cycle: 7500CMNode: Error on DoPrep for Job 'pointcloud/os1_pc2'! rv=DoSomethingcycleTime: 100, cycleoffset: 0, cycle: 7600CMNode: Error on DoPrep for Job 'pointcloud/os1_pc2'! rv=DoSomethingcycleTime: 100, cycleoffset: 0, cycle: 7700CMNode: Error on DoPrep for Job 'pointcloud/os1_pc2'! rv=DoSomethingcycleTime: 100, cycleoffset: 0, cycle: 7800CMNode: Error on DoPrep for Job 'pointcloud/os1_pc2'! rv=DoSomethingcycleTime: 100, cycleoffset: 0, cycle: 7900CMNode: Error on DoPrep for Job 'pointcloud/os1_pc2'! rv=DoSomethingcycleTime: 100, cycleoffset: 0, cycle: 8000CMNode: Error on DoPrep for Job 'pointcloud/os1_pc2'! rv=DoSomethingcycleTime: 100, cycleoffset: 0, cycle: 8100CMNode: Error on DoPrep for Job 'pointcloud/os1_pc2'! rv=DoSomethingcycleTime: 100, cycleoffset: 0, cycle: 8200CMNode: Error on DoPrep for Job 'pointcloud/os1_pc2'! rv=DoSomethingcycleTime: 100, cycleoffset: 0, cycle: 8300CMNode: Error on DoPrep for Job 'pointcloud/os1_pc2'! rv=DoSomethingcycleTime: 100, cycleoffset: 0, cycle: 8400CMNode: Error on DoPrep for Job 'pointcloud/os1_pc2'! rv=DoSomethingcycleTime: 100, cycleoffset: 0, cycle: 8500CMNode: Error on DoPrep for Job 'pointcloud/os1_pc2'! rv=DoSomethingcycleTime: 100, cycleoffset: 0, cycle: 8600CMNode: Error on DoPrep for Job 'pointcloud/os1_pc2'! rv=DoSomethingcycleTime: 100, cycleoffset: 0, cycle: 8700CMNode: Error on DoPrep for Job 'pointcloud/os1_pc2'! rv=DoSomethingcycleTime: 100, cycleoffset: 0, cycle: 8800CMNode: Error on DoPrep for Job 'pointcloud/os1_pc2'! rv=DoSomethingcycleTime: 100, cycleoffset: 0, cycle: 8900CMNode: Error on DoPrep for Job 'pointcloud/os1_pc2'! rv=DoSomethingcycleTime: 100, cycleoffset: 0, cycle: 9000CMNode: Error on DoPrep for Job 'pointcloud/os1_pc2'! rv=DoSomethingcycleTime: 100, cycleoffset: 0, cycle: 9100CMNode: Error on DoPrep for Job 'pointcloud/os1_pc2'! rv=DoSomethingcycleTime: 100, cycleoffset: 0, cycle: 9200CMNode: Error on DoPrep for Job 'pointcloud/os1_pc2'! rv=DoSomethingcycleTime: 100, cycleoffset: 0, cycle: 9300TIME	11.101
		CMNode: Error on DoPrep for Job 'pointcloud/os1_pc2'! rv=DoSomethingcycleTime: 100, cycleoffset: 0, cycle: 9400CMNode: Error on DoPrep for Job 'pointcloud/os1_pc2'! rv=DoSomethingcycleTime: 100, cycleoffset: 0, cycle: 9500CMNode: Error on DoPrep for Job 'pointcloud/os1_pc2'! rv=DoSomethingcycleTime: 100, cycleoffset: 0, cycle: 9600CMNode: Error on DoPrep for Job 'pointcloud/os1_pc2'! rv=DoSomethingcycleTime: 100, cycleoffset: 0, cycle: 9700CMNode: Error on DoPrep for Job 'pointcloud/os1_pc2'! rv=DoSomethingcycleTime: 100, cycleoffset: 0, cycle: 9800CMNode: Error on DoPrep for Job 'pointcloud/os1_pc2'! rv=DoSomethingcycleTime: 100, cycleoffset: 0, cycle: 9900CMNode: Error on DoPrep for Job 'pointcloud/os1_pc2'! rv=DoSomethingcycleTime: 100, cycleoffset: 0, cycle: 10000CMNode: Error on DoPrep for Job 'pointcloud/os1_pc2'! rv=DoSomethingcycleTime: 100, cycleoffset: 0, cycle: 10100CMNode: Error on DoPrep for Job 'pointcloud/os1_pc2'! rv=DoSomethingcycleTime: 100, cycleoffset: 0, cycle: 10200CMNode: Error on DoPrep for Job 'pointcloud/os1_pc2'! rv=DoSomethingcycleTime: 100, cycleoffset: 0, cycle: 10300CMNode: Error on DoPrep for Job 'pointcloud/os1_pc2'! rv=DoSomethingcycleTime: 100, cycleoffset: 0, cycle: 10400CMNode: Error on DoPrep for Job 'pointcloud/os1_pc2'! rv=DoSomethingcycleTime: 100, cycleoffset: 0, cycle: 10500CMNode: Error on DoPrep for Job 'pointcloud/os1_pc2'! rv=DoSomethingcycleTime: 100, cycleoffset: 0, cycle: 10600CMNode: Error on DoPrep for Job 'pointcloud/os1_pc2'! rv=DoSomethingcycleTime: 100, cycleoffset: 0, cycle: 10700CMNode: Error on DoPrep for Job 'pointcloud/os1_pc2'! rv=DoSomethingcycleTime: 100, cycleoffset: 0, cycle: 10800CMNode: Error on DoPrep for Job 'pointcloud/os1_pc2'! rv=DoSomethingcycleTime: 100, cycleoffset: 0, cycle: 10900CMNode: Error on DoPrep for Job 'pointcloud/os1_pc2'! rv=DoSomethingcycleTime: 100, cycleoffset: 0, cycle: 11000CMNode: Error on DoPrep for Job 'pointcloud/os1_pc2'! rv=DoSomethingcycleTime: 100, cycleoffset: 0, cycle: 11100		CMNode: Error on DoPrep for Job 'pointcloud/os1_pc2'! rv=DoSomethingcycleTime: 100, cycleoffset: 0, cycle: 11200CMNode: Error on DoPrep for Job 'pointcloud/os1_pc2'! rv=DoSomethingcycleTime: 100, cycleoffset: 0, cycle: 11300CMNode: Error on DoPrep for Job 'pointcloud/os1_pc2'! rv=DoSomethingcycleTime: 100, cycleoffset: 0, cycle: 11400CMNode: Error on DoPrep for Job 'pointcloud/os1_pc2'! rv=DoSomethingcycleTime: 100, cycleoffset: 0, cycle: 11500CMNode: Error on DoPrep for Job 'pointcloud/os1_pc2'! rv=DoSomethingcycleTime: 100, cycleoffset: 0, cycle: 11600CMNode: Error on DoPrep for Job 'pointcloud/os1_pc2'! rv=DoSomethingcycleTime: 100, cycleoffset: 0, cycle: 11700CMNode: Error on DoPrep for Job 'pointcloud/os1_pc2'! rv=DoSomethingcycleTime: 100, cycleoffset: 0, cycle: 11800CMNode: Error on DoPrep for Job 'pointcloud/os1_pc2'! rv=DoSomethingcycleTime: 100, cycleoffset: 0, cycle: 11900CMNode: Error on DoPrep for Job 'pointcloud/os1_pc2'! rv=DoSomethingcycleTime: 100, cycleoffset: 0, cycle: 12000CMNode: Error on DoPrep for Job 'pointcloud/os1_pc2'! rv=DoSomethingcycleTime: 100, cycleoffset: 0, cycle: 12100CMNode: Error on DoPrep for Job 'pointcloud/os1_pc2'! rv=DoSomethingcycleTime: 100, cycleoffset: 0, cycle: 12200CMNode: Error on DoPrep for Job 'pointcloud/os1_pc2'! rv=DoSomethingcycleTime: 100, cycleoffset: 0, cycle: 12300CMNode: Error on DoPrep for Job 'pointcloud/os1_pc2'! rv=DoSomethingcycleTime: 100, cycleoffset: 0, cycle: 12400CMNode: Error on DoPrep for Job 'pointcloud/os1_pc2'! rv=DoSomethingcycleTime: 100, cycleoffset: 0, cycle: 12500CMNode: Error on DoPrep for Job 'pointcloud/os1_pc2'! rv=DoSomethingcycleTime: 100, cycleoffset: 0, cycle: 12600CMNode: Error on DoPrep for Job 'pointcloud/os1_pc2'! rv=DoSomethingcycleTime: 100, cycleoffset: 0, cycle: 12700CMNode: Error on DoPrep for Job 'pointcloud/os1_pc2'! rv=DoSomethingcycleTime: 100, cycleoffset: 0, cycle: 12800CMNode: Error on DoPrep for Job 'pointcloud/os1_pc2'! rv=DoSomethingcycleTime: 100, cycleoffset: 0, cycle: 12900TIME	14.701
		CMNode: Error on DoPrep for Job 'pointcloud/os1_pc2'! rv=DoSomethingcycleTime: 100, cycleoffset: 0, cycle: 13000CMNode: Error on DoPrep for Job 'pointcloud/os1_pc2'! rv=DoSomethingcycleTime: 100, cycleoffset: 0, cycle: 13100CMNode: Error on DoPrep for Job 'pointcloud/os1_pc2'! rv=DoSomethingcycleTime: 100, cycleoffset: 0, cycle: 13200CMNode: Error on DoPrep for Job 'pointcloud/os1_pc2'! rv=DoSomethingcycleTime: 100, cycleoffset: 0, cycle: 13300CMNode: Error on DoPrep for Job 'pointcloud/os1_pc2'! rv=DoSomethingcycleTime: 100, cycleoffset: 0, cycle: 13400CMNode: Error on DoPrep for Job 'pointcloud/os1_pc2'! rv=DoSomethingcycleTime: 100, cycleoffset: 0, cycle: 13500CMNode: Error on DoPrep for Job 'pointcloud/os1_pc2'! rv=DoSomethingcycleTime: 100, cycleoffset: 0, cycle: 13600CMNode: Error on DoPrep for Job 'pointcloud/os1_pc2'! rv=DoSomethingcycleTime: 100, cycleoffset: 0, cycle: 13700CMNode: Error on DoPrep for Job 'pointcloud/os1_pc2'! rv=DoSomethingcycleTime: 100, cycleoffset: 0, cycle: 13800CMNode: Error on DoPrep for Job 'pointcloud/os1_pc2'! rv=DoSomethingcycleTime: 100, cycleoffset: 0, cycle: 13900CMNode: Error on DoPrep for Job 'pointcloud/os1_pc2'! rv=DoSomethingcycleTime: 100, cycleoffset: 0, cycle: 14000CMNode: Error on DoPrep for Job 'pointcloud/os1_pc2'! rv=DoSomethingcycleTime: 100, cycleoffset: 0, cycle: 14100CMNode: Error on DoPrep for Job 'pointcloud/os1_pc2'! rv=DoSomethingcycleTime: 100, cycleoffset: 0, cycle: 14200CMNode: Error on DoPrep for Job 'pointcloud/os1_pc2'! rv=DoSomethingcycleTime: 100, cycleoffset: 0, cycle: 14300CMNode: Error on DoPrep for Job 'pointcloud/os1_pc2'! rv=DoSomethingcycleTime: 100, cycleoffset: 0, cycle: 14400CMNode: Error on DoPrep for Job 'pointcloud/os1_pc2'! rv=DoSomethingcycleTime: 100, cycleoffset: 0, cycle: 14500CMNode: Error on DoPrep for Job 'pointcloud/os1_pc2'! rv=DoSomethingcycleTime: 100, cycleoffset: 0, cycle: 14600CMNode: Error on DoPrep for Job 'pointcloud/os1_pc2'! rv=DoSomethingcycleTime: 100, cycleoffset: 0, cycle: 14700		CMNode: Error on DoPrep for Job 'pointcloud/os1_pc2'! rv=DoSomethingcycleTime: 100, cycleoffset: 0, cycle: 14800CMNode: Error on DoPrep for Job 'pointcloud/os1_pc2'! rv=DoSomethingcycleTime: 100, cycleoffset: 0, cycle: 14900CMNode: Error on DoPrep for Job 'pointcloud/os1_pc2'! rv=DoSomethingcycleTime: 100, cycleoffset: 0, cycle: 15000CMNode: Error on DoPrep for Job 'pointcloud/os1_pc2'! rv=DoSomethingcycleTime: 100, cycleoffset: 0, cycle: 15100CMNode: Error on DoPrep for Job 'pointcloud/os1_pc2'! rv=DoSomethingcycleTime: 100, cycleoffset: 0, cycle: 15200CMNode: Error on DoPrep for Job 'pointcloud/os1_pc2'! rv=DoSomethingcycleTime: 100, cycleoffset: 0, cycle: 15300CMNode: Error on DoPrep for Job 'pointcloud/os1_pc2'! rv=DoSomethingcycleTime: 100, cycleoffset: 0, cycle: 15400CMNode: Error on DoPrep for Job 'pointcloud/os1_pc2'! rv=DoSomethingCMNode (CMSimTime=15.493s): External Node is in cycle 2, Time=1702900395s, Stamp=1702900395s
TIME	17.301
		cycleTime: 100, cycleoffset: 0, cycle: 15500CMNode: Error on DoPrep for Job 'pointcloud/os1_pc2'! rv=DoSomethingcycleTime: 100, cycleoffset: 0, cycle: 15600CMNode: Error on DoPrep for Job 'pointcloud/os1_pc2'! rv=DoSomethingcycleTime: 100, cycleoffset: 0, cycle: 15700CMNode: Error on DoPrep for Job 'pointcloud/os1_pc2'! rv=DoSomethingcycleTime: 100, cycleoffset: 0, cycle: 15800CMNode: Error on DoPrep for Job 'pointcloud/os1_pc2'! rv=DoSomethingcycleTime: 100, cycleoffset: 0, cycle: 15900CMNode: Error on DoPrep for Job 'pointcloud/os1_pc2'! rv=DoSomethingcycleTime: 100, cycleoffset: 0, cycle: 16000CMNode: Error on DoPrep for Job 'pointcloud/os1_pc2'! rv=DoSomethingcycleTime: 100, cycleoffset: 0, cycle: 16100CMNode: Error on DoPrep for Job 'pointcloud/os1_pc2'! rv=DoSomethingcycleTime: 100, cycleoffset: 0, cycle: 16200CMNode: Error on DoPrep for Job 'pointcloud/os1_pc2'! rv=DoSomethingcycleTime: 100, cycleoffset: 0, cycle: 16300CMNode: Error on DoPrep for Job 'pointcloud/os1_pc2'! rv=DoSomethingcycleTime: 100, cycleoffset: 0, cycle: 16400CMNode: Error on DoPrep for Job 'pointcloud/os1_pc2'! rv=DoSomethingcycleTime: 100, cycleoffset: 0, cycle: 16500CMNode: Error on DoPrep for Job 'pointcloud/os1_pc2'! rv=DoSomethingcycleTime: 100, cycleoffset: 0, cycle: 16600CMNode: Error on DoPrep for Job 'pointcloud/os1_pc2'! rv=DoSomethingcycleTime: 100, cycleoffset: 0, cycle: 16700CMNode: Error on DoPrep for Job 'pointcloud/os1_pc2'! rv=DoSomethingcycleTime: 100, cycleoffset: 0, cycle: 16800CMNode: Error on DoPrep for Job 'pointcloud/os1_pc2'! rv=DoSomethingcycleTime: 100, cycleoffset: 0, cycle: 16900CMNode: Error on DoPrep for Job 'pointcloud/os1_pc2'! rv=DoSomethingcycleTime: 100, cycleoffset: 0, cycle: 17000CMNode: Error on DoPrep for Job 'pointcloud/os1_pc2'! rv=DoSomethingcycleTime: 100, cycleoffset: 0, cycle: 17100CMNode: Error on DoPrep for Job 'pointcloud/os1_pc2'! rv=DoSomethingcycleTime: 100, cycleoffset: 0, cycle: 17200CMNode: Error on DoPrep for Job 'pointcloud/os1_pc2'! rv=DoSomething		cycleTime: 100, cycleoffset: 0, cycle: 17300CMNode: Error on DoPrep for Job 'pointcloud/os1_pc2'! rv=DoSomethingcycleTime: 100, cycleoffset: 0, cycle: 17400CMNode: Error on DoPrep for Job 'pointcloud/os1_pc2'! rv=DoSomethingCMNode (CMSimTime=17.408s): External Node is in cycle 2, Time=1702900397s, Stamp=1702900397s
SIM_END		unknown	18.088s	15.0481m
TIME	24.441
SIM_START	unknown	2023-12-18 20:54:21
TIME	0.002
		cycleTime: 100, cycleoffset: 0, cycle: 17500CMNode: Error on DoPrep for Job 'pointcloud/os1_pc2'! rv=DoSomethingcycleTime: 100, cycleoffset: 0, cycle: 17600CMNode: Error on DoPrep for Job 'pointcloud/os1_pc2'! rv=DoSomethingcycleTime: 100, cycleoffset: 0, cycle: 17700CMNode: Error on DoPrep for Job 'pointcloud/os1_pc2'! rv=DoSomethingcycleTime: 100, cycleoffset: 0, cycle: 17800CMNode: Error on DoPrep for Job 'pointcloud/os1_pc2'! rv=DoSomethingcycleTime: 100, cycleoffset: 0, cycle: 17900CMNode: Error on DoPrep for Job 'pointcloud/os1_pc2'! rv=DoSomethingcycleTime: 100, cycleoffset: 0, cycle: 18000CMNode: Error on DoPrep for Job 'pointcloud/os1_pc2'! rv=DoSomethingFName = Data/Vehicle/.tmp_amlab_amlab.0
		errCode = 0
		CarMaker ROS Node is enabled! Mode=1, SyncMode=0
		  -> Node Name = CMNode
		  -> Publish /clock every 100ms
		  -> Send Service Request
		External ROS Node is ready to simulate
TIME	0.000
SIMULATE	unknown

		cycleTime: 100, cycleoffset: 0, cycle: 0CMNode: Error on DoPrep for Job 'pointcloud/os1_pc2'! rv=DoSomethingcycleTime: 100, cycleoffset: 0, cycle: 100CMNode: Error on DoPrep for Job 'pointcloud/os1_pc2'! rv=DoSomethingcycleTime: 100, cycleoffset: 0, cycle: 200CMNode: Error on DoPrep for Job 'pointcloud/os1_pc2'! rv=DoSomethingcycleTime: 100, cycleoffset: 0, cycle: 300CMNode: Error on DoPrep for Job 'pointcloud/os1_pc2'! rv=DoSomethingcycleTime: 100, cycleoffset: 0, cycle: 400CMNode: Error on DoPrep for Job 'pointcloud/os1_pc2'! rv=DoSomethingcycleTime: 100, cycleoffset: 0, cycle: 500CMNode: Error on DoPrep for Job 'pointcloud/os1_pc2'! rv=DoSomethingcycleTime: 100, cycleoffset: 0, cycle: 600CMNode: Error on DoPrep for Job 'pointcloud/os1_pc2'! rv=DoSomethingcycleTime: 100, cycleoffset: 0, cycle: 700CMNode: Error on DoPrep for Job 'pointcloud/os1_pc2'! rv=DoSomethingcycleTime: 100, cycleoffset: 0, cycle: 800CMNode: Error on DoPrep for Job 'pointcloud/os1_pc2'! rv=DoSomethingcycleTime: 100, cycleoffset: 0, cycle: 900CMNode: Error on DoPrep for Job 'pointcloud/os1_pc2'! rv=DoSomethingcycleTime: 100, cycleoffset: 0, cycle: 1000CMNode: Error on DoPrep for Job 'pointcloud/os1_pc2'! rv=DoSomethingcycleTime: 100, cycleoffset: 0, cycle: 1100CMNode: Error on DoPrep for Job 'pointcloud/os1_pc2'! rv=DoSomethingcycleTime: 100, cycleoffset: 0, cycle: 1200CMNode: Error on DoPrep for Job 'pointcloud/os1_pc2'! rv=DoSomethingcycleTime: 100, cycleoffset: 0, cycle: 1300CMNode: Error on DoPrep for Job 'pointcloud/os1_pc2'! rv=DoSomethingcycleTime: 100, cycleoffset: 0, cycle: 1400CMNode: Error on DoPrep for Job 'pointcloud/os1_pc2'! rv=DoSomethingcycleTime: 100, cycleoffset: 0, cycle: 1500CMNode: Error on DoPrep for Job 'pointcloud/os1_pc2'! rv=DoSomethingcycleTime: 100, cycleoffset: 0, cycle: 1600CMNode: Error on DoPrep for Job 'pointcloud/os1_pc2'! rv=DoSomethingcycleTime: 100, cycleoffset: 0, cycle: 1700CMNode: Error on DoPrep for Job 'pointcloud/os1_pc2'! rv=DoSomethingcycleTime: 100, cycleoffset: 0, cycle: 1800TIME	2.499
		CMNode: Error on DoPrep for Job 'pointcloud/os1_pc2'! rv=DoSomethingcycleTime: 100, cycleoffset: 0, cycle: 1900CMNode: Error on DoPrep for Job 'pointcloud/os1_pc2'! rv=DoSomethingcycleTime: 100, cycleoffset: 0, cycle: 2000CMNode: Error on DoPrep for Job 'pointcloud/os1_pc2'! rv=DoSomethingcycleTime: 100, cycleoffset: 0, cycle: 2100CMNode: Error on DoPrep for Job 'pointcloud/os1_pc2'! rv=DoSomethingcycleTime: 100, cycleoffset: 0, cycle: 2200CMNode: Error on DoPrep for Job 'pointcloud/os1_pc2'! rv=DoSomethingcycleTime: 100, cycleoffset: 0, cycle: 2300CMNode: Error on DoPrep for Job 'pointcloud/os1_pc2'! rv=DoSomethingcycleTime: 100, cycleoffset: 0, cycle: 2400CMNode: Error on DoPrep for Job 'pointcloud/os1_pc2'! rv=DoSomethingCMNode (CMSimTime=2.498s): External Node is in cycle 1, Time=1702900465s, Stamp=1702900465s
SIM_END		unknown	3.213s	0.313028m
TIME	5.144
SIM_START	unknown	2023-12-18 20:54:45
TIME	0.002
		cycleTime: 100, cycleoffset: 0, cycle: 2500CMNode: Error on DoPrep for Job 'pointcloud/os1_pc2'! rv=DoSomethingcycleTime: 100, cycleoffset: 0, cycle: 2600CMNode: Error on DoPrep for Job 'pointcloud/os1_pc2'! rv=DoSomethingcycleTime: 100, cycleoffset: 0, cycle: 2700CMNode: Error on DoPrep for Job 'pointcloud/os1_pc2'! rv=DoSomethingcycleTime: 100, cycleoffset: 0, cycle: 2800CMNode: Error on DoPrep for Job 'pointcloud/os1_pc2'! rv=DoSomethingcycleTime: 100, cycleoffset: 0, cycle: 2900CMNode: Error on DoPrep for Job 'pointcloud/os1_pc2'! rv=DoSomethingcycleTime: 100, cycleoffset: 0, cycle: 3000CMNode: Error on DoPrep for Job 'pointcloud/os1_pc2'! rv=DoSomethingcycleTime: 100, cycleoffset: 0, cycle: 3100CMNode: Error on DoPrep for Job 'pointcloud/os1_pc2'! rv=DoSomethingcycleTime: 100, cycleoffset: 0, cycle: 3200CMNode: Error on DoPrep for Job 'pointcloud/os1_pc2'! rv=DoSomethingFName = Data/Vehicle/.tmp_amlab_amlab.1
		errCode = 0
		CarMaker ROS Node is enabled! Mode=1, SyncMode=0
		  -> Node Name = CMNode
		  -> Publish /clock every 100ms
		  -> Send Service Request
		External ROS Node is ready to simulate
TIME	0.000
SIMULATE	unknown

		cycleTime: 100, cycleoffset: 0, cycle: 0CMNode: Error on DoPrep for Job 'pointcloud/os1_pc2'! rv=DoSomethingcycleTime: 100, cycleoffset: 0, cycle: 100CMNode: Error on DoPrep for Job 'pointcloud/os1_pc2'! rv=DoSomethingcycleTime: 100, cycleoffset: 0, cycle: 200CMNode: Error on DoPrep for Job 'pointcloud/os1_pc2'! rv=DoSomethingcycleTime: 100, cycleoffset: 0, cycle: 300CMNode: Error on DoPrep for Job 'pointcloud/os1_pc2'! rv=DoSomethingcycleTime: 100, cycleoffset: 0, cycle: 400CMNode: Error on DoPrep for Job 'pointcloud/os1_pc2'! rv=DoSomethingcycleTime: 100, cycleoffset: 0, cycle: 500CMNode: Error on DoPrep for Job 'pointcloud/os1_pc2'! rv=DoSomethingCMNode (CMSimTime=0.516s): External Node is in cycle 1, Time=1702900487s, Stamp=1702900487s
TIME	2.401
		cycleTime: 100, cycleoffset: 0, cycle: 600CMNode: Error on DoPrep for Job 'pointcloud/os1_pc2'! rv=DoSomethingcycleTime: 100, cycleoffset: 0, cycle: 700CMNode: Error on DoPrep for Job 'pointcloud/os1_pc2'! rv=DoSomethingcycleTime: 100, cycleoffset: 0, cycle: 800CMNode: Error on DoPrep for Job 'pointcloud/os1_pc2'! rv=DoSomethingcycleTime: 100, cycleoffset: 0, cycle: 900CMNode: Error on DoPrep for Job 'pointcloud/os1_pc2'! rv=DoSomethingcycleTime: 100, cycleoffset: 0, cycle: 1000CMNode: Error on DoPrep for Job 'pointcloud/os1_pc2'! rv=DoSomethingcycleTime: 100, cycleoffset: 0, cycle: 1100CMNode: Error on DoPrep for Job 'pointcloud/os1_pc2'! rv=DoSomethingcycleTime: 100, cycleoffset: 0, cycle: 1200CMNode: Error on DoPrep for Job 'pointcloud/os1_pc2'! rv=DoSomethingcycleTime: 100, cycleoffset: 0, cycle: 1300CMNode: Error on DoPrep for Job 'pointcloud/os1_pc2'! rv=DoSomethingcycleTime: 100, cycleoffset: 0, cycle: 1400CMNode: Error on DoPrep for Job 'pointcloud/os1_pc2'! rv=DoSomethingcycleTime: 100, cycleoffset: 0, cycle: 1500CMNode: Error on DoPrep for Job 'pointcloud/os1_pc2'! rv=DoSomethingcycleTime: 100, cycleoffset: 0, cycle: 1600CMNode: Error on DoPrep for Job 'pointcloud/os1_pc2'! rv=DoSomethingcycleTime: 100, cycleoffset: 0, cycle: 1700CMNode: Error on DoPrep for Job 'pointcloud/os1_pc2'! rv=DoSomethingcycleTime: 100, cycleoffset: 0, cycle: 1800CMNode: Error on DoPrep for Job 'pointcloud/os1_pc2'! rv=DoSomethingcycleTime: 100, cycleoffset: 0, cycle: 1900CMNode: Error on DoPrep for Job 'pointcloud/os1_pc2'! rv=DoSomethingcycleTime: 100, cycleoffset: 0, cycle: 2000CMNode: Error on DoPrep for Job 'pointcloud/os1_pc2'! rv=DoSomethingcycleTime: 100, cycleoffset: 0, cycle: 2100CMNode: Error on DoPrep for Job 'pointcloud/os1_pc2'! rv=DoSomethingcycleTime: 100, cycleoffset: 0, cycle: 2200CMNode: Error on DoPrep for Job 'pointcloud/os1_pc2'! rv=DoSomethingcycleTime: 100, cycleoffset: 0, cycle: 2300CMNode: Error on DoPrep for Job 'pointcloud/os1_pc2'! rv=DoSomethingcycleTime: 100, cycleoffset: 0, cycle: 2400		CMNode: Error on DoPrep for Job 'pointcloud/os1_pc2'! rv=DoSomethingcycleTime: 100, cycleoffset: 0, cycle: 2500CMNode: Error on DoPrep for Job 'pointcloud/os1_pc2'! rv=DoSomethingcycleTime: 100, cycleoffset: 0, cycle: 2600CMNode: Error on DoPrep for Job 'pointcloud/os1_pc2'! rv=DoSomethingcycleTime: 100, cycleoffset: 0, cycle: 2700CMNode: Error on DoPrep for Job 'pointcloud/os1_pc2'! rv=DoSomethingcycleTime: 100, cycleoffset: 0, cycle: 2800CMNode: Error on DoPrep for Job 'pointcloud/os1_pc2'! rv=DoSomethingcycleTime: 100, cycleoffset: 0, cycle: 2900CMNode: Error on DoPrep for Job 'pointcloud/os1_pc2'! rv=DoSomethingcycleTime: 100, cycleoffset: 0, cycle: 3000CMNode: Error on DoPrep for Job 'pointcloud/os1_pc2'! rv=DoSomethingcycleTime: 100, cycleoffset: 0, cycle: 3100CMNode: Error on DoPrep for Job 'pointcloud/os1_pc2'! rv=DoSomethingcycleTime: 100, cycleoffset: 0, cycle: 3200CMNode: Error on DoPrep for Job 'pointcloud/os1_pc2'! rv=DoSomethingcycleTime: 100, cycleoffset: 0, cycle: 3300CMNode: Error on DoPrep for Job 'pointcloud/os1_pc2'! rv=DoSomethingcycleTime: 100, cycleoffset: 0, cycle: 3400CMNode: Error on DoPrep for Job 'pointcloud/os1_pc2'! rv=DoSomethingcycleTime: 100, cycleoffset: 0, cycle: 3500CMNode: Error on DoPrep for Job 'pointcloud/os1_pc2'! rv=DoSomethingcycleTime: 100, cycleoffset: 0, cycle: 3600CMNode: Error on DoPrep for Job 'pointcloud/os1_pc2'! rv=DoSomethingcycleTime: 100, cycleoffset: 0, cycle: 3700CMNode: Error on DoPrep for Job 'pointcloud/os1_pc2'! rv=DoSomethingcycleTime: 100, cycleoffset: 0, cycle: 3800CMNode: Error on DoPrep for Job 'pointcloud/os1_pc2'! rv=DoSomethingcycleTime: 100, cycleoffset: 0, cycle: 3900CMNode: Error on DoPrep for Job 'pointcloud/os1_pc2'! rv=DoSomethingcycleTime: 100, cycleoffset: 0, cycle: 4000CMNode: Error on DoPrep for Job 'pointcloud/os1_pc2'! rv=DoSomethingcycleTime: 100, cycleoffset: 0, cycle: 4100CMNode: Error on DoPrep for Job 'pointcloud/os1_pc2'! rv=DoSomethingcycleTime: 100, cycleoffset: 0, cycle: 4200TIME	6.001
		CMNode: Error on DoPrep for Job 'pointcloud/os1_pc2'! rv=DoSomethingcycleTime: 100, cycleoffset: 0, cycle: 4300CMNode: Error on DoPrep for Job 'pointcloud/os1_pc2'! rv=DoSomethingcycleTime: 100, cycleoffset: 0, cycle: 4400CMNode: Error on DoPrep for Job 'pointcloud/os1_pc2'! rv=DoSomethingcycleTime: 100, cycleoffset: 0, cycle: 4500CMNode: Error on DoPrep for Job 'pointcloud/os1_pc2'! rv=DoSomethingcycleTime: 100, cycleoffset: 0, cycle: 4600CMNode: Error on DoPrep for Job 'pointcloud/os1_pc2'! rv=DoSomethingcycleTime: 100, cycleoffset: 0, cycle: 4700CMNode: Error on DoPrep for Job 'pointcloud/os1_pc2'! rv=DoSomethingcycleTime: 100, cycleoffset: 0, cycle: 4800CMNode: Error on DoPrep for Job 'pointcloud/os1_pc2'! rv=DoSomethingcycleTime: 100, cycleoffset: 0, cycle: 4900CMNode: Error on DoPrep for Job 'pointcloud/os1_pc2'! rv=DoSomethingcycleTime: 100, cycleoffset: 0, cycle: 5000CMNode: Error on DoPrep for Job 'pointcloud/os1_pc2'! rv=DoSomethingcycleTime: 100, cycleoffset: 0, cycle: 5100CMNode: Error on DoPrep for Job 'pointcloud/os1_pc2'! rv=DoSomethingcycleTime: 100, cycleoffset: 0, cycle: 5200CMNode: Error on DoPrep for Job 'pointcloud/os1_pc2'! rv=DoSomethingcycleTime: 100, cycleoffset: 0, cycle: 5300CMNode: Error on DoPrep for Job 'pointcloud/os1_pc2'! rv=DoSomethingcycleTime: 100, cycleoffset: 0, cycle: 5400CMNode: Error on DoPrep for Job 'pointcloud/os1_pc2'! rv=DoSomethingcycleTime: 100, cycleoffset: 0, cycle: 5500CMNode: Error on DoPrep for Job 'pointcloud/os1_pc2'! rv=DoSomethingcycleTime: 100, cycleoffset: 0, cycle: 5600CMNode: Error on DoPrep for Job 'pointcloud/os1_pc2'! rv=DoSomethingcycleTime: 100, cycleoffset: 0, cycle: 5700CMNode: Error on DoPrep for Job 'pointcloud/os1_pc2'! rv=DoSomethingcycleTime: 100, cycleoffset: 0, cycle: 5800CMNode: Error on DoPrep for Job 'pointcloud/os1_pc2'! rv=DoSomethingcycleTime: 100, cycleoffset: 0, cycle: 5900CMNode: Error on DoPrep for Job 'pointcloud/os1_pc2'! rv=DoSomethingcycleTime: 100, cycleoffset: 0, cycle: 6000		CMNode: Error on DoPrep for Job 'pointcloud/os1_pc2'! rv=DoSomethingcycleTime: 100, cycleoffset: 0, cycle: 6100CMNode: Error on DoPrep for Job 'pointcloud/os1_pc2'! rv=DoSomethingcycleTime: 100, cycleoffset: 0, cycle: 6200CMNode: Error on DoPrep for Job 'pointcloud/os1_pc2'! rv=DoSomethingcycleTime: 100, cycleoffset: 0, cycle: 6300CMNode: Error on DoPrep for Job 'pointcloud/os1_pc2'! rv=DoSomethingcycleTime: 100, cycleoffset: 0, cycle: 6400CMNode: Error on DoPrep for Job 'pointcloud/os1_pc2'! rv=DoSomethingcycleTime: 100, cycleoffset: 0, cycle: 6500CMNode: Error on DoPrep for Job 'pointcloud/os1_pc2'! rv=DoSomethingcycleTime: 100, cycleoffset: 0, cycle: 6600CMNode: Error on DoPrep for Job 'pointcloud/os1_pc2'! rv=DoSomethingcycleTime: 100, cycleoffset: 0, cycle: 6700CMNode: Error on DoPrep for Job 'pointcloud/os1_pc2'! rv=DoSomethingcycleTime: 100, cycleoffset: 0, cycle: 6800CMNode: Error on DoPrep for Job 'pointcloud/os1_pc2'! rv=DoSomethingcycleTime: 100, cycleoffset: 0, cycle: 6900CMNode: Error on DoPrep for Job 'pointcloud/os1_pc2'! rv=DoSomethingcycleTime: 100, cycleoffset: 0, cycle: 7000CMNode: Error on DoPrep for Job 'pointcloud/os1_pc2'! rv=DoSomethingcycleTime: 100, cycleoffset: 0, cycle: 7100CMNode: Error on DoPrep for Job 'pointcloud/os1_pc2'! rv=DoSomethingcycleTime: 100, cycleoffset: 0, cycle: 7200CMNode: Error on DoPrep for Job 'pointcloud/os1_pc2'! rv=DoSomethingcycleTime: 100, cycleoffset: 0, cycle: 7300CMNode: Error on DoPrep for Job 'pointcloud/os1_pc2'! rv=DoSomethingcycleTime: 100, cycleoffset: 0, cycle: 7400CMNode: Error on DoPrep for Job 'pointcloud/os1_pc2'! rv=DoSomethingcycleTime: 100, cycleoffset: 0, cycle: 7500CMNode: Error on DoPrep for Job 'pointcloud/os1_pc2'! rv=DoSomethingcycleTime: 100, cycleoffset: 0, cycle: 7600CMNode: Error on DoPrep for Job 'pointcloud/os1_pc2'! rv=DoSomethingcycleTime: 100, cycleoffset: 0, cycle: 7700CMNode: Error on DoPrep for Job 'pointcloud/os1_pc2'! rv=DoSomethingcycleTime: 100, cycleoffset: 0, cycle: 7800TIME	8.600
		CMNode: Error on DoPrep for Job 'pointcloud/os1_pc2'! rv=DoSomethingcycleTime: 100, cycleoffset: 0, cycle: 7900CMNode: Error on DoPrep for Job 'pointcloud/os1_pc2'! rv=DoSomethingcycleTime: 100, cycleoffset: 0, cycle: 8000CMNode: Error on DoPrep for Job 'pointcloud/os1_pc2'! rv=DoSomethingcycleTime: 100, cycleoffset: 0, cycle: 8100CMNode: Error on DoPrep for Job 'pointcloud/os1_pc2'! rv=DoSomethingcycleTime: 100, cycleoffset: 0, cycle: 8200CMNode: Error on DoPrep for Job 'pointcloud/os1_pc2'! rv=DoSomethingcycleTime: 100, cycleoffset: 0, cycle: 8300CMNode: Error on DoPrep for Job 'pointcloud/os1_pc2'! rv=DoSomethingcycleTime: 100, cycleoffset: 0, cycle: 8400CMNode: Error on DoPrep for Job 'pointcloud/os1_pc2'! rv=DoSomethingcycleTime: 100, cycleoffset: 0, cycle: 8500CMNode: Error on DoPrep for Job 'pointcloud/os1_pc2'! rv=DoSomethingCMNode (CMSimTime=8.599s): External Node is in cycle 1, Time=1702900495s, Stamp=1702900495s
		cycleTime: 100, cycleoffset: 0, cycle: 8600CMNode: Error on DoPrep for Job 'pointcloud/os1_pc2'! rv=DoSomethingcycleTime: 100, cycleoffset: 0, cycle: 8700CMNode: Error on DoPrep for Job 'pointcloud/os1_pc2'! rv=DoSomethingcycleTime: 100, cycleoffset: 0, cycle: 8800CMNode: Error on DoPrep for Job 'pointcloud/os1_pc2'! rv=DoSomethingcycleTime: 100, cycleoffset: 0, cycle: 8900CMNode: Error on DoPrep for Job 'pointcloud/os1_pc2'! rv=DoSomethingcycleTime: 100, cycleoffset: 0, cycle: 9000CMNode: Error on DoPrep for Job 'pointcloud/os1_pc2'! rv=DoSomethingcycleTime: 100, cycleoffset: 0, cycle: 9100CMNode: Error on DoPrep for Job 'pointcloud/os1_pc2'! rv=DoSomethingcycleTime: 100, cycleoffset: 0, cycle: 9200CMNode: Error on DoPrep for Job 'pointcloud/os1_pc2'! rv=DoSomethingcycleTime: 100, cycleoffset: 0, cycle: 9300CMNode: Error on DoPrep for Job 'pointcloud/os1_pc2'! rv=DoSomethingcycleTime: 100, cycleoffset: 0, cycle: 9400CMNode: Error on DoPrep for Job 'pointcloud/os1_pc2'! rv=DoSomethingcycleTime: 100, cycleoffset: 0, cycle: 9500CMNode: Error on DoPrep for Job 'pointcloud/os1_pc2'! rv=DoSomethingcycleTime: 100, cycleoffset: 0, cycle: 9600CMNode: Error on DoPrep for Job 'pointcloud/os1_pc2'! rv=DoSomethingcycleTime: 100, cycleoffset: 0, cycle: 9700CMNode: Error on DoPrep for Job 'pointcloud/os1_pc2'! rv=DoSomethingcycleTime: 100, cycleoffset: 0, cycle: 9800CMNode: Error on DoPrep for Job 'pointcloud/os1_pc2'! rv=DoSomethingcycleTime: 100, cycleoffset: 0, cycle: 9900CMNode: Error on DoPrep for Job 'pointcloud/os1_pc2'! rv=DoSomethingcycleTime: 100, cycleoffset: 0, cycle: 10000CMNode: Error on DoPrep for Job 'pointcloud/os1_pc2'! rv=DoSomethingcycleTime: 100, cycleoffset: 0, cycle: 10100CMNode: Error on DoPrep for Job 'pointcloud/os1_pc2'! rv=DoSomethingcycleTime: 100, cycleoffset: 0, cycle: 10200CMNode: Error on DoPrep for Job 'pointcloud/os1_pc2'! rv=DoSomethingcycleTime: 100, cycleoffset: 0, cycle: 10300CMNode: Error on DoPrep for Job 'pointcloud/os1_pc2'! rv=DoSomething		cycleTime: 100, cycleoffset: 0, cycle: 10400CMNode: Error on DoPrep for Job 'pointcloud/os1_pc2'! rv=DoSomethingcycleTime: 100, cycleoffset: 0, cycle: 10500CMNode: Error on DoPrep for Job 'pointcloud/os1_pc2'! rv=DoSomethingCMNode (CMSimTime=10.521s): External Node is in cycle 2, Time=1702900497s, Stamp=1702900497s
TIME	12.401
		cycleTime: 100, cycleoffset: 0, cycle: 10600CMNode: Error on DoPrep for Job 'pointcloud/os1_pc2'! rv=DoSomethingcycleTime: 100, cycleoffset: 0, cycle: 10700CMNode: Error on DoPrep for Job 'pointcloud/os1_pc2'! rv=DoSomethingcycleTime: 100, cycleoffset: 0, cycle: 10800CMNode: Error on DoPrep for Job 'pointcloud/os1_pc2'! rv=DoSomethingcycleTime: 100, cycleoffset: 0, cycle: 10900CMNode: Error on DoPrep for Job 'pointcloud/os1_pc2'! rv=DoSomethingcycleTime: 100, cycleoffset: 0, cycle: 11000CMNode: Error on DoPrep for Job 'pointcloud/os1_pc2'! rv=DoSomethingcycleTime: 100, cycleoffset: 0, cycle: 11100CMNode: Error on DoPrep for Job 'pointcloud/os1_pc2'! rv=DoSomethingcycleTime: 100, cycleoffset: 0, cycle: 11200CMNode: Error on DoPrep for Job 'pointcloud/os1_pc2'! rv=DoSomethingcycleTime: 100, cycleoffset: 0, cycle: 11300CMNode: Error on DoPrep for Job 'pointcloud/os1_pc2'! rv=DoSomethingcycleTime: 100, cycleoffset: 0, cycle: 11400CMNode: Error on DoPrep for Job 'pointcloud/os1_pc2'! rv=DoSomethingcycleTime: 100, cycleoffset: 0, cycle: 11500CMNode: Error on DoPrep for Job 'pointcloud/os1_pc2'! rv=DoSomethingcycleTime: 100, cycleoffset: 0, cycle: 11600CMNode: Error on DoPrep for Job 'pointcloud/os1_pc2'! rv=DoSomethingcycleTime: 100, cycleoffset: 0, cycle: 11700CMNode: Error on DoPrep for Job 'pointcloud/os1_pc2'! rv=DoSomethingcycleTime: 100, cycleoffset: 0, cycle: 11800CMNode: Error on DoPrep for Job 'pointcloud/os1_pc2'! rv=DoSomethingcycleTime: 100, cycleoffset: 0, cycle: 11900CMNode: Error on DoPrep for Job 'pointcloud/os1_pc2'! rv=DoSomethingcycleTime: 100, cycleoffset: 0, cycle: 12000CMNode: Error on DoPrep for Job 'pointcloud/os1_pc2'! rv=DoSomethingcycleTime: 100, cycleoffset: 0, cycle: 12100CMNode: Error on DoPrep for Job 'pointcloud/os1_pc2'! rv=DoSomethingcycleTime: 100, cycleoffset: 0, cycle: 12200CMNode: Error on DoPrep for Job 'pointcloud/os1_pc2'! rv=DoSomethingcycleTime: 100, cycleoffset: 0, cycle: 12300CMNode: Error on DoPrep for Job 'pointcloud/os1_pc2'! rv=DoSomethingSIM_END		unknown	12.54s	37.1563m
TIME	218.726
SHUTDOWN	CarMaker quick shutdown initiated

		cycleTime: 100, cycleoffset: 0, cycle: 12400CMNode: Error on DoPrep for Job 'pointcloud/os1_pc2'! rv=DoSomethingcycleTime: 100, cycleoffset: 0, cycle: 12500CMNode: Error on DoPrep for Job 'pointcloud/os1_pc2'! rv=DoSomethingCMRosIF_CMNode_End: End
