[0.062s] Invoking command in '/home/amlab/CarMaker_ROS2_Original/ros/ros2_ws/build/carmaker_vds_client': CMAKE_PREFIX_PATH=/opt/ros/galactic /usr/bin/cmake /home/amlab/CarMaker_ROS2_Original/ros/ros2_ws/src/carmaker_vds_client -DCMAKE_INSTALL_PREFIX=/home/amlab/CarMaker_ROS2_Original/ros/ros2_ws/install/carmaker_vds_client
[0.093s] -- The C compiler identification is GNU 9.4.0
[0.127s] -- The CXX compiler identification is GNU 9.4.0
[0.130s] -- Check for working C compiler: /usr/bin/cc
[0.166s] -- Check for working C compiler: /usr/bin/cc -- works
[0.167s] -- Detecting C compiler ABI info
[0.202s] -- Detecting C compiler ABI info - done
[0.209s] -- Detecting C compile features
[0.209s] -- Detecting C compile features - done
[0.211s] -- Check for working CXX compiler: /usr/bin/c++
[0.253s] -- Check for working CXX compiler: /usr/bin/c++ -- works
[0.254s] -- Detecting CXX compiler ABI info
[0.299s] -- Detecting CXX compiler ABI info - done
[0.311s] -- Detecting CXX compile features
[0.312s] -- Detecting CXX compile features - done
[0.314s] -- Found ament_cmake: 1.1.6 (/opt/ros/galactic/share/ament_cmake/cmake)
[0.329s] -- Found PythonInterp: /usr/bin/python3 (found suitable version "3.8.10", minimum required is "3") 
[0.329s] -- Using PYTHON_EXECUTABLE: /usr/bin/python3
[0.376s] -- Found rclcpp: 9.2.2 (/opt/ros/galactic/share/rclcpp/cmake)
[0.411s] -- Using all available rosidl_typesupport_c: rosidl_typesupport_fastrtps_c;rosidl_typesupport_introspection_c
[0.414s] -- Found rosidl_adapter: 2.2.3 (/opt/ros/galactic/share/rosidl_adapter/cmake)
[0.452s] -- Found OpenSSL: /usr/lib/x86_64-linux-gnu/libcrypto.so (found version "1.1.1f")  
[0.469s] -- Found FastRTPS: /opt/ros/galactic/include  
[0.513s] -- Using all available rosidl_typesupport_cpp: rosidl_typesupport_fastrtps_cpp;rosidl_typesupport_introspection_cpp
[0.547s] -- Found rmw_implementation_cmake: 3.3.1 (/opt/ros/galactic/share/rmw_implementation_cmake/cmake)
[0.549s] -- Found rmw_cyclonedds_cpp: 0.22.6 (/opt/ros/galactic/share/rmw_cyclonedds_cpp/cmake)
[0.560s] -- Using RMW implementation 'rmw_cyclonedds_cpp' as default
[0.561s] -- Looking for pthread.h
[0.601s] -- Looking for pthread.h - found
[0.601s] -- Performing Test CMAKE_HAVE_LIBC_PTHREAD
[0.640s] -- Performing Test CMAKE_HAVE_LIBC_PTHREAD - Failed
[0.641s] -- Looking for pthread_create in pthreads
[0.672s] -- Looking for pthread_create in pthreads - not found
[0.672s] -- Looking for pthread_create in pthread
[0.710s] -- Looking for pthread_create in pthread - found
[0.711s] -- Found Threads: TRUE  
[0.800s] -- Found image_transport: 2.5.1 (/opt/ros/galactic/share/image_transport/cmake)
[0.905s] -- Found tf2: 0.17.5 (/opt/ros/galactic/share/tf2/cmake)
[0.911s] -- Found tf2_ros: 0.17.5 (/opt/ros/galactic/share/tf2_ros/cmake)
[1.113s] -- Found tf2_geometry_msgs: 0.17.5 (/opt/ros/galactic/share/tf2_geometry_msgs/cmake)
[1.121s] -- Found eigen3_cmake_module: 0.1.1 (/opt/ros/galactic/share/eigen3_cmake_module/cmake)
[1.123s] -- Found Eigen3: TRUE (found version "3.3.7") 
[1.164s] -- Found ament_lint_auto: 0.10.7 (/opt/ros/galactic/share/ament_lint_auto/cmake)
[1.228s] -- Added test 'copyright' to check source files copyright and LICENSE
[1.229s] -- Added test 'cppcheck' to perform static code analysis on C / C++ code
[1.230s] -- Configured cppcheck include dirs: /home/amlab/CarMaker_ROS2_Original/ros/ros2_ws/src/carmaker_vds_client/include
[1.230s] -- Configured cppcheck exclude dirs and/or files: 
[1.231s] -- Added test 'cpplint' to check C / C++ code against the Google style
[1.231s] -- Configured cpplint exclude dirs and/or files: 
[1.231s] -- Added test 'flake8' to check Python code syntax and style conventions
[1.232s] -- Added test 'lint_cmake' to check CMake code style
[1.232s] -- Added test 'pep257' to check Python code against some of the style conventions in PEP 257
[1.233s] -- Added test 'uncrustify' to check C / C++ code style
[1.233s] -- Configured uncrustify additional arguments: 
[1.233s] -- Added test 'xmllint' to check XML markup files
[1.236s] -- Configuring done
[1.253s] -- Generating done
[1.255s] -- Build files have been written to: /home/amlab/CarMaker_ROS2_Original/ros/ros2_ws/build/carmaker_vds_client
[1.263s] Invoked command in '/home/amlab/CarMaker_ROS2_Original/ros/ros2_ws/build/carmaker_vds_client' returned '0': CMAKE_PREFIX_PATH=/opt/ros/galactic /usr/bin/cmake /home/amlab/CarMaker_ROS2_Original/ros/ros2_ws/src/carmaker_vds_client -DCMAKE_INSTALL_PREFIX=/home/amlab/CarMaker_ROS2_Original/ros/ros2_ws/install/carmaker_vds_client
[1.264s] Invoking command in '/home/amlab/CarMaker_ROS2_Original/ros/ros2_ws/build/carmaker_vds_client': CMAKE_PREFIX_PATH=/opt/ros/galactic /usr/bin/cmake --build /home/amlab/CarMaker_ROS2_Original/ros/ros2_ws/build/carmaker_vds_client -- -j12 -l12
[1.294s] [35m[1mScanning dependencies of target carmaker_vds_client_node[0m
[1.324s] [ 50%] [32mBuilding CXX object CMakeFiles/carmaker_vds_client_node.dir/src/carmaker_vds_client_node.cpp.o[0m
[2.371s] In file included from [01m[K/home/amlab/CarMaker_ROS2_Original/ros/ros2_ws/src/carmaker_vds_client/src/carmaker_vds_client_node.cpp:29[m[K:
[2.371s] [01m[K/opt/ros/galactic/include/image_transport/image_transport.h:41:89:[m[K [01;36m[Knote: [m[K#pragma message: Warning: This header is deprecated. Use 'image_transport.hpp' instead
[2.371s]    41 | This header is deprecated. Use 'image_transport.hpp' instead"[01;36m[K)[m[K
[2.371s]       |                                                              [01;36m[K^[m[K
[2.371s] 
[2.691s] [01m[K/home/amlab/CarMaker_ROS2_Original/ros/ros2_ws/src/carmaker_vds_client/src/carmaker_vds_client_node.cpp:[m[K In function ‘[01m[Kint VDS_GetData(sensor_msgs::msg::Image_<std::allocator<void> >::SharedPtr)[m[K’:
[2.692s] [01m[K/home/amlab/CarMaker_ROS2_Original/ros/ros2_ws/src/carmaker_vds_client/src/carmaker_vds_client_node.cpp:200:51:[m[K [01;35m[Kwarning: [m[Kformat ‘[01m[K%d[m[K’ expects argument of type ‘[01m[Kint*[m[K’, but argument 8 has type ‘[01m[Kunsigned int*[m[K’ [[01;35m[K-Wformat=[m[K]
[2.692s]   200 |     if (sscanf(VDScfg.sbuf, "*VDS %d %s %f %dx%d [01;35m[K%d[m[K", &Channel, ImgType, &SimTime, &ImgWidth, &ImgHeight, [32m[K&ImgLen[m[K) == 6) {
[2.692s]       |                                                  [01;35m[K~^[m[K                                                       [32m[K~~~~~~~[m[K
[2.692s]       |                                                   [01;35m[K|[m[K                                                       [32m[K|[m[K
[2.692s]       |                                                   [01;35m[Kint*[m[K                                                    [32m[Kunsigned int*[m[K
[2.692s]       |                                                  [32m[K%d[m[K
[2.697s] [01m[K/home/amlab/CarMaker_ROS2_Original/ros/ros2_ws/src/carmaker_vds_client/src/carmaker_vds_client_node.cpp:244:61:[m[K [01;35m[Kwarning: [m[Kformat ‘[01m[K%d[m[K’ expects argument of type ‘[01m[Kint*[m[K’, but argument 5 has type ‘[01m[Kunsigned int*[m[K’ [[01;35m[K-Wformat=[m[K]
[2.697s]   244 |     } else if (sscanf(VDScfg.sbuf, "*VDSEmbeddedData %d %f [01;35m[K%d[m[K %s", &Channel, &SimTime, [32m[K&dataLen[m[K, AniMode) == 4) {
[2.697s]       |                                                            [01;35m[K~^[m[K                          [32m[K~~~~~~~~[m[K
[2.697s]       |                                                             [01;35m[K|[m[K                          [32m[K|[m[K
[2.697s]       |                                                             [01;35m[Kint*[m[K                       [32m[Kunsigned int*[m[K
[2.697s]       |                                                            [32m[K%d[m[K
[2.704s] [01m[K/home/amlab/CarMaker_ROS2_Original/ros/ros2_ws/src/carmaker_vds_client/src/carmaker_vds_client_node.cpp:[m[K In function ‘[01m[Kvoid termination_handler(int)[m[K’:
[2.704s] [01m[K/home/amlab/CarMaker_ROS2_Original/ros/ros2_ws/src/carmaker_vds_client/src/carmaker_vds_client_node.cpp:392:30:[m[K [01;35m[Kwarning: [m[Kunused parameter ‘[01m[Ksignum[m[K’ [[01;35m[K-Wunused-parameter[m[K]
[2.704s]   392 | void termination_handler([01;35m[Kint signum[m[K)
[2.704s]       |                          [01;35m[K~~~~^~~~~~[m[K
[2.711s] [01m[K/home/amlab/CarMaker_ROS2_Original/ros/ros2_ws/src/carmaker_vds_client/src/carmaker_vds_client_node.cpp:[m[K In function ‘[01m[Kint main(int, char**)[m[K’:
[2.711s] [01m[K/home/amlab/CarMaker_ROS2_Original/ros/ros2_ws/src/carmaker_vds_client/src/carmaker_vds_client_node.cpp:425:39:[m[K [01;35m[Kwarning: [m[K‘[01m[Kconst rclcpp::ParameterValue& rclcpp::Node::declare_parameter(const string&)[m[K’ is deprecated: declare_parameter() with only a name is deprecated and will be deleted in the future.\nIf you want to declare a parameter that won't change type without a default value use:\n`node->declare_parameter<ParameterT>(name)`, where e.g. ParameterT=int64_t.\n\nIf you want to declare a parameter that can dynamically change type use:\n```\nrcl_interfaces::msg::ParameterDescriptor descriptor;\ndescriptor.dynamic_typing = true;\nnode->declare_parameter(name, rclcpp::ParameterValue{}, descriptor);\n``` [[01;35m[K-Wdeprecated-declarations[m[K]
[2.711s]   425 |     Node->declare_parameter("vds_host"[01;35m[K)[m[K;
[2.711s]       |                                       [01;35m[K^[m[K
[2.712s] In file included from [01m[K/opt/ros/galactic/include/rclcpp/executors/single_threaded_executor.hpp:28[m[K,
[2.712s]                  from [01m[K/opt/ros/galactic/include/rclcpp/executors.hpp:22[m[K,
[2.712s]                  from [01m[K/opt/ros/galactic/include/rclcpp/rclcpp.hpp:156[m[K,
[2.712s]                  from [01m[K/home/amlab/CarMaker_ROS2_Original/ros/ros2_ws/src/carmaker_vds_client/src/carmaker_vds_client_node.cpp:28[m[K:
[2.712s] [01m[K/opt/ros/galactic/include/rclcpp/node.hpp:422:3:[m[K [01;36m[Knote: [m[Kdeclared here
[2.712s]   422 |   [01;36m[Kdeclare_parameter[m[K(const std::string & name);
[2.712s]       |   [01;36m[K^~~~~~~~~~~~~~~~~[m[K
[2.712s] [01m[K/home/amlab/CarMaker_ROS2_Original/ros/ros2_ws/src/carmaker_vds_client/src/carmaker_vds_client_node.cpp:430:39:[m[K [01;35m[Kwarning: [m[K‘[01m[Kconst rclcpp::ParameterValue& rclcpp::Node::declare_parameter(const string&)[m[K’ is deprecated: declare_parameter() with only a name is deprecated and will be deleted in the future.\nIf you want to declare a parameter that won't change type without a default value use:\n`node->declare_parameter<ParameterT>(name)`, where e.g. ParameterT=int64_t.\n\nIf you want to declare a parameter that can dynamically change type use:\n```\nrcl_interfaces::msg::ParameterDescriptor descriptor;\ndescriptor.dynamic_typing = true;\nnode->declare_parameter(name, rclcpp::ParameterValue{}, descriptor);\n``` [[01;35m[K-Wdeprecated-declarations[m[K]
[2.712s]   430 |     Node->declare_parameter("vds_port"[01;35m[K)[m[K;
[2.712s]       |                                       [01;35m[K^[m[K
[2.712s] In file included from [01m[K/opt/ros/galactic/include/rclcpp/executors/single_threaded_executor.hpp:28[m[K,
[2.712s]                  from [01m[K/opt/ros/galactic/include/rclcpp/executors.hpp:22[m[K,
[2.712s]                  from [01m[K/opt/ros/galactic/include/rclcpp/rclcpp.hpp:156[m[K,
[2.712s]                  from [01m[K/home/amlab/CarMaker_ROS2_Original/ros/ros2_ws/src/carmaker_vds_client/src/carmaker_vds_client_node.cpp:28[m[K:
[2.712s] [01m[K/opt/ros/galactic/include/rclcpp/node.hpp:422:3:[m[K [01;36m[Knote: [m[Kdeclared here
[2.712s]   422 |   [01;36m[Kdeclare_parameter[m[K(const std::string & name);
[2.712s]       |   [01;36m[K^~~~~~~~~~~~~~~~~[m[K
[2.713s] [01m[K/home/amlab/CarMaker_ROS2_Original/ros/ros2_ws/src/carmaker_vds_client/src/carmaker_vds_client_node.cpp:435:44:[m[K [01;35m[Kwarning: [m[K‘[01m[Kconst rclcpp::ParameterValue& rclcpp::Node::declare_parameter(const string&)[m[K’ is deprecated: declare_parameter() with only a name is deprecated and will be deleted in the future.\nIf you want to declare a parameter that won't change type without a default value use:\n`node->declare_parameter<ParameterT>(name)`, where e.g. ParameterT=int64_t.\n\nIf you want to declare a parameter that can dynamically change type use:\n```\nrcl_interfaces::msg::ParameterDescriptor descriptor;\ndescriptor.dynamic_typing = true;\nnode->declare_parameter(name, rclcpp::ParameterValue{}, descriptor);\n``` [[01;35m[K-Wdeprecated-declarations[m[K]
[2.713s]   435 |  Node->declare_parameter("connection_tries"[01;35m[K)[m[K;
[2.713s]       |                                            [01;35m[K^[m[K
[2.713s] In file included from [01m[K/opt/ros/galactic/include/rclcpp/executors/single_threaded_executor.hpp:28[m[K,
[2.713s]                  from [01m[K/opt/ros/galactic/include/rclcpp/executors.hpp:22[m[K,
[2.713s]                  from [01m[K/opt/ros/galactic/include/rclcpp/rclcpp.hpp:156[m[K,
[2.713s]                  from [01m[K/home/amlab/CarMaker_ROS2_Original/ros/ros2_ws/src/carmaker_vds_client/src/carmaker_vds_client_node.cpp:28[m[K:
[2.713s] [01m[K/opt/ros/galactic/include/rclcpp/node.hpp:422:3:[m[K [01;36m[Knote: [m[Kdeclared here
[2.713s]   422 |   [01;36m[Kdeclare_parameter[m[K(const std::string & name);
[2.713s]       |   [01;36m[K^~~~~~~~~~~~~~~~~[m[K
[2.713s] [01m[K/home/amlab/CarMaker_ROS2_Original/ros/ros2_ws/src/carmaker_vds_client/src/carmaker_vds_client_node.cpp:441:40:[m[K [01;35m[Kwarning: [m[K‘[01m[Kconst rclcpp::ParameterValue& rclcpp::Node::declare_parameter(const string&)[m[K’ is deprecated: declare_parameter() with only a name is deprecated and will be deleted in the future.\nIf you want to declare a parameter that won't change type without a default value use:\n`node->declare_parameter<ParameterT>(name)`, where e.g. ParameterT=int64_t.\n\nIf you want to declare a parameter that can dynamically change type use:\n```\nrcl_interfaces::msg::ParameterDescriptor descriptor;\ndescriptor.dynamic_typing = true;\nnode->declare_parameter(name, rclcpp::ParameterValue{}, descriptor);\n``` [[01;35m[K-Wdeprecated-declarations[m[K]
[2.713s]   441 |  Node->declare_parameter("camera_frame"[01;35m[K)[m[K;
[2.713s]       |                                        [01;35m[K^[m[K
[2.713s] In file included from [01m[K/opt/ros/galactic/include/rclcpp/executors/single_threaded_executor.hpp:28[m[K,
[2.713s]                  from [01m[K/opt/ros/galactic/include/rclcpp/executors.hpp:22[m[K,
[2.713s]                  from [01m[K/opt/ros/galactic/include/rclcpp/rclcpp.hpp:156[m[K,
[2.713s]                  from [01m[K/home/amlab/CarMaker_ROS2_Original/ros/ros2_ws/src/carmaker_vds_client/src/carmaker_vds_client_node.cpp:28[m[K:
[2.713s] [01m[K/opt/ros/galactic/include/rclcpp/node.hpp:422:3:[m[K [01;36m[Knote: [m[Kdeclared here
[2.713s]   422 |   [01;36m[Kdeclare_parameter[m[K(const std::string & name);
[2.713s]       |   [01;36m[K^~~~~~~~~~~~~~~~~[m[K
[2.714s] [01m[K/home/amlab/CarMaker_ROS2_Original/ros/ros2_ws/src/carmaker_vds_client/src/carmaker_vds_client_node.cpp:449:46:[m[K [01;35m[Kwarning: [m[K‘[01m[Kconst rclcpp::ParameterValue& rclcpp::Node::declare_parameter(const string&)[m[K’ is deprecated: declare_parameter() with only a name is deprecated and will be deleted in the future.\nIf you want to declare a parameter that won't change type without a default value use:\n`node->declare_parameter<ParameterT>(name)`, where e.g. ParameterT=int64_t.\n\nIf you want to declare a parameter that can dynamically change type use:\n```\nrcl_interfaces::msg::ParameterDescriptor descriptor;\ndescriptor.dynamic_typing = true;\nnode->declare_parameter(name, rclcpp::ParameterValue{}, descriptor);\n``` [[01;35m[K-Wdeprecated-declarations[m[K]
[2.714s]   449 |     Node->declare_parameter("param_trans_rot"[01;35m[K)[m[K;
[2.714s]       |                                              [01;35m[K^[m[K
[2.714s] In file included from [01m[K/opt/ros/galactic/include/rclcpp/executors/single_threaded_executor.hpp:28[m[K,
[2.714s]                  from [01m[K/opt/ros/galactic/include/rclcpp/executors.hpp:22[m[K,
[2.714s]                  from [01m[K/opt/ros/galactic/include/rclcpp/rclcpp.hpp:156[m[K,
[2.714s]                  from [01m[K/home/amlab/CarMaker_ROS2_Original/ros/ros2_ws/src/carmaker_vds_client/src/carmaker_vds_client_node.cpp:28[m[K:
[2.714s] [01m[K/opt/ros/galactic/include/rclcpp/node.hpp:422:3:[m[K [01;36m[Knote: [m[Kdeclared here
[2.714s]   422 |   [01;36m[Kdeclare_parameter[m[K(const std::string & name);
[2.714s]       |   [01;36m[K^~~~~~~~~~~~~~~~~[m[K
[2.714s] [01m[K/home/amlab/CarMaker_ROS2_Original/ros/ros2_ws/src/carmaker_vds_client/src/carmaker_vds_client_node.cpp:470:40:[m[K [01;35m[Kwarning: [m[K‘[01m[Kconst rclcpp::ParameterValue& rclcpp::Node::declare_parameter(const string&)[m[K’ is deprecated: declare_parameter() with only a name is deprecated and will be deleted in the future.\nIf you want to declare a parameter that won't change type without a default value use:\n`node->declare_parameter<ParameterT>(name)`, where e.g. ParameterT=int64_t.\n\nIf you want to declare a parameter that can dynamically change type use:\n```\nrcl_interfaces::msg::ParameterDescriptor descriptor;\ndescriptor.dynamic_typing = true;\nnode->declare_parameter(name, rclcpp::ParameterValue{}, descriptor);\n``` [[01;35m[K-Wdeprecated-declarations[m[K]
[2.714s]   470 |     Node->declare_parameter("binning_x"[01;35m[K)[m[K;
[2.714s]       |                                        [01;35m[K^[m[K
[2.714s] In file included from [01m[K/opt/ros/galactic/include/rclcpp/executors/single_threaded_executor.hpp:28[m[K,
[2.714s]                  from [01m[K/opt/ros/galactic/include/rclcpp/executors.hpp:22[m[K,
[2.715s]                  from [01m[K/opt/ros/galactic/include/rclcpp/rclcpp.hpp:156[m[K,
[2.715s]                  from [01m[K/home/amlab/CarMaker_ROS2_Original/ros/ros2_ws/src/carmaker_vds_client/src/carmaker_vds_client_node.cpp:28[m[K:
[2.715s] [01m[K/opt/ros/galactic/include/rclcpp/node.hpp:422:3:[m[K [01;36m[Knote: [m[Kdeclared here
[2.715s]   422 |   [01;36m[Kdeclare_parameter[m[K(const std::string & name);
[2.715s]       |   [01;36m[K^~~~~~~~~~~~~~~~~[m[K
[2.715s] [01m[K/home/amlab/CarMaker_ROS2_Original/ros/ros2_ws/src/carmaker_vds_client/src/carmaker_vds_client_node.cpp:477:40:[m[K [01;35m[Kwarning: [m[K‘[01m[Kconst rclcpp::ParameterValue& rclcpp::Node::declare_parameter(const string&)[m[K’ is deprecated: declare_parameter() with only a name is deprecated and will be deleted in the future.\nIf you want to declare a parameter that won't change type without a default value use:\n`node->declare_parameter<ParameterT>(name)`, where e.g. ParameterT=int64_t.\n\nIf you want to declare a parameter that can dynamically change type use:\n```\nrcl_interfaces::msg::ParameterDescriptor descriptor;\ndescriptor.dynamic_typing = true;\nnode->declare_parameter(name, rclcpp::ParameterValue{}, descriptor);\n``` [[01;35m[K-Wdeprecated-declarations[m[K]
[2.715s]   477 |     Node->declare_parameter("binning_y"[01;35m[K)[m[K;
[2.715s]       |                                        [01;35m[K^[m[K
[2.715s] In file included from [01m[K/opt/ros/galactic/include/rclcpp/executors/single_threaded_executor.hpp:28[m[K,
[2.715s]                  from [01m[K/opt/ros/galactic/include/rclcpp/executors.hpp:22[m[K,
[2.715s]                  from [01m[K/opt/ros/galactic/include/rclcpp/rclcpp.hpp:156[m[K,
[2.715s]                  from [01m[K/home/amlab/CarMaker_ROS2_Original/ros/ros2_ws/src/carmaker_vds_client/src/carmaker_vds_client_node.cpp:28[m[K:
[2.715s] [01m[K/opt/ros/galactic/include/rclcpp/node.hpp:422:3:[m[K [01;36m[Knote: [m[Kdeclared here
[2.715s]   422 |   [01;36m[Kdeclare_parameter[m[K(const std::string & name);
[2.715s]       |   [01;36m[K^~~~~~~~~~~~~~~~~[m[K
[2.715s] [01m[K/home/amlab/CarMaker_ROS2_Original/ros/ros2_ws/src/carmaker_vds_client/src/carmaker_vds_client_node.cpp:484:47:[m[K [01;35m[Kwarning: [m[K‘[01m[Kconst rclcpp::ParameterValue& rclcpp::Node::declare_parameter(const string&)[m[K’ is deprecated: declare_parameter() with only a name is deprecated and will be deleted in the future.\nIf you want to declare a parameter that won't change type without a default value use:\n`node->declare_parameter<ParameterT>(name)`, where e.g. ParameterT=int64_t.\n\nIf you want to declare a parameter that can dynamically change type use:\n```\nrcl_interfaces::msg::ParameterDescriptor descriptor;\ndescriptor.dynamic_typing = true;\nnode->declare_parameter(name, rclcpp::ParameterValue{}, descriptor);\n``` [[01;35m[K-Wdeprecated-declarations[m[K]
[2.716s]   484 |     Node->declare_parameter("distortion_model"[01;35m[K)[m[K;
[2.716s]       |                                               [01;35m[K^[m[K
[2.716s] In file included from [01m[K/opt/ros/galactic/include/rclcpp/executors/single_threaded_executor.hpp:28[m[K,
[2.716s]                  from [01m[K/opt/ros/galactic/include/rclcpp/executors.hpp:22[m[K,
[2.716s]                  from [01m[K/opt/ros/galactic/include/rclcpp/rclcpp.hpp:156[m[K,
[2.716s]                  from [01m[K/home/amlab/CarMaker_ROS2_Original/ros/ros2_ws/src/carmaker_vds_client/src/carmaker_vds_client_node.cpp:28[m[K:
[2.716s] [01m[K/opt/ros/galactic/include/rclcpp/node.hpp:422:3:[m[K [01;36m[Knote: [m[Kdeclared here
[2.716s]   422 |   [01;36m[Kdeclare_parameter[m[K(const std::string & name);
[2.716s]       |   [01;36m[K^~~~~~~~~~~~~~~~~[m[K
[2.716s] [01m[K/home/amlab/CarMaker_ROS2_Original/ros/ros2_ws/src/carmaker_vds_client/src/carmaker_vds_client_node.cpp:491:42:[m[K [01;35m[Kwarning: [m[K‘[01m[Kconst rclcpp::ParameterValue& rclcpp::Node::declare_parameter(const string&)[m[K’ is deprecated: declare_parameter() with only a name is deprecated and will be deleted in the future.\nIf you want to declare a parameter that won't change type without a default value use:\n`node->declare_parameter<ParameterT>(name)`, where e.g. ParameterT=int64_t.\n\nIf you want to declare a parameter that can dynamically change type use:\n```\nrcl_interfaces::msg::ParameterDescriptor descriptor;\ndescriptor.dynamic_typing = true;\nnode->declare_parameter(name, rclcpp::ParameterValue{}, descriptor);\n``` [[01;35m[K-Wdeprecated-declarations[m[K]
[2.716s]   491 |     Node->declare_parameter("calib_mat_k"[01;35m[K)[m[K;
[2.716s]       |                                          [01;35m[K^[m[K
[2.716s] In file included from [01m[K/opt/ros/galactic/include/rclcpp/executors/single_threaded_executor.hpp:28[m[K,
[2.716s]                  from [01m[K/opt/ros/galactic/include/rclcpp/executors.hpp:22[m[K,
[2.716s]                  from [01m[K/opt/ros/galactic/include/rclcpp/rclcpp.hpp:156[m[K,
[2.716s]                  from [01m[K/home/amlab/CarMaker_ROS2_Original/ros/ros2_ws/src/carmaker_vds_client/src/carmaker_vds_client_node.cpp:28[m[K:
[2.716s] [01m[K/opt/ros/galactic/include/rclcpp/node.hpp:422:3:[m[K [01;36m[Knote: [m[Kdeclared here
[2.716s]   422 |   [01;36m[Kdeclare_parameter[m[K(const std::string & name);
[2.716s]       |   [01;36m[K^~~~~~~~~~~~~~~~~[m[K
[2.717s] [01m[K/home/amlab/CarMaker_ROS2_Original/ros/ros2_ws/src/carmaker_vds_client/src/carmaker_vds_client_node.cpp:504:42:[m[K [01;35m[Kwarning: [m[K‘[01m[Kconst rclcpp::ParameterValue& rclcpp::Node::declare_parameter(const string&)[m[K’ is deprecated: declare_parameter() with only a name is deprecated and will be deleted in the future.\nIf you want to declare a parameter that won't change type without a default value use:\n`node->declare_parameter<ParameterT>(name)`, where e.g. ParameterT=int64_t.\n\nIf you want to declare a parameter that can dynamically change type use:\n```\nrcl_interfaces::msg::ParameterDescriptor descriptor;\ndescriptor.dynamic_typing = true;\nnode->declare_parameter(name, rclcpp::ParameterValue{}, descriptor);\n``` [[01;35m[K-Wdeprecated-declarations[m[K]
[2.717s]   504 |     Node->declare_parameter("calib_mat_r"[01;35m[K)[m[K;
[2.717s]       |                                          [01;35m[K^[m[K
[2.717s] In file included from [01m[K/opt/ros/galactic/include/rclcpp/executors/single_threaded_executor.hpp:28[m[K,
[2.717s]                  from [01m[K/opt/ros/galactic/include/rclcpp/executors.hpp:22[m[K,
[2.717s]                  from [01m[K/opt/ros/galactic/include/rclcpp/rclcpp.hpp:156[m[K,
[2.717s]                  from [01m[K/home/amlab/CarMaker_ROS2_Original/ros/ros2_ws/src/carmaker_vds_client/src/carmaker_vds_client_node.cpp:28[m[K:
[2.717s] [01m[K/opt/ros/galactic/include/rclcpp/node.hpp:422:3:[m[K [01;36m[Knote: [m[Kdeclared here
[2.717s]   422 |   [01;36m[Kdeclare_parameter[m[K(const std::string & name);
[2.717s]       |   [01;36m[K^~~~~~~~~~~~~~~~~[m[K
[2.717s] [01m[K/home/amlab/CarMaker_ROS2_Original/ros/ros2_ws/src/carmaker_vds_client/src/carmaker_vds_client_node.cpp:516:42:[m[K [01;35m[Kwarning: [m[K‘[01m[Kconst rclcpp::ParameterValue& rclcpp::Node::declare_parameter(const string&)[m[K’ is deprecated: declare_parameter() with only a name is deprecated and will be deleted in the future.\nIf you want to declare a parameter that won't change type without a default value use:\n`node->declare_parameter<ParameterT>(name)`, where e.g. ParameterT=int64_t.\n\nIf you want to declare a parameter that can dynamically change type use:\n```\nrcl_interfaces::msg::ParameterDescriptor descriptor;\ndescriptor.dynamic_typing = true;\nnode->declare_parameter(name, rclcpp::ParameterValue{}, descriptor);\n``` [[01;35m[K-Wdeprecated-declarations[m[K]
[2.717s]   516 |     Node->declare_parameter("calib_mat_p"[01;35m[K)[m[K;
[2.717s]       |                                          [01;35m[K^[m[K
[2.717s] In file included from [01m[K/opt/ros/galactic/include/rclcpp/executors/single_threaded_executor.hpp:28[m[K,
[2.717s]                  from [01m[K/opt/ros/galactic/include/rclcpp/executors.hpp:22[m[K,
[2.717s]                  from [01m[K/opt/ros/galactic/include/rclcpp/rclcpp.hpp:156[m[K,
[2.718s]                  from [01m[K/home/amlab/CarMaker_ROS2_Original/ros/ros2_ws/src/carmaker_vds_client/src/carmaker_vds_client_node.cpp:28[m[K:
[2.718s] [01m[K/opt/ros/galactic/include/rclcpp/node.hpp:422:3:[m[K [01;36m[Knote: [m[Kdeclared here
[2.718s]   422 |   [01;36m[Kdeclare_parameter[m[K(const std::string & name);
[2.718s]       |   [01;36m[K^~~~~~~~~~~~~~~~~[m[K
[2.718s] [01m[K/home/amlab/CarMaker_ROS2_Original/ros/ros2_ws/src/carmaker_vds_client/src/carmaker_vds_client_node.cpp:529:42:[m[K [01;35m[Kwarning: [m[K‘[01m[Kconst rclcpp::ParameterValue& rclcpp::Node::declare_parameter(const string&)[m[K’ is deprecated: declare_parameter() with only a name is deprecated and will be deleted in the future.\nIf you want to declare a parameter that won't change type without a default value use:\n`node->declare_parameter<ParameterT>(name)`, where e.g. ParameterT=int64_t.\n\nIf you want to declare a parameter that can dynamically change type use:\n```\nrcl_interfaces::msg::ParameterDescriptor descriptor;\ndescriptor.dynamic_typing = true;\nnode->declare_parameter(name, rclcpp::ParameterValue{}, descriptor);\n``` [[01;35m[K-Wdeprecated-declarations[m[K]
[2.718s]   529 |     Node->declare_parameter("calib_mat_d"[01;35m[K)[m[K;
[2.718s]       |                                          [01;35m[K^[m[K
[2.718s] In file included from [01m[K/opt/ros/galactic/include/rclcpp/executors/single_threaded_executor.hpp:28[m[K,
[2.718s]                  from [01m[K/opt/ros/galactic/include/rclcpp/executors.hpp:22[m[K,
[2.718s]                  from [01m[K/opt/ros/galactic/include/rclcpp/rclcpp.hpp:156[m[K,
[2.718s]                  from [01m[K/home/amlab/CarMaker_ROS2_Original/ros/ros2_ws/src/carmaker_vds_client/src/carmaker_vds_client_node.cpp:28[m[K:
[2.718s] [01m[K/opt/ros/galactic/include/rclcpp/node.hpp:422:3:[m[K [01;36m[Knote: [m[Kdeclared here
[2.718s]   422 |   [01;36m[Kdeclare_parameter[m[K(const std::string & name);
[2.718s]       |   [01;36m[K^~~~~~~~~~~~~~~~~[m[K
[4.321s] [100%] [32m[1mLinking CXX executable carmaker_vds_client_node[0m
[4.473s] [100%] Built target carmaker_vds_client_node
[4.480s] Invoked command in '/home/amlab/CarMaker_ROS2_Original/ros/ros2_ws/build/carmaker_vds_client' returned '0': CMAKE_PREFIX_PATH=/opt/ros/galactic /usr/bin/cmake --build /home/amlab/CarMaker_ROS2_Original/ros/ros2_ws/build/carmaker_vds_client -- -j12 -l12
[4.491s] Invoking command in '/home/amlab/CarMaker_ROS2_Original/ros/ros2_ws/build/carmaker_vds_client': CMAKE_PREFIX_PATH=/opt/ros/galactic /usr/bin/cmake --install /home/amlab/CarMaker_ROS2_Original/ros/ros2_ws/build/carmaker_vds_client
[4.495s] -- Install configuration: ""
[4.495s] -- Installing: /home/amlab/CarMaker_ROS2_Original/ros/ros2_ws/install/carmaker_vds_client/lib/carmaker_vds_client/carmaker_vds_client_node
[4.496s] -- Set runtime path of "/home/amlab/CarMaker_ROS2_Original/ros/ros2_ws/install/carmaker_vds_client/lib/carmaker_vds_client/carmaker_vds_client_node" to ""
[4.496s] -- Installing: /home/amlab/CarMaker_ROS2_Original/ros/ros2_ws/install/carmaker_vds_client/share/carmaker_vds_client/launch
[4.496s] -- Installing: /home/amlab/CarMaker_ROS2_Original/ros/ros2_ws/install/carmaker_vds_client/share/carmaker_vds_client/launch/multicam_example.launch.py
[4.496s] -- Installing: /home/amlab/CarMaker_ROS2_Original/ros/ros2_ws/install/carmaker_vds_client/share/carmaker_vds_client/launch/IPGMovie_VDS_helper.sh
[4.496s] -- Installing: /home/amlab/CarMaker_ROS2_Original/ros/ros2_ws/install/carmaker_vds_client/share/carmaker_vds_client/launch/multicam_example.perspective
[4.496s] -- Installing: /home/amlab/CarMaker_ROS2_Original/ros/ros2_ws/install/carmaker_vds_client/share/carmaker_vds_client/launch/carmaker_vds_client.launch.py
[4.496s] -- Installing: /home/amlab/CarMaker_ROS2_Original/ros/ros2_ws/install/carmaker_vds_client/lib/carmaker_vds_client/IPGMovie_VDS_helper.sh
[4.496s] -- Installing: /home/amlab/CarMaker_ROS2_Original/ros/ros2_ws/install/carmaker_vds_client/share/ament_index/resource_index/package_run_dependencies/carmaker_vds_client
[4.496s] -- Installing: /home/amlab/CarMaker_ROS2_Original/ros/ros2_ws/install/carmaker_vds_client/share/ament_index/resource_index/parent_prefix_path/carmaker_vds_client
[4.496s] -- Installing: /home/amlab/CarMaker_ROS2_Original/ros/ros2_ws/install/carmaker_vds_client/share/carmaker_vds_client/environment/ament_prefix_path.sh
[4.496s] -- Installing: /home/amlab/CarMaker_ROS2_Original/ros/ros2_ws/install/carmaker_vds_client/share/carmaker_vds_client/environment/ament_prefix_path.dsv
[4.496s] -- Installing: /home/amlab/CarMaker_ROS2_Original/ros/ros2_ws/install/carmaker_vds_client/share/carmaker_vds_client/environment/path.sh
[4.496s] -- Installing: /home/amlab/CarMaker_ROS2_Original/ros/ros2_ws/install/carmaker_vds_client/share/carmaker_vds_client/environment/path.dsv
[4.496s] -- Installing: /home/amlab/CarMaker_ROS2_Original/ros/ros2_ws/install/carmaker_vds_client/share/carmaker_vds_client/local_setup.bash
[4.496s] -- Installing: /home/amlab/CarMaker_ROS2_Original/ros/ros2_ws/install/carmaker_vds_client/share/carmaker_vds_client/local_setup.sh
[4.496s] -- Installing: /home/amlab/CarMaker_ROS2_Original/ros/ros2_ws/install/carmaker_vds_client/share/carmaker_vds_client/local_setup.zsh
[4.497s] -- Installing: /home/amlab/CarMaker_ROS2_Original/ros/ros2_ws/install/carmaker_vds_client/share/carmaker_vds_client/local_setup.dsv
[4.497s] -- Installing: /home/amlab/CarMaker_ROS2_Original/ros/ros2_ws/install/carmaker_vds_client/share/carmaker_vds_client/package.dsv
[4.497s] -- Installing: /home/amlab/CarMaker_ROS2_Original/ros/ros2_ws/install/carmaker_vds_client/share/ament_index/resource_index/packages/carmaker_vds_client
[4.497s] -- Installing: /home/amlab/CarMaker_ROS2_Original/ros/ros2_ws/install/carmaker_vds_client/share/carmaker_vds_client/cmake/carmaker_vds_clientConfig.cmake
[4.497s] -- Installing: /home/amlab/CarMaker_ROS2_Original/ros/ros2_ws/install/carmaker_vds_client/share/carmaker_vds_client/cmake/carmaker_vds_clientConfig-version.cmake
[4.497s] -- Installing: /home/amlab/CarMaker_ROS2_Original/ros/ros2_ws/install/carmaker_vds_client/share/carmaker_vds_client/package.xml
[4.498s] Invoked command in '/home/amlab/CarMaker_ROS2_Original/ros/ros2_ws/build/carmaker_vds_client' returned '0': CMAKE_PREFIX_PATH=/opt/ros/galactic /usr/bin/cmake --install /home/amlab/CarMaker_ROS2_Original/ros/ros2_ws/build/carmaker_vds_client
