-- Found ament_cmake: 1.1.6 (/opt/ros/galactic/share/ament_cmake/cmake)
-- Using PYTHON_EXECUTABLE: /usr/bin/python3
-- Override CMake install command with custom implementation using symlinks instead of copying resources
-- Found rclcpp: 9.2.2 (/opt/ros/galactic/share/rclcpp/cmake)
-- Using all available rosidl_typesupport_c: rosidl_typesupport_fastrtps_c;rosidl_typesupport_introspection_c
-- Found rosidl_adapter: 2.2.3 (/opt/ros/galactic/share/rosidl_adapter/cmake)
-- Using all available rosidl_typesupport_cpp: rosidl_typesupport_fastrtps_cpp;rosidl_typesupport_introspection_cpp
-- Found rmw_implementation_cmake: 3.3.1 (/opt/ros/galactic/share/rmw_implementation_cmake/cmake)
-- Found rmw_cyclonedds_cpp: 0.22.6 (/opt/ros/galactic/share/rmw_cyclonedds_cpp/cmake)
-- Using RMW implementation 'rmw_cyclonedds_cpp' as default
-- Found image_transport: 2.5.1 (/opt/ros/galactic/share/image_transport/cmake)
-- Found tf2: 0.17.5 (/opt/ros/galactic/share/tf2/cmake)
-- Found tf2_ros: 0.17.5 (/opt/ros/galactic/share/tf2_ros/cmake)
-- Found tf2_geometry_msgs: 0.17.5 (/opt/ros/galactic/share/tf2_geometry_msgs/cmake)
-- Found eigen3_cmake_module: 0.1.1 (/opt/ros/galactic/share/eigen3_cmake_module/cmake)
-- Found ament_lint_auto: 0.10.7 (/opt/ros/galactic/share/ament_lint_auto/cmake)
-- Added test 'copyright' to check source files copyright and LICENSE
-- Added test 'cppcheck' to perform static code analysis on C / C++ code
-- Configured cppcheck include dirs: /home/amlab/CarMaker_ROS2_Original/ros/ros2_ws/src/carmaker_vds_client/include
-- Configured cppcheck exclude dirs and/or files: 
-- Added test 'cpplint' to check C / C++ code against the Google style
-- Configured cpplint exclude dirs and/or files: 
-- Added test 'flake8' to check Python code syntax and style conventions
-- Added test 'lint_cmake' to check CMake code style
-- Added test 'pep257' to check Python code against some of the style conventions in PEP 257
-- Added test 'uncrustify' to check C / C++ code style
-- Configured uncrustify additional arguments: 
-- Added test 'xmllint' to check XML markup files
-- Configuring done
-- Generating done
-- Build files have been written to: /home/amlab/CarMaker_ROS2_Original/ros/ros2_ws/build/carmaker_vds_client
[100%] Built target carmaker_vds_client_node
-- Install configuration: ""
-- Execute custom install script
-- Up-to-date symlink: /home/amlab/CarMaker_ROS2_Original/ros/ros2_ws/install/carmaker_vds_client/lib/carmaker_vds_client/carmaker_vds_client_node
-- Up-to-date symlink: /home/amlab/CarMaker_ROS2_Original/ros/ros2_ws/install/carmaker_vds_client/share/carmaker_vds_client/launch/IPGMovie_VDS_helper.sh
-- Up-to-date symlink: /home/amlab/CarMaker_ROS2_Original/ros/ros2_ws/install/carmaker_vds_client/share/carmaker_vds_client/launch/carmaker_vds_client.launch.py
-- Up-to-date symlink: /home/amlab/CarMaker_ROS2_Original/ros/ros2_ws/install/carmaker_vds_client/share/carmaker_vds_client/launch/multicam_example.launch.py
-- Up-to-date symlink: /home/amlab/CarMaker_ROS2_Original/ros/ros2_ws/install/carmaker_vds_client/share/carmaker_vds_client/launch/multicam_example.perspective
-- Up-to-date symlink: /home/amlab/CarMaker_ROS2_Original/ros/ros2_ws/install/carmaker_vds_client/lib/carmaker_vds_client/IPGMovie_VDS_helper.sh
-- Up-to-date symlink: /home/amlab/CarMaker_ROS2_Original/ros/ros2_ws/install/carmaker_vds_client/share/ament_index/resource_index/package_run_dependencies/carmaker_vds_client
-- Up-to-date symlink: /home/amlab/CarMaker_ROS2_Original/ros/ros2_ws/install/carmaker_vds_client/share/ament_index/resource_index/parent_prefix_path/carmaker_vds_client
-- Up-to-date symlink: /home/amlab/CarMaker_ROS2_Original/ros/ros2_ws/install/carmaker_vds_client/share/carmaker_vds_client/environment/ament_prefix_path.sh
-- Up-to-date symlink: /home/amlab/CarMaker_ROS2_Original/ros/ros2_ws/install/carmaker_vds_client/share/carmaker_vds_client/environment/ament_prefix_path.dsv
-- Up-to-date symlink: /home/amlab/CarMaker_ROS2_Original/ros/ros2_ws/install/carmaker_vds_client/share/carmaker_vds_client/environment/path.sh
-- Up-to-date symlink: /home/amlab/CarMaker_ROS2_Original/ros/ros2_ws/install/carmaker_vds_client/share/carmaker_vds_client/environment/path.dsv
-- Up-to-date symlink: /home/amlab/CarMaker_ROS2_Original/ros/ros2_ws/install/carmaker_vds_client/share/carmaker_vds_client/local_setup.bash
-- Up-to-date symlink: /home/amlab/CarMaker_ROS2_Original/ros/ros2_ws/install/carmaker_vds_client/share/carmaker_vds_client/local_setup.sh
-- Up-to-date symlink: /home/amlab/CarMaker_ROS2_Original/ros/ros2_ws/install/carmaker_vds_client/share/carmaker_vds_client/local_setup.zsh
-- Up-to-date symlink: /home/amlab/CarMaker_ROS2_Original/ros/ros2_ws/install/carmaker_vds_client/share/carmaker_vds_client/local_setup.dsv
-- Symlinking: /home/amlab/CarMaker_ROS2_Original/ros/ros2_ws/install/carmaker_vds_client/share/carmaker_vds_client/package.dsv
-- Up-to-date symlink: /home/amlab/CarMaker_ROS2_Original/ros/ros2_ws/install/carmaker_vds_client/share/ament_index/resource_index/packages/carmaker_vds_client
-- Up-to-date symlink: /home/amlab/CarMaker_ROS2_Original/ros/ros2_ws/install/carmaker_vds_client/share/carmaker_vds_client/cmake/carmaker_vds_clientConfig.cmake
-- Up-to-date symlink: /home/amlab/CarMaker_ROS2_Original/ros/ros2_ws/install/carmaker_vds_client/share/carmaker_vds_client/cmake/carmaker_vds_clientConfig-version.cmake
-- Up-to-date symlink: /home/amlab/CarMaker_ROS2_Original/ros/ros2_ws/install/carmaker_vds_client/share/carmaker_vds_client/package.xml
