[0.479s] Invoking command in '/home/amlab/CarMaker_ROS2_Original/ros/ros2_ws/build/cmrosutils': CMAKE_PREFIX_PATH=${CMAKE_PREFIX_PATH}:/opt/ros/galactic /usr/bin/cmake --build /home/amlab/CarMaker_ROS2_Original/ros/ros2_ws/build/cmrosutils -- -j12 -l12
[0.508s] [  3%] Built target cmrosutils__cpp
[0.512s] [ 12%] Built target cmrosutils__rosidl_generator_c
[0.529s] [ 22%] Built target cmrosutils__rosidl_typesupport_fastrtps_cpp
[0.529s] [ 32%] Built target cmrosutils__rosidl_typesupport_cpp
[0.536s] [ 41%] Built target cmrosutils__rosidl_typesupport_c
[0.536s] [ 51%] Built target cmrosutils__rosidl_typesupport_introspection_c
[0.536s] [ 61%] Built target cmrosutils__rosidl_typesupport_introspection_cpp
[0.555s] [ 70%] Built target cmrosutils__rosidl_typesupport_fastrtps_c
[0.568s] [ 70%] Built target cmrosutils
[0.580s] [ 74%] Built target cmrosutils__py
[0.594s] [ 80%] Built target cmrosutils__python
[0.619s] [ 87%] Built target cmrosutils__rosidl_typesupport_introspection_c__pyext
[0.620s] [ 93%] Built target cmrosutils__rosidl_typesupport_c__pyext
[0.620s] [100%] Built target cmrosutils__rosidl_typesupport_fastrtps_c__pyext
[0.732s] Invoked command in '/home/amlab/CarMaker_ROS2_Original/ros/ros2_ws/build/cmrosutils' returned '0': CMAKE_PREFIX_PATH=${CMAKE_PREFIX_PATH}:/opt/ros/galactic /usr/bin/cmake --build /home/amlab/CarMaker_ROS2_Original/ros/ros2_ws/build/cmrosutils -- -j12 -l12
[0.913s] Invoking command in '/home/amlab/CarMaker_ROS2_Original/ros/ros2_ws/build/cmrosutils': CMAKE_PREFIX_PATH=${CMAKE_PREFIX_PATH}:/opt/ros/galactic /usr/bin/cmake --install /home/amlab/CarMaker_ROS2_Original/ros/ros2_ws/build/cmrosutils
[0.918s] -- Install configuration: ""
[0.918s] -- Execute custom install script
[0.918s] -- Up-to-date symlink: /home/amlab/CarMaker_ROS2_Original/ros/ros2_ws/install/cmrosutils/share/ament_index/resource_index/rosidl_interfaces/cmrosutils
[0.919s] -- Up-to-date symlink: /home/amlab/CarMaker_ROS2_Original/ros/ros2_ws/install/cmrosutils/include/cmrosutils/msg/rosidl_generator_c__visibility_control.h
[0.919s] -- Up-to-date symlink: /home/amlab/CarMaker_ROS2_Original/ros/ros2_ws/install/cmrosutils/include/cmrosutils/srv/cm_remote.h
[0.919s] -- Up-to-date symlink: /home/amlab/CarMaker_ROS2_Original/ros/ros2_ws/install/cmrosutils/include/cmrosutils/srv/detail/cm_remote__functions.h
[0.919s] -- Up-to-date symlink: /home/amlab/CarMaker_ROS2_Original/ros/ros2_ws/install/cmrosutils/include/cmrosutils/srv/detail/cm_remote__struct.h
[0.919s] -- Up-to-date symlink: /home/amlab/CarMaker_ROS2_Original/ros/ros2_ws/install/cmrosutils/include/cmrosutils/srv/detail/cm_remote__type_support.h
[0.919s] -- Up-to-date symlink: /home/amlab/CarMaker_ROS2_Original/ros/ros2_ws/install/cmrosutils/share/cmrosutils/environment/library_path.sh
[0.919s] -- Up-to-date symlink: /home/amlab/CarMaker_ROS2_Original/ros/ros2_ws/install/cmrosutils/share/cmrosutils/environment/library_path.dsv
[0.920s] -- Up-to-date symlink: /home/amlab/CarMaker_ROS2_Original/ros/ros2_ws/install/cmrosutils/include/cmrosutils/msg/rosidl_typesupport_fastrtps_c__visibility_control.h
[0.920s] -- Up-to-date symlink: /home/amlab/CarMaker_ROS2_Original/ros/ros2_ws/install/cmrosutils/include/cmrosutils/srv/detail/cm_remote__rosidl_typesupport_fastrtps_c.h
[0.920s] -- Up-to-date symlink: /home/amlab/CarMaker_ROS2_Original/ros/ros2_ws/install/cmrosutils/lib/libcmrosutils__rosidl_typesupport_fastrtps_c.so
[0.920s] -- Up-to-date symlink: /home/amlab/CarMaker_ROS2_Original/ros/ros2_ws/install/cmrosutils/include/cmrosutils/msg/rosidl_typesupport_fastrtps_cpp__visibility_control.h
[0.920s] -- Up-to-date symlink: /home/amlab/CarMaker_ROS2_Original/ros/ros2_ws/install/cmrosutils/include/cmrosutils/srv/detail/cm_remote__rosidl_typesupport_fastrtps_cpp.hpp
[0.921s] -- Up-to-date symlink: /home/amlab/CarMaker_ROS2_Original/ros/ros2_ws/install/cmrosutils/lib/libcmrosutils__rosidl_typesupport_fastrtps_cpp.so
[0.921s] -- Up-to-date symlink: /home/amlab/CarMaker_ROS2_Original/ros/ros2_ws/install/cmrosutils/include/cmrosutils/msg/rosidl_typesupport_introspection_c__visibility_control.h
[0.921s] -- Up-to-date symlink: /home/amlab/CarMaker_ROS2_Original/ros/ros2_ws/install/cmrosutils/include/cmrosutils/srv/detail/cm_remote__rosidl_typesupport_introspection_c.h
[0.921s] -- Up-to-date symlink: /home/amlab/CarMaker_ROS2_Original/ros/ros2_ws/install/cmrosutils/include/cmrosutils/srv/cm_remote.hpp
[0.922s] -- Up-to-date symlink: /home/amlab/CarMaker_ROS2_Original/ros/ros2_ws/install/cmrosutils/include/cmrosutils/srv/detail/cm_remote__builder.hpp
[0.922s] -- Up-to-date symlink: /home/amlab/CarMaker_ROS2_Original/ros/ros2_ws/install/cmrosutils/include/cmrosutils/srv/detail/cm_remote__struct.hpp
[0.922s] -- Up-to-date symlink: /home/amlab/CarMaker_ROS2_Original/ros/ros2_ws/install/cmrosutils/include/cmrosutils/srv/detail/cm_remote__traits.hpp
[0.922s] -- Up-to-date symlink: /home/amlab/CarMaker_ROS2_Original/ros/ros2_ws/install/cmrosutils/include/cmrosutils/srv/detail/cm_remote__rosidl_typesupport_introspection_cpp.hpp
[0.922s] -- Up-to-date symlink: /home/amlab/CarMaker_ROS2_Original/ros/ros2_ws/install/cmrosutils/share/cmrosutils/environment/pythonpath.sh
[0.922s] -- Up-to-date symlink: /home/amlab/CarMaker_ROS2_Original/ros/ros2_ws/install/cmrosutils/share/cmrosutils/environment/pythonpath.dsv
[0.923s] -- Up-to-date symlink: /home/amlab/CarMaker_ROS2_Original/ros/ros2_ws/install/cmrosutils/lib/python3.8/site-packages/cmrosutils/__init__.py
[0.923s] -- Up-to-date symlink: /home/amlab/CarMaker_ROS2_Original/ros/ros2_ws/install/cmrosutils/lib/python3.8/site-packages/cmrosutils/srv/__init__.py
[0.923s] -- Up-to-date symlink: /home/amlab/CarMaker_ROS2_Original/ros/ros2_ws/install/cmrosutils/lib/python3.8/site-packages/cmrosutils/srv/_cm_remote.py
[0.923s] -- Up-to-date symlink: /home/amlab/CarMaker_ROS2_Original/ros/ros2_ws/install/cmrosutils/lib/python3.8/site-packages/cmrosutils/cmrosutils_s__rosidl_typesupport_fastrtps_c.cpython-38-x86_64-linux-gnu.so
[0.923s] -- Up-to-date symlink: /home/amlab/CarMaker_ROS2_Original/ros/ros2_ws/install/cmrosutils/lib/python3.8/site-packages/cmrosutils/cmrosutils_s__rosidl_typesupport_introspection_c.cpython-38-x86_64-linux-gnu.so
[0.923s] -- Up-to-date symlink: /home/amlab/CarMaker_ROS2_Original/ros/ros2_ws/install/cmrosutils/lib/python3.8/site-packages/cmrosutils/cmrosutils_s__rosidl_typesupport_c.cpython-38-x86_64-linux-gnu.so
[0.924s] -- Up-to-date symlink: /home/amlab/CarMaker_ROS2_Original/ros/ros2_ws/install/cmrosutils/lib/libcmrosutils__python.so
[0.924s] -- Up-to-date symlink: /home/amlab/CarMaker_ROS2_Original/ros/ros2_ws/install/cmrosutils/share/cmrosutils/srv/CMRemote.idl
[0.924s] -- Up-to-date symlink: /home/amlab/CarMaker_ROS2_Original/ros/ros2_ws/install/cmrosutils/share/cmrosutils/srv/CMRemote.srv
[0.924s] -- Up-to-date symlink: /home/amlab/CarMaker_ROS2_Original/ros/ros2_ws/install/cmrosutils/share/cmrosutils/srv/CMRemote_Request.msg
[0.924s] -- Up-to-date symlink: /home/amlab/CarMaker_ROS2_Original/ros/ros2_ws/install/cmrosutils/share/cmrosutils/srv/CMRemote_Response.msg
[0.924s] -- Up-to-date symlink: /home/amlab/CarMaker_ROS2_Original/ros/ros2_ws/install/cmrosutils/share/ament_index/resource_index/package_run_dependencies/cmrosutils
[0.925s] -- Up-to-date symlink: /home/amlab/CarMaker_ROS2_Original/ros/ros2_ws/install/cmrosutils/share/ament_index/resource_index/parent_prefix_path/cmrosutils
[0.925s] -- Up-to-date symlink: /home/amlab/CarMaker_ROS2_Original/ros/ros2_ws/install/cmrosutils/share/cmrosutils/environment/ament_prefix_path.sh
[0.925s] -- Up-to-date symlink: /home/amlab/CarMaker_ROS2_Original/ros/ros2_ws/install/cmrosutils/share/cmrosutils/environment/ament_prefix_path.dsv
[0.925s] -- Up-to-date symlink: /home/amlab/CarMaker_ROS2_Original/ros/ros2_ws/install/cmrosutils/share/cmrosutils/environment/path.sh
[0.925s] -- Up-to-date symlink: /home/amlab/CarMaker_ROS2_Original/ros/ros2_ws/install/cmrosutils/share/cmrosutils/environment/path.dsv
[0.925s] -- Up-to-date symlink: /home/amlab/CarMaker_ROS2_Original/ros/ros2_ws/install/cmrosutils/share/cmrosutils/local_setup.bash
[0.925s] -- Up-to-date symlink: /home/amlab/CarMaker_ROS2_Original/ros/ros2_ws/install/cmrosutils/share/cmrosutils/local_setup.sh
[0.925s] -- Up-to-date symlink: /home/amlab/CarMaker_ROS2_Original/ros/ros2_ws/install/cmrosutils/share/cmrosutils/local_setup.zsh
[0.925s] -- Up-to-date symlink: /home/amlab/CarMaker_ROS2_Original/ros/ros2_ws/install/cmrosutils/share/cmrosutils/local_setup.dsv
[0.926s] -- Symlinking: /home/amlab/CarMaker_ROS2_Original/ros/ros2_ws/install/cmrosutils/share/cmrosutils/package.dsv
[0.931s] -- Up-to-date symlink: /home/amlab/CarMaker_ROS2_Original/ros/ros2_ws/install/cmrosutils/share/ament_index/resource_index/packages/cmrosutils
[0.931s] -- Up-to-date symlink: /home/amlab/CarMaker_ROS2_Original/ros/ros2_ws/install/cmrosutils/share/cmrosutils/cmake/rosidl_cmake-extras.cmake
[0.931s] -- Up-to-date symlink: /home/amlab/CarMaker_ROS2_Original/ros/ros2_ws/install/cmrosutils/share/cmrosutils/cmake/ament_cmake_export_dependencies-extras.cmake
[0.931s] -- Up-to-date symlink: /home/amlab/CarMaker_ROS2_Original/ros/ros2_ws/install/cmrosutils/share/cmrosutils/cmake/ament_cmake_export_libraries-extras.cmake
[0.932s] -- Up-to-date symlink: /home/amlab/CarMaker_ROS2_Original/ros/ros2_ws/install/cmrosutils/share/cmrosutils/cmake/ament_cmake_export_targets-extras.cmake
[0.932s] -- Up-to-date symlink: /home/amlab/CarMaker_ROS2_Original/ros/ros2_ws/install/cmrosutils/share/cmrosutils/cmake/ament_cmake_export_include_directories-extras.cmake
[0.932s] -- Up-to-date symlink: /home/amlab/CarMaker_ROS2_Original/ros/ros2_ws/install/cmrosutils/share/cmrosutils/cmake/rosidl_cmake_export_typesupport_libraries-extras.cmake
[0.932s] -- Up-to-date symlink: /home/amlab/CarMaker_ROS2_Original/ros/ros2_ws/install/cmrosutils/share/cmrosutils/cmake/rosidl_cmake_export_typesupport_targets-extras.cmake
[0.932s] -- Up-to-date symlink: /home/amlab/CarMaker_ROS2_Original/ros/ros2_ws/install/cmrosutils/share/cmrosutils/cmake/cmrosutilsConfig.cmake
[0.932s] -- Up-to-date symlink: /home/amlab/CarMaker_ROS2_Original/ros/ros2_ws/install/cmrosutils/share/cmrosutils/cmake/cmrosutilsConfig-version.cmake
[0.932s] -- Up-to-date symlink: /home/amlab/CarMaker_ROS2_Original/ros/ros2_ws/install/cmrosutils/share/cmrosutils/package.xml
[0.933s] -- Up-to-date: /home/amlab/CarMaker_ROS2_Original/ros/ros2_ws/install/cmrosutils/lib/libcmrosutils__rosidl_generator_c.so
[0.933s] -- Up-to-date: /home/amlab/CarMaker_ROS2_Original/ros/ros2_ws/install/cmrosutils/lib/libcmrosutils__rosidl_typesupport_introspection_c.so
[0.933s] -- Up-to-date: /home/amlab/CarMaker_ROS2_Original/ros/ros2_ws/install/cmrosutils/lib/libcmrosutils__rosidl_typesupport_c.so
[0.933s] -- Up-to-date: /home/amlab/CarMaker_ROS2_Original/ros/ros2_ws/install/cmrosutils/lib/libcmrosutils__rosidl_typesupport_introspection_cpp.so
[0.933s] -- Up-to-date: /home/amlab/CarMaker_ROS2_Original/ros/ros2_ws/install/cmrosutils/lib/libcmrosutils__rosidl_typesupport_cpp.so
[0.954s] -- Up-to-date: /home/amlab/CarMaker_ROS2_Original/ros/ros2_ws/install/cmrosutils/include/cmrosutils
[0.954s] -- Up-to-date: /home/amlab/CarMaker_ROS2_Original/ros/ros2_ws/install/cmrosutils/include/cmrosutils/CMRosUtils.h
[0.954s] -- Up-to-date: /home/amlab/CarMaker_ROS2_Original/ros/ros2_ws/install/cmrosutils/include/cmrosutils/CMRosIF_Utils.h
[0.955s] -- Up-to-date: /home/amlab/CarMaker_ROS2_Original/ros/ros2_ws/install/cmrosutils/share/cmrosutils/cmake/cmrosutils__rosidl_generator_cExport.cmake
[0.955s] -- Up-to-date: /home/amlab/CarMaker_ROS2_Original/ros/ros2_ws/install/cmrosutils/share/cmrosutils/cmake/cmrosutils__rosidl_generator_cExport-noconfig.cmake
[0.955s] -- Up-to-date: /home/amlab/CarMaker_ROS2_Original/ros/ros2_ws/install/cmrosutils/share/cmrosutils/cmake/cmrosutils__rosidl_typesupport_introspection_cExport.cmake
[0.955s] -- Up-to-date: /home/amlab/CarMaker_ROS2_Original/ros/ros2_ws/install/cmrosutils/share/cmrosutils/cmake/cmrosutils__rosidl_typesupport_introspection_cExport-noconfig.cmake
[0.955s] -- Up-to-date: /home/amlab/CarMaker_ROS2_Original/ros/ros2_ws/install/cmrosutils/share/cmrosutils/cmake/cmrosutils__rosidl_typesupport_cExport.cmake
[0.955s] -- Up-to-date: /home/amlab/CarMaker_ROS2_Original/ros/ros2_ws/install/cmrosutils/share/cmrosutils/cmake/cmrosutils__rosidl_typesupport_cExport-noconfig.cmake
[0.955s] -- Up-to-date: /home/amlab/CarMaker_ROS2_Original/ros/ros2_ws/install/cmrosutils/share/cmrosutils/cmake/cmrosutils__rosidl_generator_cppExport.cmake
[0.955s] -- Up-to-date: /home/amlab/CarMaker_ROS2_Original/ros/ros2_ws/install/cmrosutils/share/cmrosutils/cmake/cmrosutils__rosidl_typesupport_introspection_cppExport.cmake
[0.955s] -- Up-to-date: /home/amlab/CarMaker_ROS2_Original/ros/ros2_ws/install/cmrosutils/share/cmrosutils/cmake/cmrosutils__rosidl_typesupport_introspection_cppExport-noconfig.cmake
[0.955s] -- Up-to-date: /home/amlab/CarMaker_ROS2_Original/ros/ros2_ws/install/cmrosutils/share/cmrosutils/cmake/cmrosutils__rosidl_typesupport_cppExport.cmake
[0.955s] -- Up-to-date: /home/amlab/CarMaker_ROS2_Original/ros/ros2_ws/install/cmrosutils/share/cmrosutils/cmake/cmrosutils__rosidl_typesupport_cppExport-noconfig.cmake
[0.956s] Invoked command in '/home/amlab/CarMaker_ROS2_Original/ros/ros2_ws/build/cmrosutils' returned '0': CMAKE_PREFIX_PATH=${CMAKE_PREFIX_PATH}:/opt/ros/galactic /usr/bin/cmake --install /home/amlab/CarMaker_ROS2_Original/ros/ros2_ws/build/cmrosutils
