[0.058s] Invoking command in '/home/amlab/CarMaker_ROS2_Original/ros/ros2_ws/build/carmaker_vds_client': /usr/bin/cmake /home/amlab/CarMaker_ROS2_Original/ros/ros2_ws/src/carmaker_vds_client -DAMENT_CMAKE_SYMLINK_INSTALL=1 -DCMAKE_INSTALL_PREFIX=/home/amlab/CarMaker_ROS2_Original/ros/ros2_ws/install/carmaker_vds_client
[0.066s] -- Found ament_cmake: 1.1.6 (/opt/ros/galactic/share/ament_cmake/cmake)
[0.078s] -- Using PYTHON_EXECUTABLE: /usr/bin/python3
[0.173s] Traceback (most recent call last):
[0.173s]   File "/opt/ros/galactic/share/ament_cmake_core/cmake/package_templates/templates_2_cmake.py", line 21, in <module>
[0.173s]     from ament_package.templates import get_environment_hook_template_path
[0.173s] ModuleNotFoundError: No module named 'ament_package'
[0.186s] CMake Error at /opt/ros/galactic/share/ament_cmake_core/cmake/ament_cmake_package_templates-extras.cmake:41 (message):
[0.186s]   execute_process(/usr/bin/python3
[0.186s]   /opt/ros/galactic/share/ament_cmake_core/cmake/package_templates/templates_2_cmake.py
[0.186s]   /home/amlab/CarMaker_ROS2_Original/ros/ros2_ws/build/carmaker_vds_client/ament_cmake_package_templates/templates.cmake)
[0.186s]   returned error code 1
[0.186s] Call Stack (most recent call first):
[0.186s]   /opt/ros/galactic/share/ament_cmake_core/cmake/ament_cmake_coreConfig.cmake:41 (include)
[0.186s]   /opt/ros/galactic/share/ament_cmake/cmake/ament_cmake_export_dependencies-extras.cmake:15 (find_package)
[0.186s]   /opt/ros/galactic/share/ament_cmake/cmake/ament_cmakeConfig.cmake:41 (include)
[0.186s]   CMakeLists.txt:18 (find_package)
[0.186s] 
[0.186s] 
[0.186s] -- Configuring incomplete, errors occurred!
[0.186s] See also "/home/amlab/CarMaker_ROS2_Original/ros/ros2_ws/build/carmaker_vds_client/CMakeFiles/CMakeOutput.log".
[0.186s] See also "/home/amlab/CarMaker_ROS2_Original/ros/ros2_ws/build/carmaker_vds_client/CMakeFiles/CMakeError.log".
