[35m[1mScanning dependencies of target cm_control_example[0m
[ 50%] [32mBuilding CXX object CMakeFiles/cm_control_example.dir/src/main.cpp.o[0m
[01m[K/home/amlab/CarMaker_ROS2_Original/ros/ros2_ws/src/cm_control_example/src/main.cpp:[m[K In member function ‘[01m[Kvoid cm_control_example::vehicleInfoCallback(std_msgs::msg::Float64MultiArray_<std::allocator<void> >::SharedPtr)[m[K’:
[01m[K/home/amlab/CarMaker_ROS2_Original/ros/ros2_ws/src/cm_control_example/src/main.cpp:27:80:[m[K [01;35m[Kwarning: [m[Kunused parameter ‘[01m[Kmsg[m[K’ [[01;35m[K-Wunused-parameter[m[K]
   27 | foCallback([01;35m[Kconst std_msgs::msg::Float64MultiArray::SharedPtr msg[m[K)
      |            [01;35m[K~~~~~~~~~~~~~~~~~~~~~~~~~~~~~~~~~~~~~~~~~~~~~~~~~~^~~[m[K

[100%] [32m[1mLinking CXX executable cm_control_example[0m
[100%] Built target cm_control_example
-- Install configuration: ""
-- Installing: /home/amlab/CarMaker_ROS2_Original/ros/ros2_ws/install/cm_control_example/share/ament_index/resource_index/package_run_dependencies/cm_control_example
-- Installing: /home/amlab/CarMaker_ROS2_Original/ros/ros2_ws/install/cm_control_example/share/ament_index/resource_index/parent_prefix_path/cm_control_example
-- Installing: /home/amlab/CarMaker_ROS2_Original/ros/ros2_ws/install/cm_control_example/share/cm_control_example/environment/ament_prefix_path.sh
-- Installing: /home/amlab/CarMaker_ROS2_Original/ros/ros2_ws/install/cm_control_example/share/cm_control_example/environment/ament_prefix_path.dsv
-- Installing: /home/amlab/CarMaker_ROS2_Original/ros/ros2_ws/install/cm_control_example/share/cm_control_example/environment/path.sh
-- Installing: /home/amlab/CarMaker_ROS2_Original/ros/ros2_ws/install/cm_control_example/share/cm_control_example/environment/path.dsv
-- Installing: /home/amlab/CarMaker_ROS2_Original/ros/ros2_ws/install/cm_control_example/share/cm_control_example/local_setup.bash
-- Installing: /home/amlab/CarMaker_ROS2_Original/ros/ros2_ws/install/cm_control_example/share/cm_control_example/local_setup.sh
-- Installing: /home/amlab/CarMaker_ROS2_Original/ros/ros2_ws/install/cm_control_example/share/cm_control_example/local_setup.zsh
-- Installing: /home/amlab/CarMaker_ROS2_Original/ros/ros2_ws/install/cm_control_example/share/cm_control_example/local_setup.dsv
-- Installing: /home/amlab/CarMaker_ROS2_Original/ros/ros2_ws/install/cm_control_example/share/cm_control_example/package.dsv
-- Installing: /home/amlab/CarMaker_ROS2_Original/ros/ros2_ws/install/cm_control_example/share/ament_index/resource_index/packages/cm_control_example
-- Installing: /home/amlab/CarMaker_ROS2_Original/ros/ros2_ws/install/cm_control_example/share/cm_control_example/cmake/cm_control_exampleConfig.cmake
-- Installing: /home/amlab/CarMaker_ROS2_Original/ros/ros2_ws/install/cm_control_example/share/cm_control_example/cmake/cm_control_exampleConfig-version.cmake
-- Installing: /home/amlab/CarMaker_ROS2_Original/ros/ros2_ws/install/cm_control_example/share/cm_control_example/package.xml
-- Installing: /home/amlab/CarMaker_ROS2_Original/ros/ros2_ws/install/cm_control_example/lib/cm_control_example/cm_control_example
-- Set runtime path of "/home/amlab/CarMaker_ROS2_Original/ros/ros2_ws/install/cm_control_example/lib/cm_control_example/cm_control_example" to ""
