-- Found std_msgs: 2.2.4 (/opt/ros/galactic/share/std_msgs/cmake)
-- Using PYTHON_EXECUTABLE: /usr/bin/python3
-- Override CMake install command with custom implementation using symlinks instead of copying resources
-- Using all available rosidl_typesupport_c: rosidl_typesupport_fastrtps_c;rosidl_typesupport_introspection_c
-- Found rosidl_adapter: 2.2.3 (/opt/ros/galactic/share/rosidl_adapter/cmake)
-- Using all available rosidl_typesupport_cpp: rosidl_typesupport_fastrtps_cpp;rosidl_typesupport_introspection_cpp
-- Found rosidl_default_generators: 1.1.1 (/opt/ros/galactic/share/rosidl_default_generators/cmake)
-- Found PythonInterp: /usr/bin/python3 (found version "3.8.10") 
-- Found ament_cmake_ros: 0.9.2 (/opt/ros/galactic/share/ament_cmake_ros/cmake)
-- Using all available rosidl_typesupport_c: rosidl_typesupport_fastrtps_c;rosidl_typesupport_introspection_c
-- Using all available rosidl_typesupport_cpp: rosidl_typesupport_fastrtps_cpp;rosidl_typesupport_introspection_cpp
-- Found PythonInterp: /usr/bin/python3 (found suitable version "3.8.10", minimum required is "3.5") 
-- Found python_cmake_module: 0.8.1 (/opt/ros/galactic/share/python_cmake_module/cmake)
-- Using PYTHON_EXECUTABLE: /usr/bin/python3
-- Using PYTHON_INCLUDE_DIRS: /usr/include/python3.8
-- Using PYTHON_LIBRARIES: /usr/lib/x86_64-linux-gnu/libpython3.8.so
-- Found ament_lint_auto: 0.10.7 (/opt/ros/galactic/share/ament_lint_auto/cmake)
-- Added test 'copyright' to check source files copyright and LICENSE
-- Added test 'cppcheck' to perform static code analysis on C / C++ code
-- Configured cppcheck include dirs: 
-- Configured cppcheck exclude dirs and/or files: 
-- Added test 'cpplint' to check C / C++ code against the Google style
-- Configured cpplint exclude dirs and/or files: 
-- Added test 'lint_cmake' to check CMake code style
-- Added test 'uncrustify' to check C / C++ code style
-- Configured uncrustify additional arguments: 
-- Added test 'xmllint' to check XML markup files
-- Configuring done
-- Generating done
-- Build files have been written to: /home/amlab/CarMaker_ROS2_Original/ros/ros2_ws/build/cmrosutils
[  3%] Built target cmrosutils__cpp
[ 12%] Built target cmrosutils__rosidl_generator_c
[ 32%] Built target cmrosutils__rosidl_typesupport_c
[ 32%] Built target cmrosutils__rosidl_typesupport_cpp
[ 41%] Built target cmrosutils__rosidl_typesupport_introspection_c
[ 51%] Built target cmrosutils__rosidl_typesupport_introspection_cpp
[ 54%] [32m[1mLinking CXX shared library libcmrosutils__rosidl_typesupport_fastrtps_cpp.so[0m
[ 61%] Built target cmrosutils__rosidl_typesupport_fastrtps_cpp
[ 64%] [32m[1mLinking CXX shared library libcmrosutils__rosidl_typesupport_fastrtps_c.so[0m
[ 70%] Built target cmrosutils__rosidl_typesupport_fastrtps_c
[ 70%] Built target cmrosutils
[ 74%] Built target cmrosutils__py
[ 77%] [32m[1mLinking C shared library rosidl_generator_py/cmrosutils/libcmrosutils__python.so[0m
[ 80%] Built target cmrosutils__python
[ 83%] [32m[1mLinking C shared library rosidl_generator_py/cmrosutils/cmrosutils_s__rosidl_typesupport_introspection_c.cpython-38-x86_64-linux-gnu.so[0m
[ 87%] [32m[1mLinking CXX shared library rosidl_generator_py/cmrosutils/cmrosutils_s__rosidl_typesupport_fastrtps_c.cpython-38-x86_64-linux-gnu.so[0m
[ 90%] [32m[1mLinking C shared library rosidl_generator_py/cmrosutils/cmrosutils_s__rosidl_typesupport_c.cpython-38-x86_64-linux-gnu.so[0m
[ 96%] Built target cmrosutils__rosidl_typesupport_c__pyext
[ 96%] Built target cmrosutils__rosidl_typesupport_introspection_c__pyext
[100%] Built target cmrosutils__rosidl_typesupport_fastrtps_c__pyext
