-- Found std_msgs: 2.2.4 (/opt/ros/galactic/share/std_msgs/cmake)
-- Using PYTHON_EXECUTABLE: /usr/bin/python3
-- Override CMake install command with custom implementation using symlinks instead of copying resources
-- Using all available rosidl_typesupport_c: rosidl_typesupport_fastrtps_c;rosidl_typesupport_introspection_c
-- Found rosidl_adapter: 2.2.3 (/opt/ros/galactic/share/rosidl_adapter/cmake)
-- Using all available rosidl_typesupport_cpp: rosidl_typesupport_fastrtps_cpp;rosidl_typesupport_introspection_cpp
-- Found rosidl_default_generators: 1.1.1 (/opt/ros/galactic/share/rosidl_default_generators/cmake)
-- Found PythonInterp: /usr/bin/python3 (found version "3.8.10") 
-- Found ament_cmake_cppcheck: 0.10.7 (/opt/ros/galactic/share/ament_cmake_cppcheck/cmake)
-- Found ament_cmake_cpplint: 0.10.7 (/opt/ros/galactic/share/ament_cmake_cpplint/cmake)
-- Found ament_cmake_uncrustify: 0.10.7 (/opt/ros/galactic/share/ament_cmake_uncrustify/cmake)
-- Found ament_cmake_ros: 0.9.2 (/opt/ros/galactic/share/ament_cmake_ros/cmake)
-- Using all available rosidl_typesupport_c: rosidl_typesupport_fastrtps_c;rosidl_typesupport_introspection_c
-- Using all available rosidl_typesupport_cpp: rosidl_typesupport_fastrtps_cpp;rosidl_typesupport_introspection_cpp
-- Found PythonInterp: /usr/bin/python3 (found suitable version "3.8.10", minimum required is "3.5") 
-- Found python_cmake_module: 0.8.1 (/opt/ros/galactic/share/python_cmake_module/cmake)
-- Using PYTHON_EXECUTABLE: /usr/bin/python3
-- Using PYTHON_INCLUDE_DIRS: /usr/include/python3.8
-- Using PYTHON_LIBRARIES: /usr/lib/x86_64-linux-gnu/libpython3.8.so
-- Found ament_cmake_flake8: 0.10.7 (/opt/ros/galactic/share/ament_cmake_flake8/cmake)
-- Found ament_cmake_pep257: 0.10.7 (/opt/ros/galactic/share/ament_cmake_pep257/cmake)
-- Found ament_lint_auto: 0.10.7 (/opt/ros/galactic/share/ament_lint_auto/cmake)
-- Added test 'copyright' to check source files copyright and LICENSE
-- Added test 'lint_cmake' to check CMake code style
-- Added test 'xmllint' to check XML markup files
-- Configuring done
-- Generating done
-- Build files have been written to: /home/amlab/CarMaker_ROS2_Original/ros/ros2_ws/build/hellocm_msgs
[  0%] Built target hellocm_msgs__cpp
[ 12%] Built target hellocm_msgs__rosidl_generator_c
[ 27%] Built target hellocm_msgs__rosidl_typesupport_cpp
[ 36%] Built target hellocm_msgs__rosidl_typesupport_introspection_cpp
[ 47%] Built target hellocm_msgs__rosidl_typesupport_c
[ 59%] Built target hellocm_msgs__rosidl_typesupport_introspection_c
[ 70%] Built target hellocm_msgs__rosidl_typesupport_fastrtps_cpp
[ 82%] Built target hellocm_msgs__rosidl_typesupport_fastrtps_c
[ 82%] Built target hellocm_msgs
[ 83%] Built target hellocm_msgs__py
[ 94%] Built target hellocm_msgs__python
[ 98%] Built target hellocm_msgs__rosidl_typesupport_introspection_c__pyext
[ 98%] Built target hellocm_msgs__rosidl_typesupport_fastrtps_c__pyext
[100%] Built target hellocm_msgs__rosidl_typesupport_c__pyext
-- Install configuration: ""
-- Execute custom install script
-- Up-to-date symlink: /home/amlab/CarMaker_ROS2_Original/ros/ros2_ws/install/hellocm_msgs/share/ament_index/resource_index/rosidl_interfaces/hellocm_msgs
-- Up-to-date symlink: /home/amlab/CarMaker_ROS2_Original/ros/ros2_ws/install/hellocm_msgs/include/hellocm_msgs/msg/cm2_ext.h
-- Up-to-date symlink: /home/amlab/CarMaker_ROS2_Original/ros/ros2_ws/install/hellocm_msgs/include/hellocm_msgs/msg/detail/cm2_ext__functions.h
-- Up-to-date symlink: /home/amlab/CarMaker_ROS2_Original/ros/ros2_ws/install/hellocm_msgs/include/hellocm_msgs/msg/detail/cm2_ext__struct.h
-- Up-to-date symlink: /home/amlab/CarMaker_ROS2_Original/ros/ros2_ws/install/hellocm_msgs/include/hellocm_msgs/msg/detail/cm2_ext__type_support.h
-- Up-to-date symlink: /home/amlab/CarMaker_ROS2_Original/ros/ros2_ws/install/hellocm_msgs/include/hellocm_msgs/msg/detail/ext2_cm__functions.h
-- Up-to-date symlink: /home/amlab/CarMaker_ROS2_Original/ros/ros2_ws/install/hellocm_msgs/include/hellocm_msgs/msg/detail/ext2_cm__struct.h
-- Up-to-date symlink: /home/amlab/CarMaker_ROS2_Original/ros/ros2_ws/install/hellocm_msgs/include/hellocm_msgs/msg/detail/ext2_cm__type_support.h
-- Up-to-date symlink: /home/amlab/CarMaker_ROS2_Original/ros/ros2_ws/install/hellocm_msgs/include/hellocm_msgs/msg/detail/gps_out__functions.h
-- Up-to-date symlink: /home/amlab/CarMaker_ROS2_Original/ros/ros2_ws/install/hellocm_msgs/include/hellocm_msgs/msg/detail/gps_out__struct.h
-- Up-to-date symlink: /home/amlab/CarMaker_ROS2_Original/ros/ros2_ws/install/hellocm_msgs/include/hellocm_msgs/msg/detail/gps_out__type_support.h
-- Up-to-date symlink: /home/amlab/CarMaker_ROS2_Original/ros/ros2_ws/install/hellocm_msgs/include/hellocm_msgs/msg/detail/imu_out__functions.h
-- Up-to-date symlink: /home/amlab/CarMaker_ROS2_Original/ros/ros2_ws/install/hellocm_msgs/include/hellocm_msgs/msg/detail/imu_out__struct.h
-- Up-to-date symlink: /home/amlab/CarMaker_ROS2_Original/ros/ros2_ws/install/hellocm_msgs/include/hellocm_msgs/msg/detail/imu_out__type_support.h
-- Up-to-date symlink: /home/amlab/CarMaker_ROS2_Original/ros/ros2_ws/install/hellocm_msgs/include/hellocm_msgs/msg/detail/object_info_out__functions.h
-- Up-to-date symlink: /home/amlab/CarMaker_ROS2_Original/ros/ros2_ws/install/hellocm_msgs/include/hellocm_msgs/msg/detail/object_info_out__struct.h
-- Up-to-date symlink: /home/amlab/CarMaker_ROS2_Original/ros/ros2_ws/install/hellocm_msgs/include/hellocm_msgs/msg/detail/object_info_out__type_support.h
-- Up-to-date symlink: /home/amlab/CarMaker_ROS2_Original/ros/ros2_ws/install/hellocm_msgs/include/hellocm_msgs/msg/detail/signal_light_in__functions.h
-- Up-to-date symlink: /home/amlab/CarMaker_ROS2_Original/ros/ros2_ws/install/hellocm_msgs/include/hellocm_msgs/msg/detail/signal_light_in__struct.h
-- Up-to-date symlink: /home/amlab/CarMaker_ROS2_Original/ros/ros2_ws/install/hellocm_msgs/include/hellocm_msgs/msg/detail/signal_light_in__type_support.h
-- Up-to-date symlink: /home/amlab/CarMaker_ROS2_Original/ros/ros2_ws/install/hellocm_msgs/include/hellocm_msgs/msg/detail/speed_limit__functions.h
-- Up-to-date symlink: /home/amlab/CarMaker_ROS2_Original/ros/ros2_ws/install/hellocm_msgs/include/hellocm_msgs/msg/detail/speed_limit__struct.h
-- Up-to-date symlink: /home/amlab/CarMaker_ROS2_Original/ros/ros2_ws/install/hellocm_msgs/include/hellocm_msgs/msg/detail/speed_limit__type_support.h
-- Up-to-date symlink: /home/amlab/CarMaker_ROS2_Original/ros/ros2_ws/install/hellocm_msgs/include/hellocm_msgs/msg/detail/vehicle_control_in__functions.h
-- Up-to-date symlink: /home/amlab/CarMaker_ROS2_Original/ros/ros2_ws/install/hellocm_msgs/include/hellocm_msgs/msg/detail/vehicle_control_in__struct.h
-- Up-to-date symlink: /home/amlab/CarMaker_ROS2_Original/ros/ros2_ws/install/hellocm_msgs/include/hellocm_msgs/msg/detail/vehicle_control_in__type_support.h
-- Up-to-date symlink: /home/amlab/CarMaker_ROS2_Original/ros/ros2_ws/install/hellocm_msgs/include/hellocm_msgs/msg/detail/vehicle_info_out__functions.h
-- Up-to-date symlink: /home/amlab/CarMaker_ROS2_Original/ros/ros2_ws/install/hellocm_msgs/include/hellocm_msgs/msg/detail/vehicle_info_out__struct.h
-- Up-to-date symlink: /home/amlab/CarMaker_ROS2_Original/ros/ros2_ws/install/hellocm_msgs/include/hellocm_msgs/msg/detail/vehicle_info_out__type_support.h
-- Up-to-date symlink: /home/amlab/CarMaker_ROS2_Original/ros/ros2_ws/install/hellocm_msgs/include/hellocm_msgs/msg/ext2_cm.h
-- Up-to-date symlink: /home/amlab/CarMaker_ROS2_Original/ros/ros2_ws/install/hellocm_msgs/include/hellocm_msgs/msg/gps_out.h
-- Up-to-date symlink: /home/amlab/CarMaker_ROS2_Original/ros/ros2_ws/install/hellocm_msgs/include/hellocm_msgs/msg/imu_out.h
-- Up-to-date symlink: /home/amlab/CarMaker_ROS2_Original/ros/ros2_ws/install/hellocm_msgs/include/hellocm_msgs/msg/object_info_out.h
-- Up-to-date symlink: /home/amlab/CarMaker_ROS2_Original/ros/ros2_ws/install/hellocm_msgs/include/hellocm_msgs/msg/rosidl_generator_c__visibility_control.h
-- Up-to-date symlink: /home/amlab/CarMaker_ROS2_Original/ros/ros2_ws/install/hellocm_msgs/include/hellocm_msgs/msg/signal_light_in.h
-- Up-to-date symlink: /home/amlab/CarMaker_ROS2_Original/ros/ros2_ws/install/hellocm_msgs/include/hellocm_msgs/msg/speed_limit.h
-- Up-to-date symlink: /home/amlab/CarMaker_ROS2_Original/ros/ros2_ws/install/hellocm_msgs/include/hellocm_msgs/msg/vehicle_control_in.h
-- Up-to-date symlink: /home/amlab/CarMaker_ROS2_Original/ros/ros2_ws/install/hellocm_msgs/include/hellocm_msgs/msg/vehicle_info_out.h
-- Up-to-date symlink: /home/amlab/CarMaker_ROS2_Original/ros/ros2_ws/install/hellocm_msgs/include/hellocm_msgs/srv/detail/init__functions.h
-- Up-to-date symlink: /home/amlab/CarMaker_ROS2_Original/ros/ros2_ws/install/hellocm_msgs/include/hellocm_msgs/srv/detail/init__struct.h
-- Up-to-date symlink: /home/amlab/CarMaker_ROS2_Original/ros/ros2_ws/install/hellocm_msgs/include/hellocm_msgs/srv/detail/init__type_support.h
-- Up-to-date symlink: /home/amlab/CarMaker_ROS2_Original/ros/ros2_ws/install/hellocm_msgs/include/hellocm_msgs/srv/init.h
-- Up-to-date symlink: /home/amlab/CarMaker_ROS2_Original/ros/ros2_ws/install/hellocm_msgs/share/hellocm_msgs/environment/library_path.sh
-- Up-to-date symlink: /home/amlab/CarMaker_ROS2_Original/ros/ros2_ws/install/hellocm_msgs/share/hellocm_msgs/environment/library_path.dsv
-- Up-to-date symlink: /home/amlab/CarMaker_ROS2_Original/ros/ros2_ws/install/hellocm_msgs/include/hellocm_msgs/msg/detail/cm2_ext__rosidl_typesupport_fastrtps_c.h
-- Up-to-date symlink: /home/amlab/CarMaker_ROS2_Original/ros/ros2_ws/install/hellocm_msgs/include/hellocm_msgs/msg/detail/ext2_cm__rosidl_typesupport_fastrtps_c.h
-- Up-to-date symlink: /home/amlab/CarMaker_ROS2_Original/ros/ros2_ws/install/hellocm_msgs/include/hellocm_msgs/msg/detail/gps_out__rosidl_typesupport_fastrtps_c.h
-- Up-to-date symlink: /home/amlab/CarMaker_ROS2_Original/ros/ros2_ws/install/hellocm_msgs/include/hellocm_msgs/msg/detail/imu_out__rosidl_typesupport_fastrtps_c.h
-- Up-to-date symlink: /home/amlab/CarMaker_ROS2_Original/ros/ros2_ws/install/hellocm_msgs/include/hellocm_msgs/msg/detail/object_info_out__rosidl_typesupport_fastrtps_c.h
-- Up-to-date symlink: /home/amlab/CarMaker_ROS2_Original/ros/ros2_ws/install/hellocm_msgs/include/hellocm_msgs/msg/detail/signal_light_in__rosidl_typesupport_fastrtps_c.h
-- Up-to-date symlink: /home/amlab/CarMaker_ROS2_Original/ros/ros2_ws/install/hellocm_msgs/include/hellocm_msgs/msg/detail/speed_limit__rosidl_typesupport_fastrtps_c.h
-- Up-to-date symlink: /home/amlab/CarMaker_ROS2_Original/ros/ros2_ws/install/hellocm_msgs/include/hellocm_msgs/msg/detail/vehicle_control_in__rosidl_typesupport_fastrtps_c.h
-- Up-to-date symlink: /home/amlab/CarMaker_ROS2_Original/ros/ros2_ws/install/hellocm_msgs/include/hellocm_msgs/msg/detail/vehicle_info_out__rosidl_typesupport_fastrtps_c.h
-- Up-to-date symlink: /home/amlab/CarMaker_ROS2_Original/ros/ros2_ws/install/hellocm_msgs/include/hellocm_msgs/msg/rosidl_typesupport_fastrtps_c__visibility_control.h
-- Up-to-date symlink: /home/amlab/CarMaker_ROS2_Original/ros/ros2_ws/install/hellocm_msgs/include/hellocm_msgs/srv/detail/init__rosidl_typesupport_fastrtps_c.h
-- Up-to-date symlink: /home/amlab/CarMaker_ROS2_Original/ros/ros2_ws/install/hellocm_msgs/lib/libhellocm_msgs__rosidl_typesupport_fastrtps_c.so
-- Up-to-date symlink: /home/amlab/CarMaker_ROS2_Original/ros/ros2_ws/install/hellocm_msgs/include/hellocm_msgs/msg/detail/cm2_ext__rosidl_typesupport_fastrtps_cpp.hpp
-- Up-to-date symlink: /home/amlab/CarMaker_ROS2_Original/ros/ros2_ws/install/hellocm_msgs/include/hellocm_msgs/msg/detail/ext2_cm__rosidl_typesupport_fastrtps_cpp.hpp
-- Up-to-date symlink: /home/amlab/CarMaker_ROS2_Original/ros/ros2_ws/install/hellocm_msgs/include/hellocm_msgs/msg/detail/gps_out__rosidl_typesupport_fastrtps_cpp.hpp
-- Up-to-date symlink: /home/amlab/CarMaker_ROS2_Original/ros/ros2_ws/install/hellocm_msgs/include/hellocm_msgs/msg/detail/imu_out__rosidl_typesupport_fastrtps_cpp.hpp
-- Up-to-date symlink: /home/amlab/CarMaker_ROS2_Original/ros/ros2_ws/install/hellocm_msgs/include/hellocm_msgs/msg/detail/object_info_out__rosidl_typesupport_fastrtps_cpp.hpp
-- Up-to-date symlink: /home/amlab/CarMaker_ROS2_Original/ros/ros2_ws/install/hellocm_msgs/include/hellocm_msgs/msg/detail/signal_light_in__rosidl_typesupport_fastrtps_cpp.hpp
-- Up-to-date symlink: /home/amlab/CarMaker_ROS2_Original/ros/ros2_ws/install/hellocm_msgs/include/hellocm_msgs/msg/detail/speed_limit__rosidl_typesupport_fastrtps_cpp.hpp
-- Up-to-date symlink: /home/amlab/CarMaker_ROS2_Original/ros/ros2_ws/install/hellocm_msgs/include/hellocm_msgs/msg/detail/vehicle_control_in__rosidl_typesupport_fastrtps_cpp.hpp
-- Up-to-date symlink: /home/amlab/CarMaker_ROS2_Original/ros/ros2_ws/install/hellocm_msgs/include/hellocm_msgs/msg/detail/vehicle_info_out__rosidl_typesupport_fastrtps_cpp.hpp
-- Up-to-date symlink: /home/amlab/CarMaker_ROS2_Original/ros/ros2_ws/install/hellocm_msgs/include/hellocm_msgs/msg/rosidl_typesupport_fastrtps_cpp__visibility_control.h
-- Up-to-date symlink: /home/amlab/CarMaker_ROS2_Original/ros/ros2_ws/install/hellocm_msgs/include/hellocm_msgs/srv/detail/init__rosidl_typesupport_fastrtps_cpp.hpp
-- Up-to-date symlink: /home/amlab/CarMaker_ROS2_Original/ros/ros2_ws/install/hellocm_msgs/lib/libhellocm_msgs__rosidl_typesupport_fastrtps_cpp.so
-- Up-to-date symlink: /home/amlab/CarMaker_ROS2_Original/ros/ros2_ws/install/hellocm_msgs/include/hellocm_msgs/msg/detail/cm2_ext__rosidl_typesupport_introspection_c.h
-- Up-to-date symlink: /home/amlab/CarMaker_ROS2_Original/ros/ros2_ws/install/hellocm_msgs/include/hellocm_msgs/msg/detail/ext2_cm__rosidl_typesupport_introspection_c.h
-- Up-to-date symlink: /home/amlab/CarMaker_ROS2_Original/ros/ros2_ws/install/hellocm_msgs/include/hellocm_msgs/msg/detail/gps_out__rosidl_typesupport_introspection_c.h
-- Up-to-date symlink: /home/amlab/CarMaker_ROS2_Original/ros/ros2_ws/install/hellocm_msgs/include/hellocm_msgs/msg/detail/imu_out__rosidl_typesupport_introspection_c.h
-- Up-to-date symlink: /home/amlab/CarMaker_ROS2_Original/ros/ros2_ws/install/hellocm_msgs/include/hellocm_msgs/msg/detail/object_info_out__rosidl_typesupport_introspection_c.h
-- Up-to-date symlink: /home/amlab/CarMaker_ROS2_Original/ros/ros2_ws/install/hellocm_msgs/include/hellocm_msgs/msg/detail/signal_light_in__rosidl_typesupport_introspection_c.h
-- Up-to-date symlink: /home/amlab/CarMaker_ROS2_Original/ros/ros2_ws/install/hellocm_msgs/include/hellocm_msgs/msg/detail/speed_limit__rosidl_typesupport_introspection_c.h
-- Up-to-date symlink: /home/amlab/CarMaker_ROS2_Original/ros/ros2_ws/install/hellocm_msgs/include/hellocm_msgs/msg/detail/vehicle_control_in__rosidl_typesupport_introspection_c.h
-- Up-to-date symlink: /home/amlab/CarMaker_ROS2_Original/ros/ros2_ws/install/hellocm_msgs/include/hellocm_msgs/msg/detail/vehicle_info_out__rosidl_typesupport_introspection_c.h
-- Up-to-date symlink: /home/amlab/CarMaker_ROS2_Original/ros/ros2_ws/install/hellocm_msgs/include/hellocm_msgs/msg/rosidl_typesupport_introspection_c__visibility_control.h
-- Up-to-date symlink: /home/amlab/CarMaker_ROS2_Original/ros/ros2_ws/install/hellocm_msgs/include/hellocm_msgs/srv/detail/init__rosidl_typesupport_introspection_c.h
-- Up-to-date symlink: /home/amlab/CarMaker_ROS2_Original/ros/ros2_ws/install/hellocm_msgs/include/hellocm_msgs/msg/cm2_ext.hpp
-- Up-to-date symlink: /home/amlab/CarMaker_ROS2_Original/ros/ros2_ws/install/hellocm_msgs/include/hellocm_msgs/msg/detail/cm2_ext__builder.hpp
-- Up-to-date symlink: /home/amlab/CarMaker_ROS2_Original/ros/ros2_ws/install/hellocm_msgs/include/hellocm_msgs/msg/detail/cm2_ext__struct.hpp
-- Up-to-date symlink: /home/amlab/CarMaker_ROS2_Original/ros/ros2_ws/install/hellocm_msgs/include/hellocm_msgs/msg/detail/cm2_ext__traits.hpp
-- Up-to-date symlink: /home/amlab/CarMaker_ROS2_Original/ros/ros2_ws/install/hellocm_msgs/include/hellocm_msgs/msg/detail/ext2_cm__builder.hpp
-- Up-to-date symlink: /home/amlab/CarMaker_ROS2_Original/ros/ros2_ws/install/hellocm_msgs/include/hellocm_msgs/msg/detail/ext2_cm__struct.hpp
-- Up-to-date symlink: /home/amlab/CarMaker_ROS2_Original/ros/ros2_ws/install/hellocm_msgs/include/hellocm_msgs/msg/detail/ext2_cm__traits.hpp
-- Up-to-date symlink: /home/amlab/CarMaker_ROS2_Original/ros/ros2_ws/install/hellocm_msgs/include/hellocm_msgs/msg/detail/gps_out__builder.hpp
-- Up-to-date symlink: /home/amlab/CarMaker_ROS2_Original/ros/ros2_ws/install/hellocm_msgs/include/hellocm_msgs/msg/detail/gps_out__struct.hpp
-- Up-to-date symlink: /home/amlab/CarMaker_ROS2_Original/ros/ros2_ws/install/hellocm_msgs/include/hellocm_msgs/msg/detail/gps_out__traits.hpp
-- Up-to-date symlink: /home/amlab/CarMaker_ROS2_Original/ros/ros2_ws/install/hellocm_msgs/include/hellocm_msgs/msg/detail/imu_out__builder.hpp
-- Up-to-date symlink: /home/amlab/CarMaker_ROS2_Original/ros/ros2_ws/install/hellocm_msgs/include/hellocm_msgs/msg/detail/imu_out__struct.hpp
-- Up-to-date symlink: /home/amlab/CarMaker_ROS2_Original/ros/ros2_ws/install/hellocm_msgs/include/hellocm_msgs/msg/detail/imu_out__traits.hpp
-- Up-to-date symlink: /home/amlab/CarMaker_ROS2_Original/ros/ros2_ws/install/hellocm_msgs/include/hellocm_msgs/msg/detail/object_info_out__builder.hpp
-- Up-to-date symlink: /home/amlab/CarMaker_ROS2_Original/ros/ros2_ws/install/hellocm_msgs/include/hellocm_msgs/msg/detail/object_info_out__struct.hpp
-- Up-to-date symlink: /home/amlab/CarMaker_ROS2_Original/ros/ros2_ws/install/hellocm_msgs/include/hellocm_msgs/msg/detail/object_info_out__traits.hpp
-- Up-to-date symlink: /home/amlab/CarMaker_ROS2_Original/ros/ros2_ws/install/hellocm_msgs/include/hellocm_msgs/msg/detail/signal_light_in__builder.hpp
-- Up-to-date symlink: /home/amlab/CarMaker_ROS2_Original/ros/ros2_ws/install/hellocm_msgs/include/hellocm_msgs/msg/detail/signal_light_in__struct.hpp
-- Up-to-date symlink: /home/amlab/CarMaker_ROS2_Original/ros/ros2_ws/install/hellocm_msgs/include/hellocm_msgs/msg/detail/signal_light_in__traits.hpp
-- Up-to-date symlink: /home/amlab/CarMaker_ROS2_Original/ros/ros2_ws/install/hellocm_msgs/include/hellocm_msgs/msg/detail/speed_limit__builder.hpp
-- Up-to-date symlink: /home/amlab/CarMaker_ROS2_Original/ros/ros2_ws/install/hellocm_msgs/include/hellocm_msgs/msg/detail/speed_limit__struct.hpp
-- Up-to-date symlink: /home/amlab/CarMaker_ROS2_Original/ros/ros2_ws/install/hellocm_msgs/include/hellocm_msgs/msg/detail/speed_limit__traits.hpp
-- Up-to-date symlink: /home/amlab/CarMaker_ROS2_Original/ros/ros2_ws/install/hellocm_msgs/include/hellocm_msgs/msg/detail/vehicle_control_in__builder.hpp
-- Up-to-date symlink: /home/amlab/CarMaker_ROS2_Original/ros/ros2_ws/install/hellocm_msgs/include/hellocm_msgs/msg/detail/vehicle_control_in__struct.hpp
-- Up-to-date symlink: /home/amlab/CarMaker_ROS2_Original/ros/ros2_ws/install/hellocm_msgs/include/hellocm_msgs/msg/detail/vehicle_control_in__traits.hpp
-- Up-to-date symlink: /home/amlab/CarMaker_ROS2_Original/ros/ros2_ws/install/hellocm_msgs/include/hellocm_msgs/msg/detail/vehicle_info_out__builder.hpp
-- Up-to-date symlink: /home/amlab/CarMaker_ROS2_Original/ros/ros2_ws/install/hellocm_msgs/include/hellocm_msgs/msg/detail/vehicle_info_out__struct.hpp
-- Up-to-date symlink: /home/amlab/CarMaker_ROS2_Original/ros/ros2_ws/install/hellocm_msgs/include/hellocm_msgs/msg/detail/vehicle_info_out__traits.hpp
-- Up-to-date symlink: /home/amlab/CarMaker_ROS2_Original/ros/ros2_ws/install/hellocm_msgs/include/hellocm_msgs/msg/ext2_cm.hpp
-- Up-to-date symlink: /home/amlab/CarMaker_ROS2_Original/ros/ros2_ws/install/hellocm_msgs/include/hellocm_msgs/msg/gps_out.hpp
-- Up-to-date symlink: /home/amlab/CarMaker_ROS2_Original/ros/ros2_ws/install/hellocm_msgs/include/hellocm_msgs/msg/imu_out.hpp
-- Up-to-date symlink: /home/amlab/CarMaker_ROS2_Original/ros/ros2_ws/install/hellocm_msgs/include/hellocm_msgs/msg/object_info_out.hpp
-- Up-to-date symlink: /home/amlab/CarMaker_ROS2_Original/ros/ros2_ws/install/hellocm_msgs/include/hellocm_msgs/msg/signal_light_in.hpp
-- Up-to-date symlink: /home/amlab/CarMaker_ROS2_Original/ros/ros2_ws/install/hellocm_msgs/include/hellocm_msgs/msg/speed_limit.hpp
-- Up-to-date symlink: /home/amlab/CarMaker_ROS2_Original/ros/ros2_ws/install/hellocm_msgs/include/hellocm_msgs/msg/vehicle_control_in.hpp
-- Up-to-date symlink: /home/amlab/CarMaker_ROS2_Original/ros/ros2_ws/install/hellocm_msgs/include/hellocm_msgs/msg/vehicle_info_out.hpp
-- Up-to-date symlink: /home/amlab/CarMaker_ROS2_Original/ros/ros2_ws/install/hellocm_msgs/include/hellocm_msgs/srv/detail/init__builder.hpp
-- Up-to-date symlink: /home/amlab/CarMaker_ROS2_Original/ros/ros2_ws/install/hellocm_msgs/include/hellocm_msgs/srv/detail/init__struct.hpp
-- Up-to-date symlink: /home/amlab/CarMaker_ROS2_Original/ros/ros2_ws/install/hellocm_msgs/include/hellocm_msgs/srv/detail/init__traits.hpp
-- Up-to-date symlink: /home/amlab/CarMaker_ROS2_Original/ros/ros2_ws/install/hellocm_msgs/include/hellocm_msgs/srv/init.hpp
-- Up-to-date symlink: /home/amlab/CarMaker_ROS2_Original/ros/ros2_ws/install/hellocm_msgs/include/hellocm_msgs/msg/detail/cm2_ext__rosidl_typesupport_introspection_cpp.hpp
-- Up-to-date symlink: /home/amlab/CarMaker_ROS2_Original/ros/ros2_ws/install/hellocm_msgs/include/hellocm_msgs/msg/detail/ext2_cm__rosidl_typesupport_introspection_cpp.hpp
-- Up-to-date symlink: /home/amlab/CarMaker_ROS2_Original/ros/ros2_ws/install/hellocm_msgs/include/hellocm_msgs/msg/detail/gps_out__rosidl_typesupport_introspection_cpp.hpp
-- Up-to-date symlink: /home/amlab/CarMaker_ROS2_Original/ros/ros2_ws/install/hellocm_msgs/include/hellocm_msgs/msg/detail/imu_out__rosidl_typesupport_introspection_cpp.hpp
-- Up-to-date symlink: /home/amlab/CarMaker_ROS2_Original/ros/ros2_ws/install/hellocm_msgs/include/hellocm_msgs/msg/detail/object_info_out__rosidl_typesupport_introspection_cpp.hpp
-- Up-to-date symlink: /home/amlab/CarMaker_ROS2_Original/ros/ros2_ws/install/hellocm_msgs/include/hellocm_msgs/msg/detail/signal_light_in__rosidl_typesupport_introspection_cpp.hpp
-- Up-to-date symlink: /home/amlab/CarMaker_ROS2_Original/ros/ros2_ws/install/hellocm_msgs/include/hellocm_msgs/msg/detail/speed_limit__rosidl_typesupport_introspection_cpp.hpp
-- Up-to-date symlink: /home/amlab/CarMaker_ROS2_Original/ros/ros2_ws/install/hellocm_msgs/include/hellocm_msgs/msg/detail/vehicle_control_in__rosidl_typesupport_introspection_cpp.hpp
-- Up-to-date symlink: /home/amlab/CarMaker_ROS2_Original/ros/ros2_ws/install/hellocm_msgs/include/hellocm_msgs/msg/detail/vehicle_info_out__rosidl_typesupport_introspection_cpp.hpp
-- Up-to-date symlink: /home/amlab/CarMaker_ROS2_Original/ros/ros2_ws/install/hellocm_msgs/include/hellocm_msgs/srv/detail/init__rosidl_typesupport_introspection_cpp.hpp
-- Up-to-date symlink: /home/amlab/CarMaker_ROS2_Original/ros/ros2_ws/install/hellocm_msgs/share/hellocm_msgs/environment/pythonpath.sh
-- Up-to-date symlink: /home/amlab/CarMaker_ROS2_Original/ros/ros2_ws/install/hellocm_msgs/share/hellocm_msgs/environment/pythonpath.dsv
-- Up-to-date symlink: /home/amlab/CarMaker_ROS2_Original/ros/ros2_ws/install/hellocm_msgs/lib/python3.8/site-packages/hellocm_msgs/__init__.py
-- Up-to-date symlink: /home/amlab/CarMaker_ROS2_Original/ros/ros2_ws/install/hellocm_msgs/lib/python3.8/site-packages/hellocm_msgs/msg/__init__.py
-- Up-to-date symlink: /home/amlab/CarMaker_ROS2_Original/ros/ros2_ws/install/hellocm_msgs/lib/python3.8/site-packages/hellocm_msgs/msg/_cm2_ext.py
-- Up-to-date symlink: /home/amlab/CarMaker_ROS2_Original/ros/ros2_ws/install/hellocm_msgs/lib/python3.8/site-packages/hellocm_msgs/msg/_ext2_cm.py
-- Up-to-date symlink: /home/amlab/CarMaker_ROS2_Original/ros/ros2_ws/install/hellocm_msgs/lib/python3.8/site-packages/hellocm_msgs/msg/_gps_out.py
-- Up-to-date symlink: /home/amlab/CarMaker_ROS2_Original/ros/ros2_ws/install/hellocm_msgs/lib/python3.8/site-packages/hellocm_msgs/msg/_imu_out.py
-- Up-to-date symlink: /home/amlab/CarMaker_ROS2_Original/ros/ros2_ws/install/hellocm_msgs/lib/python3.8/site-packages/hellocm_msgs/msg/_object_info_out.py
-- Up-to-date symlink: /home/amlab/CarMaker_ROS2_Original/ros/ros2_ws/install/hellocm_msgs/lib/python3.8/site-packages/hellocm_msgs/msg/_signal_light_in.py
-- Up-to-date symlink: /home/amlab/CarMaker_ROS2_Original/ros/ros2_ws/install/hellocm_msgs/lib/python3.8/site-packages/hellocm_msgs/msg/_speed_limit.py
-- Up-to-date symlink: /home/amlab/CarMaker_ROS2_Original/ros/ros2_ws/install/hellocm_msgs/lib/python3.8/site-packages/hellocm_msgs/msg/_vehicle_control_in.py
-- Up-to-date symlink: /home/amlab/CarMaker_ROS2_Original/ros/ros2_ws/install/hellocm_msgs/lib/python3.8/site-packages/hellocm_msgs/msg/_vehicle_info_out.py
-- Up-to-date symlink: /home/amlab/CarMaker_ROS2_Original/ros/ros2_ws/install/hellocm_msgs/lib/python3.8/site-packages/hellocm_msgs/srv/__init__.py
-- Up-to-date symlink: /home/amlab/CarMaker_ROS2_Original/ros/ros2_ws/install/hellocm_msgs/lib/python3.8/site-packages/hellocm_msgs/srv/_init.py
-- Up-to-date symlink: /home/amlab/CarMaker_ROS2_Original/ros/ros2_ws/install/hellocm_msgs/lib/python3.8/site-packages/hellocm_msgs/hellocm_msgs_s__rosidl_typesupport_fastrtps_c.cpython-38-x86_64-linux-gnu.so
-- Up-to-date symlink: /home/amlab/CarMaker_ROS2_Original/ros/ros2_ws/install/hellocm_msgs/lib/python3.8/site-packages/hellocm_msgs/hellocm_msgs_s__rosidl_typesupport_introspection_c.cpython-38-x86_64-linux-gnu.so
-- Up-to-date symlink: /home/amlab/CarMaker_ROS2_Original/ros/ros2_ws/install/hellocm_msgs/lib/python3.8/site-packages/hellocm_msgs/hellocm_msgs_s__rosidl_typesupport_c.cpython-38-x86_64-linux-gnu.so
-- Up-to-date symlink: /home/amlab/CarMaker_ROS2_Original/ros/ros2_ws/install/hellocm_msgs/lib/libhellocm_msgs__python.so
-- Up-to-date symlink: /home/amlab/CarMaker_ROS2_Original/ros/ros2_ws/install/hellocm_msgs/share/hellocm_msgs/msg/CM2Ext.idl
-- Up-to-date symlink: /home/amlab/CarMaker_ROS2_Original/ros/ros2_ws/install/hellocm_msgs/share/hellocm_msgs/msg/Ext2CM.idl
-- Up-to-date symlink: /home/amlab/CarMaker_ROS2_Original/ros/ros2_ws/install/hellocm_msgs/share/hellocm_msgs/msg/GPSOut.idl
-- Up-to-date symlink: /home/amlab/CarMaker_ROS2_Original/ros/ros2_ws/install/hellocm_msgs/share/hellocm_msgs/msg/IMUOut.idl
-- Up-to-date symlink: /home/amlab/CarMaker_ROS2_Original/ros/ros2_ws/install/hellocm_msgs/share/hellocm_msgs/msg/ObjectInfoOut.idl
-- Up-to-date symlink: /home/amlab/CarMaker_ROS2_Original/ros/ros2_ws/install/hellocm_msgs/share/hellocm_msgs/msg/SignalLightIn.idl
-- Up-to-date symlink: /home/amlab/CarMaker_ROS2_Original/ros/ros2_ws/install/hellocm_msgs/share/hellocm_msgs/msg/SpeedLimit.idl
-- Up-to-date symlink: /home/amlab/CarMaker_ROS2_Original/ros/ros2_ws/install/hellocm_msgs/share/hellocm_msgs/msg/VehicleControlIn.idl
-- Up-to-date symlink: /home/amlab/CarMaker_ROS2_Original/ros/ros2_ws/install/hellocm_msgs/share/hellocm_msgs/msg/VehicleInfoOut.idl
-- Up-to-date symlink: /home/amlab/CarMaker_ROS2_Original/ros/ros2_ws/install/hellocm_msgs/share/hellocm_msgs/srv/Init.idl
-- Up-to-date symlink: /home/amlab/CarMaker_ROS2_Original/ros/ros2_ws/install/hellocm_msgs/share/hellocm_msgs/msg/CM2Ext.msg
-- Up-to-date symlink: /home/amlab/CarMaker_ROS2_Original/ros/ros2_ws/install/hellocm_msgs/share/hellocm_msgs/msg/Ext2CM.msg
-- Up-to-date symlink: /home/amlab/CarMaker_ROS2_Original/ros/ros2_ws/install/hellocm_msgs/share/hellocm_msgs/msg/GPSOut.msg
-- Up-to-date symlink: /home/amlab/CarMaker_ROS2_Original/ros/ros2_ws/install/hellocm_msgs/share/hellocm_msgs/msg/IMUOut.msg
-- Up-to-date symlink: /home/amlab/CarMaker_ROS2_Original/ros/ros2_ws/install/hellocm_msgs/share/hellocm_msgs/msg/ObjectInfoOut.msg
-- Up-to-date symlink: /home/amlab/CarMaker_ROS2_Original/ros/ros2_ws/install/hellocm_msgs/share/hellocm_msgs/msg/SignalLightIn.msg
-- Up-to-date symlink: /home/amlab/CarMaker_ROS2_Original/ros/ros2_ws/install/hellocm_msgs/share/hellocm_msgs/msg/SpeedLimit.msg
-- Up-to-date symlink: /home/amlab/CarMaker_ROS2_Original/ros/ros2_ws/install/hellocm_msgs/share/hellocm_msgs/msg/VehicleControlIn.msg
-- Up-to-date symlink: /home/amlab/CarMaker_ROS2_Original/ros/ros2_ws/install/hellocm_msgs/share/hellocm_msgs/msg/VehicleInfoOut.msg
-- Up-to-date symlink: /home/amlab/CarMaker_ROS2_Original/ros/ros2_ws/install/hellocm_msgs/share/hellocm_msgs/srv/Init.srv
-- Up-to-date symlink: /home/amlab/CarMaker_ROS2_Original/ros/ros2_ws/install/hellocm_msgs/share/hellocm_msgs/srv/Init_Request.msg
-- Up-to-date symlink: /home/amlab/CarMaker_ROS2_Original/ros/ros2_ws/install/hellocm_msgs/share/hellocm_msgs/srv/Init_Response.msg
-- Up-to-date symlink: /home/amlab/CarMaker_ROS2_Original/ros/ros2_ws/install/hellocm_msgs/share/ament_index/resource_index/package_run_dependencies/hellocm_msgs
-- Up-to-date symlink: /home/amlab/CarMaker_ROS2_Original/ros/ros2_ws/install/hellocm_msgs/share/ament_index/resource_index/parent_prefix_path/hellocm_msgs
-- Up-to-date symlink: /home/amlab/CarMaker_ROS2_Original/ros/ros2_ws/install/hellocm_msgs/share/hellocm_msgs/environment/ament_prefix_path.sh
-- Up-to-date symlink: /home/amlab/CarMaker_ROS2_Original/ros/ros2_ws/install/hellocm_msgs/share/hellocm_msgs/environment/ament_prefix_path.dsv
-- Up-to-date symlink: /home/amlab/CarMaker_ROS2_Original/ros/ros2_ws/install/hellocm_msgs/share/hellocm_msgs/environment/path.sh
-- Up-to-date symlink: /home/amlab/CarMaker_ROS2_Original/ros/ros2_ws/install/hellocm_msgs/share/hellocm_msgs/environment/path.dsv
-- Up-to-date symlink: /home/amlab/CarMaker_ROS2_Original/ros/ros2_ws/install/hellocm_msgs/share/hellocm_msgs/local_setup.bash
-- Up-to-date symlink: /home/amlab/CarMaker_ROS2_Original/ros/ros2_ws/install/hellocm_msgs/share/hellocm_msgs/local_setup.sh
-- Up-to-date symlink: /home/amlab/CarMaker_ROS2_Original/ros/ros2_ws/install/hellocm_msgs/share/hellocm_msgs/local_setup.zsh
-- Up-to-date symlink: /home/amlab/CarMaker_ROS2_Original/ros/ros2_ws/install/hellocm_msgs/share/hellocm_msgs/local_setup.dsv
-- Symlinking: /home/amlab/CarMaker_ROS2_Original/ros/ros2_ws/install/hellocm_msgs/share/hellocm_msgs/package.dsv
-- Up-to-date symlink: /home/amlab/CarMaker_ROS2_Original/ros/ros2_ws/install/hellocm_msgs/share/ament_index/resource_index/packages/hellocm_msgs
-- Up-to-date symlink: /home/amlab/CarMaker_ROS2_Original/ros/ros2_ws/install/hellocm_msgs/share/hellocm_msgs/cmake/rosidl_cmake-extras.cmake
-- Up-to-date symlink: /home/amlab/CarMaker_ROS2_Original/ros/ros2_ws/install/hellocm_msgs/share/hellocm_msgs/cmake/ament_cmake_export_dependencies-extras.cmake
-- Up-to-date symlink: /home/amlab/CarMaker_ROS2_Original/ros/ros2_ws/install/hellocm_msgs/share/hellocm_msgs/cmake/ament_cmake_export_libraries-extras.cmake
-- Up-to-date symlink: /home/amlab/CarMaker_ROS2_Original/ros/ros2_ws/install/hellocm_msgs/share/hellocm_msgs/cmake/ament_cmake_export_targets-extras.cmake
-- Up-to-date symlink: /home/amlab/CarMaker_ROS2_Original/ros/ros2_ws/install/hellocm_msgs/share/hellocm_msgs/cmake/ament_cmake_export_include_directories-extras.cmake
-- Up-to-date symlink: /home/amlab/CarMaker_ROS2_Original/ros/ros2_ws/install/hellocm_msgs/share/hellocm_msgs/cmake/rosidl_cmake_export_typesupport_libraries-extras.cmake
-- Up-to-date symlink: /home/amlab/CarMaker_ROS2_Original/ros/ros2_ws/install/hellocm_msgs/share/hellocm_msgs/cmake/rosidl_cmake_export_typesupport_targets-extras.cmake
-- Up-to-date symlink: /home/amlab/CarMaker_ROS2_Original/ros/ros2_ws/install/hellocm_msgs/share/hellocm_msgs/cmake/hellocm_msgsConfig.cmake
-- Up-to-date symlink: /home/amlab/CarMaker_ROS2_Original/ros/ros2_ws/install/hellocm_msgs/share/hellocm_msgs/cmake/hellocm_msgsConfig-version.cmake
-- Up-to-date symlink: /home/amlab/CarMaker_ROS2_Original/ros/ros2_ws/install/hellocm_msgs/share/hellocm_msgs/package.xml
-- Up-to-date: /home/amlab/CarMaker_ROS2_Original/ros/ros2_ws/install/hellocm_msgs/lib/libhellocm_msgs__rosidl_generator_c.so
-- Up-to-date: /home/amlab/CarMaker_ROS2_Original/ros/ros2_ws/install/hellocm_msgs/lib/libhellocm_msgs__rosidl_typesupport_introspection_c.so
-- Up-to-date: /home/amlab/CarMaker_ROS2_Original/ros/ros2_ws/install/hellocm_msgs/lib/libhellocm_msgs__rosidl_typesupport_c.so
-- Up-to-date: /home/amlab/CarMaker_ROS2_Original/ros/ros2_ws/install/hellocm_msgs/lib/libhellocm_msgs__rosidl_typesupport_introspection_cpp.so
-- Up-to-date: /home/amlab/CarMaker_ROS2_Original/ros/ros2_ws/install/hellocm_msgs/lib/libhellocm_msgs__rosidl_typesupport_cpp.so
Compiling '/home/amlab/CarMaker_ROS2_Original/ros/ros2_ws/install/hellocm_msgs/lib/python3.8/site-packages/hellocm_msgs/__init__.py'...
-- Up-to-date: /home/amlab/CarMaker_ROS2_Original/ros/ros2_ws/install/hellocm_msgs/share/hellocm_msgs/cmake/hellocm_msgs__rosidl_generator_cExport.cmake
-- Installing: /home/amlab/CarMaker_ROS2_Original/ros/ros2_ws/install/hellocm_msgs/share/hellocm_msgs/cmake/hellocm_msgs__rosidl_generator_cExport-noconfig.cmake
-- Up-to-date: /home/amlab/CarMaker_ROS2_Original/ros/ros2_ws/install/hellocm_msgs/share/hellocm_msgs/cmake/hellocm_msgs__rosidl_typesupport_introspection_cExport.cmake
-- Installing: /home/amlab/CarMaker_ROS2_Original/ros/ros2_ws/install/hellocm_msgs/share/hellocm_msgs/cmake/hellocm_msgs__rosidl_typesupport_introspection_cExport-noconfig.cmake
-- Up-to-date: /home/amlab/CarMaker_ROS2_Original/ros/ros2_ws/install/hellocm_msgs/share/hellocm_msgs/cmake/hellocm_msgs__rosidl_typesupport_cExport.cmake
-- Installing: /home/amlab/CarMaker_ROS2_Original/ros/ros2_ws/install/hellocm_msgs/share/hellocm_msgs/cmake/hellocm_msgs__rosidl_typesupport_cExport-noconfig.cmake
-- Up-to-date: /home/amlab/CarMaker_ROS2_Original/ros/ros2_ws/install/hellocm_msgs/share/hellocm_msgs/cmake/hellocm_msgs__rosidl_generator_cppExport.cmake
-- Up-to-date: /home/amlab/CarMaker_ROS2_Original/ros/ros2_ws/install/hellocm_msgs/share/hellocm_msgs/cmake/hellocm_msgs__rosidl_typesupport_introspection_cppExport.cmake
-- Installing: /home/amlab/CarMaker_ROS2_Original/ros/ros2_ws/install/hellocm_msgs/share/hellocm_msgs/cmake/hellocm_msgs__rosidl_typesupport_introspection_cppExport-noconfig.cmake
-- Up-to-date: /home/amlab/CarMaker_ROS2_Original/ros/ros2_ws/install/hellocm_msgs/share/hellocm_msgs/cmake/hellocm_msgs__rosidl_typesupport_cppExport.cmake
-- Installing: /home/amlab/CarMaker_ROS2_Original/ros/ros2_ws/install/hellocm_msgs/share/hellocm_msgs/cmake/hellocm_msgs__rosidl_typesupport_cppExport-noconfig.cmake
