[0.386s] Invoking command in '/home/amlab/CarMaker_ROS2_Original/ros/ros2_ws/build/cmrosutils': CMAKE_PREFIX_PATH=${CMAKE_PREFIX_PATH}:/opt/ros/galactic /usr/bin/cmake --build /home/amlab/CarMaker_ROS2_Original/ros/ros2_ws/build/cmrosutils -- -j12 -l12
[0.416s] [  3%] Built target cmrosutils__cpp
[0.416s] [ 12%] Built target cmrosutils__rosidl_generator_c
[0.432s] [ 22%] Built target cmrosutils__rosidl_typesupport_cpp
[0.434s] [ 32%] Built target cmrosutils__rosidl_typesupport_introspection_cpp
[0.436s] [ 41%] Built target cmrosutils__rosidl_typesupport_fastrtps_cpp
[0.440s] [ 51%] Built target cmrosutils__rosidl_typesupport_c
[0.448s] [ 61%] Built target cmrosutils__rosidl_typesupport_introspection_c
[0.454s] [ 70%] Built target cmrosutils__rosidl_typesupport_fastrtps_c
[0.468s] [ 70%] Built target cmrosutils
[0.478s] [ 74%] Built target cmrosutils__py
[0.492s] [ 80%] Built target cmrosutils__python
[0.507s] [ 87%] Built target cmrosutils__rosidl_typesupport_introspection_c__pyext
[0.508s] [ 93%] Built target cmrosutils__rosidl_typesupport_c__pyext
[0.509s] [100%] Built target cmrosutils__rosidl_typesupport_fastrtps_c__pyext
[0.516s] Invoked command in '/home/amlab/CarMaker_ROS2_Original/ros/ros2_ws/build/cmrosutils' returned '0': CMAKE_PREFIX_PATH=${CMAKE_PREFIX_PATH}:/opt/ros/galactic /usr/bin/cmake --build /home/amlab/CarMaker_ROS2_Original/ros/ros2_ws/build/cmrosutils -- -j12 -l12
[0.543s] Invoking command in '/home/amlab/CarMaker_ROS2_Original/ros/ros2_ws/build/cmrosutils': CMAKE_PREFIX_PATH=${CMAKE_PREFIX_PATH}:/opt/ros/galactic /usr/bin/cmake --install /home/amlab/CarMaker_ROS2_Original/ros/ros2_ws/build/cmrosutils
[0.548s] -- Install configuration: ""
[0.548s] -- Execute custom install script
[0.549s] -- Symlinking: /home/amlab/CarMaker_ROS2_Original/ros/ros2_ws/install/cmrosutils/share/ament_index/resource_index/rosidl_interfaces/cmrosutils
[0.555s] -- Symlinking: /home/amlab/CarMaker_ROS2_Original/ros/ros2_ws/install/cmrosutils/include/cmrosutils/msg/rosidl_generator_c__visibility_control.h
[0.560s] -- Symlinking: /home/amlab/CarMaker_ROS2_Original/ros/ros2_ws/install/cmrosutils/include/cmrosutils/srv/cm_remote.h
[0.565s] -- Symlinking: /home/amlab/CarMaker_ROS2_Original/ros/ros2_ws/install/cmrosutils/include/cmrosutils/srv/detail/cm_remote__functions.h
[0.570s] -- Symlinking: /home/amlab/CarMaker_ROS2_Original/ros/ros2_ws/install/cmrosutils/include/cmrosutils/srv/detail/cm_remote__struct.h
[0.574s] -- Symlinking: /home/amlab/CarMaker_ROS2_Original/ros/ros2_ws/install/cmrosutils/include/cmrosutils/srv/detail/cm_remote__type_support.h
[0.579s] -- Symlinking: /home/amlab/CarMaker_ROS2_Original/ros/ros2_ws/install/cmrosutils/share/cmrosutils/environment/library_path.sh
[0.584s] -- Symlinking: /home/amlab/CarMaker_ROS2_Original/ros/ros2_ws/install/cmrosutils/share/cmrosutils/environment/library_path.dsv
[0.590s] -- Symlinking: /home/amlab/CarMaker_ROS2_Original/ros/ros2_ws/install/cmrosutils/include/cmrosutils/msg/rosidl_typesupport_fastrtps_c__visibility_control.h
[0.594s] -- Symlinking: /home/amlab/CarMaker_ROS2_Original/ros/ros2_ws/install/cmrosutils/include/cmrosutils/srv/detail/cm_remote__rosidl_typesupport_fastrtps_c.h
[0.600s] -- Symlinking: /home/amlab/CarMaker_ROS2_Original/ros/ros2_ws/install/cmrosutils/lib/libcmrosutils__rosidl_typesupport_fastrtps_c.so
[0.605s] -- Symlinking: /home/amlab/CarMaker_ROS2_Original/ros/ros2_ws/install/cmrosutils/include/cmrosutils/msg/rosidl_typesupport_fastrtps_cpp__visibility_control.h
[0.610s] -- Symlinking: /home/amlab/CarMaker_ROS2_Original/ros/ros2_ws/install/cmrosutils/include/cmrosutils/srv/detail/cm_remote__rosidl_typesupport_fastrtps_cpp.hpp
[0.616s] -- Symlinking: /home/amlab/CarMaker_ROS2_Original/ros/ros2_ws/install/cmrosutils/lib/libcmrosutils__rosidl_typesupport_fastrtps_cpp.so
[0.623s] -- Symlinking: /home/amlab/CarMaker_ROS2_Original/ros/ros2_ws/install/cmrosutils/include/cmrosutils/msg/rosidl_typesupport_introspection_c__visibility_control.h
[0.631s] -- Symlinking: /home/amlab/CarMaker_ROS2_Original/ros/ros2_ws/install/cmrosutils/include/cmrosutils/srv/detail/cm_remote__rosidl_typesupport_introspection_c.h
[0.636s] -- Symlinking: /home/amlab/CarMaker_ROS2_Original/ros/ros2_ws/install/cmrosutils/include/cmrosutils/srv/cm_remote.hpp
[0.640s] -- Symlinking: /home/amlab/CarMaker_ROS2_Original/ros/ros2_ws/install/cmrosutils/include/cmrosutils/srv/detail/cm_remote__builder.hpp
[0.646s] -- Symlinking: /home/amlab/CarMaker_ROS2_Original/ros/ros2_ws/install/cmrosutils/include/cmrosutils/srv/detail/cm_remote__struct.hpp
[0.655s] -- Symlinking: /home/amlab/CarMaker_ROS2_Original/ros/ros2_ws/install/cmrosutils/include/cmrosutils/srv/detail/cm_remote__traits.hpp
[0.659s] -- Symlinking: /home/amlab/CarMaker_ROS2_Original/ros/ros2_ws/install/cmrosutils/include/cmrosutils/srv/detail/cm_remote__rosidl_typesupport_introspection_cpp.hpp
[0.664s] -- Symlinking: /home/amlab/CarMaker_ROS2_Original/ros/ros2_ws/install/cmrosutils/share/cmrosutils/environment/pythonpath.sh
[0.671s] -- Symlinking: /home/amlab/CarMaker_ROS2_Original/ros/ros2_ws/install/cmrosutils/share/cmrosutils/environment/pythonpath.dsv
[0.676s] -- Symlinking: /home/amlab/CarMaker_ROS2_Original/ros/ros2_ws/install/cmrosutils/lib/python3.8/site-packages/cmrosutils/__init__.py
[0.682s] -- Symlinking: /home/amlab/CarMaker_ROS2_Original/ros/ros2_ws/install/cmrosutils/lib/python3.8/site-packages/cmrosutils/srv/__init__.py
[0.687s] -- Symlinking: /home/amlab/CarMaker_ROS2_Original/ros/ros2_ws/install/cmrosutils/lib/python3.8/site-packages/cmrosutils/srv/_cm_remote.py
[0.693s] -- Symlinking: /home/amlab/CarMaker_ROS2_Original/ros/ros2_ws/install/cmrosutils/lib/python3.8/site-packages/cmrosutils/cmrosutils_s__rosidl_typesupport_fastrtps_c.cpython-38-x86_64-linux-gnu.so
[0.698s] -- Symlinking: /home/amlab/CarMaker_ROS2_Original/ros/ros2_ws/install/cmrosutils/lib/python3.8/site-packages/cmrosutils/cmrosutils_s__rosidl_typesupport_introspection_c.cpython-38-x86_64-linux-gnu.so
[0.704s] -- Symlinking: /home/amlab/CarMaker_ROS2_Original/ros/ros2_ws/install/cmrosutils/lib/python3.8/site-packages/cmrosutils/cmrosutils_s__rosidl_typesupport_c.cpython-38-x86_64-linux-gnu.so
[0.709s] -- Symlinking: /home/amlab/CarMaker_ROS2_Original/ros/ros2_ws/install/cmrosutils/lib/libcmrosutils__python.so
[0.714s] -- Symlinking: /home/amlab/CarMaker_ROS2_Original/ros/ros2_ws/install/cmrosutils/share/cmrosutils/srv/CMRemote.idl
[0.719s] -- Symlinking: /home/amlab/CarMaker_ROS2_Original/ros/ros2_ws/install/cmrosutils/share/cmrosutils/srv/CMRemote.srv
[0.724s] -- Symlinking: /home/amlab/CarMaker_ROS2_Original/ros/ros2_ws/install/cmrosutils/share/cmrosutils/srv/CMRemote_Request.msg
[0.729s] -- Symlinking: /home/amlab/CarMaker_ROS2_Original/ros/ros2_ws/install/cmrosutils/share/cmrosutils/srv/CMRemote_Response.msg
[0.734s] -- Symlinking: /home/amlab/CarMaker_ROS2_Original/ros/ros2_ws/install/cmrosutils/share/ament_index/resource_index/package_run_dependencies/cmrosutils
[0.739s] -- Symlinking: /home/amlab/CarMaker_ROS2_Original/ros/ros2_ws/install/cmrosutils/share/ament_index/resource_index/parent_prefix_path/cmrosutils
[0.744s] -- Symlinking: /home/amlab/CarMaker_ROS2_Original/ros/ros2_ws/install/cmrosutils/share/cmrosutils/environment/ament_prefix_path.sh
[0.749s] -- Symlinking: /home/amlab/CarMaker_ROS2_Original/ros/ros2_ws/install/cmrosutils/share/cmrosutils/environment/ament_prefix_path.dsv
[0.753s] -- Symlinking: /home/amlab/CarMaker_ROS2_Original/ros/ros2_ws/install/cmrosutils/share/cmrosutils/environment/path.sh
[0.758s] -- Symlinking: /home/amlab/CarMaker_ROS2_Original/ros/ros2_ws/install/cmrosutils/share/cmrosutils/environment/path.dsv
[0.763s] -- Symlinking: /home/amlab/CarMaker_ROS2_Original/ros/ros2_ws/install/cmrosutils/share/cmrosutils/local_setup.bash
[0.767s] -- Symlinking: /home/amlab/CarMaker_ROS2_Original/ros/ros2_ws/install/cmrosutils/share/cmrosutils/local_setup.sh
[0.774s] -- Symlinking: /home/amlab/CarMaker_ROS2_Original/ros/ros2_ws/install/cmrosutils/share/cmrosutils/local_setup.zsh
[0.777s] -- Symlinking: /home/amlab/CarMaker_ROS2_Original/ros/ros2_ws/install/cmrosutils/share/cmrosutils/local_setup.dsv
[0.782s] -- Symlinking: /home/amlab/CarMaker_ROS2_Original/ros/ros2_ws/install/cmrosutils/share/cmrosutils/package.dsv
[0.787s] -- Symlinking: /home/amlab/CarMaker_ROS2_Original/ros/ros2_ws/install/cmrosutils/share/ament_index/resource_index/packages/cmrosutils
[0.792s] -- Symlinking: /home/amlab/CarMaker_ROS2_Original/ros/ros2_ws/install/cmrosutils/share/cmrosutils/cmake/rosidl_cmake-extras.cmake
[0.797s] -- Symlinking: /home/amlab/CarMaker_ROS2_Original/ros/ros2_ws/install/cmrosutils/share/cmrosutils/cmake/ament_cmake_export_dependencies-extras.cmake
[0.803s] -- Symlinking: /home/amlab/CarMaker_ROS2_Original/ros/ros2_ws/install/cmrosutils/share/cmrosutils/cmake/ament_cmake_export_libraries-extras.cmake
[0.808s] -- Symlinking: /home/amlab/CarMaker_ROS2_Original/ros/ros2_ws/install/cmrosutils/share/cmrosutils/cmake/ament_cmake_export_targets-extras.cmake
[0.813s] -- Symlinking: /home/amlab/CarMaker_ROS2_Original/ros/ros2_ws/install/cmrosutils/share/cmrosutils/cmake/ament_cmake_export_include_directories-extras.cmake
[0.818s] -- Symlinking: /home/amlab/CarMaker_ROS2_Original/ros/ros2_ws/install/cmrosutils/share/cmrosutils/cmake/rosidl_cmake_export_typesupport_libraries-extras.cmake
[0.824s] -- Symlinking: /home/amlab/CarMaker_ROS2_Original/ros/ros2_ws/install/cmrosutils/share/cmrosutils/cmake/rosidl_cmake_export_typesupport_targets-extras.cmake
[0.829s] -- Symlinking: /home/amlab/CarMaker_ROS2_Original/ros/ros2_ws/install/cmrosutils/share/cmrosutils/cmake/cmrosutilsConfig.cmake
[0.834s] -- Symlinking: /home/amlab/CarMaker_ROS2_Original/ros/ros2_ws/install/cmrosutils/share/cmrosutils/cmake/cmrosutilsConfig-version.cmake
[0.838s] -- Symlinking: /home/amlab/CarMaker_ROS2_Original/ros/ros2_ws/install/cmrosutils/share/cmrosutils/package.xml
[0.843s] -- Up-to-date: /home/amlab/CarMaker_ROS2_Original/ros/ros2_ws/install/cmrosutils/lib/libcmrosutils__rosidl_generator_c.so
[0.843s] -- Up-to-date: /home/amlab/CarMaker_ROS2_Original/ros/ros2_ws/install/cmrosutils/lib/libcmrosutils__rosidl_typesupport_introspection_c.so
[0.843s] -- Up-to-date: /home/amlab/CarMaker_ROS2_Original/ros/ros2_ws/install/cmrosutils/lib/libcmrosutils__rosidl_typesupport_c.so
[0.844s] -- Up-to-date: /home/amlab/CarMaker_ROS2_Original/ros/ros2_ws/install/cmrosutils/lib/libcmrosutils__rosidl_typesupport_introspection_cpp.so
[0.844s] -- Up-to-date: /home/amlab/CarMaker_ROS2_Original/ros/ros2_ws/install/cmrosutils/lib/libcmrosutils__rosidl_typesupport_cpp.so
[0.863s] Compiling '/home/amlab/CarMaker_ROS2_Original/ros/ros2_ws/install/cmrosutils/lib/python3.8/site-packages/cmrosutils/__init__.py'...
[0.866s] -- Up-to-date: /home/amlab/CarMaker_ROS2_Original/ros/ros2_ws/install/cmrosutils/include/cmrosutils
[0.866s] -- Up-to-date: /home/amlab/CarMaker_ROS2_Original/ros/ros2_ws/install/cmrosutils/include/cmrosutils/CMRosUtils.h
[0.866s] -- Up-to-date: /home/amlab/CarMaker_ROS2_Original/ros/ros2_ws/install/cmrosutils/include/cmrosutils/CMRosIF_Utils.h
[0.866s] -- Up-to-date: /home/amlab/CarMaker_ROS2_Original/ros/ros2_ws/install/cmrosutils/share/cmrosutils/cmake/cmrosutils__rosidl_generator_cExport.cmake
[0.866s] -- Installing: /home/amlab/CarMaker_ROS2_Original/ros/ros2_ws/install/cmrosutils/share/cmrosutils/cmake/cmrosutils__rosidl_generator_cExport-noconfig.cmake
[0.866s] -- Up-to-date: /home/amlab/CarMaker_ROS2_Original/ros/ros2_ws/install/cmrosutils/share/cmrosutils/cmake/cmrosutils__rosidl_typesupport_introspection_cExport.cmake
[0.866s] -- Installing: /home/amlab/CarMaker_ROS2_Original/ros/ros2_ws/install/cmrosutils/share/cmrosutils/cmake/cmrosutils__rosidl_typesupport_introspection_cExport-noconfig.cmake
[0.867s] -- Up-to-date: /home/amlab/CarMaker_ROS2_Original/ros/ros2_ws/install/cmrosutils/share/cmrosutils/cmake/cmrosutils__rosidl_typesupport_cExport.cmake
[0.867s] -- Installing: /home/amlab/CarMaker_ROS2_Original/ros/ros2_ws/install/cmrosutils/share/cmrosutils/cmake/cmrosutils__rosidl_typesupport_cExport-noconfig.cmake
[0.867s] -- Up-to-date: /home/amlab/CarMaker_ROS2_Original/ros/ros2_ws/install/cmrosutils/share/cmrosutils/cmake/cmrosutils__rosidl_generator_cppExport.cmake
[0.867s] -- Up-to-date: /home/amlab/CarMaker_ROS2_Original/ros/ros2_ws/install/cmrosutils/share/cmrosutils/cmake/cmrosutils__rosidl_typesupport_introspection_cppExport.cmake
[0.867s] -- Installing: /home/amlab/CarMaker_ROS2_Original/ros/ros2_ws/install/cmrosutils/share/cmrosutils/cmake/cmrosutils__rosidl_typesupport_introspection_cppExport-noconfig.cmake
[0.867s] -- Up-to-date: /home/amlab/CarMaker_ROS2_Original/ros/ros2_ws/install/cmrosutils/share/cmrosutils/cmake/cmrosutils__rosidl_typesupport_cppExport.cmake
[0.867s] -- Installing: /home/amlab/CarMaker_ROS2_Original/ros/ros2_ws/install/cmrosutils/share/cmrosutils/cmake/cmrosutils__rosidl_typesupport_cppExport-noconfig.cmake
