[0.106s] Invoking command in '/home/amlab/CarMaker_ROS2_Original/ros/ros2_ws/build/cmrosutils': /usr/bin/cmake /home/amlab/CarMaker_ROS2_Original/ros/ros2_ws/src/cmrosutils -DAMENT_CMAKE_SYMLINK_INSTALL=1 -DCMAKE_INSTALL_PREFIX=/home/amlab/CarMaker_ROS2_Original/ros/ros2_ws/install/cmrosutils
[0.114s] -- Found std_msgs: 2.2.4 (/opt/ros/galactic/share/std_msgs/cmake)
[0.126s] -- Found PythonInterp: /usr/bin/python3 (found suitable version "3.8.10", minimum required is "3") 
[0.126s] -- Using PYTHON_EXECUTABLE: /usr/bin/python3
[0.214s] Traceback (most recent call last):
[0.214s]   File "/opt/ros/galactic/share/ament_cmake_core/cmake/package_templates/templates_2_cmake.py", line 21, in <module>
[0.214s]     from ament_package.templates import get_environment_hook_template_path
[0.214s] ModuleNotFoundError: No module named 'ament_package'
[0.228s] CMake Error at /opt/ros/galactic/share/ament_cmake_core/cmake/ament_cmake_package_templates-extras.cmake:41 (message):
[0.228s]   execute_process(/usr/bin/python3
[0.228s]   /opt/ros/galactic/share/ament_cmake_core/cmake/package_templates/templates_2_cmake.py
[0.228s]   /home/amlab/CarMaker_ROS2_Original/ros/ros2_ws/build/cmrosutils/ament_cmake_package_templates/templates.cmake)
[0.228s]   returned error code 1
[0.228s] Call Stack (most recent call first):
[0.228s]   /opt/ros/galactic/share/ament_cmake_core/cmake/ament_cmake_coreConfig.cmake:41 (include)
[0.228s]   /opt/ros/galactic/share/std_msgs/cmake/ament_cmake_export_dependencies-extras.cmake:15 (find_package)
[0.228s]   /opt/ros/galactic/share/std_msgs/cmake/std_msgsConfig.cmake:41 (include)
[0.228s]   CMakeLists.txt:18 (find_package)
[0.229s] 
[0.229s] 
[0.229s] -- Configuring incomplete, errors occurred!
[0.229s] See also "/home/amlab/CarMaker_ROS2_Original/ros/ros2_ws/build/cmrosutils/CMakeFiles/CMakeOutput.log".
[0.232s] Invoked command in '/home/amlab/CarMaker_ROS2_Original/ros/ros2_ws/build/cmrosutils' returned '1': /usr/bin/cmake /home/amlab/CarMaker_ROS2_Original/ros/ros2_ws/src/cmrosutils -DAMENT_CMAKE_SYMLINK_INSTALL=1 -DCMAKE_INSTALL_PREFIX=/home/amlab/CarMaker_ROS2_Original/ros/ros2_ws/install/cmrosutils
