[  0%] Built target hellocm_msgs__cpp
[ 12%] Built target hellocm_msgs__rosidl_generator_c
[ 24%] Built target hellocm_msgs__rosidl_typesupport_introspection_cpp
[ 35%] Built target hellocm_msgs__rosidl_typesupport_c
[ 47%] Built target hellocm_msgs__rosidl_typesupport_cpp
[ 59%] Built target hellocm_msgs__rosidl_typesupport_introspection_c
[ 60%] [32m[1mLinking CXX shared library libhellocm_msgs__rosidl_typesupport_fastrtps_cpp.so[0m
[ 70%] Built target hellocm_msgs__rosidl_typesupport_fastrtps_cpp
[ 71%] [32m[1mLinking CXX shared library libhellocm_msgs__rosidl_typesupport_fastrtps_c.so[0m
[ 82%] Built target hellocm_msgs__rosidl_typesupport_fastrtps_c
[ 82%] Built target hellocm_msgs
[ 83%] Built target hellocm_msgs__py
[ 84%] [32m[1mLinking C shared library rosidl_generator_py/hellocm_msgs/libhellocm_msgs__python.so[0m
[ 94%] Built target hellocm_msgs__python
[ 95%] [32m[1mLinking C shared library rosidl_generator_py/hellocm_msgs/hellocm_msgs_s__rosidl_typesupport_introspection_c.cpython-38-x86_64-linux-gnu.so[0m
[ 96%] [32m[1mLinking CXX shared library rosidl_generator_py/hellocm_msgs/hellocm_msgs_s__rosidl_typesupport_fastrtps_c.cpython-38-x86_64-linux-gnu.so[0m
[ 97%] [32m[1mLinking C shared library rosidl_generator_py/hellocm_msgs/hellocm_msgs_s__rosidl_typesupport_c.cpython-38-x86_64-linux-gnu.so[0m
[ 98%] Built target hellocm_msgs__rosidl_typesupport_introspection_c__pyext
[ 99%] Built target hellocm_msgs__rosidl_typesupport_c__pyext
[100%] Built target hellocm_msgs__rosidl_typesupport_fastrtps_c__pyext
