[0.312s] Invoking command in '/home/amlab/CarMaker_ROS2_Original/ros/ros2_ws/build/hellocm_msgs': CMAKE_PREFIX_PATH=${CMAKE_PREFIX_PATH}:/opt/ros/galactic /usr/bin/cmake --build /home/amlab/CarMaker_ROS2_Original/ros/ros2_ws/build/hellocm_msgs -- -j12 -l12
[0.345s] [  0%] Built target hellocm_msgs__cpp
[0.347s] [ 12%] Built target hellocm_msgs__rosidl_generator_c
[0.364s] [ 24%] Built target hellocm_msgs__rosidl_typesupport_introspection_cpp
[0.364s] [ 35%] Built target hellocm_msgs__rosidl_typesupport_c
[0.364s] [ 47%] Built target hellocm_msgs__rosidl_typesupport_cpp
[0.368s] [ 59%] Built target hellocm_msgs__rosidl_typesupport_introspection_c
[0.369s] [ 60%] [32m[1mLinking CXX shared library libhellocm_msgs__rosidl_typesupport_fastrtps_cpp.so[0m
[0.424s] [ 70%] Built target hellocm_msgs__rosidl_typesupport_fastrtps_cpp
[0.442s] [ 71%] [32m[1mLinking CXX shared library libhellocm_msgs__rosidl_typesupport_fastrtps_c.so[0m
[0.497s] [ 82%] Built target hellocm_msgs__rosidl_typesupport_fastrtps_c
[0.508s] [ 82%] Built target hellocm_msgs
[0.520s] [ 83%] Built target hellocm_msgs__py
[0.539s] [ 84%] [32m[1mLinking C shared library rosidl_generator_py/hellocm_msgs/libhellocm_msgs__python.so[0m
[0.567s] [ 94%] Built target hellocm_msgs__python
[0.583s] [ 95%] [32m[1mLinking C shared library rosidl_generator_py/hellocm_msgs/hellocm_msgs_s__rosidl_typesupport_introspection_c.cpython-38-x86_64-linux-gnu.so[0m
[0.583s] [ 96%] [32m[1mLinking CXX shared library rosidl_generator_py/hellocm_msgs/hellocm_msgs_s__rosidl_typesupport_fastrtps_c.cpython-38-x86_64-linux-gnu.so[0m
[0.583s] [ 97%] [32m[1mLinking C shared library rosidl_generator_py/hellocm_msgs/hellocm_msgs_s__rosidl_typesupport_c.cpython-38-x86_64-linux-gnu.so[0m
[0.605s] [ 98%] Built target hellocm_msgs__rosidl_typesupport_introspection_c__pyext
[0.610s] [ 99%] Built target hellocm_msgs__rosidl_typesupport_c__pyext
[0.625s] [100%] Built target hellocm_msgs__rosidl_typesupport_fastrtps_c__pyext
[0.705s] Invoked command in '/home/amlab/CarMaker_ROS2_Original/ros/ros2_ws/build/hellocm_msgs' returned '0': CMAKE_PREFIX_PATH=${CMAKE_PREFIX_PATH}:/opt/ros/galactic /usr/bin/cmake --build /home/amlab/CarMaker_ROS2_Original/ros/ros2_ws/build/hellocm_msgs -- -j12 -l12
