[0.319s] Invoking command in '/home/amlab/CarMaker_ROS2_Original/ros/ros2_ws/build/hellocm_msgs': CMAKE_PREFIX_PATH=${CMAKE_PREFIX_PATH}:/opt/ros/galactic /usr/bin/cmake /home/amlab/CarMaker_ROS2_Original/ros/ros2_ws/src/hellocm_msgs -DCMAKE_INSTALL_PREFIX=/home/amlab/CarMaker_ROS2_Original/ros/ros2_ws/install/hellocm_msgs
[0.327s] -- Found std_msgs: 2.2.4 (/opt/ros/galactic/share/std_msgs/cmake)
[0.340s] -- Found PythonInterp: /usr/bin/python3 (found suitable version "3.8.10", minimum required is "3") 
[0.340s] -- Using PYTHON_EXECUTABLE: /usr/bin/python3
[0.375s] -- Override CMake install command with custom implementation using symlinks instead of copying resources
[0.395s] -- Using all available rosidl_typesupport_c: rosidl_typesupport_fastrtps_c;rosidl_typesupport_introspection_c
[0.397s] -- Found rosidl_adapter: 2.2.3 (/opt/ros/galactic/share/rosidl_adapter/cmake)
[0.470s] -- Using all available rosidl_typesupport_cpp: rosidl_typesupport_fastrtps_cpp;rosidl_typesupport_introspection_cpp
[0.498s] -- Found rosidl_default_generators: 1.1.1 (/opt/ros/galactic/share/rosidl_default_generators/cmake)
[0.518s] -- Found PythonInterp: /usr/bin/python3 (found version "3.8.10") 
[0.645s] -- Found ament_cmake_cppcheck: 0.10.7 (/opt/ros/galactic/share/ament_cmake_cppcheck/cmake)
[0.646s] -- Found ament_cmake_cpplint: 0.10.7 (/opt/ros/galactic/share/ament_cmake_cpplint/cmake)
[0.646s] -- Found ament_cmake_uncrustify: 0.10.7 (/opt/ros/galactic/share/ament_cmake_uncrustify/cmake)
[0.647s] -- Found ament_cmake_ros: 0.9.2 (/opt/ros/galactic/share/ament_cmake_ros/cmake)
[0.781s] -- Using all available rosidl_typesupport_c: rosidl_typesupport_fastrtps_c;rosidl_typesupport_introspection_c
[0.846s] -- Using all available rosidl_typesupport_cpp: rosidl_typesupport_fastrtps_cpp;rosidl_typesupport_introspection_cpp
[0.866s] -- Found PythonInterp: /usr/bin/python3 (found suitable version "3.8.10", minimum required is "3.5") 
[0.866s] -- Found python_cmake_module: 0.8.1 (/opt/ros/galactic/share/python_cmake_module/cmake)
[0.882s] -- Using PYTHON_EXECUTABLE: /usr/bin/python3
[0.882s] -- Using PYTHON_INCLUDE_DIRS: /usr/include/python3.8
[0.882s] -- Using PYTHON_LIBRARIES: /usr/lib/x86_64-linux-gnu/libpython3.8.so
[0.907s] -- Found ament_cmake_flake8: 0.10.7 (/opt/ros/galactic/share/ament_cmake_flake8/cmake)
[0.907s] -- Found ament_cmake_pep257: 0.10.7 (/opt/ros/galactic/share/ament_cmake_pep257/cmake)
[0.910s] -- Found ament_lint_auto: 0.10.7 (/opt/ros/galactic/share/ament_lint_auto/cmake)
[0.917s] -- Added test 'copyright' to check source files copyright and LICENSE
[0.918s] -- Added test 'lint_cmake' to check CMake code style
[0.918s] -- Added test 'xmllint' to check XML markup files
[0.923s] -- Configuring done
[0.962s] -- Generating done
[0.964s] -- Build files have been written to: /home/amlab/CarMaker_ROS2_Original/ros/ros2_ws/build/hellocm_msgs
[0.969s] Invoked command in '/home/amlab/CarMaker_ROS2_Original/ros/ros2_ws/build/hellocm_msgs' returned '0': CMAKE_PREFIX_PATH=${CMAKE_PREFIX_PATH}:/opt/ros/galactic /usr/bin/cmake /home/amlab/CarMaker_ROS2_Original/ros/ros2_ws/src/hellocm_msgs -DCMAKE_INSTALL_PREFIX=/home/amlab/CarMaker_ROS2_Original/ros/ros2_ws/install/hellocm_msgs
[0.971s] Invoking command in '/home/amlab/CarMaker_ROS2_Original/ros/ros2_ws/build/hellocm_msgs': CMAKE_PREFIX_PATH=${CMAKE_PREFIX_PATH}:/opt/ros/galactic /usr/bin/cmake --build /home/amlab/CarMaker_ROS2_Original/ros/ros2_ws/build/hellocm_msgs -- -j12 -l12
[1.003s] [  0%] Built target hellocm_msgs__cpp
[1.008s] [ 12%] Built target hellocm_msgs__rosidl_generator_c
[1.021s] [ 24%] Built target hellocm_msgs__rosidl_typesupport_cpp
[1.022s] [ 36%] Built target hellocm_msgs__rosidl_typesupport_introspection_cpp
[1.027s] [ 47%] Built target hellocm_msgs__rosidl_typesupport_fastrtps_cpp
[1.027s] [ 58%] Built target hellocm_msgs__rosidl_typesupport_c
[1.028s] [ 70%] Built target hellocm_msgs__rosidl_typesupport_introspection_c
[1.048s] [ 82%] Built target hellocm_msgs__rosidl_typesupport_fastrtps_c
[1.061s] [ 82%] Built target hellocm_msgs
[1.073s] [ 83%] Built target hellocm_msgs__py
[1.092s] [ 94%] Built target hellocm_msgs__python
[1.108s] [ 96%] Built target hellocm_msgs__rosidl_typesupport_c__pyext
[1.108s] [ 98%] Built target hellocm_msgs__rosidl_typesupport_introspection_c__pyext
[1.110s] [100%] Built target hellocm_msgs__rosidl_typesupport_fastrtps_c__pyext
[1.224s] Invoked command in '/home/amlab/CarMaker_ROS2_Original/ros/ros2_ws/build/hellocm_msgs' returned '0': CMAKE_PREFIX_PATH=${CMAKE_PREFIX_PATH}:/opt/ros/galactic /usr/bin/cmake --build /home/amlab/CarMaker_ROS2_Original/ros/ros2_ws/build/hellocm_msgs -- -j12 -l12
[1.375s] Invoking command in '/home/amlab/CarMaker_ROS2_Original/ros/ros2_ws/build/hellocm_msgs': CMAKE_PREFIX_PATH=${CMAKE_PREFIX_PATH}:/opt/ros/galactic /usr/bin/cmake --install /home/amlab/CarMaker_ROS2_Original/ros/ros2_ws/build/hellocm_msgs
[1.380s] -- Install configuration: ""
[1.381s] -- Execute custom install script
[1.381s] -- Up-to-date symlink: /home/amlab/CarMaker_ROS2_Original/ros/ros2_ws/install/hellocm_msgs/share/ament_index/resource_index/rosidl_interfaces/hellocm_msgs
[1.381s] -- Up-to-date symlink: /home/amlab/CarMaker_ROS2_Original/ros/ros2_ws/install/hellocm_msgs/include/hellocm_msgs/msg/cm2_ext.h
[1.382s] -- Up-to-date symlink: /home/amlab/CarMaker_ROS2_Original/ros/ros2_ws/install/hellocm_msgs/include/hellocm_msgs/msg/detail/cm2_ext__functions.h
[1.382s] -- Up-to-date symlink: /home/amlab/CarMaker_ROS2_Original/ros/ros2_ws/install/hellocm_msgs/include/hellocm_msgs/msg/detail/cm2_ext__struct.h
[1.382s] -- Up-to-date symlink: /home/amlab/CarMaker_ROS2_Original/ros/ros2_ws/install/hellocm_msgs/include/hellocm_msgs/msg/detail/cm2_ext__type_support.h
[1.382s] -- Up-to-date symlink: /home/amlab/CarMaker_ROS2_Original/ros/ros2_ws/install/hellocm_msgs/include/hellocm_msgs/msg/detail/ext2_cm__functions.h
[1.382s] -- Up-to-date symlink: /home/amlab/CarMaker_ROS2_Original/ros/ros2_ws/install/hellocm_msgs/include/hellocm_msgs/msg/detail/ext2_cm__struct.h
[1.382s] -- Up-to-date symlink: /home/amlab/CarMaker_ROS2_Original/ros/ros2_ws/install/hellocm_msgs/include/hellocm_msgs/msg/detail/ext2_cm__type_support.h
[1.382s] -- Up-to-date symlink: /home/amlab/CarMaker_ROS2_Original/ros/ros2_ws/install/hellocm_msgs/include/hellocm_msgs/msg/detail/gps_out__functions.h
[1.382s] -- Up-to-date symlink: /home/amlab/CarMaker_ROS2_Original/ros/ros2_ws/install/hellocm_msgs/include/hellocm_msgs/msg/detail/gps_out__struct.h
[1.382s] -- Up-to-date symlink: /home/amlab/CarMaker_ROS2_Original/ros/ros2_ws/install/hellocm_msgs/include/hellocm_msgs/msg/detail/gps_out__type_support.h
[1.382s] -- Up-to-date symlink: /home/amlab/CarMaker_ROS2_Original/ros/ros2_ws/install/hellocm_msgs/include/hellocm_msgs/msg/detail/imu_out__functions.h
[1.382s] -- Up-to-date symlink: /home/amlab/CarMaker_ROS2_Original/ros/ros2_ws/install/hellocm_msgs/include/hellocm_msgs/msg/detail/imu_out__struct.h
[1.382s] -- Up-to-date symlink: /home/amlab/CarMaker_ROS2_Original/ros/ros2_ws/install/hellocm_msgs/include/hellocm_msgs/msg/detail/imu_out__type_support.h
[1.383s] -- Up-to-date symlink: /home/amlab/CarMaker_ROS2_Original/ros/ros2_ws/install/hellocm_msgs/include/hellocm_msgs/msg/detail/object_info_out__functions.h
[1.383s] -- Up-to-date symlink: /home/amlab/CarMaker_ROS2_Original/ros/ros2_ws/install/hellocm_msgs/include/hellocm_msgs/msg/detail/object_info_out__struct.h
[1.383s] -- Up-to-date symlink: /home/amlab/CarMaker_ROS2_Original/ros/ros2_ws/install/hellocm_msgs/include/hellocm_msgs/msg/detail/object_info_out__type_support.h
[1.383s] -- Up-to-date symlink: /home/amlab/CarMaker_ROS2_Original/ros/ros2_ws/install/hellocm_msgs/include/hellocm_msgs/msg/detail/signal_light_in__functions.h
[1.383s] -- Up-to-date symlink: /home/amlab/CarMaker_ROS2_Original/ros/ros2_ws/install/hellocm_msgs/include/hellocm_msgs/msg/detail/signal_light_in__struct.h
[1.383s] -- Up-to-date symlink: /home/amlab/CarMaker_ROS2_Original/ros/ros2_ws/install/hellocm_msgs/include/hellocm_msgs/msg/detail/signal_light_in__type_support.h
[1.383s] -- Up-to-date symlink: /home/amlab/CarMaker_ROS2_Original/ros/ros2_ws/install/hellocm_msgs/include/hellocm_msgs/msg/detail/speed_limit__functions.h
[1.383s] -- Up-to-date symlink: /home/amlab/CarMaker_ROS2_Original/ros/ros2_ws/install/hellocm_msgs/include/hellocm_msgs/msg/detail/speed_limit__struct.h
[1.383s] -- Up-to-date symlink: /home/amlab/CarMaker_ROS2_Original/ros/ros2_ws/install/hellocm_msgs/include/hellocm_msgs/msg/detail/speed_limit__type_support.h
[1.383s] -- Up-to-date symlink: /home/amlab/CarMaker_ROS2_Original/ros/ros2_ws/install/hellocm_msgs/include/hellocm_msgs/msg/detail/vehicle_control_in__functions.h
[1.384s] -- Up-to-date symlink: /home/amlab/CarMaker_ROS2_Original/ros/ros2_ws/install/hellocm_msgs/include/hellocm_msgs/msg/detail/vehicle_control_in__struct.h
[1.384s] -- Up-to-date symlink: /home/amlab/CarMaker_ROS2_Original/ros/ros2_ws/install/hellocm_msgs/include/hellocm_msgs/msg/detail/vehicle_control_in__type_support.h
[1.384s] -- Up-to-date symlink: /home/amlab/CarMaker_ROS2_Original/ros/ros2_ws/install/hellocm_msgs/include/hellocm_msgs/msg/detail/vehicle_info_out__functions.h
[1.384s] -- Up-to-date symlink: /home/amlab/CarMaker_ROS2_Original/ros/ros2_ws/install/hellocm_msgs/include/hellocm_msgs/msg/detail/vehicle_info_out__struct.h
[1.384s] -- Up-to-date symlink: /home/amlab/CarMaker_ROS2_Original/ros/ros2_ws/install/hellocm_msgs/include/hellocm_msgs/msg/detail/vehicle_info_out__type_support.h
[1.384s] -- Up-to-date symlink: /home/amlab/CarMaker_ROS2_Original/ros/ros2_ws/install/hellocm_msgs/include/hellocm_msgs/msg/ext2_cm.h
[1.384s] -- Up-to-date symlink: /home/amlab/CarMaker_ROS2_Original/ros/ros2_ws/install/hellocm_msgs/include/hellocm_msgs/msg/gps_out.h
[1.384s] -- Up-to-date symlink: /home/amlab/CarMaker_ROS2_Original/ros/ros2_ws/install/hellocm_msgs/include/hellocm_msgs/msg/imu_out.h
[1.384s] -- Up-to-date symlink: /home/amlab/CarMaker_ROS2_Original/ros/ros2_ws/install/hellocm_msgs/include/hellocm_msgs/msg/object_info_out.h
[1.384s] -- Up-to-date symlink: /home/amlab/CarMaker_ROS2_Original/ros/ros2_ws/install/hellocm_msgs/include/hellocm_msgs/msg/rosidl_generator_c__visibility_control.h
[1.384s] -- Up-to-date symlink: /home/amlab/CarMaker_ROS2_Original/ros/ros2_ws/install/hellocm_msgs/include/hellocm_msgs/msg/signal_light_in.h
[1.385s] -- Up-to-date symlink: /home/amlab/CarMaker_ROS2_Original/ros/ros2_ws/install/hellocm_msgs/include/hellocm_msgs/msg/speed_limit.h
[1.385s] -- Up-to-date symlink: /home/amlab/CarMaker_ROS2_Original/ros/ros2_ws/install/hellocm_msgs/include/hellocm_msgs/msg/vehicle_control_in.h
[1.385s] -- Up-to-date symlink: /home/amlab/CarMaker_ROS2_Original/ros/ros2_ws/install/hellocm_msgs/include/hellocm_msgs/msg/vehicle_info_out.h
[1.385s] -- Up-to-date symlink: /home/amlab/CarMaker_ROS2_Original/ros/ros2_ws/install/hellocm_msgs/include/hellocm_msgs/srv/detail/init__functions.h
[1.385s] -- Up-to-date symlink: /home/amlab/CarMaker_ROS2_Original/ros/ros2_ws/install/hellocm_msgs/include/hellocm_msgs/srv/detail/init__struct.h
[1.385s] -- Up-to-date symlink: /home/amlab/CarMaker_ROS2_Original/ros/ros2_ws/install/hellocm_msgs/include/hellocm_msgs/srv/detail/init__type_support.h
[1.385s] -- Up-to-date symlink: /home/amlab/CarMaker_ROS2_Original/ros/ros2_ws/install/hellocm_msgs/include/hellocm_msgs/srv/init.h
[1.385s] -- Up-to-date symlink: /home/amlab/CarMaker_ROS2_Original/ros/ros2_ws/install/hellocm_msgs/share/hellocm_msgs/environment/library_path.sh
[1.385s] -- Up-to-date symlink: /home/amlab/CarMaker_ROS2_Original/ros/ros2_ws/install/hellocm_msgs/share/hellocm_msgs/environment/library_path.dsv
[1.386s] -- Up-to-date symlink: /home/amlab/CarMaker_ROS2_Original/ros/ros2_ws/install/hellocm_msgs/include/hellocm_msgs/msg/detail/cm2_ext__rosidl_typesupport_fastrtps_c.h
[1.386s] -- Up-to-date symlink: /home/amlab/CarMaker_ROS2_Original/ros/ros2_ws/install/hellocm_msgs/include/hellocm_msgs/msg/detail/ext2_cm__rosidl_typesupport_fastrtps_c.h
[1.386s] -- Up-to-date symlink: /home/amlab/CarMaker_ROS2_Original/ros/ros2_ws/install/hellocm_msgs/include/hellocm_msgs/msg/detail/gps_out__rosidl_typesupport_fastrtps_c.h
[1.386s] -- Up-to-date symlink: /home/amlab/CarMaker_ROS2_Original/ros/ros2_ws/install/hellocm_msgs/include/hellocm_msgs/msg/detail/imu_out__rosidl_typesupport_fastrtps_c.h
[1.386s] -- Up-to-date symlink: /home/amlab/CarMaker_ROS2_Original/ros/ros2_ws/install/hellocm_msgs/include/hellocm_msgs/msg/detail/object_info_out__rosidl_typesupport_fastrtps_c.h
[1.386s] -- Up-to-date symlink: /home/amlab/CarMaker_ROS2_Original/ros/ros2_ws/install/hellocm_msgs/include/hellocm_msgs/msg/detail/signal_light_in__rosidl_typesupport_fastrtps_c.h
[1.386s] -- Up-to-date symlink: /home/amlab/CarMaker_ROS2_Original/ros/ros2_ws/install/hellocm_msgs/include/hellocm_msgs/msg/detail/speed_limit__rosidl_typesupport_fastrtps_c.h
[1.386s] -- Up-to-date symlink: /home/amlab/CarMaker_ROS2_Original/ros/ros2_ws/install/hellocm_msgs/include/hellocm_msgs/msg/detail/vehicle_control_in__rosidl_typesupport_fastrtps_c.h
[1.386s] -- Up-to-date symlink: /home/amlab/CarMaker_ROS2_Original/ros/ros2_ws/install/hellocm_msgs/include/hellocm_msgs/msg/detail/vehicle_info_out__rosidl_typesupport_fastrtps_c.h
[1.386s] -- Up-to-date symlink: /home/amlab/CarMaker_ROS2_Original/ros/ros2_ws/install/hellocm_msgs/include/hellocm_msgs/msg/rosidl_typesupport_fastrtps_c__visibility_control.h
[1.386s] -- Up-to-date symlink: /home/amlab/CarMaker_ROS2_Original/ros/ros2_ws/install/hellocm_msgs/include/hellocm_msgs/srv/detail/init__rosidl_typesupport_fastrtps_c.h
[1.387s] -- Up-to-date symlink: /home/amlab/CarMaker_ROS2_Original/ros/ros2_ws/install/hellocm_msgs/lib/libhellocm_msgs__rosidl_typesupport_fastrtps_c.so
[1.387s] -- Up-to-date symlink: /home/amlab/CarMaker_ROS2_Original/ros/ros2_ws/install/hellocm_msgs/include/hellocm_msgs/msg/detail/cm2_ext__rosidl_typesupport_fastrtps_cpp.hpp
[1.387s] -- Up-to-date symlink: /home/amlab/CarMaker_ROS2_Original/ros/ros2_ws/install/hellocm_msgs/include/hellocm_msgs/msg/detail/ext2_cm__rosidl_typesupport_fastrtps_cpp.hpp
[1.387s] -- Up-to-date symlink: /home/amlab/CarMaker_ROS2_Original/ros/ros2_ws/install/hellocm_msgs/include/hellocm_msgs/msg/detail/gps_out__rosidl_typesupport_fastrtps_cpp.hpp
[1.387s] -- Up-to-date symlink: /home/amlab/CarMaker_ROS2_Original/ros/ros2_ws/install/hellocm_msgs/include/hellocm_msgs/msg/detail/imu_out__rosidl_typesupport_fastrtps_cpp.hpp
[1.388s] -- Up-to-date symlink: /home/amlab/CarMaker_ROS2_Original/ros/ros2_ws/install/hellocm_msgs/include/hellocm_msgs/msg/detail/object_info_out__rosidl_typesupport_fastrtps_cpp.hpp
[1.388s] -- Up-to-date symlink: /home/amlab/CarMaker_ROS2_Original/ros/ros2_ws/install/hellocm_msgs/include/hellocm_msgs/msg/detail/signal_light_in__rosidl_typesupport_fastrtps_cpp.hpp
[1.388s] -- Up-to-date symlink: /home/amlab/CarMaker_ROS2_Original/ros/ros2_ws/install/hellocm_msgs/include/hellocm_msgs/msg/detail/speed_limit__rosidl_typesupport_fastrtps_cpp.hpp
[1.388s] -- Up-to-date symlink: /home/amlab/CarMaker_ROS2_Original/ros/ros2_ws/install/hellocm_msgs/include/hellocm_msgs/msg/detail/vehicle_control_in__rosidl_typesupport_fastrtps_cpp.hpp
[1.388s] -- Up-to-date symlink: /home/amlab/CarMaker_ROS2_Original/ros/ros2_ws/install/hellocm_msgs/include/hellocm_msgs/msg/detail/vehicle_info_out__rosidl_typesupport_fastrtps_cpp.hpp
[1.388s] -- Up-to-date symlink: /home/amlab/CarMaker_ROS2_Original/ros/ros2_ws/install/hellocm_msgs/include/hellocm_msgs/msg/rosidl_typesupport_fastrtps_cpp__visibility_control.h
[1.388s] -- Up-to-date symlink: /home/amlab/CarMaker_ROS2_Original/ros/ros2_ws/install/hellocm_msgs/include/hellocm_msgs/srv/detail/init__rosidl_typesupport_fastrtps_cpp.hpp
[1.388s] -- Up-to-date symlink: /home/amlab/CarMaker_ROS2_Original/ros/ros2_ws/install/hellocm_msgs/lib/libhellocm_msgs__rosidl_typesupport_fastrtps_cpp.so
[1.389s] -- Up-to-date symlink: /home/amlab/CarMaker_ROS2_Original/ros/ros2_ws/install/hellocm_msgs/include/hellocm_msgs/msg/detail/cm2_ext__rosidl_typesupport_introspection_c.h
[1.389s] -- Up-to-date symlink: /home/amlab/CarMaker_ROS2_Original/ros/ros2_ws/install/hellocm_msgs/include/hellocm_msgs/msg/detail/ext2_cm__rosidl_typesupport_introspection_c.h
[1.389s] -- Up-to-date symlink: /home/amlab/CarMaker_ROS2_Original/ros/ros2_ws/install/hellocm_msgs/include/hellocm_msgs/msg/detail/gps_out__rosidl_typesupport_introspection_c.h
[1.389s] -- Up-to-date symlink: /home/amlab/CarMaker_ROS2_Original/ros/ros2_ws/install/hellocm_msgs/include/hellocm_msgs/msg/detail/imu_out__rosidl_typesupport_introspection_c.h
[1.389s] -- Up-to-date symlink: /home/amlab/CarMaker_ROS2_Original/ros/ros2_ws/install/hellocm_msgs/include/hellocm_msgs/msg/detail/object_info_out__rosidl_typesupport_introspection_c.h
[1.389s] -- Up-to-date symlink: /home/amlab/CarMaker_ROS2_Original/ros/ros2_ws/install/hellocm_msgs/include/hellocm_msgs/msg/detail/signal_light_in__rosidl_typesupport_introspection_c.h
[1.389s] -- Up-to-date symlink: /home/amlab/CarMaker_ROS2_Original/ros/ros2_ws/install/hellocm_msgs/include/hellocm_msgs/msg/detail/speed_limit__rosidl_typesupport_introspection_c.h
[1.389s] -- Up-to-date symlink: /home/amlab/CarMaker_ROS2_Original/ros/ros2_ws/install/hellocm_msgs/include/hellocm_msgs/msg/detail/vehicle_control_in__rosidl_typesupport_introspection_c.h
[1.389s] -- Up-to-date symlink: /home/amlab/CarMaker_ROS2_Original/ros/ros2_ws/install/hellocm_msgs/include/hellocm_msgs/msg/detail/vehicle_info_out__rosidl_typesupport_introspection_c.h
[1.389s] -- Up-to-date symlink: /home/amlab/CarMaker_ROS2_Original/ros/ros2_ws/install/hellocm_msgs/include/hellocm_msgs/msg/rosidl_typesupport_introspection_c__visibility_control.h
[1.389s] -- Up-to-date symlink: /home/amlab/CarMaker_ROS2_Original/ros/ros2_ws/install/hellocm_msgs/include/hellocm_msgs/srv/detail/init__rosidl_typesupport_introspection_c.h
[1.390s] -- Up-to-date symlink: /home/amlab/CarMaker_ROS2_Original/ros/ros2_ws/install/hellocm_msgs/include/hellocm_msgs/msg/cm2_ext.hpp
[1.390s] -- Up-to-date symlink: /home/amlab/CarMaker_ROS2_Original/ros/ros2_ws/install/hellocm_msgs/include/hellocm_msgs/msg/detail/cm2_ext__builder.hpp
[1.390s] -- Up-to-date symlink: /home/amlab/CarMaker_ROS2_Original/ros/ros2_ws/install/hellocm_msgs/include/hellocm_msgs/msg/detail/cm2_ext__struct.hpp
[1.392s] -- Up-to-date symlink: /home/amlab/CarMaker_ROS2_Original/ros/ros2_ws/install/hellocm_msgs/include/hellocm_msgs/msg/detail/cm2_ext__traits.hpp
[1.392s] -- Up-to-date symlink: /home/amlab/CarMaker_ROS2_Original/ros/ros2_ws/install/hellocm_msgs/include/hellocm_msgs/msg/detail/ext2_cm__builder.hpp
[1.392s] -- Up-to-date symlink: /home/amlab/CarMaker_ROS2_Original/ros/ros2_ws/install/hellocm_msgs/include/hellocm_msgs/msg/detail/ext2_cm__struct.hpp
[1.392s] -- Up-to-date symlink: /home/amlab/CarMaker_ROS2_Original/ros/ros2_ws/install/hellocm_msgs/include/hellocm_msgs/msg/detail/ext2_cm__traits.hpp
[1.392s] -- Up-to-date symlink: /home/amlab/CarMaker_ROS2_Original/ros/ros2_ws/install/hellocm_msgs/include/hellocm_msgs/msg/detail/gps_out__builder.hpp
[1.392s] -- Up-to-date symlink: /home/amlab/CarMaker_ROS2_Original/ros/ros2_ws/install/hellocm_msgs/include/hellocm_msgs/msg/detail/gps_out__struct.hpp
[1.392s] -- Up-to-date symlink: /home/amlab/CarMaker_ROS2_Original/ros/ros2_ws/install/hellocm_msgs/include/hellocm_msgs/msg/detail/gps_out__traits.hpp
[1.392s] -- Up-to-date symlink: /home/amlab/CarMaker_ROS2_Original/ros/ros2_ws/install/hellocm_msgs/include/hellocm_msgs/msg/detail/imu_out__builder.hpp
[1.392s] -- Up-to-date symlink: /home/amlab/CarMaker_ROS2_Original/ros/ros2_ws/install/hellocm_msgs/include/hellocm_msgs/msg/detail/imu_out__struct.hpp
[1.392s] -- Up-to-date symlink: /home/amlab/CarMaker_ROS2_Original/ros/ros2_ws/install/hellocm_msgs/include/hellocm_msgs/msg/detail/imu_out__traits.hpp
[1.392s] -- Up-to-date symlink: /home/amlab/CarMaker_ROS2_Original/ros/ros2_ws/install/hellocm_msgs/include/hellocm_msgs/msg/detail/object_info_out__builder.hpp
[1.392s] -- Up-to-date symlink: /home/amlab/CarMaker_ROS2_Original/ros/ros2_ws/install/hellocm_msgs/include/hellocm_msgs/msg/detail/object_info_out__struct.hpp
[1.392s] -- Up-to-date symlink: /home/amlab/CarMaker_ROS2_Original/ros/ros2_ws/install/hellocm_msgs/include/hellocm_msgs/msg/detail/object_info_out__traits.hpp
[1.392s] -- Up-to-date symlink: /home/amlab/CarMaker_ROS2_Original/ros/ros2_ws/install/hellocm_msgs/include/hellocm_msgs/msg/detail/signal_light_in__builder.hpp
[1.392s] -- Up-to-date symlink: /home/amlab/CarMaker_ROS2_Original/ros/ros2_ws/install/hellocm_msgs/include/hellocm_msgs/msg/detail/signal_light_in__struct.hpp
[1.392s] -- Up-to-date symlink: /home/amlab/CarMaker_ROS2_Original/ros/ros2_ws/install/hellocm_msgs/include/hellocm_msgs/msg/detail/signal_light_in__traits.hpp
[1.392s] -- Up-to-date symlink: /home/amlab/CarMaker_ROS2_Original/ros/ros2_ws/install/hellocm_msgs/include/hellocm_msgs/msg/detail/speed_limit__builder.hpp
[1.392s] -- Up-to-date symlink: /home/amlab/CarMaker_ROS2_Original/ros/ros2_ws/install/hellocm_msgs/include/hellocm_msgs/msg/detail/speed_limit__struct.hpp
[1.392s] -- Up-to-date symlink: /home/amlab/CarMaker_ROS2_Original/ros/ros2_ws/install/hellocm_msgs/include/hellocm_msgs/msg/detail/speed_limit__traits.hpp
[1.392s] -- Up-to-date symlink: /home/amlab/CarMaker_ROS2_Original/ros/ros2_ws/install/hellocm_msgs/include/hellocm_msgs/msg/detail/vehicle_control_in__builder.hpp
[1.393s] -- Up-to-date symlink: /home/amlab/CarMaker_ROS2_Original/ros/ros2_ws/install/hellocm_msgs/include/hellocm_msgs/msg/detail/vehicle_control_in__struct.hpp
[1.393s] -- Up-to-date symlink: /home/amlab/CarMaker_ROS2_Original/ros/ros2_ws/install/hellocm_msgs/include/hellocm_msgs/msg/detail/vehicle_control_in__traits.hpp
[1.393s] -- Up-to-date symlink: /home/amlab/CarMaker_ROS2_Original/ros/ros2_ws/install/hellocm_msgs/include/hellocm_msgs/msg/detail/vehicle_info_out__builder.hpp
[1.393s] -- Up-to-date symlink: /home/amlab/CarMaker_ROS2_Original/ros/ros2_ws/install/hellocm_msgs/include/hellocm_msgs/msg/detail/vehicle_info_out__struct.hpp
[1.393s] -- Up-to-date symlink: /home/amlab/CarMaker_ROS2_Original/ros/ros2_ws/install/hellocm_msgs/include/hellocm_msgs/msg/detail/vehicle_info_out__traits.hpp
[1.393s] -- Up-to-date symlink: /home/amlab/CarMaker_ROS2_Original/ros/ros2_ws/install/hellocm_msgs/include/hellocm_msgs/msg/ext2_cm.hpp
[1.393s] -- Up-to-date symlink: /home/amlab/CarMaker_ROS2_Original/ros/ros2_ws/install/hellocm_msgs/include/hellocm_msgs/msg/gps_out.hpp
[1.393s] -- Up-to-date symlink: /home/amlab/CarMaker_ROS2_Original/ros/ros2_ws/install/hellocm_msgs/include/hellocm_msgs/msg/imu_out.hpp
[1.393s] -- Up-to-date symlink: /home/amlab/CarMaker_ROS2_Original/ros/ros2_ws/install/hellocm_msgs/include/hellocm_msgs/msg/object_info_out.hpp
[1.393s] -- Up-to-date symlink: /home/amlab/CarMaker_ROS2_Original/ros/ros2_ws/install/hellocm_msgs/include/hellocm_msgs/msg/signal_light_in.hpp
[1.393s] -- Up-to-date symlink: /home/amlab/CarMaker_ROS2_Original/ros/ros2_ws/install/hellocm_msgs/include/hellocm_msgs/msg/speed_limit.hpp
[1.393s] -- Up-to-date symlink: /home/amlab/CarMaker_ROS2_Original/ros/ros2_ws/install/hellocm_msgs/include/hellocm_msgs/msg/vehicle_control_in.hpp
[1.393s] -- Up-to-date symlink: /home/amlab/CarMaker_ROS2_Original/ros/ros2_ws/install/hellocm_msgs/include/hellocm_msgs/msg/vehicle_info_out.hpp
[1.393s] -- Up-to-date symlink: /home/amlab/CarMaker_ROS2_Original/ros/ros2_ws/install/hellocm_msgs/include/hellocm_msgs/srv/detail/init__builder.hpp
[1.394s] -- Up-to-date symlink: /home/amlab/CarMaker_ROS2_Original/ros/ros2_ws/install/hellocm_msgs/include/hellocm_msgs/srv/detail/init__struct.hpp
[1.394s] -- Up-to-date symlink: /home/amlab/CarMaker_ROS2_Original/ros/ros2_ws/install/hellocm_msgs/include/hellocm_msgs/srv/detail/init__traits.hpp
[1.394s] -- Up-to-date symlink: /home/amlab/CarMaker_ROS2_Original/ros/ros2_ws/install/hellocm_msgs/include/hellocm_msgs/srv/init.hpp
[1.394s] -- Up-to-date symlink: /home/amlab/CarMaker_ROS2_Original/ros/ros2_ws/install/hellocm_msgs/include/hellocm_msgs/msg/detail/cm2_ext__rosidl_typesupport_introspection_cpp.hpp
[1.394s] -- Up-to-date symlink: /home/amlab/CarMaker_ROS2_Original/ros/ros2_ws/install/hellocm_msgs/include/hellocm_msgs/msg/detail/ext2_cm__rosidl_typesupport_introspection_cpp.hpp
[1.394s] -- Up-to-date symlink: /home/amlab/CarMaker_ROS2_Original/ros/ros2_ws/install/hellocm_msgs/include/hellocm_msgs/msg/detail/gps_out__rosidl_typesupport_introspection_cpp.hpp
[1.394s] -- Up-to-date symlink: /home/amlab/CarMaker_ROS2_Original/ros/ros2_ws/install/hellocm_msgs/include/hellocm_msgs/msg/detail/imu_out__rosidl_typesupport_introspection_cpp.hpp
[1.394s] -- Up-to-date symlink: /home/amlab/CarMaker_ROS2_Original/ros/ros2_ws/install/hellocm_msgs/include/hellocm_msgs/msg/detail/object_info_out__rosidl_typesupport_introspection_cpp.hpp
[1.394s] -- Up-to-date symlink: /home/amlab/CarMaker_ROS2_Original/ros/ros2_ws/install/hellocm_msgs/include/hellocm_msgs/msg/detail/signal_light_in__rosidl_typesupport_introspection_cpp.hpp
[1.394s] -- Up-to-date symlink: /home/amlab/CarMaker_ROS2_Original/ros/ros2_ws/install/hellocm_msgs/include/hellocm_msgs/msg/detail/speed_limit__rosidl_typesupport_introspection_cpp.hpp
[1.394s] -- Up-to-date symlink: /home/amlab/CarMaker_ROS2_Original/ros/ros2_ws/install/hellocm_msgs/include/hellocm_msgs/msg/detail/vehicle_control_in__rosidl_typesupport_introspection_cpp.hpp
[1.394s] -- Up-to-date symlink: /home/amlab/CarMaker_ROS2_Original/ros/ros2_ws/install/hellocm_msgs/include/hellocm_msgs/msg/detail/vehicle_info_out__rosidl_typesupport_introspection_cpp.hpp
[1.394s] -- Up-to-date symlink: /home/amlab/CarMaker_ROS2_Original/ros/ros2_ws/install/hellocm_msgs/include/hellocm_msgs/srv/detail/init__rosidl_typesupport_introspection_cpp.hpp
[1.394s] -- Up-to-date symlink: /home/amlab/CarMaker_ROS2_Original/ros/ros2_ws/install/hellocm_msgs/share/hellocm_msgs/environment/pythonpath.sh
[1.394s] -- Up-to-date symlink: /home/amlab/CarMaker_ROS2_Original/ros/ros2_ws/install/hellocm_msgs/share/hellocm_msgs/environment/pythonpath.dsv
[1.394s] -- Up-to-date symlink: /home/amlab/CarMaker_ROS2_Original/ros/ros2_ws/install/hellocm_msgs/lib/python3.8/site-packages/hellocm_msgs/__init__.py
[1.395s] -- Up-to-date symlink: /home/amlab/CarMaker_ROS2_Original/ros/ros2_ws/install/hellocm_msgs/lib/python3.8/site-packages/hellocm_msgs/msg/__init__.py
[1.395s] -- Up-to-date symlink: /home/amlab/CarMaker_ROS2_Original/ros/ros2_ws/install/hellocm_msgs/lib/python3.8/site-packages/hellocm_msgs/msg/_cm2_ext.py
[1.395s] -- Up-to-date symlink: /home/amlab/CarMaker_ROS2_Original/ros/ros2_ws/install/hellocm_msgs/lib/python3.8/site-packages/hellocm_msgs/msg/_ext2_cm.py
[1.395s] -- Up-to-date symlink: /home/amlab/CarMaker_ROS2_Original/ros/ros2_ws/install/hellocm_msgs/lib/python3.8/site-packages/hellocm_msgs/msg/_gps_out.py
[1.395s] -- Up-to-date symlink: /home/amlab/CarMaker_ROS2_Original/ros/ros2_ws/install/hellocm_msgs/lib/python3.8/site-packages/hellocm_msgs/msg/_imu_out.py
[1.395s] -- Up-to-date symlink: /home/amlab/CarMaker_ROS2_Original/ros/ros2_ws/install/hellocm_msgs/lib/python3.8/site-packages/hellocm_msgs/msg/_object_info_out.py
[1.395s] -- Up-to-date symlink: /home/amlab/CarMaker_ROS2_Original/ros/ros2_ws/install/hellocm_msgs/lib/python3.8/site-packages/hellocm_msgs/msg/_signal_light_in.py
[1.395s] -- Up-to-date symlink: /home/amlab/CarMaker_ROS2_Original/ros/ros2_ws/install/hellocm_msgs/lib/python3.8/site-packages/hellocm_msgs/msg/_speed_limit.py
[1.395s] -- Up-to-date symlink: /home/amlab/CarMaker_ROS2_Original/ros/ros2_ws/install/hellocm_msgs/lib/python3.8/site-packages/hellocm_msgs/msg/_vehicle_control_in.py
[1.395s] -- Up-to-date symlink: /home/amlab/CarMaker_ROS2_Original/ros/ros2_ws/install/hellocm_msgs/lib/python3.8/site-packages/hellocm_msgs/msg/_vehicle_info_out.py
[1.396s] -- Up-to-date symlink: /home/amlab/CarMaker_ROS2_Original/ros/ros2_ws/install/hellocm_msgs/lib/python3.8/site-packages/hellocm_msgs/srv/__init__.py
[1.396s] -- Up-to-date symlink: /home/amlab/CarMaker_ROS2_Original/ros/ros2_ws/install/hellocm_msgs/lib/python3.8/site-packages/hellocm_msgs/srv/_init.py
[1.396s] -- Up-to-date symlink: /home/amlab/CarMaker_ROS2_Original/ros/ros2_ws/install/hellocm_msgs/lib/python3.8/site-packages/hellocm_msgs/hellocm_msgs_s__rosidl_typesupport_fastrtps_c.cpython-38-x86_64-linux-gnu.so
[1.396s] -- Up-to-date symlink: /home/amlab/CarMaker_ROS2_Original/ros/ros2_ws/install/hellocm_msgs/lib/python3.8/site-packages/hellocm_msgs/hellocm_msgs_s__rosidl_typesupport_introspection_c.cpython-38-x86_64-linux-gnu.so
[1.397s] -- Up-to-date symlink: /home/amlab/CarMaker_ROS2_Original/ros/ros2_ws/install/hellocm_msgs/lib/python3.8/site-packages/hellocm_msgs/hellocm_msgs_s__rosidl_typesupport_c.cpython-38-x86_64-linux-gnu.so
[1.397s] -- Up-to-date symlink: /home/amlab/CarMaker_ROS2_Original/ros/ros2_ws/install/hellocm_msgs/lib/libhellocm_msgs__python.so
[1.397s] -- Up-to-date symlink: /home/amlab/CarMaker_ROS2_Original/ros/ros2_ws/install/hellocm_msgs/share/hellocm_msgs/msg/CM2Ext.idl
[1.397s] -- Up-to-date symlink: /home/amlab/CarMaker_ROS2_Original/ros/ros2_ws/install/hellocm_msgs/share/hellocm_msgs/msg/Ext2CM.idl
[1.397s] -- Up-to-date symlink: /home/amlab/CarMaker_ROS2_Original/ros/ros2_ws/install/hellocm_msgs/share/hellocm_msgs/msg/GPSOut.idl
[1.397s] -- Up-to-date symlink: /home/amlab/CarMaker_ROS2_Original/ros/ros2_ws/install/hellocm_msgs/share/hellocm_msgs/msg/IMUOut.idl
[1.398s] -- Up-to-date symlink: /home/amlab/CarMaker_ROS2_Original/ros/ros2_ws/install/hellocm_msgs/share/hellocm_msgs/msg/ObjectInfoOut.idl
[1.398s] -- Up-to-date symlink: /home/amlab/CarMaker_ROS2_Original/ros/ros2_ws/install/hellocm_msgs/share/hellocm_msgs/msg/SignalLightIn.idl
[1.398s] -- Up-to-date symlink: /home/amlab/CarMaker_ROS2_Original/ros/ros2_ws/install/hellocm_msgs/share/hellocm_msgs/msg/SpeedLimit.idl
[1.398s] -- Up-to-date symlink: /home/amlab/CarMaker_ROS2_Original/ros/ros2_ws/install/hellocm_msgs/share/hellocm_msgs/msg/VehicleControlIn.idl
[1.398s] -- Up-to-date symlink: /home/amlab/CarMaker_ROS2_Original/ros/ros2_ws/install/hellocm_msgs/share/hellocm_msgs/msg/VehicleInfoOut.idl
[1.398s] -- Up-to-date symlink: /home/amlab/CarMaker_ROS2_Original/ros/ros2_ws/install/hellocm_msgs/share/hellocm_msgs/srv/Init.idl
[1.398s] -- Up-to-date symlink: /home/amlab/CarMaker_ROS2_Original/ros/ros2_ws/install/hellocm_msgs/share/hellocm_msgs/msg/CM2Ext.msg
[1.399s] -- Up-to-date symlink: /home/amlab/CarMaker_ROS2_Original/ros/ros2_ws/install/hellocm_msgs/share/hellocm_msgs/msg/Ext2CM.msg
[1.399s] -- Up-to-date symlink: /home/amlab/CarMaker_ROS2_Original/ros/ros2_ws/install/hellocm_msgs/share/hellocm_msgs/msg/GPSOut.msg
[1.399s] -- Up-to-date symlink: /home/amlab/CarMaker_ROS2_Original/ros/ros2_ws/install/hellocm_msgs/share/hellocm_msgs/msg/IMUOut.msg
[1.399s] -- Up-to-date symlink: /home/amlab/CarMaker_ROS2_Original/ros/ros2_ws/install/hellocm_msgs/share/hellocm_msgs/msg/ObjectInfoOut.msg
[1.399s] -- Up-to-date symlink: /home/amlab/CarMaker_ROS2_Original/ros/ros2_ws/install/hellocm_msgs/share/hellocm_msgs/msg/SignalLightIn.msg
[1.399s] -- Up-to-date symlink: /home/amlab/CarMaker_ROS2_Original/ros/ros2_ws/install/hellocm_msgs/share/hellocm_msgs/msg/SpeedLimit.msg
[1.400s] -- Up-to-date symlink: /home/amlab/CarMaker_ROS2_Original/ros/ros2_ws/install/hellocm_msgs/share/hellocm_msgs/msg/VehicleControlIn.msg
[1.400s] -- Up-to-date symlink: /home/amlab/CarMaker_ROS2_Original/ros/ros2_ws/install/hellocm_msgs/share/hellocm_msgs/msg/VehicleInfoOut.msg
[1.400s] -- Up-to-date symlink: /home/amlab/CarMaker_ROS2_Original/ros/ros2_ws/install/hellocm_msgs/share/hellocm_msgs/srv/Init.srv
[1.400s] -- Up-to-date symlink: /home/amlab/CarMaker_ROS2_Original/ros/ros2_ws/install/hellocm_msgs/share/hellocm_msgs/srv/Init_Request.msg
[1.400s] -- Up-to-date symlink: /home/amlab/CarMaker_ROS2_Original/ros/ros2_ws/install/hellocm_msgs/share/hellocm_msgs/srv/Init_Response.msg
[1.400s] -- Up-to-date symlink: /home/amlab/CarMaker_ROS2_Original/ros/ros2_ws/install/hellocm_msgs/share/ament_index/resource_index/package_run_dependencies/hellocm_msgs
[1.400s] -- Up-to-date symlink: /home/amlab/CarMaker_ROS2_Original/ros/ros2_ws/install/hellocm_msgs/share/ament_index/resource_index/parent_prefix_path/hellocm_msgs
[1.400s] -- Up-to-date symlink: /home/amlab/CarMaker_ROS2_Original/ros/ros2_ws/install/hellocm_msgs/share/hellocm_msgs/environment/ament_prefix_path.sh
[1.401s] -- Up-to-date symlink: /home/amlab/CarMaker_ROS2_Original/ros/ros2_ws/install/hellocm_msgs/share/hellocm_msgs/environment/ament_prefix_path.dsv
[1.401s] -- Up-to-date symlink: /home/amlab/CarMaker_ROS2_Original/ros/ros2_ws/install/hellocm_msgs/share/hellocm_msgs/environment/path.sh
[1.401s] -- Up-to-date symlink: /home/amlab/CarMaker_ROS2_Original/ros/ros2_ws/install/hellocm_msgs/share/hellocm_msgs/environment/path.dsv
[1.401s] -- Up-to-date symlink: /home/amlab/CarMaker_ROS2_Original/ros/ros2_ws/install/hellocm_msgs/share/hellocm_msgs/local_setup.bash
[1.401s] -- Up-to-date symlink: /home/amlab/CarMaker_ROS2_Original/ros/ros2_ws/install/hellocm_msgs/share/hellocm_msgs/local_setup.sh
[1.401s] -- Up-to-date symlink: /home/amlab/CarMaker_ROS2_Original/ros/ros2_ws/install/hellocm_msgs/share/hellocm_msgs/local_setup.zsh
[1.401s] -- Up-to-date symlink: /home/amlab/CarMaker_ROS2_Original/ros/ros2_ws/install/hellocm_msgs/share/hellocm_msgs/local_setup.dsv
[1.401s] -- Up-to-date symlink: /home/amlab/CarMaker_ROS2_Original/ros/ros2_ws/install/hellocm_msgs/share/hellocm_msgs/package.dsv
[1.402s] -- Up-to-date symlink: /home/amlab/CarMaker_ROS2_Original/ros/ros2_ws/install/hellocm_msgs/share/ament_index/resource_index/packages/hellocm_msgs
[1.402s] -- Up-to-date symlink: /home/amlab/CarMaker_ROS2_Original/ros/ros2_ws/install/hellocm_msgs/share/hellocm_msgs/cmake/rosidl_cmake-extras.cmake
[1.402s] -- Up-to-date symlink: /home/amlab/CarMaker_ROS2_Original/ros/ros2_ws/install/hellocm_msgs/share/hellocm_msgs/cmake/ament_cmake_export_dependencies-extras.cmake
[1.402s] -- Up-to-date symlink: /home/amlab/CarMaker_ROS2_Original/ros/ros2_ws/install/hellocm_msgs/share/hellocm_msgs/cmake/ament_cmake_export_libraries-extras.cmake
[1.402s] -- Up-to-date symlink: /home/amlab/CarMaker_ROS2_Original/ros/ros2_ws/install/hellocm_msgs/share/hellocm_msgs/cmake/ament_cmake_export_targets-extras.cmake
[1.402s] -- Up-to-date symlink: /home/amlab/CarMaker_ROS2_Original/ros/ros2_ws/install/hellocm_msgs/share/hellocm_msgs/cmake/ament_cmake_export_include_directories-extras.cmake
[1.402s] -- Up-to-date symlink: /home/amlab/CarMaker_ROS2_Original/ros/ros2_ws/install/hellocm_msgs/share/hellocm_msgs/cmake/rosidl_cmake_export_typesupport_libraries-extras.cmake
[1.402s] -- Up-to-date symlink: /home/amlab/CarMaker_ROS2_Original/ros/ros2_ws/install/hellocm_msgs/share/hellocm_msgs/cmake/rosidl_cmake_export_typesupport_targets-extras.cmake
[1.403s] -- Up-to-date symlink: /home/amlab/CarMaker_ROS2_Original/ros/ros2_ws/install/hellocm_msgs/share/hellocm_msgs/cmake/hellocm_msgsConfig.cmake
[1.403s] -- Up-to-date symlink: /home/amlab/CarMaker_ROS2_Original/ros/ros2_ws/install/hellocm_msgs/share/hellocm_msgs/cmake/hellocm_msgsConfig-version.cmake
[1.403s] -- Up-to-date symlink: /home/amlab/CarMaker_ROS2_Original/ros/ros2_ws/install/hellocm_msgs/share/hellocm_msgs/package.xml
[1.403s] -- Up-to-date: /home/amlab/CarMaker_ROS2_Original/ros/ros2_ws/install/hellocm_msgs/lib/libhellocm_msgs__rosidl_generator_c.so
[1.403s] -- Up-to-date: /home/amlab/CarMaker_ROS2_Original/ros/ros2_ws/install/hellocm_msgs/lib/libhellocm_msgs__rosidl_typesupport_introspection_c.so
[1.403s] -- Up-to-date: /home/amlab/CarMaker_ROS2_Original/ros/ros2_ws/install/hellocm_msgs/lib/libhellocm_msgs__rosidl_typesupport_c.so
[1.403s] -- Up-to-date: /home/amlab/CarMaker_ROS2_Original/ros/ros2_ws/install/hellocm_msgs/lib/libhellocm_msgs__rosidl_typesupport_introspection_cpp.so
[1.404s] -- Up-to-date: /home/amlab/CarMaker_ROS2_Original/ros/ros2_ws/install/hellocm_msgs/lib/libhellocm_msgs__rosidl_typesupport_cpp.so
[1.423s] Compiling '/home/amlab/CarMaker_ROS2_Original/ros/ros2_ws/install/hellocm_msgs/lib/python3.8/site-packages/hellocm_msgs/__init__.py'...
[1.425s] -- Up-to-date: /home/amlab/CarMaker_ROS2_Original/ros/ros2_ws/install/hellocm_msgs/share/hellocm_msgs/cmake/hellocm_msgs__rosidl_generator_cExport.cmake
[1.425s] -- Installing: /home/amlab/CarMaker_ROS2_Original/ros/ros2_ws/install/hellocm_msgs/share/hellocm_msgs/cmake/hellocm_msgs__rosidl_generator_cExport-noconfig.cmake
[1.426s] -- Up-to-date: /home/amlab/CarMaker_ROS2_Original/ros/ros2_ws/install/hellocm_msgs/share/hellocm_msgs/cmake/hellocm_msgs__rosidl_typesupport_introspection_cExport.cmake
[1.426s] -- Installing: /home/amlab/CarMaker_ROS2_Original/ros/ros2_ws/install/hellocm_msgs/share/hellocm_msgs/cmake/hellocm_msgs__rosidl_typesupport_introspection_cExport-noconfig.cmake
[1.426s] -- Up-to-date: /home/amlab/CarMaker_ROS2_Original/ros/ros2_ws/install/hellocm_msgs/share/hellocm_msgs/cmake/hellocm_msgs__rosidl_typesupport_cExport.cmake
[1.426s] -- Installing: /home/amlab/CarMaker_ROS2_Original/ros/ros2_ws/install/hellocm_msgs/share/hellocm_msgs/cmake/hellocm_msgs__rosidl_typesupport_cExport-noconfig.cmake
[1.426s] -- Up-to-date: /home/amlab/CarMaker_ROS2_Original/ros/ros2_ws/install/hellocm_msgs/share/hellocm_msgs/cmake/hellocm_msgs__rosidl_generator_cppExport.cmake
[1.426s] -- Up-to-date: /home/amlab/CarMaker_ROS2_Original/ros/ros2_ws/install/hellocm_msgs/share/hellocm_msgs/cmake/hellocm_msgs__rosidl_typesupport_introspection_cppExport.cmake
[1.426s] -- Installing: /home/amlab/CarMaker_ROS2_Original/ros/ros2_ws/install/hellocm_msgs/share/hellocm_msgs/cmake/hellocm_msgs__rosidl_typesupport_introspection_cppExport-noconfig.cmake
[1.426s] -- Up-to-date: /home/amlab/CarMaker_ROS2_Original/ros/ros2_ws/install/hellocm_msgs/share/hellocm_msgs/cmake/hellocm_msgs__rosidl_typesupport_cppExport.cmake
[1.426s] -- Installing: /home/amlab/CarMaker_ROS2_Original/ros/ros2_ws/install/hellocm_msgs/share/hellocm_msgs/cmake/hellocm_msgs__rosidl_typesupport_cppExport-noconfig.cmake
[1.492s] Invoked command in '/home/amlab/CarMaker_ROS2_Original/ros/ros2_ws/build/hellocm_msgs' returned '0': CMAKE_PREFIX_PATH=${CMAKE_PREFIX_PATH}:/opt/ros/galactic /usr/bin/cmake --install /home/amlab/CarMaker_ROS2_Original/ros/ros2_ws/build/hellocm_msgs
