[0.058s] Invoking command in '/home/amlab/CarMaker_ROS2_Original/ros/ros2_ws/build/hellocm': AMENT_PREFIX_PATH=/home/amlab/CarMaker_ROS2_Original/ros/ros2_ws/install/hellocm_msgs:/home/amlab/CarMaker_ROS2_Original/ros/ros2_ws/install/cmrosutils:${AMENT_PREFIX_PATH} CMAKE_PREFIX_PATH=/home/amlab/CarMaker_ROS2_Original/ros/ros2_ws/install/hellocm_msgs:/home/amlab/CarMaker_ROS2_Original/ros/ros2_ws/install/cmrosutils:/opt/ros/galactic LD_LIBRARY_PATH=/home/amlab/CarMaker_ROS2_Original/ros/ros2_ws/install/hellocm_msgs/lib:/home/amlab/CarMaker_ROS2_Original/ros/ros2_ws/install/cmrosutils/lib:${LD_LIBRARY_PATH} PYTHONPATH=/home/amlab/CarMaker_ROS2_Original/ros/ros2_ws/install/hellocm_msgs/lib/python3.8/site-packages:/home/amlab/CarMaker_ROS2_Original/ros/ros2_ws/install/cmrosutils/lib/python3.8/site-packages:${PYTHONPATH} /usr/bin/cmake /home/amlab/CarMaker_ROS2_Original/ros/ros2_ws/src/hellocm -DCMAKE_INSTALL_PREFIX=/home/amlab/CarMaker_ROS2_Original/ros/ros2_ws/install/hellocm
[0.094s] -- The C compiler identification is GNU 9.4.0
[0.140s] -- The CXX compiler identification is GNU 9.4.0
[0.142s] -- Check for working C compiler: /usr/bin/cc
[0.219s] -- Check for working C compiler: /usr/bin/cc -- works
[0.220s] -- Detecting C compiler ABI info
[0.299s] -- Detecting C compiler ABI info - done
[0.305s] -- Detecting C compile features
[0.305s] -- Detecting C compile features - done
[0.306s] -- Check for working CXX compiler: /usr/bin/c++
[0.351s] -- Check for working CXX compiler: /usr/bin/c++ -- works
[0.351s] -- Detecting CXX compiler ABI info
[0.394s] -- Detecting CXX compiler ABI info - done
[0.402s] -- Detecting CXX compile features
[0.402s] -- Detecting CXX compile features - done
[0.403s] -- Found ament_cmake: 1.1.6 (/opt/ros/galactic/share/ament_cmake/cmake)
[0.418s] -- Found PythonInterp: /usr/bin/python3 (found suitable version "3.8.10", minimum required is "3") 
[0.418s] -- Using PYTHON_EXECUTABLE: /usr/bin/python3
[0.466s] -- Found rclcpp: 9.2.2 (/opt/ros/galactic/share/rclcpp/cmake)
[0.492s] -- Using all available rosidl_typesupport_c: rosidl_typesupport_fastrtps_c;rosidl_typesupport_introspection_c
[0.495s] -- Found rosidl_adapter: 2.2.3 (/opt/ros/galactic/share/rosidl_adapter/cmake)
[0.531s] -- Found OpenSSL: /usr/lib/x86_64-linux-gnu/libcrypto.so (found version "1.1.1f")  
[0.546s] -- Found FastRTPS: /opt/ros/galactic/include  
[0.588s] -- Using all available rosidl_typesupport_cpp: rosidl_typesupport_fastrtps_cpp;rosidl_typesupport_introspection_cpp
[0.620s] -- Found rmw_implementation_cmake: 3.3.1 (/opt/ros/galactic/share/rmw_implementation_cmake/cmake)
[0.622s] -- Found rmw_cyclonedds_cpp: 0.22.6 (/opt/ros/galactic/share/rmw_cyclonedds_cpp/cmake)
[0.633s] -- Using RMW implementation 'rmw_cyclonedds_cpp' as default
[0.633s] -- Looking for pthread.h
[0.680s] -- Looking for pthread.h - found
[0.680s] -- Performing Test CMAKE_HAVE_LIBC_PTHREAD
[0.761s] -- Performing Test CMAKE_HAVE_LIBC_PTHREAD - Failed
[0.761s] -- Looking for pthread_create in pthreads
[0.816s] -- Looking for pthread_create in pthreads - not found
[0.817s] -- Looking for pthread_create in pthread
[0.880s] -- Looking for pthread_create in pthread - found
[0.881s] -- Found Threads: TRUE  
[0.966s] -- Found rclpy: 1.9.3 (/opt/ros/galactic/share/rclpy/cmake)
[0.966s] -- Found cmrosutils: 0.0.0 (/home/amlab/CarMaker_ROS2_Original/ros/ros2_ws/install/cmrosutils/share/cmrosutils/cmake)
[0.987s] -- Found hellocm_msgs: 0.0.0 (/home/amlab/CarMaker_ROS2_Original/ros/ros2_ws/install/hellocm_msgs/share/hellocm_msgs/cmake)
[1.013s] -- Found ament_lint_auto: 0.10.7 (/opt/ros/galactic/share/ament_lint_auto/cmake)
[1.053s] -- Added test 'copyright' to check source files copyright and LICENSE
[1.053s] -- Added test 'cppcheck' to perform static code analysis on C / C++ code
[1.053s] -- Configured cppcheck include dirs: /home/amlab/CarMaker_ROS2_Original/ros/ros2_ws/src/hellocm/include
[1.053s] -- Configured cppcheck exclude dirs and/or files: 
[1.054s] -- Added test 'cpplint' to check C / C++ code against the Google style
[1.054s] -- Configured cpplint exclude dirs and/or files: 
[1.054s] -- Added test 'flake8' to check Python code syntax and style conventions
[1.054s] -- Added test 'lint_cmake' to check CMake code style
[1.055s] -- Added test 'pep257' to check Python code against some of the style conventions in PEP 257
[1.055s] -- Added test 'uncrustify' to check C / C++ code style
[1.055s] -- Configured uncrustify additional arguments: 
[1.055s] -- Added test 'xmllint' to check XML markup files
[1.057s] -- Configuring done
[1.061s] -- Generating done
[1.062s] -- Build files have been written to: /home/amlab/CarMaker_ROS2_Original/ros/ros2_ws/build/hellocm
[1.067s] Invoked command in '/home/amlab/CarMaker_ROS2_Original/ros/ros2_ws/build/hellocm' returned '0': AMENT_PREFIX_PATH=/home/amlab/CarMaker_ROS2_Original/ros/ros2_ws/install/hellocm_msgs:/home/amlab/CarMaker_ROS2_Original/ros/ros2_ws/install/cmrosutils:${AMENT_PREFIX_PATH} CMAKE_PREFIX_PATH=/home/amlab/CarMaker_ROS2_Original/ros/ros2_ws/install/hellocm_msgs:/home/amlab/CarMaker_ROS2_Original/ros/ros2_ws/install/cmrosutils:/opt/ros/galactic LD_LIBRARY_PATH=/home/amlab/CarMaker_ROS2_Original/ros/ros2_ws/install/hellocm_msgs/lib:/home/amlab/CarMaker_ROS2_Original/ros/ros2_ws/install/cmrosutils/lib:${LD_LIBRARY_PATH} PYTHONPATH=/home/amlab/CarMaker_ROS2_Original/ros/ros2_ws/install/hellocm_msgs/lib/python3.8/site-packages:/home/amlab/CarMaker_ROS2_Original/ros/ros2_ws/install/cmrosutils/lib/python3.8/site-packages:${PYTHONPATH} /usr/bin/cmake /home/amlab/CarMaker_ROS2_Original/ros/ros2_ws/src/hellocm -DCMAKE_INSTALL_PREFIX=/home/amlab/CarMaker_ROS2_Original/ros/ros2_ws/install/hellocm
[1.068s] Invoking command in '/home/amlab/CarMaker_ROS2_Original/ros/ros2_ws/build/hellocm': AMENT_PREFIX_PATH=/home/amlab/CarMaker_ROS2_Original/ros/ros2_ws/install/hellocm_msgs:/home/amlab/CarMaker_ROS2_Original/ros/ros2_ws/install/cmrosutils:${AMENT_PREFIX_PATH} CMAKE_PREFIX_PATH=/home/amlab/CarMaker_ROS2_Original/ros/ros2_ws/install/hellocm_msgs:/home/amlab/CarMaker_ROS2_Original/ros/ros2_ws/install/cmrosutils:/opt/ros/galactic LD_LIBRARY_PATH=/home/amlab/CarMaker_ROS2_Original/ros/ros2_ws/install/hellocm_msgs/lib:/home/amlab/CarMaker_ROS2_Original/ros/ros2_ws/install/cmrosutils/lib:${LD_LIBRARY_PATH} PYTHONPATH=/home/amlab/CarMaker_ROS2_Original/ros/ros2_ws/install/hellocm_msgs/lib/python3.8/site-packages:/home/amlab/CarMaker_ROS2_Original/ros/ros2_ws/install/cmrosutils/lib/python3.8/site-packages:${PYTHONPATH} /usr/bin/cmake --build /home/amlab/CarMaker_ROS2_Original/ros/ros2_ws/build/hellocm -- -j12 -l12
[1.097s] [35m[1mScanning dependencies of target hellocm_node[0m
[1.117s] [ 50%] [32mBuilding CXX object CMakeFiles/hellocm_node.dir/src/ROS1_HelloCM.cpp.o[0m
[1.183s] [01m[K/home/amlab/CarMaker_ROS2_Original/ros/ros2_ws/src/hellocm/src/ROS1_HelloCM.cpp:35:4:[m[K [01;35m[Kwarning: [m[K#warning is a GCC extension
[1.183s]    35 | #  [01;35m[Kwarning[m[K "Debug options are enabled!"
[1.183s]       |    [01;35m[K^~~~~~~[m[K
[1.183s] [01m[K/home/amlab/CarMaker_ROS2_Original/ros/ros2_ws/src/hellocm/src/ROS1_HelloCM.cpp:35:4:[m[K [01;35m[Kwarning: [m[K#warning "Debug options are enabled!" [[01;35m[K-Wcpp[m[K]
[1.927s] [01m[K/home/amlab/CarMaker_ROS2_Original/ros/ros2_ws/src/hellocm/src/ROS1_HelloCM.cpp:[m[K In function ‘[01m[Kbool ros_HelloCM_CB_SrvInit(std::shared_ptr<rmw_request_id_t>, std::shared_ptr<hellocm_msgs::srv::Init_Request_<std::allocator<void> > >, std::shared_ptr<hellocm_msgs::srv::Init_Response_<std::allocator<void> > >)[m[K’:
[1.927s] [01m[K/home/amlab/CarMaker_ROS2_Original/ros/ros2_ws/src/hellocm/src/ROS1_HelloCM.cpp:95:42:[m[K [01;35m[Kwarning: [m[Kunused parameter ‘[01m[Krequest_header[m[K’ [[01;35m[K-Wunused-parameter[m[K]
[1.927s]    95 |  [01;35m[Kconst std::shared_ptr<rmw_request_id_t> request_header[m[K,
[1.927s]       |  [01;35m[K~~~~~~~~~~~~~~~~~~~~~~~~~~~~~~~~~~~~~~~~^~~~~~~~~~~~~~[m[K
[1.927s] [01m[K/home/amlab/CarMaker_ROS2_Original/ros/ros2_ws/src/hellocm/src/ROS1_HelloCM.cpp:96:52:[m[K [01;35m[Kwarning: [m[Kunused parameter ‘[01m[Kreq[m[K’ [[01;35m[K-Wunused-parameter[m[K]
[1.927s]    96 |  [01;35m[Kstd::shared_ptr<hellocm_msgs::srv::Init::Request> req[m[K,
[1.927s]       |  [01;35m[K~~~~~~~~~~~~~~~~~~~~~~~~~~~~~~~~~~~~~~~~~~~~~~~~~~^~~[m[K
[2.028s] [01m[K/home/amlab/CarMaker_ROS2_Original/ros/ros2_ws/src/hellocm/src/ROS1_HelloCM.cpp:[m[K In function ‘[01m[Kint ros_HelloCM_Init(int, char**)[m[K’:
[2.028s] [01m[K/home/amlab/CarMaker_ROS2_Original/ros/ros2_ws/src/hellocm/src/ROS1_HelloCM.cpp:285:30:[m[K [01;35m[Kwarning: [m[K‘[01m[Kconst rclcpp::ParameterValue& rclcpp::Node::declare_parameter(const string&)[m[K’ is deprecated: declare_parameter() with only a name is deprecated and will be deleted in the future.\nIf you want to declare a parameter that won't change type without a default value use:\n`node->declare_parameter<ParameterT>(name)`, where e.g. ParameterT=int64_t.\n\nIf you want to declare a parameter that can dynamically change type use:\n```\nrcl_interfaces::msg::ParameterDescriptor descriptor;\ndescriptor.dynamic_typing = true;\nnode->declare_parameter(name, rclcpp::ParameterValue{}, descriptor);\n``` [[01;35m[K-Wdeprecated-declarations[m[K]
[2.028s]   285 |  node->declare_parameter(sbuf[01;35m[K)[m[K;
[2.028s]       |                              [01;35m[K^[m[K
[2.028s] In file included from [01m[K/opt/ros/galactic/include/rclcpp/executors/single_threaded_executor.hpp:28[m[K,
[2.029s]                  from [01m[K/opt/ros/galactic/include/rclcpp/executors.hpp:22[m[K,
[2.029s]                  from [01m[K/opt/ros/galactic/include/rclcpp/rclcpp.hpp:156[m[K,
[2.029s]                  from [01m[K/home/amlab/CarMaker_ROS2_Original/ros/ros2_ws/install/cmrosutils/include/cmrosutils/CMRosUtils.h:36[m[K,
[2.029s]                  from [01m[K/home/amlab/CarMaker_ROS2_Original/ros/ros2_ws/src/hellocm/src/ROS1_HelloCM.cpp:27[m[K:
[2.029s] [01m[K/opt/ros/galactic/include/rclcpp/node.hpp:422:3:[m[K [01;36m[Knote: [m[Kdeclared here
[2.029s]   422 |   [01;36m[Kdeclare_parameter[m[K(const std::string & name);
[2.029s]       |   [01;36m[K^~~~~~~~~~~~~~~~~[m[K
[5.088s] [100%] [32m[1mLinking CXX executable hellocm_node[0m
[5.256s] [100%] Built target hellocm_node
[5.263s] Invoked command in '/home/amlab/CarMaker_ROS2_Original/ros/ros2_ws/build/hellocm' returned '0': AMENT_PREFIX_PATH=/home/amlab/CarMaker_ROS2_Original/ros/ros2_ws/install/hellocm_msgs:/home/amlab/CarMaker_ROS2_Original/ros/ros2_ws/install/cmrosutils:${AMENT_PREFIX_PATH} CMAKE_PREFIX_PATH=/home/amlab/CarMaker_ROS2_Original/ros/ros2_ws/install/hellocm_msgs:/home/amlab/CarMaker_ROS2_Original/ros/ros2_ws/install/cmrosutils:/opt/ros/galactic LD_LIBRARY_PATH=/home/amlab/CarMaker_ROS2_Original/ros/ros2_ws/install/hellocm_msgs/lib:/home/amlab/CarMaker_ROS2_Original/ros/ros2_ws/install/cmrosutils/lib:${LD_LIBRARY_PATH} PYTHONPATH=/home/amlab/CarMaker_ROS2_Original/ros/ros2_ws/install/hellocm_msgs/lib/python3.8/site-packages:/home/amlab/CarMaker_ROS2_Original/ros/ros2_ws/install/cmrosutils/lib/python3.8/site-packages:${PYTHONPATH} /usr/bin/cmake --build /home/amlab/CarMaker_ROS2_Original/ros/ros2_ws/build/hellocm -- -j12 -l12
[5.275s] Invoking command in '/home/amlab/CarMaker_ROS2_Original/ros/ros2_ws/build/hellocm': AMENT_PREFIX_PATH=/home/amlab/CarMaker_ROS2_Original/ros/ros2_ws/install/hellocm_msgs:/home/amlab/CarMaker_ROS2_Original/ros/ros2_ws/install/cmrosutils:${AMENT_PREFIX_PATH} CMAKE_PREFIX_PATH=/home/amlab/CarMaker_ROS2_Original/ros/ros2_ws/install/hellocm_msgs:/home/amlab/CarMaker_ROS2_Original/ros/ros2_ws/install/cmrosutils:/opt/ros/galactic LD_LIBRARY_PATH=/home/amlab/CarMaker_ROS2_Original/ros/ros2_ws/install/hellocm_msgs/lib:/home/amlab/CarMaker_ROS2_Original/ros/ros2_ws/install/cmrosutils/lib:${LD_LIBRARY_PATH} PYTHONPATH=/home/amlab/CarMaker_ROS2_Original/ros/ros2_ws/install/hellocm_msgs/lib/python3.8/site-packages:/home/amlab/CarMaker_ROS2_Original/ros/ros2_ws/install/cmrosutils/lib/python3.8/site-packages:${PYTHONPATH} /usr/bin/cmake --install /home/amlab/CarMaker_ROS2_Original/ros/ros2_ws/build/hellocm
[5.279s] -- Install configuration: ""
[5.279s] -- Installing: /home/amlab/CarMaker_ROS2_Original/ros/ros2_ws/install/hellocm/lib/hellocm/hellocm_node
[5.281s] -- Set runtime path of "/home/amlab/CarMaker_ROS2_Original/ros/ros2_ws/install/hellocm/lib/hellocm/hellocm_node" to ""
[5.281s] -- Installing: /home/amlab/CarMaker_ROS2_Original/ros/ros2_ws/install/hellocm/include/hellocm/
[5.281s] -- Installing: /home/amlab/CarMaker_ROS2_Original/ros/ros2_ws/install/hellocm/include/hellocm//ROS1_HelloCM.h
[5.281s] -- Installing: /home/amlab/CarMaker_ROS2_Original/ros/ros2_ws/install/hellocm/share/hellocm/launch
[5.281s] -- Installing: /home/amlab/CarMaker_ROS2_Original/ros/ros2_ws/install/hellocm/share/hellocm/launch/hellocm.launch.py
[5.281s] -- Installing: /home/amlab/CarMaker_ROS2_Original/ros/ros2_ws/install/hellocm/share/ament_index/resource_index/package_run_dependencies/hellocm
[5.281s] -- Installing: /home/amlab/CarMaker_ROS2_Original/ros/ros2_ws/install/hellocm/share/ament_index/resource_index/parent_prefix_path/hellocm
[5.281s] -- Installing: /home/amlab/CarMaker_ROS2_Original/ros/ros2_ws/install/hellocm/share/hellocm/environment/ament_prefix_path.sh
[5.281s] -- Installing: /home/amlab/CarMaker_ROS2_Original/ros/ros2_ws/install/hellocm/share/hellocm/environment/ament_prefix_path.dsv
[5.281s] -- Installing: /home/amlab/CarMaker_ROS2_Original/ros/ros2_ws/install/hellocm/share/hellocm/environment/path.sh
[5.281s] -- Installing: /home/amlab/CarMaker_ROS2_Original/ros/ros2_ws/install/hellocm/share/hellocm/environment/path.dsv
[5.281s] -- Installing: /home/amlab/CarMaker_ROS2_Original/ros/ros2_ws/install/hellocm/share/hellocm/local_setup.bash
[5.282s] -- Installing: /home/amlab/CarMaker_ROS2_Original/ros/ros2_ws/install/hellocm/share/hellocm/local_setup.sh
[5.282s] -- Installing: /home/amlab/CarMaker_ROS2_Original/ros/ros2_ws/install/hellocm/share/hellocm/local_setup.zsh
[5.282s] -- Installing: /home/amlab/CarMaker_ROS2_Original/ros/ros2_ws/install/hellocm/share/hellocm/local_setup.dsv
[5.282s] -- Installing: /home/amlab/CarMaker_ROS2_Original/ros/ros2_ws/install/hellocm/share/hellocm/package.dsv
[5.282s] -- Installing: /home/amlab/CarMaker_ROS2_Original/ros/ros2_ws/install/hellocm/share/ament_index/resource_index/packages/hellocm
[5.282s] -- Installing: /home/amlab/CarMaker_ROS2_Original/ros/ros2_ws/install/hellocm/share/hellocm/cmake/ament_cmake_export_include_directories-extras.cmake
[5.282s] -- Installing: /home/amlab/CarMaker_ROS2_Original/ros/ros2_ws/install/hellocm/share/hellocm/cmake/ament_cmake_export_dependencies-extras.cmake
[5.282s] -- Installing: /home/amlab/CarMaker_ROS2_Original/ros/ros2_ws/install/hellocm/share/hellocm/cmake/hellocmConfig.cmake
[5.282s] -- Installing: /home/amlab/CarMaker_ROS2_Original/ros/ros2_ws/install/hellocm/share/hellocm/cmake/hellocmConfig-version.cmake
[5.282s] -- Installing: /home/amlab/CarMaker_ROS2_Original/ros/ros2_ws/install/hellocm/share/hellocm/package.xml
[5.283s] Invoked command in '/home/amlab/CarMaker_ROS2_Original/ros/ros2_ws/build/hellocm' returned '0': AMENT_PREFIX_PATH=/home/amlab/CarMaker_ROS2_Original/ros/ros2_ws/install/hellocm_msgs:/home/amlab/CarMaker_ROS2_Original/ros/ros2_ws/install/cmrosutils:${AMENT_PREFIX_PATH} CMAKE_PREFIX_PATH=/home/amlab/CarMaker_ROS2_Original/ros/ros2_ws/install/hellocm_msgs:/home/amlab/CarMaker_ROS2_Original/ros/ros2_ws/install/cmrosutils:/opt/ros/galactic LD_LIBRARY_PATH=/home/amlab/CarMaker_ROS2_Original/ros/ros2_ws/install/hellocm_msgs/lib:/home/amlab/CarMaker_ROS2_Original/ros/ros2_ws/install/cmrosutils/lib:${LD_LIBRARY_PATH} PYTHONPATH=/home/amlab/CarMaker_ROS2_Original/ros/ros2_ws/install/hellocm_msgs/lib/python3.8/site-packages:/home/amlab/CarMaker_ROS2_Original/ros/ros2_ws/install/cmrosutils/lib/python3.8/site-packages:${PYTHONPATH} /usr/bin/cmake --install /home/amlab/CarMaker_ROS2_Original/ros/ros2_ws/build/hellocm
