[0.064s] Invoking command in '/home/amlab/CarMaker_ROS2_Original/ros/ros2_ws/build/carmaker_vds_client': CMAKE_PREFIX_PATH=/opt/ros/galactic /usr/bin/cmake --build /home/amlab/CarMaker_ROS2_Original/ros/ros2_ws/build/carmaker_vds_client -- -j12 -l12
[0.101s] [100%] Built target carmaker_vds_client_node
[0.108s] Invoked command in '/home/amlab/CarMaker_ROS2_Original/ros/ros2_ws/build/carmaker_vds_client' returned '0': CMAKE_PREFIX_PATH=/opt/ros/galactic /usr/bin/cmake --build /home/amlab/CarMaker_ROS2_Original/ros/ros2_ws/build/carmaker_vds_client -- -j12 -l12
[0.126s] Invoking command in '/home/amlab/CarMaker_ROS2_Original/ros/ros2_ws/build/carmaker_vds_client': CMAKE_PREFIX_PATH=/opt/ros/galactic /usr/bin/cmake --install /home/amlab/CarMaker_ROS2_Original/ros/ros2_ws/build/carmaker_vds_client
[0.130s] -- Install configuration: ""
[0.130s] -- Up-to-date: /home/amlab/CarMaker_ROS2_Original/ros/ros2_ws/install/carmaker_vds_client/lib/carmaker_vds_client/carmaker_vds_client_node
[0.130s] -- Up-to-date: /home/amlab/CarMaker_ROS2_Original/ros/ros2_ws/install/carmaker_vds_client/share/carmaker_vds_client/launch
[0.130s] -- Up-to-date: /home/amlab/CarMaker_ROS2_Original/ros/ros2_ws/install/carmaker_vds_client/share/carmaker_vds_client/launch/multicam_example.launch.py
[0.130s] -- Up-to-date: /home/amlab/CarMaker_ROS2_Original/ros/ros2_ws/install/carmaker_vds_client/share/carmaker_vds_client/launch/IPGMovie_VDS_helper.sh
[0.131s] -- Up-to-date: /home/amlab/CarMaker_ROS2_Original/ros/ros2_ws/install/carmaker_vds_client/share/carmaker_vds_client/launch/multicam_example.perspective
[0.131s] -- Up-to-date: /home/amlab/CarMaker_ROS2_Original/ros/ros2_ws/install/carmaker_vds_client/share/carmaker_vds_client/launch/carmaker_vds_client.launch.py
[0.131s] -- Up-to-date: /home/amlab/CarMaker_ROS2_Original/ros/ros2_ws/install/carmaker_vds_client/lib/carmaker_vds_client/IPGMovie_VDS_helper.sh
[0.131s] -- Up-to-date: /home/amlab/CarMaker_ROS2_Original/ros/ros2_ws/install/carmaker_vds_client/share/ament_index/resource_index/package_run_dependencies/carmaker_vds_client
[0.131s] -- Up-to-date: /home/amlab/CarMaker_ROS2_Original/ros/ros2_ws/install/carmaker_vds_client/share/ament_index/resource_index/parent_prefix_path/carmaker_vds_client
[0.131s] -- Up-to-date: /home/amlab/CarMaker_ROS2_Original/ros/ros2_ws/install/carmaker_vds_client/share/carmaker_vds_client/environment/ament_prefix_path.sh
[0.131s] -- Up-to-date: /home/amlab/CarMaker_ROS2_Original/ros/ros2_ws/install/carmaker_vds_client/share/carmaker_vds_client/environment/ament_prefix_path.dsv
[0.131s] -- Up-to-date: /home/amlab/CarMaker_ROS2_Original/ros/ros2_ws/install/carmaker_vds_client/share/carmaker_vds_client/environment/path.sh
[0.131s] -- Up-to-date: /home/amlab/CarMaker_ROS2_Original/ros/ros2_ws/install/carmaker_vds_client/share/carmaker_vds_client/environment/path.dsv
[0.131s] -- Up-to-date: /home/amlab/CarMaker_ROS2_Original/ros/ros2_ws/install/carmaker_vds_client/share/carmaker_vds_client/local_setup.bash
[0.131s] -- Up-to-date: /home/amlab/CarMaker_ROS2_Original/ros/ros2_ws/install/carmaker_vds_client/share/carmaker_vds_client/local_setup.sh
[0.131s] -- Up-to-date: /home/amlab/CarMaker_ROS2_Original/ros/ros2_ws/install/carmaker_vds_client/share/carmaker_vds_client/local_setup.zsh
[0.131s] -- Up-to-date: /home/amlab/CarMaker_ROS2_Original/ros/ros2_ws/install/carmaker_vds_client/share/carmaker_vds_client/local_setup.dsv
[0.131s] -- Installing: /home/amlab/CarMaker_ROS2_Original/ros/ros2_ws/install/carmaker_vds_client/share/carmaker_vds_client/package.dsv
[0.131s] -- Up-to-date: /home/amlab/CarMaker_ROS2_Original/ros/ros2_ws/install/carmaker_vds_client/share/ament_index/resource_index/packages/carmaker_vds_client
[0.131s] -- Up-to-date: /home/amlab/CarMaker_ROS2_Original/ros/ros2_ws/install/carmaker_vds_client/share/carmaker_vds_client/cmake/carmaker_vds_clientConfig.cmake
[0.131s] -- Up-to-date: /home/amlab/CarMaker_ROS2_Original/ros/ros2_ws/install/carmaker_vds_client/share/carmaker_vds_client/cmake/carmaker_vds_clientConfig-version.cmake
[0.131s] -- Up-to-date: /home/amlab/CarMaker_ROS2_Original/ros/ros2_ws/install/carmaker_vds_client/share/carmaker_vds_client/package.xml
[0.132s] Invoked command in '/home/amlab/CarMaker_ROS2_Original/ros/ros2_ws/build/carmaker_vds_client' returned '0': CMAKE_PREFIX_PATH=/opt/ros/galactic /usr/bin/cmake --install /home/amlab/CarMaker_ROS2_Original/ros/ros2_ws/build/carmaker_vds_client
