

SYSTEM_START	-	amlab	amlab	2022-03-13 22:08:28


SYSTEM_INFO	Car_Generic with CMRosIF #188	amlab@amlab 2022-03-13 20:36:49	(9.1.1 fh@obelix.ipg 2020-12-18 15:48:20)
SIM	1647176909	amlab			0	0	0
SIM	1647176923	amlab	amlab	Sangam_AD_HK_sc6[dm]_s5_start_obj	0	246.958	2752.24
SIM	1647177441	amlab	amlab	Sangam_AD_HK_sc6[dm]_s6_start_obj	0	7.587	38.4223
SIM	1647177463	amlab	amlab	Sangam_AD_HK_sc6[dm]_s6_start_obj	0	53.274	595.478
SIM	1647177613	amlab	amlab	Sangam_AD_HK_sc6[dm]_s6_start_obj	0	36.578	394.97
SIM	1647177663	amlab	amlab	Sangam_AD_HK_sc6[dm]_s6_start_obj	0	7.301	34.7774
SIM	1647177759	amlab	amlab	Sangam_AD_HK_sc6[dm]_s6_start_obj	0	76.989	923.43


SYSTEM_START	-	amlab	amlab	2022-03-14 13:54:06


SYSTEM_INFO	Car_Generic with CMRosIF #188	amlab@amlab 2022-03-13 20:36:49	(9.1.1 fh@obelix.ipg 2020-12-18 15:48:20)
SIM	1647233647	amlab			0	0	0
SIM	1647233668	amlab	amlab	Sangam_AD_HK_sc6[dm]_s6_start_obj	0	116.955	959.398
SIM	1647233793	amlab	amlab	Sangam_AD_HK_sc6[dm]_s6_start_obj	0	29.692	305.852
SIM	1647233912	amlab	amlab	Sangam_AD_HK_sc6[dm]_s6_start_obj	0	65.686	766.978
SIM	1647234018	amlab	amlab	Sangam_AD_HK_sc6[dm]_s6_start_obj	1	900.805	11288.7


SYSTEM_START	-	amlab	amlab	2022-03-14 19:44:59


SYSTEM_INFO	Car_Generic with CMRosIF #188	amlab@amlab 2022-03-13 20:36:49	(9.1.1 fh@obelix.ipg 2020-12-18 15:48:20)
SIM	1647254700	amlab			0	0	0
SIM	1647254726	amlab	amlab	Sangam_AD_HK_sc6[dm]_s6_start_obj	0	409.638	1170.54
SIM	1647255144	amlab	amlab	Sangam_AD_HK_sc6[dm]_s6_start_obj	0	247.383	1419.86
SIM	1647257854	amlab	amlab	Sangam_AD_HK_sc6[dm]_s6_start_obj	1	19.731	185.407
SIM	1647257944	amlab	amlab	Sangam_AD_HK_sc6[dm]_s6_start_obj	1	31.506	302.068
SIM	1647257982	amlab	amlab	Sangam_AD_HK_sc6[dm]_s6_start_obj	0	68.661	738.248
SIM	1647261448	amlab	amlab	Sangam_AD_HK_sc6[dm]_s6_start_obj	1	6.227	24.5394
SIM	1647261461	amlab	amlab	Sangam_AD_HK_sc6[dm]_s6_start_obj	0	571.646	6684.75
SIM	1647262037	amlab	amlab	Sangam_AD_HK_sc6[dm]_s6_start_obj	0	9.516	59.47
SIM	1647262052	amlab	amlab	Sangam_AD_HK_sc6[dm]_s6_start_obj	0	8.826	51.3842
SIM	1647262065	amlab	amlab	Sangam_AD_HK_sc6[dm]_s6_start_obj	0	96.118	1049.55
SIM	1647262211	amlab	amlab	Sangam_AD_HK_sc6[dm]_s6_start_obj	1	4.266	11.9548
SIM	1647262427	amlab	amlab	Sangam_AD_HK_sc6[dm]_s6_start_obj	0	11.061	76.1939
SIM	1647262481	amlab	amlab	Sangam_AD_HK_sc6[dm]_s6_start_obj	0	511.496	27.9214
SIM	1647262997	amlab	amlab	Sangam_AD_HK_sc6[dm]_s6_start_obj	0	18.774	72.8165
SIM	1647263021	amlab	amlab	Sangam_AD_HK_sc6[dm]_s6_start_obj	0	10.495	70.7633
SIM	1647263036	amlab	amlab	Sangam_AD_HK_sc6[dm]_s6_start_obj	0	17.8	161.226
SIM	1647263185	amlab	amlab	Sangam_AD_HK_sc6[dm]_s6_start_obj	0	45.145	460.721
SIM	1647263235	amlab	amlab	Sangam_AD_HK_sc6[dm]_s6_start_obj	0	0.183	0.00143159
SIM	1647263542	amlab	amlab	Sangam_AD_HK_sc6[dm]_s6_start_obj	1	116.931	1041.95
SIM	1647263668	amlab	amlab	Sangam_AD_HK_sc6[dm]_s6_start_obj	0	236.188	677.111
SIM	1647263909	amlab	amlab	Sangam_AD_HK_sc6[dm]_s6_start_obj	0	7.622	15.6695
SIM	1647263921	amlab	amlab	Sangam_AD_HK_sc6[dm]_s6_start_obj	0	94.423	1034.85
SIM	1647264106	amlab	amlab	Sangam_AD_HK_sc6[dm]_s6_start_obj	0	16.397	143.93
SIM	1647264143	amlab	amlab	Sangam_AD_HK_sc6[dm]_s6_start_obj	0	0	0
SIM	1647264188	amlab	amlab	Sangam_AD_HK_sc6[dm]_s6_start_obj	0	13.124	103.097
SIM	1647264302	amlab	amlab	Sangam_AD_HK_sc6[dm]_s6_start_obj	0	82.208	841.761


SYSTEM_START	-	amlab	amlab	2022-03-16 13:59:16


SYSTEM_INFO	Car_Generic with CMRosIF #191	amlab@amlab 2022-03-16 13:59:01	(9.1.1 fh@obelix.ipg 2020-12-18 15:48:20)
SIM	1647406757	amlab			0	0	0


SYSTEM_START	-	amlab	amlab	2022-03-16 13:59:17


SYSTEM_INFO	Car_Generic with CMRosIF #191	amlab@amlab 2022-03-16 13:59:01	(9.1.1 fh@obelix.ipg 2020-12-18 15:48:20)
SIM	1647406758	amlab			0	0	0
SIM	1647406761	amlab	amlab	Sangam_AD_HK_sc6[dm]_s6_start_obj	0	67.721	1.91807


SYSTEM_START	-	amlab	amlab	2022-03-16 14:50:31


SYSTEM_INFO	Car_Generic with CMRosIF #193	amlab@amlab 2022-03-16 14:50:16	(9.1.1 fh@obelix.ipg 2020-12-18 15:48:20)
SIM	1647409832	amlab			0	0	0
SIM	1647409833	amlab	amlab	Sangam_AD_HK_sc6[dm]_s6_start_obj	0	32.241	0.939505


SYSTEM_START	-	amlab	amlab	2022-03-16 15:21:59


SYSTEM_INFO	Car_Generic with CMRosIF #195	amlab@amlab 2022-03-16 15:21:45	(9.1.1 fh@obelix.ipg 2020-12-18 15:48:20)
SIM	1647411721	amlab			0	0	0
SIM	1647411737	amlab	amlab	Sangam_AD_HK_sc6[dm]_s6_start_obj	0	678.768	0.553053
SIM	1647412475	amlab	amlab	Sangam_AD_HK_sc6[dm]_s6_start_obj	0	28.69	0.298024
SIM	1647412597	amlab	amlab	Sangam_AD_HK_sc6[dm]_s6_start_obj	0	76.676	129.006
SIM	1647412678	amlab	amlab	Sangam_AD_HK_sc6[dm]_s6_start_obj	0	164.57	584.118
SIM	1647412949	amlab	amlab	Sangam_AD_HK_sc6[dm]_s6_start_obj	0	206.49	2378.08
SIM	1647413089	amlab	amlab	Sangam_AD_HK_sc6[dm]_s6_start_obj	1	11.892	46.213


SYSTEM_START	-	amlab	amlab	2022-03-21 19:49:16


SYSTEM_INFO	Car_Generic with CMRosIF #195	amlab@amlab 2022-03-16 15:21:45	(9.1.1 fh@obelix.ipg 2020-12-18 15:48:20)
SIM	1647859757	amlab			0	0	0
SIM	1647860622	amlab	amlab	Sangam_AD_HK_sc6[dm]_s6_start_obj	1	55.485	30.356
SIM	1647860695	amlab	amlab	Sangam_AD_HK_sc6[dm]_s6_start_obj	1	329.115	31.4944


SYSTEM_START	-	amlab	amlab	2022-03-21 20:20:11


SYSTEM_INFO	CarMaker 9.1.1 - Car_Generic #511	fh@obelix.ipg 2020-12-18 15:48:22	(9.1.1 fh@obelix.ipg 2020-12-18 15:48:20)
SIM	1647861612	amlab			0	0	0
SIM	1647861650	amlab	amlab	Sangam_AD_HK_sc6[dm]_s7_signle_obj	0	62.163	5.83772


SYSTEM_START	-	amlab	amlab	2022-03-21 20:22:03


SYSTEM_INFO	CarMaker 9.1.1 - Car_Generic #511	fh@obelix.ipg 2020-12-18 15:48:22	(9.1.1 fh@obelix.ipg 2020-12-18 15:48:20)
SIM	1647861724	amlab			0	0	0


SYSTEM_START	-	amlab	amlab	2022-03-21 20:22:38


SYSTEM_INFO	Car_Generic with CMRosIF #1	amlab@amlab 2022-03-21 20:22:25	(9.1.1 fh@obelix.ipg 2020-12-18 15:48:20)
SIM	1647861760	amlab			0	0	0


SYSTEM_START	-	amlab	amlab	2022-03-23 15:23:39


SYSTEM_INFO	Car_Generic with CMRosIF #2	amlab@amlab 2022-03-23 15:20:49	(9.1.1 fh@obelix.ipg 2020-12-18 15:48:20)
SIM	1648016620	amlab			0	0	0


SYSTEM_START	-	amlab	amlab	2022-03-23 15:34:43


SYSTEM_INFO	Car_Generic with CMRosIF #4	amlab@amlab 2022-03-23 15:31:14	(9.1.1 fh@obelix.ipg 2020-12-18 15:48:20)
SIM	1648017284	amlab			0	0	0
SIM	1648017304	amlab	amlab	Sangam_AD_HK_sc6[dm]_etc_trf_light_test	1	0.001	0


SYSTEM_START	-	amlab	amlab	2022-03-23 15:41:59


SYSTEM_INFO	Car_Generic with CMRosIF #5	amlab@amlab 2022-03-23 15:39:12	(9.1.1 fh@obelix.ipg 2020-12-18 15:48:20)
SIM	1648017720	amlab			0	0	0


SYSTEM_START	-	amlab	amlab	2022-03-23 15:58:30


SYSTEM_INFO	Car_Generic with CMRosIF #6	amlab@amlab 2022-03-23 15:51:04	(9.1.1 fh@obelix.ipg 2020-12-18 15:48:20)
SIM	1648018711	amlab			0	0	0
SIM	1648018712	amlab	amlab	Sangam_AD_HK_sc6[dm]_etc_trf_light_test	0	287.235	4.50107


SYSTEM_START	-	amlab	amlab	2022-03-23 16:05:23


SYSTEM_INFO	Car_Generic with CMRosIF #8	amlab@amlab 2022-03-23 16:04:56	(9.1.1 fh@obelix.ipg 2020-12-18 15:48:20)
SIM	1648019125	amlab			0	0	0


SYSTEM_START	-	amlab	amlab	2022-03-23 16:06:36


SYSTEM_INFO	Car_Generic with CMRosIF #9	amlab@amlab 2022-03-23 16:06:26	(9.1.1 fh@obelix.ipg 2020-12-18 15:48:20)
SIM	1648019198	amlab			0	0	0
SIM	1648019198	amlab	amlab	Sangam_AD_HK_sc6[dm]_etc_trf_light_test	1	297.754	1516.53
SIM	1648019510	amlab	amlab	Sangam_AD_HK_sc6[dm]_etc_trf_light_test	0	99.649	2.73133
SIM	1648019622	amlab	amlab	Sangam_AD_HK_sc6[dm]_etc_trf_light_test	1	227.876	1087.63


SYSTEM_START	-	amlab	amlab	2022-03-23 16:20:15


SYSTEM_INFO	Car_Generic with CMRosIF #10	amlab@amlab 2022-03-23 16:19:35	(9.1.1 fh@obelix.ipg 2020-12-18 15:48:20)
SIM	1648020016	amlab			0	0	0


SYSTEM_START	-	amlab	amlab	2022-03-23 16:21:38


SYSTEM_INFO	Car_Generic with CMRosIF #11	amlab@amlab 2022-03-23 16:21:14	(9.1.1 fh@obelix.ipg 2020-12-18 15:48:20)
SIM	1648020099	amlab			0	0	0
SIM	1648020099	amlab	amlab	Sangam_AD_HK_sc6[dm]_etc_trf_light_test	0	1375.66	6.45416


SYSTEM_START	-	amlab	amlab	2022-03-23 16:46:02


SYSTEM_INFO	Car_Generic with CMRosIF #14	amlab@amlab 2022-03-23 16:45:44	(9.1.1 fh@obelix.ipg 2020-12-18 15:48:20)
SIM	1648021563	amlab			0	0	0
SIM	1648021564	amlab	amlab	Sangam_AD_HK_sc6[dm]_etc_trf_light_test	0	292.518	335.57
SIM	1648021867	amlab	amlab	Sangam_AD_HK_sc6[dm]_etc_trf_light_test	1	0	335.57
SIM	1648021933	amlab	amlab	Sangam_AD_HK_sc6[dm]_etc_trf_light_test	1	0	335.57
SIM	1648021962	amlab	amlab	Sangam_AD_HK_sc6[dm]_etc_trf_light_test	1	216.08	303.014
SIM	1648022194	amlab	amlab	Sangam_AD_HK_sc6[dm]_etc_trf_light_test	0	392.006	99.0358
SIM	1648022599	amlab	amlab	Sangam_AD_HK_sc6[dm]_etc_trf_light_test	0	7.797	0.121949


SYSTEM_START	-	amlab	amlab	2022-03-23 17:05:28


SYSTEM_INFO	Car_Generic with CMRosIF #16	amlab@amlab 2022-03-23 17:05:01	(9.1.1 fh@obelix.ipg 2020-12-18 15:48:20)
SIM	1648022729	amlab			0	0	0
SIM	1648022730	amlab	amlab	Sangam_AD_HK_sc6[dm]_etc_trf_light_test	1	110.295	284.398


SYSTEM_START	-	amlab	amlab	2022-03-23 19:12:57


SYSTEM_INFO	Car_Generic with CMRosIF #2	amlab@amlab 2022-03-23 15:20:49	(9.1.1 fh@obelix.ipg 2020-12-18 15:48:20)
SIM	1648030379	amlab			0	0	0
SIM	1648030394	amlab	amlab	Sangam_AD_HK_sc6[dm]_s6_start_obj	1	9257.72	100.319
SIM	1648039660	amlab	amlab	Sangam_AD_HK_sc6[dm]_s6_start_obj	1	370.887	760.811
SIM	1648040143	amlab	amlab	Sangam_AD_HK_sc6[dm]_s6_start_obj	0	8.622	47.3861
SIM	1648040156	amlab	amlab	Sangam_AD_HK_sc6[dm]_s6_start_obj	1	620.397	763.744


SYSTEM_START	-	amlab	amlab	2022-03-28 17:11:17


SYSTEM_INFO	Car_Generic with CMRosIF #2	amlab@amlab 2022-03-23 15:20:49	(9.1.1 fh@obelix.ipg 2020-12-18 15:48:20)
SIM	1648455078	amlab			0	0	0
SIM	1648455093	amlab	amlab	Sangam_AD_HK_sc6[dm]_s6_start_obj	0	3886.53	253.971
SIM	1648464821	amlab	amlab	Sangam_AD_HK_sc6[dm]_s6_start_obj	0	607.803	172.899
SIM	1648465433	amlab	amlab	Sangam_AD_HK_sc6[dm]_s6_start_obj	0	1217.14	1261.01
SIM	1648466654	amlab	amlab	Sangam_AD_HK_sc6[dm]_s6_start_obj	0	1023.64	188.269
SIM	1648467682	amlab	amlab	Sangam_AD_HK_sc6[dm]_s6_start_obj	0	59.304	182.059
SIM	1648467827	amlab	amlab	Sangam_AD_HK_sc6[dm]_s6_start_obj	0	74.106	181.469
SIM	1648467905	amlab	amlab	Sangam_AD_HK_sc6[dm]_s6_start_obj	0	1884.53	189.436
SIM	1648469798	amlab	amlab	Sangam_AD_HK_sc6[dm]_s6_start_obj	0	49.28	197.976
SIM	1648469852	amlab	amlab	Sangam_AD_HK_sc6[dm]_s6_start_obj	0	9679.57	276.94
SIM	1648480202	amlab	amlab	Sangam_AD_HK_sc6[dm]_s6_start_obj	1	0	276.94


SYSTEM_START	-	amlab	amlab	2022-03-29 00:10:11


SYSTEM_INFO	Car_Generic with CMRosIF #2	amlab@amlab 2022-03-23 15:20:49	(9.1.1 fh@obelix.ipg 2020-12-18 15:48:20)
SIM	1648480212	amlab			0	0	0


SYSTEM_START	-	amlab	amlab	2022-03-29 00:12:00


SYSTEM_INFO	Car_Generic with CMRosIF #2	amlab@amlab 2022-03-23 15:20:49	(9.1.1 fh@obelix.ipg 2020-12-18 15:48:20)
SIM	1648480321	amlab			0	0	0


SYSTEM_START	-	amlab	amlab	2022-04-05 14:02:57


SYSTEM_INFO	Car_Generic with CMRosIF #2	amlab@amlab 2022-03-23 15:20:49	(9.1.1 fh@obelix.ipg 2020-12-18 15:48:20)
SIM	1649134978	amlab			0	0	0
SIM	1649134988	amlab	amlab	Sangam_AD_HK_sc6[dm]_s6_start_obj	0	1629.09	491.945
SIM	1649136627	amlab	amlab	Sangam_AD_HK_sc6[dm]_s6_start_obj	0	87.186	134.189
SIM	1649136719	amlab	amlab	Sangam_AD_HK_sc6[dm]_s6_start_obj	0	95.835	630.869
SIM	1649136819	amlab	amlab	Sangam_AD_HK_sc6[dm]_s6_start_obj	1	52.565	51.8026
SIM	1649138002	amlab	amlab	Sangam_AD_HK_sc6[dm]_s6_start_obj	1	144.585	904.802
SIM	1649138452	amlab	amlab	Sangam_AD_HK_sc6[dm]_s6_start_obj	0	7638.98	99.5889
SIM	1649146096	amlab	amlab	Sangam_AD_HK_sc6[dm]_s6_start_obj	0	8480.46	18.5843
SIM	1649154581	amlab	amlab	Sangam_AD_HK_sc6[dm]_s6_start_obj	0	3583.8	15.4359
SIM	1649158170	amlab	amlab	Sangam_AD_HK_sc6[dm]_s6_start_obj	0	3285.42	26.4341
SIM	1649161463	amlab	amlab	Sangam_AD_HK_sc6[dm]_s6_start_obj	0	98.396	29.0583
SIM	1649161566	amlab	amlab	Sangam_AD_HK_sc6[dm]_s6_start_obj	0	51.517	35.568
SIM	1649161623	amlab	amlab	Sangam_AD_HK_sc6[dm]_s6_start_obj	0	47.929	35.1682
SIM	1649161677	amlab	amlab	Sangam_AD_HK_sc6[dm]_s6_start_obj	1	29.617	74.6462
SIM	1649161758	amlab	amlab	Sangam_AD_HK_sc6[dm]_s6_start_obj	0	37.031	25.1266
SIM	1649161800	amlab	amlab	Sangam_AD_HK_sc6[dm]_s6_start_obj	0	50.887	56.3543
SIM	1649161857	amlab	amlab	Sangam_AD_HK_sc6[dm]_s6_start_obj	1	123.675	209.017
SIM	1649162278	amlab	amlab	Sangam_AD_HK_sc6[dm]_s6_start_obj	1	86.027	195.857
SIM	1649162584	amlab	amlab	Sangam_AD_HK_sc6[dm]_s6_start_obj	1	88.182	193.695
SIM	1649163790	amlab	amlab	Sangam_AD_HK_sc6[dm]_s6_start_obj	1	96.77	191.873
SIM	1649164229	amlab	amlab	Sangam_AD_HK_sc6[dm]_s6_start_obj	1	11.316	20.9863
SIM	1649164250	amlab	amlab	Sangam_AD_HK_sc6[dm]_s6_start_obj	1	154.966	811.274
SIM	1649165249	amlab	amlab	Sangam_AD_HK_sc6[dm]_s6_start_obj	1	181.858	811.777
SIM	1649166032	amlab	amlab	Sangam_AD_HK_sc6[dm]_s6_start_obj	1	43.427	69.9713
SIM	1649166166	amlab	amlab	Sangam_AD_HK_sc6[dm]_s6_start_obj	1	61.317	49.4162
SIM	1649166296	amlab	amlab	Sangam_AD_HK_sc6[dm]_s6_start_obj	1	56.233	150.543


SYSTEM_START	-	amlab	amlab	2022-04-05 23:17:44


SYSTEM_INFO	Car_Generic with CMRosIF #2	amlab@amlab 2022-03-23 15:20:49	(9.1.1 fh@obelix.ipg 2020-12-18 15:48:20)
SIM	1649168265	amlab			0	0	0


SYSTEM_START	-	amlab	amlab	2022-04-05 23:17:45


SYSTEM_INFO	Car_Generic with CMRosIF #2	amlab@amlab 2022-03-23 15:20:49	(9.1.1 fh@obelix.ipg 2020-12-18 15:48:20)
SIM	1649168266	amlab			0	0	0


SYSTEM_START	-	amlab	amlab	2022-04-14 16:44:02


SYSTEM_INFO	Car_Generic with CMRosIF #2	amlab@amlab 2022-03-23 15:20:49	(9.1.1 fh@obelix.ipg 2020-12-18 15:48:20)
SIM	1649922243	amlab			0	0	0


SYSTEM_START	-	amlab	amlab	2022-04-14 20:17:45


SYSTEM_INFO	Car_Generic with CMRosIF #2	amlab@amlab 2022-03-23 15:20:49	(9.1.1 fh@obelix.ipg 2020-12-18 15:48:20)
SIM	1649935067	amlab			0	0	0
SIM	1649935116	amlab	amlab	Sangam_AD_HK_sc6[dm]_s6_start_obj	1	28.146	11.2833
SIM	1649935425	amlab	amlab	Sangam_AD_HK_sc6[dm]_s6_start_obj	0	32.57	111.965
SIM	1649935480	amlab	amlab	Sangam_AD_HK_sc6[dm]_s6_start_obj	1	14.088	21.5182
SIM	1649935521	amlab	amlab	Sangam_AD_HK_sc6[dm]_s6_start_obj	1	5.586	10.66
SIM	1649935572	amlab	amlab	Sangam_AD_HK_sc6[dm]_s6_start_obj	1	5.71	10.5686
SIM	1649935600	amlab	amlab	Sangam_AD_HK_sc6[dm]_s6_start_obj	1	5.658	10.6819
SIM	1649935622	amlab	amlab	Sangam_AD_HK_sc6[dm]_s6_start_obj	1	5.746	10.6011
SIM	1649936185	amlab	amlab	Sangam_AD_HK_sc6[dm]_s6_start_obj	0	83.122	82.0735
SIM	1649936221	amlab	amlab	Sangam_AD_HK_sc6[dm]_s6_start_obj	0	119.617	641.583


SYSTEM_START	-	amlab	amlab	2022-04-25 18:16:56


SYSTEM_INFO	Car_Generic with CMRosIF #2	amlab@amlab 2022-03-23 15:20:49	(9.1.1 fh@obelix.ipg 2020-12-18 15:48:20)


SYSTEM_START	-	amlab	amlab	2022-04-25 18:17:39


SYSTEM_INFO	Car_Generic with CMRosIF #2	amlab@amlab 2022-03-23 15:20:49	(9.1.1 fh@obelix.ipg 2020-12-18 15:48:20)
SIM	1650878260	amlab			0	0	0
SIM	1650878282	amlab	amlab	Sangam_AD_HK_sc6[dm]_s6_start_obj	0	5.622	0.170715
SIM	1650878520	amlab	amlab	Sangam_AD_HK_sc6[dm]_s6_start_obj	0	401.516	5.12754


SYSTEM_START	-	amlab	amlab	2022-04-26 14:11:15


SYSTEM_INFO	Car_Generic with CMRosIF #4	amlab@amlab 2022-04-26 14:10:49	(9.1.1 fh@obelix.ipg 2020-12-18 15:48:20)
SIM	1650949877	amlab			0	0	0


SYSTEM_START	-	amlab	amlab	2022-04-26 14:13:34


SYSTEM_INFO	Car_Generic with CMRosIF #4	amlab@amlab 2022-04-26 14:10:49	(9.1.1 fh@obelix.ipg 2020-12-18 15:48:20)
SIM	1650950015	amlab			0	0	0


SYSTEM_START	-	amlab	amlab	2022-04-26 14:14:01


SYSTEM_INFO	Car_Generic with CMRosIF #4	amlab@amlab 2022-04-26 14:10:49	(9.1.1 fh@obelix.ipg 2020-12-18 15:48:20)
SIM	1650950042	amlab			0	0	0


SYSTEM_START	-	amlab	amlab	2022-04-26 14:15:00


SYSTEM_INFO	Car_Generic with CMRosIF #5	amlab@amlab 2022-04-26 14:14:45	(9.1.1 fh@obelix.ipg 2020-12-18 15:48:20)
SIM	1650950102	amlab			0	0	0


SYSTEM_START	-	amlab	amlab	2022-04-26 14:15:04


SYSTEM_INFO	Car_Generic with CMRosIF #5	amlab@amlab 2022-04-26 14:14:45	(9.1.1 fh@obelix.ipg 2020-12-18 15:48:20)
SIM	1650950105	amlab			0	0	0
SIM	1650950107	amlab	amlab	Sangam_AD_HK_sc6[dm]_s6_start_obj	0	5.674	0.172237


SYSTEM_START	-	amlab	amlab	2022-04-26 14:16:33


SYSTEM_INFO	Car_Generic with CMRosIF #6	amlab@amlab 2022-04-26 14:16:16	(9.1.1 fh@obelix.ipg 2020-12-18 15:48:20)
SIM	1650950195	amlab			0	0	0


SYSTEM_START	-	amlab	amlab	2022-04-26 14:19:32


SYSTEM_INFO	Car_Generic with CMRosIF #7	amlab@amlab 2022-04-26 14:19:21	(9.1.1 fh@obelix.ipg 2020-12-18 15:48:20)
SIM	1650950373	amlab			0	0	0


SYSTEM_START	-	amlab	amlab	2022-04-26 14:20:26


SYSTEM_INFO	Car_Generic with CMRosIF #8	amlab@amlab 2022-04-26 14:20:17	(9.1.1 fh@obelix.ipg 2020-12-18 15:48:20)
SIM	1650950427	amlab			0	0	0


SYSTEM_START	-	amlab	amlab	2022-04-26 14:23:18


SYSTEM_INFO	Car_Generic with CMRosIF #8	amlab@amlab 2022-04-26 14:20:17	(9.1.1 fh@obelix.ipg 2020-12-18 15:48:20)
SIM	1650950600	amlab			0	0	0


SYSTEM_START	-	amlab	amlab	2022-04-26 14:23:40


SYSTEM_INFO	Car_Generic with CMRosIF #9	amlab@amlab 2022-04-26 14:23:30	(9.1.1 fh@obelix.ipg 2020-12-18 15:48:20)
SIM	1650950621	amlab			0	0	0


SYSTEM_START	-	amlab	amlab	2022-04-26 14:24:24


SYSTEM_INFO	Car_Generic with CMRosIF #9	amlab@amlab 2022-04-26 14:23:30	(9.1.1 fh@obelix.ipg 2020-12-18 15:48:20)
SIM	1650950665	amlab			0	0	0


SYSTEM_START	-	amlab	amlab	2022-04-26 14:24:44


SYSTEM_INFO	Car_Generic with CMRosIF #9	amlab@amlab 2022-04-26 14:23:30	(9.1.1 fh@obelix.ipg 2020-12-18 15:48:20)
SIM	1650950685	amlab			0	0	0


SYSTEM_START	-	amlab	amlab	2022-04-26 14:25:04


SYSTEM_INFO	Car_Generic with CMRosIF #9	amlab@amlab 2022-04-26 14:23:30	(9.1.1 fh@obelix.ipg 2020-12-18 15:48:20)
SIM	1650950705	amlab			0	0	0


SYSTEM_START	-	amlab	amlab	2022-04-26 14:26:24


SYSTEM_INFO	Car_Generic with CMRosIF #10	amlab@amlab 2022-04-26 14:26:15	(9.1.1 fh@obelix.ipg 2020-12-18 15:48:20)
SIM	1650950785	amlab			0	0	0


SYSTEM_START	-	amlab	amlab	2022-04-26 14:28:43


SYSTEM_INFO	Car_Generic with CMRosIF #11	amlab@amlab 2022-04-26 14:28:32	(9.1.1 fh@obelix.ipg 2020-12-18 15:48:20)
SIM	1650950924	amlab			0	0	0


SYSTEM_START	-	amlab	amlab	2022-04-26 14:29:50


SYSTEM_INFO	Car_Generic with CMRosIF #12	amlab@amlab 2022-04-26 14:29:42	(9.1.1 fh@obelix.ipg 2020-12-18 15:48:20)
SIM	1650950992	amlab			0	0	0


SYSTEM_START	-	amlab	amlab	2022-04-26 14:34:14


SYSTEM_INFO	Car_Generic with CMRosIF #13	amlab@amlab 2022-04-26 14:34:04	(9.1.1 fh@obelix.ipg 2020-12-18 15:48:20)
SIM	1650951255	amlab			0	0	0


SYSTEM_START	-	amlab	amlab	2022-04-26 14:35:30


SYSTEM_INFO	Car_Generic with CMRosIF #14	amlab@amlab 2022-04-26 14:35:20	(9.1.1 fh@obelix.ipg 2020-12-18 15:48:20)
SIM	1650951331	amlab			0	0	0


SYSTEM_START	-	amlab	amlab	2022-04-26 14:36:41


SYSTEM_INFO	Car_Generic with CMRosIF #15	amlab@amlab 2022-04-26 14:36:28	(9.1.1 fh@obelix.ipg 2020-12-18 15:48:20)
SIM	1650951403	amlab			0	0	0


SYSTEM_START	-	amlab	amlab	2022-04-26 14:37:44


SYSTEM_INFO	Car_Generic with CMRosIF #16	amlab@amlab 2022-04-26 14:37:35	(9.1.1 fh@obelix.ipg 2020-12-18 15:48:20)
SIM	1650951465	amlab			0	0	0


SYSTEM_START	-	amlab	amlab	2022-04-26 15:05:07


SYSTEM_INFO	Car_Generic with CMRosIF #17	amlab@amlab 2022-04-26 15:04:57	(9.1.1 fh@obelix.ipg 2020-12-18 15:48:20)
SIM	1650953109	amlab			0	0	0


SYSTEM_START	-	amlab	amlab	2022-04-26 15:06:40


SYSTEM_INFO	Car_Generic with CMRosIF #18	amlab@amlab 2022-04-26 15:06:30	(9.1.1 fh@obelix.ipg 2020-12-18 15:48:20)
SIM	1650953201	amlab			0	0	0


SYSTEM_START	-	amlab	amlab	2022-04-26 15:09:58


SYSTEM_INFO	Car_Generic with CMRosIF #20	amlab@amlab 2022-04-26 15:09:44	(9.1.1 fh@obelix.ipg 2020-12-18 15:48:20)
SIM	1650953400	amlab			0	0	0


SYSTEM_START	-	amlab	amlab	2022-04-26 15:19:58


SYSTEM_INFO	Car_Generic with CMRosIF #21	amlab@amlab 2022-04-26 15:19:44	(9.1.1 fh@obelix.ipg 2020-12-18 15:48:20)
SIM	1650953999	amlab			0	0	0


SYSTEM_START	-	amlab	amlab	2022-04-26 15:22:10


SYSTEM_INFO	Car_Generic with CMRosIF #22	amlab@amlab 2022-04-26 15:21:23	(9.1.1 fh@obelix.ipg 2020-12-18 15:48:20)
SIM	1650954131	amlab			0	0	0


SYSTEM_START	-	amlab	amlab	2022-04-26 15:24:08


SYSTEM_INFO	Car_Generic with CMRosIF #23	amlab@amlab 2022-04-26 15:23:54	(9.1.1 fh@obelix.ipg 2020-12-18 15:48:20)
SIM	1650954250	amlab			0	0	0


SYSTEM_START	-	amlab	amlab	2022-04-26 15:25:24


SYSTEM_INFO	Car_Generic with CMRosIF #24	amlab@amlab 2022-04-26 15:25:14	(9.1.1 fh@obelix.ipg 2020-12-18 15:48:20)
SIM	1650954325	amlab			0	0	0


SYSTEM_START	-	amlab	amlab	2022-04-26 15:25:56


SYSTEM_INFO	Car_Generic with CMRosIF #25	amlab@amlab 2022-04-26 15:25:45	(9.1.1 fh@obelix.ipg 2020-12-18 15:48:20)
SIM	1650954358	amlab			0	0	0
SIM	1650954358	amlab	amlab	Sangam_AD_HK_sumo_co_simulation_v1	1	0	0


SYSTEM_START	-	amlab	amlab	2022-04-26 15:26:06


SYSTEM_INFO	Car_Generic with CMRosIF #25	amlab@amlab 2022-04-26 15:25:45	(9.1.1 fh@obelix.ipg 2020-12-18 15:48:20)
SIM	1650954368	amlab			0	0	0


SYSTEM_START	-	amlab	amlab	2022-04-26 15:29:42


SYSTEM_INFO	Car_Generic with CMRosIF #25	amlab@amlab 2022-04-26 15:25:45	(9.1.1 fh@obelix.ipg 2020-12-18 15:48:20)
SIM	1650954584	amlab			0	0	0


SYSTEM_START	-	amlab	amlab	2022-04-26 15:33:20


SYSTEM_INFO	Car_Generic with CMRosIF #26	amlab@amlab 2022-04-26 15:33:07	(9.1.1 fh@obelix.ipg 2020-12-18 15:48:20)
SIM	1650954802	amlab			0	0	0


SYSTEM_START	-	amlab	amlab	2022-04-26 15:36:45


SYSTEM_INFO	Car_Generic with CMRosIF #30	amlab@amlab 2022-04-26 15:36:29	(9.1.1 fh@obelix.ipg 2020-12-18 15:48:20)
SIM	1650955007	amlab			0	0	0


SYSTEM_START	-	amlab	amlab	2022-04-26 15:38:15


SYSTEM_INFO	Car_Generic with CMRosIF #31	amlab@amlab 2022-04-26 15:37:55	(9.1.1 fh@obelix.ipg 2020-12-18 15:48:20)
SIM	1650955096	amlab			0	0	0


SYSTEM_START	-	amlab	amlab	2022-04-26 15:40:15


SYSTEM_INFO	Car_Generic with CMRosIF #34	amlab@amlab 2022-04-26 15:40:03	(9.1.1 fh@obelix.ipg 2020-12-18 15:48:20)
SIM	1650955216	amlab			0	0	0


SYSTEM_START	-	amlab	amlab	2022-04-26 15:40:45


SYSTEM_INFO	Car_Generic with CMRosIF #34	amlab@amlab 2022-04-26 15:40:03	(9.1.1 fh@obelix.ipg 2020-12-18 15:48:20)
SIM	1650955247	amlab			0	0	0
SIM	1650955248	amlab	amlab	Sangam_AD_HK_sc6[dm]_s7_signle_obj	0	6.042	0.183125
SIM	1650955288	amlab	amlab	Sangam_AD_HK_sumo_cosim_v1	0	1.164	0.0385331
SIM	1650955313	amlab	amlab	Sangam_AD_HK_sc6[dm]_s6_start_obj	0	1.065	0.0352398
SIM	1650955333	amlab	amlab	Sangam_AD_HK_sumo_cosim	0	0.505	0.0134731


SYSTEM_START	-	amlab	amlab	2022-04-26 15:45:54


SYSTEM_INFO	Car_Generic with CMRosIF #34	amlab@amlab 2022-04-26 15:40:03	(9.1.1 fh@obelix.ipg 2020-12-18 15:48:20)
SIM	1650955555	amlab			0	0	0
SIM	1650955556	amlab	amlab	Sangam_AD_HK_sumo_cosim	0	3.146	0.0974894


SYSTEM_START	-	amlab	amlab	2022-04-26 15:48:06


SYSTEM_INFO	Car_Generic with CMRosIF #35	amlab@amlab 2022-04-26 15:47:33	(9.1.1 fh@obelix.ipg 2020-12-18 15:48:20)
SIM	1650955687	amlab			0	0	0
SIM	1650955688	amlab	amlab	Sangam_AD_HK_sumo_cosim	0	7.145	0.215633


SYSTEM_START	-	amlab	amlab	2022-04-26 15:55:24


SYSTEM_INFO	Car_Generic with CMRosIF #37	amlab@amlab 2022-04-26 15:55:11	(9.1.1 fh@obelix.ipg 2020-12-18 15:48:20)
SIM	1650956125	amlab			0	0	0


SYSTEM_START	-	amlab	amlab	2022-04-26 15:56:41


SYSTEM_INFO	Car_Generic with CMRosIF #37	amlab@amlab 2022-04-26 15:55:11	(9.1.1 fh@obelix.ipg 2020-12-18 15:48:20)
SIM	1650956202	amlab			0	0	0
SIM	1650956125	amlab	amlab	Sangam_AD_HK_sumo_cosim	0	5.011	0.152704


SYSTEM_START	-	amlab	amlab	2022-04-26 15:58:02


SYSTEM_INFO	Car_Generic with CMRosIF #37	amlab@amlab 2022-04-26 15:55:11	(9.1.1 fh@obelix.ipg 2020-12-18 15:48:20)
SIM	1650956283	amlab			0	0	0


SYSTEM_START	-	amlab	amlab	2022-04-26 15:59:13


SYSTEM_INFO	Car_Generic with CMRosIF #37	amlab@amlab 2022-04-26 15:55:11	(9.1.1 fh@obelix.ipg 2020-12-18 15:48:20)
SIM	1650956354	amlab			0	0	0
SIM	1650956297	amlab	amlab	Sangam_AD_HK_sumo_cosim	0	5.011	0.152704
SIM	1650956207	amlab	amlab	Sangam_AD_HK_sumo_cosim	0	5.011	0.152704


SYSTEM_START	-	amlab	amlab	2022-04-26 16:02:45


SYSTEM_INFO	Car_Generic with CMRosIF #37	amlab@amlab 2022-04-26 15:55:11	(9.1.1 fh@obelix.ipg 2020-12-18 15:48:20)
SIM	1650956567	amlab			0	0	0
SIM	1650956369	amlab	amlab	Sangam_AD_HK_sumo_cosim_v1	0	5.011	0.152704


SYSTEM_START	-	amlab	amlab	2022-04-26 16:14:49


SYSTEM_INFO	Car_Generic with CMRosIF #39	amlab@amlab 2022-04-26 16:05:22	(9.1.1 fh@obelix.ipg 2020-12-18 15:48:20)
SIM	1650957290	amlab			0	0	0
SIM	1650957291	amlab	amlab	Sangam_AD_HK_sumo_cosim_v1	0	2.364	0.0744395


SYSTEM_START	-	amlab	amlab	2022-04-26 16:14:55


SYSTEM_INFO	Car_Generic with CMRosIF #39	amlab@amlab 2022-04-26 16:05:22	(9.1.1 fh@obelix.ipg 2020-12-18 15:48:20)
SIM	1650957295	amlab			0	0	0


SYSTEM_START	-	amlab	amlab	2022-04-26 16:15:35


SYSTEM_INFO	Car_Generic with CMRosIF #40	amlab@amlab 2022-04-26 16:15:22	(9.1.1 fh@obelix.ipg 2020-12-18 15:48:20)
SIM	1650957336	amlab			0	0	0
SIM	1650957337	amlab	amlab	Sangam_AD_HK_sumo_cosim_v1	0	0	0


SYSTEM_START	-	amlab	amlab	2022-04-26 16:15:48


SYSTEM_INFO	Car_Generic with CMRosIF #40	amlab@amlab 2022-04-26 16:15:22	(9.1.1 fh@obelix.ipg 2020-12-18 15:48:20)
SIM	1650957349	amlab			0	0	0


SYSTEM_START	-	amlab	amlab	2022-04-26 16:17:25


SYSTEM_INFO	Car_Generic with CMRosIF #40	amlab@amlab 2022-04-26 16:15:22	(9.1.1 fh@obelix.ipg 2020-12-18 15:48:20)
SIM	1650957446	amlab			0	0	0


SYSTEM_START	-	amlab	amlab	2022-04-26 16:19:27


SYSTEM_INFO	Car_Generic with CMRosIF #41	amlab@amlab 2022-04-26 16:19:09	(9.1.1 fh@obelix.ipg 2020-12-18 15:48:20)
SIM	1650957568	amlab			0	0	0


SYSTEM_START	-	amlab	amlab	2022-04-26 16:20:36


SYSTEM_INFO	Car_Generic with CMRosIF #41	amlab@amlab 2022-04-26 16:19:09	(9.1.1 fh@obelix.ipg 2020-12-18 15:48:20)
SIM	1650957637	amlab			0	0	0


SYSTEM_START	-	amlab	amlab	2022-04-26 16:22:42


SYSTEM_INFO	Car_Generic with CMRosIF #41	amlab@amlab 2022-04-26 16:19:09	(9.1.1 fh@obelix.ipg 2020-12-18 15:48:20)
SIM	1650957763	amlab			0	0	0
SIM	1650957642	amlab	amlab	Sangam_AD_HK_sumo_cosim_v1	0	92.571	8.09881


SYSTEM_START	-	amlab	amlab	2022-04-26 17:00:34


SYSTEM_INFO	Car_Generic with CMRosIF #41	amlab@amlab 2022-04-26 16:19:09	(9.1.1 fh@obelix.ipg 2020-12-18 15:48:20)
SIM	1650960035	amlab			0	0	0
SIM	1650960041	amlab	amlab	Sangam_AD_HK_sumo_cosim_v1	1	0	0


SYSTEM_START	-	amlab	amlab	2022-04-26 17:00:53


SYSTEM_INFO	Car_Generic with CMRosIF #41	amlab@amlab 2022-04-26 16:19:09	(9.1.1 fh@obelix.ipg 2020-12-18 15:48:20)
SIM	1650960055	amlab			0	0	0


SYSTEM_START	-	amlab	amlab	2022-04-26 17:01:06


SYSTEM_INFO	Car_Generic with CMRosIF #41	amlab@amlab 2022-04-26 16:19:09	(9.1.1 fh@obelix.ipg 2020-12-18 15:48:20)
SIM	1650960068	amlab			0	0	0


SYSTEM_START	-	amlab	amlab	2022-04-26 17:04:37


SYSTEM_INFO	Car_Generic with CMRosIF #41	amlab@amlab 2022-04-26 16:19:09	(9.1.1 fh@obelix.ipg 2020-12-18 15:48:20)
SIM	1650960278	amlab			0	0	0
SIM	1650960075	amlab	amlab	Sangam_AD_HK_sumo_cosim_v1	0	77.911	2.20765


SYSTEM_START	-	amlab	amlab	2022-04-26 17:06:24


SYSTEM_INFO	Car_Generic with CMRosIF #41	amlab@amlab 2022-04-26 16:19:09	(9.1.1 fh@obelix.ipg 2020-12-18 15:48:20)
SIM	1650960385	amlab			0	0	0
SIM	1650960284	amlab	amlab	Sangam_AD_HK_sumo_cosim_v1	0	104.991	2.82405
SIM	1650960393	amlab	amlab	Sangam_AD_HK_sumo_cosim_v1	1	62.033	67.5026


SYSTEM_START	-	amlab	amlab	2022-04-26 17:07:04


SYSTEM_INFO	Car_Generic with CMRosIF #41	amlab@amlab 2022-04-26 16:19:09	(9.1.1 fh@obelix.ipg 2020-12-18 15:48:20)
SIM	1650960426	amlab			0	0	0


SYSTEM_START	-	amlab	amlab	2022-04-26 17:33:59


SYSTEM_INFO	Car_Generic with CMRosIF #41	amlab@amlab 2022-04-26 16:19:09	(9.1.1 fh@obelix.ipg 2020-12-18 15:48:20)
SIM	1650962041	amlab			0	0	0


SYSTEM_START	-	amlab	amlab	2022-04-26 17:35:21


SYSTEM_INFO	Car_Generic with CMRosIF #41	amlab@amlab 2022-04-26 16:19:09	(9.1.1 fh@obelix.ipg 2020-12-18 15:48:20)
SIM	1650962122	amlab			0	0	0
SIM	1650962047	amlab	amlab	Sangam_AD_HK_sumo_cosim_v1	0	7.551	0.22762


SYSTEM_START	-	amlab	amlab	2022-04-26 17:35:39


SYSTEM_INFO	Car_Generic with CMRosIF #41	amlab@amlab 2022-04-26 16:19:09	(9.1.1 fh@obelix.ipg 2020-12-18 15:48:20)
SIM	1650962140	amlab			0	0	0
SIM	1650962128	amlab	amlab	Sangam_AD_HK_sumo_cosim_v1	0	5.011	0.152704


SYSTEM_START	-	amlab	amlab	2022-04-29 14:41:32


SYSTEM_INFO	Car_Generic with CMRosIF #2	amlab@amlab 2022-03-23 15:20:49	(9.1.1 fh@obelix.ipg 2020-12-18 15:48:20)
SIM	1651210893	amlab			0	0	0
SIM	1651210927	amlab	amlab	Sangam_AD_HK_sc6[dm]_s6_start_obj	0	2520.49	26.0646
SIM	1651213489	amlab	amlab	Sangam_AD_HK_sc6[dm]_s6_start_obj	0	1209.46	3572.2
SIM	1651214711	amlab	amlab	Sangam_AD_HK_sc6[dm]_s6_start_obj	0	201.652	380.849
SIM	1651214892	amlab	amlab	Sangam_AD_HK_sc6[dm]_s6_start_obj	0	158.453	27.897
SIM	1651215030	amlab	amlab	Sangam_AD_HK_sc6[dm]_s6_start_obj	0	694.912	7214.65


SYSTEM_START	-	amlab	amlab	2022-05-03 16:37:00


SYSTEM_INFO	Car_Generic with CMRosIF #41	amlab@amlab 2022-04-26 16:19:09	(9.1.1 fh@obelix.ipg 2020-12-18 15:48:20)
SIM	1651563421	amlab			0	0	0


SYSTEM_START	-	amlab	amlab	2022-05-06 20:01:27


SYSTEM_INFO	Car_Generic with CMRosIF #41	amlab@amlab 2022-04-26 16:19:09	(9.1.1 fh@obelix.ipg 2020-12-18 15:48:20)


SYSTEM_START	-	amlab	amlab	2022-05-06 20:09:23


SYSTEM_INFO	Car_Generic with CMRosIF #41	amlab@amlab 2022-04-26 16:19:09	(9.1.1 fh@obelix.ipg 2020-12-18 15:48:20)


SYSTEM_START	-	amlab	amlab	2022-05-06 21:46:25


SYSTEM_INFO	Car_Generic with CMRosIF #41	amlab@amlab 2022-04-26 16:19:09	(9.1.1 fh@obelix.ipg 2020-12-18 15:48:20)
SIM	1651841191	amlab			0	0	0
SIM	1651841194	amlab	amlab	Kcity	1	0	0


SYSTEM_START	-	amlab	amlab	2022-05-06 21:49:31


SYSTEM_INFO	Car_Generic with CMRosIF #41	amlab@amlab 2022-04-26 16:19:09	(9.1.1 fh@obelix.ipg 2020-12-18 15:48:20)
SIM	1651841377	amlab			0	0	0


SYSTEM_START	-	amlab	amlab	2022-05-06 21:50:31


SYSTEM_INFO	Car_Generic with CMRosIF #41	amlab@amlab 2022-04-26 16:19:09	(9.1.1 fh@obelix.ipg 2020-12-18 15:48:20)
SIM	1651841437	amlab			0	0	0
SIM	1651841448	amlab	amlab	Sangam_AD_HK_sumo_cosim_v1	0	1.622	0.0524431


SYSTEM_START	-	amlab	amlab	2022-05-06 21:52:18


SYSTEM_INFO	Car_Generic with CMRosIF #41	amlab@amlab 2022-04-26 16:19:09	(9.1.1 fh@obelix.ipg 2020-12-18 15:48:20)
SIM	1651841543	amlab			0	0	0


SYSTEM_START	-	amlab	amlab	2022-05-06 21:53:22


SYSTEM_INFO	Car_Generic with CMRosIF #41	amlab@amlab 2022-04-26 16:19:09	(9.1.1 fh@obelix.ipg 2020-12-18 15:48:20)
SIM	1651841608	amlab			0	0	0


SYSTEM_START	-	amlab	amlab	2022-05-06 21:54:34


SYSTEM_INFO	Car_Generic with CMRosIF #41	amlab@amlab 2022-04-26 16:19:09	(9.1.1 fh@obelix.ipg 2020-12-18 15:48:20)
SIM	1651841678	amlab			0	0	0


SYSTEM_START	-	amlab	amlab	2022-05-06 21:54:56


SYSTEM_INFO	Car_Generic with CMRosIF #41	amlab@amlab 2022-04-26 16:19:09	(9.1.1 fh@obelix.ipg 2020-12-18 15:48:20)
SIM	1651841702	amlab			0	0	0
SIM	1651841708	amlab	amlab	Kcity	0	4.663	0.0755717


SYSTEM_START	-	amlab	amlab	2022-05-06 22:51:08


SYSTEM_INFO	Car_Generic with CMRosIF #2	amlab@amlab 2022-03-23 15:20:49	(9.1.1 fh@obelix.ipg 2020-12-18 15:48:20)
SIM	1651845072	amlab			0	0	0
SIM	1651845086	amlab	amlab	Sangam_AD_HK_sc6[dm]_lidar_try	0	67.882	1.92281
SIM	1651845311	amlab	amlab	Sangam_AD_HK_sc6[dm]_lidar_try	0	345.627	4.83204
SIM	1651845681	amlab	amlab	Sangam_AD_HK_sc6[dm]_lidar_try	1	60.081	1.70563


SYSTEM_START	-	amlab	amlab	2022-05-25 14:05:45


SYSTEM_INFO	Car_Generic with CMRosIF #2	amlab@amlab 2022-03-23 15:20:49	(9.1.1 fh@obelix.ipg 2020-12-18 15:48:20)
SIM	1653455146	amlab			0	0	0
SIM	1653455177	amlab	amlab	Sangam_AD_HK_sc6[dm]_s6_start_obj	1	0.001	0
SIM	1653455209	amlab	amlab	Sangam_AD_HK_sc6[dm]_s6_start_obj	0	53.287	1.52344


SYSTEM_START	-	amlab	amlab	2022-06-09 16:29:44


SYSTEM_INFO	Car_Generic with CMRosIF #2	amlab@amlab 2022-03-23 15:20:49	(9.1.1 fh@obelix.ipg 2020-12-18 15:48:20)
SIM	1654759785	amlab			0	0	0
SIM	1654759828	amlab	amlab	Sangam_AD_HK_sc6[dm]_s6_start_obj	1	382.609	1300.52
SIM	1654760237	amlab	amlab	Sangam_AD_HK_sc6[dm]_s6_start_obj	0	0	0
SIM	1654760273	amlab	amlab	Sangam_AD_HK_sc6[dm]_s6_start_obj	1	452.19	2986.89


SYSTEM_START	-	amlab	amlab	2022-06-09 16:54:59


SYSTEM_INFO	Car_Generic with CMRosIF #2	amlab@amlab 2022-03-23 15:20:49	(9.1.1 fh@obelix.ipg 2020-12-18 15:48:20)
SIM	1654761300	amlab			0	0	0
SIM	1654761301	amlab	amlab	Sangam_AD_HK_sc6[dm]_s8_lc_test	0	30.997	0.557723
SIM	1654761353	amlab	amlab	Sangam_AD_HK_sc6[dm]_s8_lc_test	0	33.842	0.610102
SIM	1654761397	amlab	amlab	Sangam_AD_HK_sc6[dm]_s8_lc_test	0	13.828	0.264317
SIM	1654761427	amlab	amlab	Sangam_AD_HK_sc6[dm]_s8_lc_test	0	110.556	1.50201
SIM	1654762945	amlab	amlab	Sangam_AD_HK_sc6[dm]_s8_lc_test	0	39.678	0.52122
SIM	1654762997	amlab	amlab	Sangam_AD_HK_sc6[dm]_s8_lc_test	4	0	0
SIM	1654763062	amlab	amlab	Sangam_AD_HK_sc6[dm]_s8_lc_test	4	0	0
SIM	1654763111	amlab	amlab	Sangam_AD_HK_sc6[dm]_s8_lc_test	0	11.496	0.228415
SIM	1654763162	amlab	amlab	Sangam_AD_HK_sc6[dm]_s8_lc_test	4	0	0
SIM	1654763199	amlab	amlab	Sangam_AD_HK_sc6[dm]_s8_lc_test	0	40.937	0.64726


SYSTEM_START	-	amlab	amlab	2022-06-09 17:29:18


SYSTEM_INFO	Car_Generic with CMRosIF #2	amlab@amlab 2022-03-23 15:20:49	(9.1.1 fh@obelix.ipg 2020-12-18 15:48:20)
SIM	1654763360	amlab			0	0	0
SIM	1654763361	amlab	amlab	Sangam_AD_HK_sc6[dm]_s8_lc_test	1	0	0


SYSTEM_START	-	amlab	amlab	2022-06-09 17:29:35


SYSTEM_INFO	Car_Generic with CMRosIF #2	amlab@amlab 2022-03-23 15:20:49	(9.1.1 fh@obelix.ipg 2020-12-18 15:48:20)
SIM	1654763376	amlab			0	0	0
SIM	1654765564	amlab	amlab	Sangam_AD_HK_sc6[dm]_s8_lc_test	0	11.117	0.205664
SIM	1654765733	amlab	amlab	Sangam_AD_HK_sc6[dm]_s8_lc_test	0	44.04	5.10825
SIM	1654765929	amlab	amlab	Sangam_AD_HK_sc6[dm]_s8_lc_test	0	37.357	0.560055
SIM	1654765977	amlab	amlab	Sangam_AD_HK_sc6[dm]_s8_lc_test	0	4.763	0.080311
SIM	1654767539	amlab	amlab	Sangam_AD_HK_sc6[dm]_s8_lc_test	0	62.098	0.801818
SIM	1654767721	amlab	amlab	Sangam_AD_HK_sc6[dm]_s8_lc_test	1	0	0.801818
SIM	1654767934	amlab	amlab	Sangam_AD_HK_sc6[dm]_s8_lc_test	1	0	0.801818
SIM	1654767959	amlab	amlab	Sangam_AD_HK_sc6[dm]_s8_lc_test	0	22.576	0.350069
SIM	1654767995	amlab	amlab	Sangam_AD_HK_sc6[dm]_s8_lc_test	0	4.16	0.0700696
SIM	1654768028	amlab	amlab	Sangam_AD_HK_sc6[dm]_s8_lc_test	1	0	0.0700696
SIM	1654768082	amlab	amlab	Sangam_AD_HK_sc6[dm]_s8_lc_test	0	6.961	0.115619
SIM	1654768121	amlab	amlab	Sangam_AD_HK_sc6[dm]_s8_lc_test	0	157.752	218.965
SIM	1654768290	amlab	amlab	Sangam_AD_HK_sc6[dm]_s8_lc_test	0	22.548	217.23
SIM	1654768342	amlab	amlab	Sangam_AD_HK_sc6[dm]_s8_lc_test	0	22.981	217.493
SIM	1654768467	amlab	amlab	Sangam_AD_HK_sc6[dm]_s8_lc_test	0	22.726	217.095
SIM	1654768501	amlab	amlab	Sangam_AD_HK_sc6[dm]_s8_lc_test	0	23.3	217.108
SIM	1654768553	amlab	amlab	Sangam_AD_HK_sc6[dm]_s8_lc_test	0	26.421	217.608
SIM	1654768586	amlab	amlab	Sangam_AD_HK_sc6[dm]_s8_lc_test	0	23.009	217.147
SIM	1654768615	amlab	amlab	Sangam_AD_HK_sc6[dm]_s8_lc_test	0	27.478	217.833
SIM	1654768648	amlab	amlab	Sangam_AD_HK_sc6[dm]_s8_lc_test	0	13.897	111.205
SIM	1654768666	amlab	amlab	Sangam_AD_HK_sc6[dm]_s8_lc_test	1	11.316	75.4423
SIM	1654768764	amlab	amlab	Sangam_AD_HK_sc6[dm]_s8_lc_test	0	22.776	217.187
SIM	1654768796	amlab	amlab	Sangam_AD_HK_sc6[dm]_s8_lc_test	0	27.269	217.615
SIM	1654769038	amlab	amlab	Sangam_AD_HK_sc6[dm]_s8_lc_test	0	22.614	217.188
SIM	1654769227	amlab	amlab	Sangam_AD_HK_sc6[dm]_s8_lc_test	0	7.465	33.7894
SIM	1654769295	amlab	amlab	Sangam_AD_HK_sc6[dm]_s8_lc_test	0	10.839	71.3321
SIM	1654769310	amlab	amlab	Sangam_AD_HK_sc6[dm]_s8_lc_test	0	24.638	217.54


SYSTEM_START	-	amlab	amlab	2022-06-14 16:39:59


SYSTEM_INFO	Car_Generic with CMRosIF #2	amlab@amlab 2022-03-23 15:20:49	(9.1.1 fh@obelix.ipg 2020-12-18 15:48:20)
SIM	1655192401	amlab			0	0	0
SIM	1655192433	amlab	amlab	Sangam_AD_HK_sc6[dm]_s6_start_obj	1	431.524	1149.94
SIM	1655192983	amlab	amlab	Sangam_AD_HK_sc6[dm]_s6_start_obj	0	577.616	334.067


SYSTEM_START	-	amlab	amlab	2022-06-20 19:16:47


SYSTEM_INFO	Car_Generic with CMRosIF #2	amlab@amlab 2022-03-23 15:20:49	(9.1.1 fh@obelix.ipg 2020-12-18 15:48:20)
SIM	1655720208	amlab			0	0	0
SIM	1655720214	amlab	amlab	Sangam_AD_HK_sc6[dm]_s6_start_obj	0	162.843	175.169


SYSTEM_START	-	amlab	amlab	2022-06-20 19:20:58


SYSTEM_INFO	Car_Generic with CMRosIF #2	amlab@amlab 2022-03-23 15:20:49	(9.1.1 fh@obelix.ipg 2020-12-18 15:48:20)
SIM	1655720459	amlab			0	0	0


SYSTEM_START	-	amlab	amlab	2022-06-21 20:50:57


SYSTEM_INFO	Car_Generic with CMRosIF #2	amlab@amlab 2022-03-23 15:20:49	(9.1.1 fh@obelix.ipg 2020-12-18 15:48:20)
SIM	1655812259	amlab			0	0	0


SYSTEM_START	-	amlab	amlab	2022-06-21 20:51:28


SYSTEM_INFO	Car_Generic with CMRosIF #2	amlab@amlab 2022-03-23 15:20:49	(9.1.1 fh@obelix.ipg 2020-12-18 15:48:20)
SIM	1655812289	amlab			0	0	0


SYSTEM_START	-	amlab	amlab	2022-06-21 20:51:52


SYSTEM_INFO	Car_Generic with CMRosIF #2	amlab@amlab 2022-03-23 15:20:49	(9.1.1 fh@obelix.ipg 2020-12-18 15:48:20)
SIM	1655812313	amlab			0	0	0
SIM	1655812320	amlab	amlab	Sangam_AD_HK_sc6[dm]_s6_start_obj	0	115.725	79.2275
SIM	1655812445	amlab	amlab	Sangam_AD_HK_sc6[dm]_s6_start_obj	0	228.936	503.722
SIM	1655812679	amlab	amlab	Sangam_AD_HK_sc6[dm]_s6_start_obj	1	167.475	1428.53
SIM	1655813155	amlab	amlab	Sangam_AD_HK_sc6[dm]_s6_start_obj	1	166.676	1429.99
SIM	1655814212	amlab	amlab	Sangam_AD_HK_sc6[dm]_s6_start_obj	1	96.603	279.486
SIM	1655814590	amlab	amlab	Sangam_AD_HK_sc6[dm]_s6_start_obj	1	179.613	1717.7
SIM	1655814779	amlab	amlab	Sangam_AD_HK_sc6[dm]_s6_start_obj	0	86.828	747.904
SIM	1655814871	amlab	amlab	Sangam_AD_HK_sc6[dm]_s6_start_obj	0	23.123	103.305
SIM	1655814900	amlab	amlab	Sangam_AD_HK_sc6[dm]_s6_start_obj	1	153.012	1450.18


SYSTEM_START	-	amlab	amlab	2022-07-07 11:41:56


SYSTEM_INFO	Car_Generic with CMRosIF #3	amlab@amlab 2022-07-07 11:40:19	(9.1.1 fh@obelix.ipg 2020-12-18 15:48:20)
SIM	1657161718	amlab			0	0	0


SYSTEM_START	-	amlab	amlab	2022-07-07 11:41:59


SYSTEM_INFO	Car_Generic with CMRosIF #3	amlab@amlab 2022-07-07 11:40:19	(9.1.1 fh@obelix.ipg 2020-12-18 15:48:20)
SIM	1657161720	amlab			0	0	0
SIM	1657161764	amlab	amlab	Sangam_AD_HK_sc6[dm]_s8_lc_test	1	27.029	13.4734


SYSTEM_START	-	amlab	amlab	2022-07-07 11:47:11


SYSTEM_INFO	Car_Generic with CMRosIF #4	amlab@amlab 2022-07-07 11:46:18	(9.1.1 fh@obelix.ipg 2020-12-18 15:48:20)
SIM	1657162032	amlab			0	0	0


SYSTEM_START	-	amlab	amlab	2022-07-08 13:02:27


SYSTEM_INFO	Car_Generic with CMRosIF #5	amlab@amlab 2022-07-08 13:02:14	(9.1.1 fh@obelix.ipg 2020-12-18 15:48:20)
SIM	1657252949	amlab			0	0	0


SYSTEM_START	-	amlab	amlab	2022-07-08 13:03:57


SYSTEM_INFO	Car_Generic with CMRosIF #6	amlab@amlab 2022-07-08 13:03:25	(9.1.1 fh@obelix.ipg 2020-12-18 15:48:20)
SIM	1657253038	amlab			0	0	0


SYSTEM_START	-	amlab	amlab	2022-07-08 13:06:07


SYSTEM_INFO	Car_Generic with CMRosIF #7	amlab@amlab 2022-07-08 13:05:58	(9.1.1 fh@obelix.ipg 2020-12-18 15:48:20)
SIM	1657253168	amlab			0	0	0


SYSTEM_START	-	amlab	amlab	2023-12-18 20:09:29


SYSTEM_INFO	Car_Generic with CMRosIF #12	amlab@amlab 2023-12-18 20:06:37	(9.1.1 fh@obelix.ipg 2020-12-18 15:48:20)
SIM	1702897771	amlab			0	0	0


SYSTEM_START	-	amlab	amlab	2023-12-18 20:10:56


SYSTEM_INFO	Car_Generic with CMRosIF #12	amlab@amlab 2023-12-18 20:06:37	(9.1.1 fh@obelix.ipg 2020-12-18 15:48:20)
SIM	1702897858	amlab			0	0	0
SIM	1702897973	amlab	amlab	unknown	0	5.958	0.0966891
SIM	1702898037	amlab	amlab	unknown	0	17.624	0.27808
SIM	1702898056	amlab	amlab	unknown	68	0	0.27808
SIM	1702898077	amlab	amlab	unknown	0	1.012	0.0149863
SIM	1702900378	amlab	amlab	unknown	0	18.088	15.0481
SIM	1702900461	amlab	amlab	unknown	0	3.213	0.313028
SIM	1702900485	amlab	amlab	unknown	0	12.54	37.1563
