[0.082s] Invoking command in '/home/amlab/CarMaker_ROS2_Original/ros/ros2_ws/build/hellocm_msgs': /usr/bin/cmake /home/amlab/CarMaker_ROS2_Original/ros/ros2_ws/src/hellocm_msgs -DAMENT_CMAKE_SYMLINK_INSTALL=1 -DCMAKE_INSTALL_PREFIX=/home/amlab/CarMaker_ROS2_Original/ros/ros2_ws/install/hellocm_msgs
[0.089s] -- Found std_msgs: 2.2.4 (/opt/ros/galactic/share/std_msgs/cmake)
[0.102s] -- Found PythonInterp: /usr/bin/python3 (found suitable version "3.8.10", minimum required is "3") 
[0.102s] -- Using PYTHON_EXECUTABLE: /usr/bin/python3
[0.187s] Traceback (most recent call last):
[0.187s]   File "/opt/ros/galactic/share/ament_cmake_core/cmake/package_templates/templates_2_cmake.py", line 21, in <module>
[0.187s]     from ament_package.templates import get_environment_hook_template_path
[0.187s] ModuleNotFoundError: No module named 'ament_package'
[0.201s] CMake Error at /opt/ros/galactic/share/ament_cmake_core/cmake/ament_cmake_package_templates-extras.cmake:41 (message):
[0.201s]   execute_process(/usr/bin/python3
[0.201s]   /opt/ros/galactic/share/ament_cmake_core/cmake/package_templates/templates_2_cmake.py
[0.201s]   /home/amlab/CarMaker_ROS2_Original/ros/ros2_ws/build/hellocm_msgs/ament_cmake_package_templates/templates.cmake)
[0.201s]   returned error code 1
[0.201s] Call Stack (most recent call first):
[0.201s]   /opt/ros/galactic/share/ament_cmake_core/cmake/ament_cmake_coreConfig.cmake:41 (include)
[0.201s]   /opt/ros/galactic/share/std_msgs/cmake/ament_cmake_export_dependencies-extras.cmake:15 (find_package)
[0.201s]   /opt/ros/galactic/share/std_msgs/cmake/std_msgsConfig.cmake:41 (include)
[0.201s]   CMakeLists.txt:18 (find_package)
[0.201s] 
[0.201s] 
[0.201s] -- Configuring incomplete, errors occurred!
[0.201s] See also "/home/amlab/CarMaker_ROS2_Original/ros/ros2_ws/build/hellocm_msgs/CMakeFiles/CMakeOutput.log".
[0.203s] Invoked command in '/home/amlab/CarMaker_ROS2_Original/ros/ros2_ws/build/hellocm_msgs' returned '1': /usr/bin/cmake /home/amlab/CarMaker_ROS2_Original/ros/ros2_ws/src/hellocm_msgs -DAMENT_CMAKE_SYMLINK_INSTALL=1 -DCMAKE_INSTALL_PREFIX=/home/amlab/CarMaker_ROS2_Original/ros/ros2_ws/install/hellocm_msgs
