[  0%] Built target hellocm_msgs__cpp
[ 12%] Built target hellocm_msgs__rosidl_generator_c
[ 24%] Built target hellocm_msgs__rosidl_typesupport_cpp
[ 36%] Built target hellocm_msgs__rosidl_typesupport_introspection_cpp
[ 48%] Built target hellocm_msgs__rosidl_typesupport_introspection_c
[ 59%] Built target hellocm_msgs__rosidl_typesupport_c
[ 70%] Built target hellocm_msgs__rosidl_typesupport_fastrtps_cpp
[ 82%] Built target hellocm_msgs__rosidl_typesupport_fastrtps_c
[ 82%] Built target hellocm_msgs
[ 83%] Built target hellocm_msgs__py
[ 94%] Built target hellocm_msgs__python
[ 98%] Built target hellocm_msgs__rosidl_typesupport_introspection_c__pyext
[ 98%] Built target hellocm_msgs__rosidl_typesupport_fastrtps_c__pyext
[100%] Built target hellocm_msgs__rosidl_typesupport_c__pyext
-- Install configuration: ""
-- Execute custom install script
-- Symlinking: /home/amlab/CarMaker_ROS2_Original/ros/ros2_ws/install/hellocm_msgs/share/ament_index/resource_index/rosidl_interfaces/hellocm_msgs
-- Symlinking: /home/amlab/CarMaker_ROS2_Original/ros/ros2_ws/install/hellocm_msgs/include/hellocm_msgs/msg/cm2_ext.h
-- Symlinking: /home/amlab/CarMaker_ROS2_Original/ros/ros2_ws/install/hellocm_msgs/include/hellocm_msgs/msg/detail/cm2_ext__functions.h
-- Symlinking: /home/amlab/CarMaker_ROS2_Original/ros/ros2_ws/install/hellocm_msgs/include/hellocm_msgs/msg/detail/cm2_ext__struct.h
-- Symlinking: /home/amlab/CarMaker_ROS2_Original/ros/ros2_ws/install/hellocm_msgs/include/hellocm_msgs/msg/detail/cm2_ext__type_support.h
-- Symlinking: /home/amlab/CarMaker_ROS2_Original/ros/ros2_ws/install/hellocm_msgs/include/hellocm_msgs/msg/detail/ext2_cm__functions.h
-- Symlinking: /home/amlab/CarMaker_ROS2_Original/ros/ros2_ws/install/hellocm_msgs/include/hellocm_msgs/msg/detail/ext2_cm__struct.h
-- Symlinking: /home/amlab/CarMaker_ROS2_Original/ros/ros2_ws/install/hellocm_msgs/include/hellocm_msgs/msg/detail/ext2_cm__type_support.h
-- Symlinking: /home/amlab/CarMaker_ROS2_Original/ros/ros2_ws/install/hellocm_msgs/include/hellocm_msgs/msg/detail/gps_out__functions.h
-- Symlinking: /home/amlab/CarMaker_ROS2_Original/ros/ros2_ws/install/hellocm_msgs/include/hellocm_msgs/msg/detail/gps_out__struct.h
-- Symlinking: /home/amlab/CarMaker_ROS2_Original/ros/ros2_ws/install/hellocm_msgs/include/hellocm_msgs/msg/detail/gps_out__type_support.h
-- Symlinking: /home/amlab/CarMaker_ROS2_Original/ros/ros2_ws/install/hellocm_msgs/include/hellocm_msgs/msg/detail/imu_out__functions.h
-- Symlinking: /home/amlab/CarMaker_ROS2_Original/ros/ros2_ws/install/hellocm_msgs/include/hellocm_msgs/msg/detail/imu_out__struct.h
-- Symlinking: /home/amlab/CarMaker_ROS2_Original/ros/ros2_ws/install/hellocm_msgs/include/hellocm_msgs/msg/detail/imu_out__type_support.h
-- Symlinking: /home/amlab/CarMaker_ROS2_Original/ros/ros2_ws/install/hellocm_msgs/include/hellocm_msgs/msg/detail/object_info_out__functions.h
-- Symlinking: /home/amlab/CarMaker_ROS2_Original/ros/ros2_ws/install/hellocm_msgs/include/hellocm_msgs/msg/detail/object_info_out__struct.h
-- Symlinking: /home/amlab/CarMaker_ROS2_Original/ros/ros2_ws/install/hellocm_msgs/include/hellocm_msgs/msg/detail/object_info_out__type_support.h
-- Symlinking: /home/amlab/CarMaker_ROS2_Original/ros/ros2_ws/install/hellocm_msgs/include/hellocm_msgs/msg/detail/signal_light_in__functions.h
-- Symlinking: /home/amlab/CarMaker_ROS2_Original/ros/ros2_ws/install/hellocm_msgs/include/hellocm_msgs/msg/detail/signal_light_in__struct.h
-- Symlinking: /home/amlab/CarMaker_ROS2_Original/ros/ros2_ws/install/hellocm_msgs/include/hellocm_msgs/msg/detail/signal_light_in__type_support.h
-- Symlinking: /home/amlab/CarMaker_ROS2_Original/ros/ros2_ws/install/hellocm_msgs/include/hellocm_msgs/msg/detail/speed_limit__functions.h
-- Symlinking: /home/amlab/CarMaker_ROS2_Original/ros/ros2_ws/install/hellocm_msgs/include/hellocm_msgs/msg/detail/speed_limit__struct.h
-- Symlinking: /home/amlab/CarMaker_ROS2_Original/ros/ros2_ws/install/hellocm_msgs/include/hellocm_msgs/msg/detail/speed_limit__type_support.h
-- Symlinking: /home/amlab/CarMaker_ROS2_Original/ros/ros2_ws/install/hellocm_msgs/include/hellocm_msgs/msg/detail/vehicle_control_in__functions.h
-- Symlinking: /home/amlab/CarMaker_ROS2_Original/ros/ros2_ws/install/hellocm_msgs/include/hellocm_msgs/msg/detail/vehicle_control_in__struct.h
-- Symlinking: /home/amlab/CarMaker_ROS2_Original/ros/ros2_ws/install/hellocm_msgs/include/hellocm_msgs/msg/detail/vehicle_control_in__type_support.h
-- Symlinking: /home/amlab/CarMaker_ROS2_Original/ros/ros2_ws/install/hellocm_msgs/include/hellocm_msgs/msg/detail/vehicle_info_out__functions.h
-- Symlinking: /home/amlab/CarMaker_ROS2_Original/ros/ros2_ws/install/hellocm_msgs/include/hellocm_msgs/msg/detail/vehicle_info_out__struct.h
-- Symlinking: /home/amlab/CarMaker_ROS2_Original/ros/ros2_ws/install/hellocm_msgs/include/hellocm_msgs/msg/detail/vehicle_info_out__type_support.h
-- Symlinking: /home/amlab/CarMaker_ROS2_Original/ros/ros2_ws/install/hellocm_msgs/include/hellocm_msgs/msg/ext2_cm.h
-- Symlinking: /home/amlab/CarMaker_ROS2_Original/ros/ros2_ws/install/hellocm_msgs/include/hellocm_msgs/msg/gps_out.h
-- Symlinking: /home/amlab/CarMaker_ROS2_Original/ros/ros2_ws/install/hellocm_msgs/include/hellocm_msgs/msg/imu_out.h
-- Symlinking: /home/amlab/CarMaker_ROS2_Original/ros/ros2_ws/install/hellocm_msgs/include/hellocm_msgs/msg/object_info_out.h
-- Symlinking: /home/amlab/CarMaker_ROS2_Original/ros/ros2_ws/install/hellocm_msgs/include/hellocm_msgs/msg/rosidl_generator_c__visibility_control.h
-- Symlinking: /home/amlab/CarMaker_ROS2_Original/ros/ros2_ws/install/hellocm_msgs/include/hellocm_msgs/msg/signal_light_in.h
-- Symlinking: /home/amlab/CarMaker_ROS2_Original/ros/ros2_ws/install/hellocm_msgs/include/hellocm_msgs/msg/speed_limit.h
-- Symlinking: /home/amlab/CarMaker_ROS2_Original/ros/ros2_ws/install/hellocm_msgs/include/hellocm_msgs/msg/vehicle_control_in.h
-- Symlinking: /home/amlab/CarMaker_ROS2_Original/ros/ros2_ws/install/hellocm_msgs/include/hellocm_msgs/msg/vehicle_info_out.h
-- Symlinking: /home/amlab/CarMaker_ROS2_Original/ros/ros2_ws/install/hellocm_msgs/include/hellocm_msgs/srv/detail/init__functions.h
-- Symlinking: /home/amlab/CarMaker_ROS2_Original/ros/ros2_ws/install/hellocm_msgs/include/hellocm_msgs/srv/detail/init__struct.h
-- Symlinking: /home/amlab/CarMaker_ROS2_Original/ros/ros2_ws/install/hellocm_msgs/include/hellocm_msgs/srv/detail/init__type_support.h
-- Symlinking: /home/amlab/CarMaker_ROS2_Original/ros/ros2_ws/install/hellocm_msgs/include/hellocm_msgs/srv/init.h
-- Symlinking: /home/amlab/CarMaker_ROS2_Original/ros/ros2_ws/install/hellocm_msgs/share/hellocm_msgs/environment/library_path.sh
-- Symlinking: /home/amlab/CarMaker_ROS2_Original/ros/ros2_ws/install/hellocm_msgs/share/hellocm_msgs/environment/library_path.dsv
-- Symlinking: /home/amlab/CarMaker_ROS2_Original/ros/ros2_ws/install/hellocm_msgs/include/hellocm_msgs/msg/detail/cm2_ext__rosidl_typesupport_fastrtps_c.h
-- Symlinking: /home/amlab/CarMaker_ROS2_Original/ros/ros2_ws/install/hellocm_msgs/include/hellocm_msgs/msg/detail/ext2_cm__rosidl_typesupport_fastrtps_c.h
-- Symlinking: /home/amlab/CarMaker_ROS2_Original/ros/ros2_ws/install/hellocm_msgs/include/hellocm_msgs/msg/detail/gps_out__rosidl_typesupport_fastrtps_c.h
-- Symlinking: /home/amlab/CarMaker_ROS2_Original/ros/ros2_ws/install/hellocm_msgs/include/hellocm_msgs/msg/detail/imu_out__rosidl_typesupport_fastrtps_c.h
-- Symlinking: /home/amlab/CarMaker_ROS2_Original/ros/ros2_ws/install/hellocm_msgs/include/hellocm_msgs/msg/detail/object_info_out__rosidl_typesupport_fastrtps_c.h
-- Symlinking: /home/amlab/CarMaker_ROS2_Original/ros/ros2_ws/install/hellocm_msgs/include/hellocm_msgs/msg/detail/signal_light_in__rosidl_typesupport_fastrtps_c.h
-- Symlinking: /home/amlab/CarMaker_ROS2_Original/ros/ros2_ws/install/hellocm_msgs/include/hellocm_msgs/msg/detail/speed_limit__rosidl_typesupport_fastrtps_c.h
-- Symlinking: /home/amlab/CarMaker_ROS2_Original/ros/ros2_ws/install/hellocm_msgs/include/hellocm_msgs/msg/detail/vehicle_control_in__rosidl_typesupport_fastrtps_c.h
-- Symlinking: /home/amlab/CarMaker_ROS2_Original/ros/ros2_ws/install/hellocm_msgs/include/hellocm_msgs/msg/detail/vehicle_info_out__rosidl_typesupport_fastrtps_c.h
-- Symlinking: /home/amlab/CarMaker_ROS2_Original/ros/ros2_ws/install/hellocm_msgs/include/hellocm_msgs/msg/rosidl_typesupport_fastrtps_c__visibility_control.h
-- Symlinking: /home/amlab/CarMaker_ROS2_Original/ros/ros2_ws/install/hellocm_msgs/include/hellocm_msgs/srv/detail/init__rosidl_typesupport_fastrtps_c.h
-- Symlinking: /home/amlab/CarMaker_ROS2_Original/ros/ros2_ws/install/hellocm_msgs/lib/libhellocm_msgs__rosidl_typesupport_fastrtps_c.so
-- Symlinking: /home/amlab/CarMaker_ROS2_Original/ros/ros2_ws/install/hellocm_msgs/include/hellocm_msgs/msg/detail/cm2_ext__rosidl_typesupport_fastrtps_cpp.hpp
-- Symlinking: /home/amlab/CarMaker_ROS2_Original/ros/ros2_ws/install/hellocm_msgs/include/hellocm_msgs/msg/detail/ext2_cm__rosidl_typesupport_fastrtps_cpp.hpp
-- Symlinking: /home/amlab/CarMaker_ROS2_Original/ros/ros2_ws/install/hellocm_msgs/include/hellocm_msgs/msg/detail/gps_out__rosidl_typesupport_fastrtps_cpp.hpp
-- Symlinking: /home/amlab/CarMaker_ROS2_Original/ros/ros2_ws/install/hellocm_msgs/include/hellocm_msgs/msg/detail/imu_out__rosidl_typesupport_fastrtps_cpp.hpp
-- Symlinking: /home/amlab/CarMaker_ROS2_Original/ros/ros2_ws/install/hellocm_msgs/include/hellocm_msgs/msg/detail/object_info_out__rosidl_typesupport_fastrtps_cpp.hpp
-- Symlinking: /home/amlab/CarMaker_ROS2_Original/ros/ros2_ws/install/hellocm_msgs/include/hellocm_msgs/msg/detail/signal_light_in__rosidl_typesupport_fastrtps_cpp.hpp
-- Symlinking: /home/amlab/CarMaker_ROS2_Original/ros/ros2_ws/install/hellocm_msgs/include/hellocm_msgs/msg/detail/speed_limit__rosidl_typesupport_fastrtps_cpp.hpp
-- Symlinking: /home/amlab/CarMaker_ROS2_Original/ros/ros2_ws/install/hellocm_msgs/include/hellocm_msgs/msg/detail/vehicle_control_in__rosidl_typesupport_fastrtps_cpp.hpp
-- Symlinking: /home/amlab/CarMaker_ROS2_Original/ros/ros2_ws/install/hellocm_msgs/include/hellocm_msgs/msg/detail/vehicle_info_out__rosidl_typesupport_fastrtps_cpp.hpp
-- Symlinking: /home/amlab/CarMaker_ROS2_Original/ros/ros2_ws/install/hellocm_msgs/include/hellocm_msgs/msg/rosidl_typesupport_fastrtps_cpp__visibility_control.h
-- Symlinking: /home/amlab/CarMaker_ROS2_Original/ros/ros2_ws/install/hellocm_msgs/include/hellocm_msgs/srv/detail/init__rosidl_typesupport_fastrtps_cpp.hpp
-- Symlinking: /home/amlab/CarMaker_ROS2_Original/ros/ros2_ws/install/hellocm_msgs/lib/libhellocm_msgs__rosidl_typesupport_fastrtps_cpp.so
-- Symlinking: /home/amlab/CarMaker_ROS2_Original/ros/ros2_ws/install/hellocm_msgs/include/hellocm_msgs/msg/detail/cm2_ext__rosidl_typesupport_introspection_c.h
-- Symlinking: /home/amlab/CarMaker_ROS2_Original/ros/ros2_ws/install/hellocm_msgs/include/hellocm_msgs/msg/detail/ext2_cm__rosidl_typesupport_introspection_c.h
-- Symlinking: /home/amlab/CarMaker_ROS2_Original/ros/ros2_ws/install/hellocm_msgs/include/hellocm_msgs/msg/detail/gps_out__rosidl_typesupport_introspection_c.h
-- Symlinking: /home/amlab/CarMaker_ROS2_Original/ros/ros2_ws/install/hellocm_msgs/include/hellocm_msgs/msg/detail/imu_out__rosidl_typesupport_introspection_c.h
-- Symlinking: /home/amlab/CarMaker_ROS2_Original/ros/ros2_ws/install/hellocm_msgs/include/hellocm_msgs/msg/detail/object_info_out__rosidl_typesupport_introspection_c.h
-- Symlinking: /home/amlab/CarMaker_ROS2_Original/ros/ros2_ws/install/hellocm_msgs/include/hellocm_msgs/msg/detail/signal_light_in__rosidl_typesupport_introspection_c.h
-- Symlinking: /home/amlab/CarMaker_ROS2_Original/ros/ros2_ws/install/hellocm_msgs/include/hellocm_msgs/msg/detail/speed_limit__rosidl_typesupport_introspection_c.h
-- Symlinking: /home/amlab/CarMaker_ROS2_Original/ros/ros2_ws/install/hellocm_msgs/include/hellocm_msgs/msg/detail/vehicle_control_in__rosidl_typesupport_introspection_c.h
-- Symlinking: /home/amlab/CarMaker_ROS2_Original/ros/ros2_ws/install/hellocm_msgs/include/hellocm_msgs/msg/detail/vehicle_info_out__rosidl_typesupport_introspection_c.h
-- Symlinking: /home/amlab/CarMaker_ROS2_Original/ros/ros2_ws/install/hellocm_msgs/include/hellocm_msgs/msg/rosidl_typesupport_introspection_c__visibility_control.h
-- Symlinking: /home/amlab/CarMaker_ROS2_Original/ros/ros2_ws/install/hellocm_msgs/include/hellocm_msgs/srv/detail/init__rosidl_typesupport_introspection_c.h
-- Symlinking: /home/amlab/CarMaker_ROS2_Original/ros/ros2_ws/install/hellocm_msgs/include/hellocm_msgs/msg/cm2_ext.hpp
-- Symlinking: /home/amlab/CarMaker_ROS2_Original/ros/ros2_ws/install/hellocm_msgs/include/hellocm_msgs/msg/detail/cm2_ext__builder.hpp
-- Symlinking: /home/amlab/CarMaker_ROS2_Original/ros/ros2_ws/install/hellocm_msgs/include/hellocm_msgs/msg/detail/cm2_ext__struct.hpp
-- Symlinking: /home/amlab/CarMaker_ROS2_Original/ros/ros2_ws/install/hellocm_msgs/include/hellocm_msgs/msg/detail/cm2_ext__traits.hpp
-- Symlinking: /home/amlab/CarMaker_ROS2_Original/ros/ros2_ws/install/hellocm_msgs/include/hellocm_msgs/msg/detail/ext2_cm__builder.hpp
-- Symlinking: /home/amlab/CarMaker_ROS2_Original/ros/ros2_ws/install/hellocm_msgs/include/hellocm_msgs/msg/detail/ext2_cm__struct.hpp
-- Symlinking: /home/amlab/CarMaker_ROS2_Original/ros/ros2_ws/install/hellocm_msgs/include/hellocm_msgs/msg/detail/ext2_cm__traits.hpp
-- Symlinking: /home/amlab/CarMaker_ROS2_Original/ros/ros2_ws/install/hellocm_msgs/include/hellocm_msgs/msg/detail/gps_out__builder.hpp
-- Symlinking: /home/amlab/CarMaker_ROS2_Original/ros/ros2_ws/install/hellocm_msgs/include/hellocm_msgs/msg/detail/gps_out__struct.hpp
-- Symlinking: /home/amlab/CarMaker_ROS2_Original/ros/ros2_ws/install/hellocm_msgs/include/hellocm_msgs/msg/detail/gps_out__traits.hpp
-- Symlinking: /home/amlab/CarMaker_ROS2_Original/ros/ros2_ws/install/hellocm_msgs/include/hellocm_msgs/msg/detail/imu_out__builder.hpp
-- Symlinking: /home/amlab/CarMaker_ROS2_Original/ros/ros2_ws/install/hellocm_msgs/include/hellocm_msgs/msg/detail/imu_out__struct.hpp
-- Symlinking: /home/amlab/CarMaker_ROS2_Original/ros/ros2_ws/install/hellocm_msgs/include/hellocm_msgs/msg/detail/imu_out__traits.hpp
-- Symlinking: /home/amlab/CarMaker_ROS2_Original/ros/ros2_ws/install/hellocm_msgs/include/hellocm_msgs/msg/detail/object_info_out__builder.hpp
-- Symlinking: /home/amlab/CarMaker_ROS2_Original/ros/ros2_ws/install/hellocm_msgs/include/hellocm_msgs/msg/detail/object_info_out__struct.hpp
-- Symlinking: /home/amlab/CarMaker_ROS2_Original/ros/ros2_ws/install/hellocm_msgs/include/hellocm_msgs/msg/detail/object_info_out__traits.hpp
-- Symlinking: /home/amlab/CarMaker_ROS2_Original/ros/ros2_ws/install/hellocm_msgs/include/hellocm_msgs/msg/detail/signal_light_in__builder.hpp
-- Symlinking: /home/amlab/CarMaker_ROS2_Original/ros/ros2_ws/install/hellocm_msgs/include/hellocm_msgs/msg/detail/signal_light_in__struct.hpp
-- Symlinking: /home/amlab/CarMaker_ROS2_Original/ros/ros2_ws/install/hellocm_msgs/include/hellocm_msgs/msg/detail/signal_light_in__traits.hpp
-- Symlinking: /home/amlab/CarMaker_ROS2_Original/ros/ros2_ws/install/hellocm_msgs/include/hellocm_msgs/msg/detail/speed_limit__builder.hpp
-- Symlinking: /home/amlab/CarMaker_ROS2_Original/ros/ros2_ws/install/hellocm_msgs/include/hellocm_msgs/msg/detail/speed_limit__struct.hpp
-- Symlinking: /home/amlab/CarMaker_ROS2_Original/ros/ros2_ws/install/hellocm_msgs/include/hellocm_msgs/msg/detail/speed_limit__traits.hpp
-- Symlinking: /home/amlab/CarMaker_ROS2_Original/ros/ros2_ws/install/hellocm_msgs/include/hellocm_msgs/msg/detail/vehicle_control_in__builder.hpp
-- Symlinking: /home/amlab/CarMaker_ROS2_Original/ros/ros2_ws/install/hellocm_msgs/include/hellocm_msgs/msg/detail/vehicle_control_in__struct.hpp
-- Symlinking: /home/amlab/CarMaker_ROS2_Original/ros/ros2_ws/install/hellocm_msgs/include/hellocm_msgs/msg/detail/vehicle_control_in__traits.hpp
-- Symlinking: /home/amlab/CarMaker_ROS2_Original/ros/ros2_ws/install/hellocm_msgs/include/hellocm_msgs/msg/detail/vehicle_info_out__builder.hpp
-- Symlinking: /home/amlab/CarMaker_ROS2_Original/ros/ros2_ws/install/hellocm_msgs/include/hellocm_msgs/msg/detail/vehicle_info_out__struct.hpp
-- Symlinking: /home/amlab/CarMaker_ROS2_Original/ros/ros2_ws/install/hellocm_msgs/include/hellocm_msgs/msg/detail/vehicle_info_out__traits.hpp
-- Symlinking: /home/amlab/CarMaker_ROS2_Original/ros/ros2_ws/install/hellocm_msgs/include/hellocm_msgs/msg/ext2_cm.hpp
-- Symlinking: /home/amlab/CarMaker_ROS2_Original/ros/ros2_ws/install/hellocm_msgs/include/hellocm_msgs/msg/gps_out.hpp
-- Symlinking: /home/amlab/CarMaker_ROS2_Original/ros/ros2_ws/install/hellocm_msgs/include/hellocm_msgs/msg/imu_out.hpp
-- Symlinking: /home/amlab/CarMaker_ROS2_Original/ros/ros2_ws/install/hellocm_msgs/include/hellocm_msgs/msg/object_info_out.hpp
-- Symlinking: /home/amlab/CarMaker_ROS2_Original/ros/ros2_ws/install/hellocm_msgs/include/hellocm_msgs/msg/signal_light_in.hpp
-- Symlinking: /home/amlab/CarMaker_ROS2_Original/ros/ros2_ws/install/hellocm_msgs/include/hellocm_msgs/msg/speed_limit.hpp
-- Symlinking: /home/amlab/CarMaker_ROS2_Original/ros/ros2_ws/install/hellocm_msgs/include/hellocm_msgs/msg/vehicle_control_in.hpp
-- Symlinking: /home/amlab/CarMaker_ROS2_Original/ros/ros2_ws/install/hellocm_msgs/include/hellocm_msgs/msg/vehicle_info_out.hpp
-- Symlinking: /home/amlab/CarMaker_ROS2_Original/ros/ros2_ws/install/hellocm_msgs/include/hellocm_msgs/srv/detail/init__builder.hpp
-- Symlinking: /home/amlab/CarMaker_ROS2_Original/ros/ros2_ws/install/hellocm_msgs/include/hellocm_msgs/srv/detail/init__struct.hpp
-- Symlinking: /home/amlab/CarMaker_ROS2_Original/ros/ros2_ws/install/hellocm_msgs/include/hellocm_msgs/srv/detail/init__traits.hpp
-- Symlinking: /home/amlab/CarMaker_ROS2_Original/ros/ros2_ws/install/hellocm_msgs/include/hellocm_msgs/srv/init.hpp
-- Symlinking: /home/amlab/CarMaker_ROS2_Original/ros/ros2_ws/install/hellocm_msgs/include/hellocm_msgs/msg/detail/cm2_ext__rosidl_typesupport_introspection_cpp.hpp
-- Symlinking: /home/amlab/CarMaker_ROS2_Original/ros/ros2_ws/install/hellocm_msgs/include/hellocm_msgs/msg/detail/ext2_cm__rosidl_typesupport_introspection_cpp.hpp
-- Symlinking: /home/amlab/CarMaker_ROS2_Original/ros/ros2_ws/install/hellocm_msgs/include/hellocm_msgs/msg/detail/gps_out__rosidl_typesupport_introspection_cpp.hpp
-- Symlinking: /home/amlab/CarMaker_ROS2_Original/ros/ros2_ws/install/hellocm_msgs/include/hellocm_msgs/msg/detail/imu_out__rosidl_typesupport_introspection_cpp.hpp
-- Symlinking: /home/amlab/CarMaker_ROS2_Original/ros/ros2_ws/install/hellocm_msgs/include/hellocm_msgs/msg/detail/object_info_out__rosidl_typesupport_introspection_cpp.hpp
-- Symlinking: /home/amlab/CarMaker_ROS2_Original/ros/ros2_ws/install/hellocm_msgs/include/hellocm_msgs/msg/detail/signal_light_in__rosidl_typesupport_introspection_cpp.hpp
-- Symlinking: /home/amlab/CarMaker_ROS2_Original/ros/ros2_ws/install/hellocm_msgs/include/hellocm_msgs/msg/detail/speed_limit__rosidl_typesupport_introspection_cpp.hpp
-- Symlinking: /home/amlab/CarMaker_ROS2_Original/ros/ros2_ws/install/hellocm_msgs/include/hellocm_msgs/msg/detail/vehicle_control_in__rosidl_typesupport_introspection_cpp.hpp
-- Symlinking: /home/amlab/CarMaker_ROS2_Original/ros/ros2_ws/install/hellocm_msgs/include/hellocm_msgs/msg/detail/vehicle_info_out__rosidl_typesupport_introspection_cpp.hpp
-- Symlinking: /home/amlab/CarMaker_ROS2_Original/ros/ros2_ws/install/hellocm_msgs/include/hellocm_msgs/srv/detail/init__rosidl_typesupport_introspection_cpp.hpp
-- Symlinking: /home/amlab/CarMaker_ROS2_Original/ros/ros2_ws/install/hellocm_msgs/share/hellocm_msgs/environment/pythonpath.sh
-- Symlinking: /home/amlab/CarMaker_ROS2_Original/ros/ros2_ws/install/hellocm_msgs/share/hellocm_msgs/environment/pythonpath.dsv
-- Symlinking: /home/amlab/CarMaker_ROS2_Original/ros/ros2_ws/install/hellocm_msgs/lib/python3.8/site-packages/hellocm_msgs/__init__.py
-- Symlinking: /home/amlab/CarMaker_ROS2_Original/ros/ros2_ws/install/hellocm_msgs/lib/python3.8/site-packages/hellocm_msgs/msg/__init__.py
-- Symlinking: /home/amlab/CarMaker_ROS2_Original/ros/ros2_ws/install/hellocm_msgs/lib/python3.8/site-packages/hellocm_msgs/msg/_cm2_ext.py
-- Symlinking: /home/amlab/CarMaker_ROS2_Original/ros/ros2_ws/install/hellocm_msgs/lib/python3.8/site-packages/hellocm_msgs/msg/_ext2_cm.py
-- Symlinking: /home/amlab/CarMaker_ROS2_Original/ros/ros2_ws/install/hellocm_msgs/lib/python3.8/site-packages/hellocm_msgs/msg/_gps_out.py
-- Symlinking: /home/amlab/CarMaker_ROS2_Original/ros/ros2_ws/install/hellocm_msgs/lib/python3.8/site-packages/hellocm_msgs/msg/_imu_out.py
-- Symlinking: /home/amlab/CarMaker_ROS2_Original/ros/ros2_ws/install/hellocm_msgs/lib/python3.8/site-packages/hellocm_msgs/msg/_object_info_out.py
-- Symlinking: /home/amlab/CarMaker_ROS2_Original/ros/ros2_ws/install/hellocm_msgs/lib/python3.8/site-packages/hellocm_msgs/msg/_signal_light_in.py
-- Symlinking: /home/amlab/CarMaker_ROS2_Original/ros/ros2_ws/install/hellocm_msgs/lib/python3.8/site-packages/hellocm_msgs/msg/_speed_limit.py
-- Symlinking: /home/amlab/CarMaker_ROS2_Original/ros/ros2_ws/install/hellocm_msgs/lib/python3.8/site-packages/hellocm_msgs/msg/_vehicle_control_in.py
-- Symlinking: /home/amlab/CarMaker_ROS2_Original/ros/ros2_ws/install/hellocm_msgs/lib/python3.8/site-packages/hellocm_msgs/msg/_vehicle_info_out.py
-- Symlinking: /home/amlab/CarMaker_ROS2_Original/ros/ros2_ws/install/hellocm_msgs/lib/python3.8/site-packages/hellocm_msgs/srv/__init__.py
-- Symlinking: /home/amlab/CarMaker_ROS2_Original/ros/ros2_ws/install/hellocm_msgs/lib/python3.8/site-packages/hellocm_msgs/srv/_init.py
-- Symlinking: /home/amlab/CarMaker_ROS2_Original/ros/ros2_ws/install/hellocm_msgs/lib/python3.8/site-packages/hellocm_msgs/hellocm_msgs_s__rosidl_typesupport_fastrtps_c.cpython-38-x86_64-linux-gnu.so
-- Symlinking: /home/amlab/CarMaker_ROS2_Original/ros/ros2_ws/install/hellocm_msgs/lib/python3.8/site-packages/hellocm_msgs/hellocm_msgs_s__rosidl_typesupport_introspection_c.cpython-38-x86_64-linux-gnu.so
-- Symlinking: /home/amlab/CarMaker_ROS2_Original/ros/ros2_ws/install/hellocm_msgs/lib/python3.8/site-packages/hellocm_msgs/hellocm_msgs_s__rosidl_typesupport_c.cpython-38-x86_64-linux-gnu.so
-- Symlinking: /home/amlab/CarMaker_ROS2_Original/ros/ros2_ws/install/hellocm_msgs/lib/libhellocm_msgs__python.so
-- Symlinking: /home/amlab/CarMaker_ROS2_Original/ros/ros2_ws/install/hellocm_msgs/share/hellocm_msgs/msg/CM2Ext.idl
-- Symlinking: /home/amlab/CarMaker_ROS2_Original/ros/ros2_ws/install/hellocm_msgs/share/hellocm_msgs/msg/Ext2CM.idl
-- Symlinking: /home/amlab/CarMaker_ROS2_Original/ros/ros2_ws/install/hellocm_msgs/share/hellocm_msgs/msg/GPSOut.idl
-- Symlinking: /home/amlab/CarMaker_ROS2_Original/ros/ros2_ws/install/hellocm_msgs/share/hellocm_msgs/msg/IMUOut.idl
-- Symlinking: /home/amlab/CarMaker_ROS2_Original/ros/ros2_ws/install/hellocm_msgs/share/hellocm_msgs/msg/ObjectInfoOut.idl
-- Symlinking: /home/amlab/CarMaker_ROS2_Original/ros/ros2_ws/install/hellocm_msgs/share/hellocm_msgs/msg/SignalLightIn.idl
-- Symlinking: /home/amlab/CarMaker_ROS2_Original/ros/ros2_ws/install/hellocm_msgs/share/hellocm_msgs/msg/SpeedLimit.idl
-- Symlinking: /home/amlab/CarMaker_ROS2_Original/ros/ros2_ws/install/hellocm_msgs/share/hellocm_msgs/msg/VehicleControlIn.idl
-- Symlinking: /home/amlab/CarMaker_ROS2_Original/ros/ros2_ws/install/hellocm_msgs/share/hellocm_msgs/msg/VehicleInfoOut.idl
-- Symlinking: /home/amlab/CarMaker_ROS2_Original/ros/ros2_ws/install/hellocm_msgs/share/hellocm_msgs/srv/Init.idl
-- Symlinking: /home/amlab/CarMaker_ROS2_Original/ros/ros2_ws/install/hellocm_msgs/share/hellocm_msgs/msg/CM2Ext.msg
-- Symlinking: /home/amlab/CarMaker_ROS2_Original/ros/ros2_ws/install/hellocm_msgs/share/hellocm_msgs/msg/Ext2CM.msg
-- Symlinking: /home/amlab/CarMaker_ROS2_Original/ros/ros2_ws/install/hellocm_msgs/share/hellocm_msgs/msg/GPSOut.msg
-- Symlinking: /home/amlab/CarMaker_ROS2_Original/ros/ros2_ws/install/hellocm_msgs/share/hellocm_msgs/msg/IMUOut.msg
-- Symlinking: /home/amlab/CarMaker_ROS2_Original/ros/ros2_ws/install/hellocm_msgs/share/hellocm_msgs/msg/ObjectInfoOut.msg
-- Symlinking: /home/amlab/CarMaker_ROS2_Original/ros/ros2_ws/install/hellocm_msgs/share/hellocm_msgs/msg/SignalLightIn.msg
-- Symlinking: /home/amlab/CarMaker_ROS2_Original/ros/ros2_ws/install/hellocm_msgs/share/hellocm_msgs/msg/SpeedLimit.msg
-- Symlinking: /home/amlab/CarMaker_ROS2_Original/ros/ros2_ws/install/hellocm_msgs/share/hellocm_msgs/msg/VehicleControlIn.msg
-- Symlinking: /home/amlab/CarMaker_ROS2_Original/ros/ros2_ws/install/hellocm_msgs/share/hellocm_msgs/msg/VehicleInfoOut.msg
-- Symlinking: /home/amlab/CarMaker_ROS2_Original/ros/ros2_ws/install/hellocm_msgs/share/hellocm_msgs/srv/Init.srv
-- Symlinking: /home/amlab/CarMaker_ROS2_Original/ros/ros2_ws/install/hellocm_msgs/share/hellocm_msgs/srv/Init_Request.msg
-- Symlinking: /home/amlab/CarMaker_ROS2_Original/ros/ros2_ws/install/hellocm_msgs/share/hellocm_msgs/srv/Init_Response.msg
-- Symlinking: /home/amlab/CarMaker_ROS2_Original/ros/ros2_ws/install/hellocm_msgs/share/ament_index/resource_index/package_run_dependencies/hellocm_msgs
-- Symlinking: /home/amlab/CarMaker_ROS2_Original/ros/ros2_ws/install/hellocm_msgs/share/ament_index/resource_index/parent_prefix_path/hellocm_msgs
-- Symlinking: /home/amlab/CarMaker_ROS2_Original/ros/ros2_ws/install/hellocm_msgs/share/hellocm_msgs/environment/ament_prefix_path.sh
-- Symlinking: /home/amlab/CarMaker_ROS2_Original/ros/ros2_ws/install/hellocm_msgs/share/hellocm_msgs/environment/ament_prefix_path.dsv
-- Symlinking: /home/amlab/CarMaker_ROS2_Original/ros/ros2_ws/install/hellocm_msgs/share/hellocm_msgs/environment/path.sh
-- Symlinking: /home/amlab/CarMaker_ROS2_Original/ros/ros2_ws/install/hellocm_msgs/share/hellocm_msgs/environment/path.dsv
-- Symlinking: /home/amlab/CarMaker_ROS2_Original/ros/ros2_ws/install/hellocm_msgs/share/hellocm_msgs/local_setup.bash
-- Symlinking: /home/amlab/CarMaker_ROS2_Original/ros/ros2_ws/install/hellocm_msgs/share/hellocm_msgs/local_setup.sh
-- Symlinking: /home/amlab/CarMaker_ROS2_Original/ros/ros2_ws/install/hellocm_msgs/share/hellocm_msgs/local_setup.zsh
-- Symlinking: /home/amlab/CarMaker_ROS2_Original/ros/ros2_ws/install/hellocm_msgs/share/hellocm_msgs/local_setup.dsv
-- Symlinking: /home/amlab/CarMaker_ROS2_Original/ros/ros2_ws/install/hellocm_msgs/share/hellocm_msgs/package.dsv
-- Symlinking: /home/amlab/CarMaker_ROS2_Original/ros/ros2_ws/install/hellocm_msgs/share/ament_index/resource_index/packages/hellocm_msgs
-- Symlinking: /home/amlab/CarMaker_ROS2_Original/ros/ros2_ws/install/hellocm_msgs/share/hellocm_msgs/cmake/rosidl_cmake-extras.cmake
-- Symlinking: /home/amlab/CarMaker_ROS2_Original/ros/ros2_ws/install/hellocm_msgs/share/hellocm_msgs/cmake/ament_cmake_export_dependencies-extras.cmake
-- Symlinking: /home/amlab/CarMaker_ROS2_Original/ros/ros2_ws/install/hellocm_msgs/share/hellocm_msgs/cmake/ament_cmake_export_libraries-extras.cmake
-- Symlinking: /home/amlab/CarMaker_ROS2_Original/ros/ros2_ws/install/hellocm_msgs/share/hellocm_msgs/cmake/ament_cmake_export_targets-extras.cmake
-- Symlinking: /home/amlab/CarMaker_ROS2_Original/ros/ros2_ws/install/hellocm_msgs/share/hellocm_msgs/cmake/ament_cmake_export_include_directories-extras.cmake
-- Symlinking: /home/amlab/CarMaker_ROS2_Original/ros/ros2_ws/install/hellocm_msgs/share/hellocm_msgs/cmake/rosidl_cmake_export_typesupport_libraries-extras.cmake
-- Symlinking: /home/amlab/CarMaker_ROS2_Original/ros/ros2_ws/install/hellocm_msgs/share/hellocm_msgs/cmake/rosidl_cmake_export_typesupport_targets-extras.cmake
-- Symlinking: /home/amlab/CarMaker_ROS2_Original/ros/ros2_ws/install/hellocm_msgs/share/hellocm_msgs/cmake/hellocm_msgsConfig.cmake
-- Symlinking: /home/amlab/CarMaker_ROS2_Original/ros/ros2_ws/install/hellocm_msgs/share/hellocm_msgs/cmake/hellocm_msgsConfig-version.cmake
-- Symlinking: /home/amlab/CarMaker_ROS2_Original/ros/ros2_ws/install/hellocm_msgs/share/hellocm_msgs/package.xml
-- Up-to-date: /home/amlab/CarMaker_ROS2_Original/ros/ros2_ws/install/hellocm_msgs/lib/libhellocm_msgs__rosidl_generator_c.so
-- Up-to-date: /home/amlab/CarMaker_ROS2_Original/ros/ros2_ws/install/hellocm_msgs/lib/libhellocm_msgs__rosidl_typesupport_introspection_c.so
-- Up-to-date: /home/amlab/CarMaker_ROS2_Original/ros/ros2_ws/install/hellocm_msgs/lib/libhellocm_msgs__rosidl_typesupport_c.so
-- Up-to-date: /home/amlab/CarMaker_ROS2_Original/ros/ros2_ws/install/hellocm_msgs/lib/libhellocm_msgs__rosidl_typesupport_introspection_cpp.so
-- Up-to-date: /home/amlab/CarMaker_ROS2_Original/ros/ros2_ws/install/hellocm_msgs/lib/libhellocm_msgs__rosidl_typesupport_cpp.so
Compiling '/home/amlab/CarMaker_ROS2_Original/ros/ros2_ws/install/hellocm_msgs/lib/python3.8/site-packages/hellocm_msgs/__init__.py'...
-- Up-to-date: /home/amlab/CarMaker_ROS2_Original/ros/ros2_ws/install/hellocm_msgs/share/hellocm_msgs/cmake/hellocm_msgs__rosidl_generator_cExport.cmake
-- Installing: /home/amlab/CarMaker_ROS2_Original/ros/ros2_ws/install/hellocm_msgs/share/hellocm_msgs/cmake/hellocm_msgs__rosidl_generator_cExport-noconfig.cmake
-- Up-to-date: /home/amlab/CarMaker_ROS2_Original/ros/ros2_ws/install/hellocm_msgs/share/hellocm_msgs/cmake/hellocm_msgs__rosidl_typesupport_introspection_cExport.cmake
-- Installing: /home/amlab/CarMaker_ROS2_Original/ros/ros2_ws/install/hellocm_msgs/share/hellocm_msgs/cmake/hellocm_msgs__rosidl_typesupport_introspection_cExport-noconfig.cmake
-- Up-to-date: /home/amlab/CarMaker_ROS2_Original/ros/ros2_ws/install/hellocm_msgs/share/hellocm_msgs/cmake/hellocm_msgs__rosidl_typesupport_cExport.cmake
-- Installing: /home/amlab/CarMaker_ROS2_Original/ros/ros2_ws/install/hellocm_msgs/share/hellocm_msgs/cmake/hellocm_msgs__rosidl_typesupport_cExport-noconfig.cmake
-- Up-to-date: /home/amlab/CarMaker_ROS2_Original/ros/ros2_ws/install/hellocm_msgs/share/hellocm_msgs/cmake/hellocm_msgs__rosidl_generator_cppExport.cmake
-- Up-to-date: /home/amlab/CarMaker_ROS2_Original/ros/ros2_ws/install/hellocm_msgs/share/hellocm_msgs/cmake/hellocm_msgs__rosidl_typesupport_introspection_cppExport.cmake
-- Installing: /home/amlab/CarMaker_ROS2_Original/ros/ros2_ws/install/hellocm_msgs/share/hellocm_msgs/cmake/hellocm_msgs__rosidl_typesupport_introspection_cppExport-noconfig.cmake
-- Up-to-date: /home/amlab/CarMaker_ROS2_Original/ros/ros2_ws/install/hellocm_msgs/share/hellocm_msgs/cmake/hellocm_msgs__rosidl_typesupport_cppExport.cmake
-- Installing: /home/amlab/CarMaker_ROS2_Original/ros/ros2_ws/install/hellocm_msgs/share/hellocm_msgs/cmake/hellocm_msgs__rosidl_typesupport_cppExport-noconfig.cmake
