[0.469s] Invoking command in '/home/amlab/CarMaker_ROS2_Original/ros/ros2_ws/build/cmrosutils': CMAKE_PREFIX_PATH=${CMAKE_PREFIX_PATH}:/opt/ros/galactic /usr/bin/cmake /home/amlab/CarMaker_ROS2_Original/ros/ros2_ws/src/cmrosutils -DCMAKE_INSTALL_PREFIX=/home/amlab/CarMaker_ROS2_Original/ros/ros2_ws/install/cmrosutils
[0.483s] -- Found std_msgs: 2.2.4 (/opt/ros/galactic/share/std_msgs/cmake)
[0.492s] -- Found PythonInterp: /usr/bin/python3 (found suitable version "3.8.10", minimum required is "3") 
[0.492s] -- Using PYTHON_EXECUTABLE: /usr/bin/python3
[0.528s] -- Override CMake install command with custom implementation using symlinks instead of copying resources
[0.545s] -- Using all available rosidl_typesupport_c: rosidl_typesupport_fastrtps_c;rosidl_typesupport_introspection_c
[0.547s] -- Found rosidl_adapter: 2.2.3 (/opt/ros/galactic/share/rosidl_adapter/cmake)
[0.636s] -- Using all available rosidl_typesupport_cpp: rosidl_typesupport_fastrtps_cpp;rosidl_typesupport_introspection_cpp
[0.665s] -- Found rosidl_default_generators: 1.1.1 (/opt/ros/galactic/share/rosidl_default_generators/cmake)
[0.686s] -- Found PythonInterp: /usr/bin/python3 (found version "3.8.10") 
[0.784s] -- Found ament_cmake_ros: 0.9.2 (/opt/ros/galactic/share/ament_cmake_ros/cmake)
[0.890s] -- Using all available rosidl_typesupport_c: rosidl_typesupport_fastrtps_c;rosidl_typesupport_introspection_c
[0.928s] -- Using all available rosidl_typesupport_cpp: rosidl_typesupport_fastrtps_cpp;rosidl_typesupport_introspection_cpp
[0.944s] -- Found PythonInterp: /usr/bin/python3 (found suitable version "3.8.10", minimum required is "3.5") 
[0.945s] -- Found python_cmake_module: 0.8.1 (/opt/ros/galactic/share/python_cmake_module/cmake)
[0.960s] -- Using PYTHON_EXECUTABLE: /usr/bin/python3
[0.960s] -- Using PYTHON_INCLUDE_DIRS: /usr/include/python3.8
[0.960s] -- Using PYTHON_LIBRARIES: /usr/lib/x86_64-linux-gnu/libpython3.8.so
[0.985s] -- Found ament_lint_auto: 0.10.7 (/opt/ros/galactic/share/ament_lint_auto/cmake)
[0.991s] -- Added test 'copyright' to check source files copyright and LICENSE
[0.992s] -- Added test 'cppcheck' to perform static code analysis on C / C++ code
[0.992s] -- Configured cppcheck include dirs: 
[0.993s] -- Configured cppcheck exclude dirs and/or files: 
[0.993s] -- Added test 'cpplint' to check C / C++ code against the Google style
[0.993s] -- Configured cpplint exclude dirs and/or files: 
[0.993s] -- Added test 'lint_cmake' to check CMake code style
[0.994s] -- Added test 'uncrustify' to check C / C++ code style
[0.994s] -- Configured uncrustify additional arguments: 
[0.994s] -- Added test 'xmllint' to check XML markup files
[0.997s] -- Configuring done
[1.021s] -- Generating done
[1.022s] -- Build files have been written to: /home/amlab/CarMaker_ROS2_Original/ros/ros2_ws/build/cmrosutils
[1.027s] Invoked command in '/home/amlab/CarMaker_ROS2_Original/ros/ros2_ws/build/cmrosutils' returned '0': CMAKE_PREFIX_PATH=${CMAKE_PREFIX_PATH}:/opt/ros/galactic /usr/bin/cmake /home/amlab/CarMaker_ROS2_Original/ros/ros2_ws/src/cmrosutils -DCMAKE_INSTALL_PREFIX=/home/amlab/CarMaker_ROS2_Original/ros/ros2_ws/install/cmrosutils
[1.029s] Invoking command in '/home/amlab/CarMaker_ROS2_Original/ros/ros2_ws/build/cmrosutils': CMAKE_PREFIX_PATH=${CMAKE_PREFIX_PATH}:/opt/ros/galactic /usr/bin/cmake --build /home/amlab/CarMaker_ROS2_Original/ros/ros2_ws/build/cmrosutils -- -j12 -l12
[1.059s] [  3%] Built target cmrosutils__cpp
[1.060s] [ 12%] Built target cmrosutils__rosidl_generator_c
[1.075s] [ 22%] Built target cmrosutils__rosidl_typesupport_c
[1.076s] [ 32%] Built target cmrosutils__rosidl_typesupport_cpp
[1.076s] [ 41%] Built target cmrosutils__rosidl_typesupport_introspection_cpp
[1.076s] [ 51%] Built target cmrosutils__rosidl_typesupport_introspection_c
[1.078s] [ 61%] Built target cmrosutils__rosidl_typesupport_fastrtps_cpp
[1.093s] [ 70%] Built target cmrosutils__rosidl_typesupport_fastrtps_c
[1.106s] [ 70%] Built target cmrosutils
[1.117s] [ 74%] Built target cmrosutils__py
[1.131s] [ 80%] Built target cmrosutils__python
[1.147s] [ 90%] Built target cmrosutils__rosidl_typesupport_fastrtps_c__pyext
[1.147s] [ 93%] Built target cmrosutils__rosidl_typesupport_introspection_c__pyext
[1.147s] [100%] Built target cmrosutils__rosidl_typesupport_c__pyext
[1.157s] Invoked command in '/home/amlab/CarMaker_ROS2_Original/ros/ros2_ws/build/cmrosutils' returned '0': CMAKE_PREFIX_PATH=${CMAKE_PREFIX_PATH}:/opt/ros/galactic /usr/bin/cmake --build /home/amlab/CarMaker_ROS2_Original/ros/ros2_ws/build/cmrosutils -- -j12 -l12
[1.269s] Invoking command in '/home/amlab/CarMaker_ROS2_Original/ros/ros2_ws/build/cmrosutils': CMAKE_PREFIX_PATH=${CMAKE_PREFIX_PATH}:/opt/ros/galactic /usr/bin/cmake --install /home/amlab/CarMaker_ROS2_Original/ros/ros2_ws/build/cmrosutils
[1.274s] -- Install configuration: ""
[1.274s] -- Execute custom install script
[1.274s] -- Up-to-date symlink: /home/amlab/CarMaker_ROS2_Original/ros/ros2_ws/install/cmrosutils/share/ament_index/resource_index/rosidl_interfaces/cmrosutils
[1.275s] -- Up-to-date symlink: /home/amlab/CarMaker_ROS2_Original/ros/ros2_ws/install/cmrosutils/include/cmrosutils/msg/rosidl_generator_c__visibility_control.h
[1.275s] -- Up-to-date symlink: /home/amlab/CarMaker_ROS2_Original/ros/ros2_ws/install/cmrosutils/include/cmrosutils/srv/cm_remote.h
[1.275s] -- Up-to-date symlink: /home/amlab/CarMaker_ROS2_Original/ros/ros2_ws/install/cmrosutils/include/cmrosutils/srv/detail/cm_remote__functions.h
[1.275s] -- Up-to-date symlink: /home/amlab/CarMaker_ROS2_Original/ros/ros2_ws/install/cmrosutils/include/cmrosutils/srv/detail/cm_remote__struct.h
[1.275s] -- Up-to-date symlink: /home/amlab/CarMaker_ROS2_Original/ros/ros2_ws/install/cmrosutils/include/cmrosutils/srv/detail/cm_remote__type_support.h
[1.275s] -- Up-to-date symlink: /home/amlab/CarMaker_ROS2_Original/ros/ros2_ws/install/cmrosutils/share/cmrosutils/environment/library_path.sh
[1.275s] -- Up-to-date symlink: /home/amlab/CarMaker_ROS2_Original/ros/ros2_ws/install/cmrosutils/share/cmrosutils/environment/library_path.dsv
[1.275s] -- Up-to-date symlink: /home/amlab/CarMaker_ROS2_Original/ros/ros2_ws/install/cmrosutils/include/cmrosutils/msg/rosidl_typesupport_fastrtps_c__visibility_control.h
[1.276s] -- Up-to-date symlink: /home/amlab/CarMaker_ROS2_Original/ros/ros2_ws/install/cmrosutils/include/cmrosutils/srv/detail/cm_remote__rosidl_typesupport_fastrtps_c.h
[1.276s] -- Up-to-date symlink: /home/amlab/CarMaker_ROS2_Original/ros/ros2_ws/install/cmrosutils/lib/libcmrosutils__rosidl_typesupport_fastrtps_c.so
[1.276s] -- Up-to-date symlink: /home/amlab/CarMaker_ROS2_Original/ros/ros2_ws/install/cmrosutils/include/cmrosutils/msg/rosidl_typesupport_fastrtps_cpp__visibility_control.h
[1.276s] -- Up-to-date symlink: /home/amlab/CarMaker_ROS2_Original/ros/ros2_ws/install/cmrosutils/include/cmrosutils/srv/detail/cm_remote__rosidl_typesupport_fastrtps_cpp.hpp
[1.276s] -- Up-to-date symlink: /home/amlab/CarMaker_ROS2_Original/ros/ros2_ws/install/cmrosutils/lib/libcmrosutils__rosidl_typesupport_fastrtps_cpp.so
[1.277s] -- Up-to-date symlink: /home/amlab/CarMaker_ROS2_Original/ros/ros2_ws/install/cmrosutils/include/cmrosutils/msg/rosidl_typesupport_introspection_c__visibility_control.h
[1.277s] -- Up-to-date symlink: /home/amlab/CarMaker_ROS2_Original/ros/ros2_ws/install/cmrosutils/include/cmrosutils/srv/detail/cm_remote__rosidl_typesupport_introspection_c.h
[1.277s] -- Up-to-date symlink: /home/amlab/CarMaker_ROS2_Original/ros/ros2_ws/install/cmrosutils/include/cmrosutils/srv/cm_remote.hpp
[1.277s] -- Up-to-date symlink: /home/amlab/CarMaker_ROS2_Original/ros/ros2_ws/install/cmrosutils/include/cmrosutils/srv/detail/cm_remote__builder.hpp
[1.277s] -- Up-to-date symlink: /home/amlab/CarMaker_ROS2_Original/ros/ros2_ws/install/cmrosutils/include/cmrosutils/srv/detail/cm_remote__struct.hpp
[1.278s] -- Up-to-date symlink: /home/amlab/CarMaker_ROS2_Original/ros/ros2_ws/install/cmrosutils/include/cmrosutils/srv/detail/cm_remote__traits.hpp
[1.278s] -- Up-to-date symlink: /home/amlab/CarMaker_ROS2_Original/ros/ros2_ws/install/cmrosutils/include/cmrosutils/srv/detail/cm_remote__rosidl_typesupport_introspection_cpp.hpp
[1.278s] -- Up-to-date symlink: /home/amlab/CarMaker_ROS2_Original/ros/ros2_ws/install/cmrosutils/share/cmrosutils/environment/pythonpath.sh
[1.278s] -- Up-to-date symlink: /home/amlab/CarMaker_ROS2_Original/ros/ros2_ws/install/cmrosutils/share/cmrosutils/environment/pythonpath.dsv
[1.279s] -- Up-to-date symlink: /home/amlab/CarMaker_ROS2_Original/ros/ros2_ws/install/cmrosutils/lib/python3.8/site-packages/cmrosutils/__init__.py
[1.279s] -- Up-to-date symlink: /home/amlab/CarMaker_ROS2_Original/ros/ros2_ws/install/cmrosutils/lib/python3.8/site-packages/cmrosutils/srv/__init__.py
[1.279s] -- Up-to-date symlink: /home/amlab/CarMaker_ROS2_Original/ros/ros2_ws/install/cmrosutils/lib/python3.8/site-packages/cmrosutils/srv/_cm_remote.py
[1.280s] -- Up-to-date symlink: /home/amlab/CarMaker_ROS2_Original/ros/ros2_ws/install/cmrosutils/lib/python3.8/site-packages/cmrosutils/cmrosutils_s__rosidl_typesupport_fastrtps_c.cpython-38-x86_64-linux-gnu.so
[1.280s] -- Up-to-date symlink: /home/amlab/CarMaker_ROS2_Original/ros/ros2_ws/install/cmrosutils/lib/python3.8/site-packages/cmrosutils/cmrosutils_s__rosidl_typesupport_introspection_c.cpython-38-x86_64-linux-gnu.so
[1.280s] -- Up-to-date symlink: /home/amlab/CarMaker_ROS2_Original/ros/ros2_ws/install/cmrosutils/lib/python3.8/site-packages/cmrosutils/cmrosutils_s__rosidl_typesupport_c.cpython-38-x86_64-linux-gnu.so
[1.281s] -- Up-to-date symlink: /home/amlab/CarMaker_ROS2_Original/ros/ros2_ws/install/cmrosutils/lib/libcmrosutils__python.so
[1.281s] -- Up-to-date symlink: /home/amlab/CarMaker_ROS2_Original/ros/ros2_ws/install/cmrosutils/share/cmrosutils/srv/CMRemote.idl
[1.281s] -- Up-to-date symlink: /home/amlab/CarMaker_ROS2_Original/ros/ros2_ws/install/cmrosutils/share/cmrosutils/srv/CMRemote.srv
[1.281s] -- Up-to-date symlink: /home/amlab/CarMaker_ROS2_Original/ros/ros2_ws/install/cmrosutils/share/cmrosutils/srv/CMRemote_Request.msg
[1.282s] -- Up-to-date symlink: /home/amlab/CarMaker_ROS2_Original/ros/ros2_ws/install/cmrosutils/share/cmrosutils/srv/CMRemote_Response.msg
[1.282s] -- Up-to-date symlink: /home/amlab/CarMaker_ROS2_Original/ros/ros2_ws/install/cmrosutils/share/ament_index/resource_index/package_run_dependencies/cmrosutils
[1.282s] -- Up-to-date symlink: /home/amlab/CarMaker_ROS2_Original/ros/ros2_ws/install/cmrosutils/share/ament_index/resource_index/parent_prefix_path/cmrosutils
[1.282s] -- Up-to-date symlink: /home/amlab/CarMaker_ROS2_Original/ros/ros2_ws/install/cmrosutils/share/cmrosutils/environment/ament_prefix_path.sh
[1.282s] -- Up-to-date symlink: /home/amlab/CarMaker_ROS2_Original/ros/ros2_ws/install/cmrosutils/share/cmrosutils/environment/ament_prefix_path.dsv
[1.283s] -- Up-to-date symlink: /home/amlab/CarMaker_ROS2_Original/ros/ros2_ws/install/cmrosutils/share/cmrosutils/environment/path.sh
[1.283s] -- Up-to-date symlink: /home/amlab/CarMaker_ROS2_Original/ros/ros2_ws/install/cmrosutils/share/cmrosutils/environment/path.dsv
[1.283s] -- Up-to-date symlink: /home/amlab/CarMaker_ROS2_Original/ros/ros2_ws/install/cmrosutils/share/cmrosutils/local_setup.bash
[1.283s] -- Up-to-date symlink: /home/amlab/CarMaker_ROS2_Original/ros/ros2_ws/install/cmrosutils/share/cmrosutils/local_setup.sh
[1.284s] -- Up-to-date symlink: /home/amlab/CarMaker_ROS2_Original/ros/ros2_ws/install/cmrosutils/share/cmrosutils/local_setup.zsh
[1.284s] -- Up-to-date symlink: /home/amlab/CarMaker_ROS2_Original/ros/ros2_ws/install/cmrosutils/share/cmrosutils/local_setup.dsv
[1.284s] -- Symlinking: /home/amlab/CarMaker_ROS2_Original/ros/ros2_ws/install/cmrosutils/share/cmrosutils/package.dsv
[1.291s] -- Up-to-date symlink: /home/amlab/CarMaker_ROS2_Original/ros/ros2_ws/install/cmrosutils/share/ament_index/resource_index/packages/cmrosutils
[1.291s] -- Up-to-date symlink: /home/amlab/CarMaker_ROS2_Original/ros/ros2_ws/install/cmrosutils/share/cmrosutils/cmake/rosidl_cmake-extras.cmake
[1.291s] -- Up-to-date symlink: /home/amlab/CarMaker_ROS2_Original/ros/ros2_ws/install/cmrosutils/share/cmrosutils/cmake/ament_cmake_export_dependencies-extras.cmake
[1.292s] -- Up-to-date symlink: /home/amlab/CarMaker_ROS2_Original/ros/ros2_ws/install/cmrosutils/share/cmrosutils/cmake/ament_cmake_export_libraries-extras.cmake
[1.292s] -- Up-to-date symlink: /home/amlab/CarMaker_ROS2_Original/ros/ros2_ws/install/cmrosutils/share/cmrosutils/cmake/ament_cmake_export_targets-extras.cmake
[1.292s] -- Up-to-date symlink: /home/amlab/CarMaker_ROS2_Original/ros/ros2_ws/install/cmrosutils/share/cmrosutils/cmake/ament_cmake_export_include_directories-extras.cmake
[1.292s] -- Up-to-date symlink: /home/amlab/CarMaker_ROS2_Original/ros/ros2_ws/install/cmrosutils/share/cmrosutils/cmake/rosidl_cmake_export_typesupport_libraries-extras.cmake
[1.292s] -- Up-to-date symlink: /home/amlab/CarMaker_ROS2_Original/ros/ros2_ws/install/cmrosutils/share/cmrosutils/cmake/rosidl_cmake_export_typesupport_targets-extras.cmake
[1.292s] -- Up-to-date symlink: /home/amlab/CarMaker_ROS2_Original/ros/ros2_ws/install/cmrosutils/share/cmrosutils/cmake/cmrosutilsConfig.cmake
[1.292s] -- Up-to-date symlink: /home/amlab/CarMaker_ROS2_Original/ros/ros2_ws/install/cmrosutils/share/cmrosutils/cmake/cmrosutilsConfig-version.cmake
[1.292s] -- Up-to-date symlink: /home/amlab/CarMaker_ROS2_Original/ros/ros2_ws/install/cmrosutils/share/cmrosutils/package.xml
[1.292s] -- Up-to-date: /home/amlab/CarMaker_ROS2_Original/ros/ros2_ws/install/cmrosutils/lib/libcmrosutils__rosidl_generator_c.so
[1.293s] -- Up-to-date: /home/amlab/CarMaker_ROS2_Original/ros/ros2_ws/install/cmrosutils/lib/libcmrosutils__rosidl_typesupport_introspection_c.so
[1.293s] -- Up-to-date: /home/amlab/CarMaker_ROS2_Original/ros/ros2_ws/install/cmrosutils/lib/libcmrosutils__rosidl_typesupport_c.so
[1.293s] -- Up-to-date: /home/amlab/CarMaker_ROS2_Original/ros/ros2_ws/install/cmrosutils/lib/libcmrosutils__rosidl_typesupport_introspection_cpp.so
[1.293s] -- Up-to-date: /home/amlab/CarMaker_ROS2_Original/ros/ros2_ws/install/cmrosutils/lib/libcmrosutils__rosidl_typesupport_cpp.so
[1.314s] Compiling '/home/amlab/CarMaker_ROS2_Original/ros/ros2_ws/install/cmrosutils/lib/python3.8/site-packages/cmrosutils/__init__.py'...
[1.317s] -- Up-to-date: /home/amlab/CarMaker_ROS2_Original/ros/ros2_ws/install/cmrosutils/include/cmrosutils
[1.317s] -- Up-to-date: /home/amlab/CarMaker_ROS2_Original/ros/ros2_ws/install/cmrosutils/include/cmrosutils/CMRosUtils.h
[1.317s] -- Up-to-date: /home/amlab/CarMaker_ROS2_Original/ros/ros2_ws/install/cmrosutils/include/cmrosutils/CMRosIF_Utils.h
[1.317s] -- Up-to-date: /home/amlab/CarMaker_ROS2_Original/ros/ros2_ws/install/cmrosutils/share/cmrosutils/cmake/cmrosutils__rosidl_generator_cExport.cmake
[1.317s] -- Installing: /home/amlab/CarMaker_ROS2_Original/ros/ros2_ws/install/cmrosutils/share/cmrosutils/cmake/cmrosutils__rosidl_generator_cExport-noconfig.cmake
[1.317s] -- Up-to-date: /home/amlab/CarMaker_ROS2_Original/ros/ros2_ws/install/cmrosutils/share/cmrosutils/cmake/cmrosutils__rosidl_typesupport_introspection_cExport.cmake
[1.317s] -- Installing: /home/amlab/CarMaker_ROS2_Original/ros/ros2_ws/install/cmrosutils/share/cmrosutils/cmake/cmrosutils__rosidl_typesupport_introspection_cExport-noconfig.cmake
[1.317s] -- Up-to-date: /home/amlab/CarMaker_ROS2_Original/ros/ros2_ws/install/cmrosutils/share/cmrosutils/cmake/cmrosutils__rosidl_typesupport_cExport.cmake
[1.317s] -- Installing: /home/amlab/CarMaker_ROS2_Original/ros/ros2_ws/install/cmrosutils/share/cmrosutils/cmake/cmrosutils__rosidl_typesupport_cExport-noconfig.cmake
[1.317s] -- Up-to-date: /home/amlab/CarMaker_ROS2_Original/ros/ros2_ws/install/cmrosutils/share/cmrosutils/cmake/cmrosutils__rosidl_generator_cppExport.cmake
[1.317s] -- Up-to-date: /home/amlab/CarMaker_ROS2_Original/ros/ros2_ws/install/cmrosutils/share/cmrosutils/cmake/cmrosutils__rosidl_typesupport_introspection_cppExport.cmake
[1.317s] -- Installing: /home/amlab/CarMaker_ROS2_Original/ros/ros2_ws/install/cmrosutils/share/cmrosutils/cmake/cmrosutils__rosidl_typesupport_introspection_cppExport-noconfig.cmake
[1.318s] -- Up-to-date: /home/amlab/CarMaker_ROS2_Original/ros/ros2_ws/install/cmrosutils/share/cmrosutils/cmake/cmrosutils__rosidl_typesupport_cppExport.cmake
[1.318s] -- Installing: /home/amlab/CarMaker_ROS2_Original/ros/ros2_ws/install/cmrosutils/share/cmrosutils/cmake/cmrosutils__rosidl_typesupport_cppExport-noconfig.cmake
[1.319s] Invoked command in '/home/amlab/CarMaker_ROS2_Original/ros/ros2_ws/build/cmrosutils' returned '0': CMAKE_PREFIX_PATH=${CMAKE_PREFIX_PATH}:/opt/ros/galactic /usr/bin/cmake --install /home/amlab/CarMaker_ROS2_Original/ros/ros2_ws/build/cmrosutils
