[0.039s] Invoking command in '/home/amlab/CarMaker_ROS2_Original/ros/ros2_ws/build/custom_msgs': /usr/bin/cmake /home/amlab/CarMaker_ROS2_Original/ros/ros2_ws/src/custom_msgs -DAMENT_CMAKE_SYMLINK_INSTALL=1 -DCMAKE_INSTALL_PREFIX=/home/amlab/CarMaker_ROS2_Original/ros/ros2_ws/install/custom_msgs
[0.046s] -- Found ament_cmake: 1.1.6 (/opt/ros/galactic/share/ament_cmake/cmake)
[0.059s] -- Found PythonInterp: /usr/bin/python3 (found suitable version "3.8.10", minimum required is "3") 
[0.059s] -- Using PYTHON_EXECUTABLE: /usr/bin/python3
[0.149s] Traceback (most recent call last):
[0.149s]   File "/opt/ros/galactic/share/ament_cmake_core/cmake/package_templates/templates_2_cmake.py", line 21, in <module>
[0.149s]     from ament_package.templates import get_environment_hook_template_path
[0.149s] ModuleNotFoundError: No module named 'ament_package'
[0.166s] CMake Error at /opt/ros/galactic/share/ament_cmake_core/cmake/ament_cmake_package_templates-extras.cmake:41 (message):
[0.167s]   execute_process(/usr/bin/python3
[0.167s]   /opt/ros/galactic/share/ament_cmake_core/cmake/package_templates/templates_2_cmake.py
[0.167s]   /home/amlab/CarMaker_ROS2_Original/ros/ros2_ws/build/custom_msgs/ament_cmake_package_templates/templates.cmake)
[0.167s]   returned error code 1
[0.167s] Call Stack (most recent call first):
[0.167s]   /opt/ros/galactic/share/ament_cmake_core/cmake/ament_cmake_coreConfig.cmake:41 (include)
[0.167s]   /opt/ros/galactic/share/ament_cmake/cmake/ament_cmake_export_dependencies-extras.cmake:15 (find_package)
[0.167s]   /opt/ros/galactic/share/ament_cmake/cmake/ament_cmakeConfig.cmake:41 (include)
[0.167s]   CMakeLists.txt:9 (find_package)
[0.167s] 
[0.167s] 
[0.167s] -- Configuring incomplete, errors occurred!
[0.167s] See also "/home/amlab/CarMaker_ROS2_Original/ros/ros2_ws/build/custom_msgs/CMakeFiles/CMakeOutput.log".
[0.168s] See also "/home/amlab/CarMaker_ROS2_Original/ros/ros2_ws/build/custom_msgs/CMakeFiles/CMakeError.log".
