[1.066s] DEBUG:colcon:Command line arguments: ['/usr/bin/colcon', 'build', '--symlink-install']
[1.066s] DEBUG:colcon:Parsed command line arguments: Namespace(allow_overriding=[], ament_cmake_args=None, base_paths=['.'], build_base='build', catkin_cmake_args=None, catkin_skip_building_tests=False, cmake_args=None, cmake_clean_cache=False, cmake_clean_first=False, cmake_force_configure=False, cmake_target=None, cmake_target_skip_unavailable=False, continue_on_error=False, event_handlers=None, executor='parallel', ignore_user_meta=False, install_base='install', log_base=None, log_level=None, main=<bound method BuildVerb.main of <colcon_core.verb.build.BuildVerb object at 0x7fdab765ffd0>>, merge_install=False, metas=['./colcon.meta'], packages_above=None, packages_above_and_dependencies=None, packages_above_depth=None, packages_end=None, packages_ignore=None, packages_ignore_regex=None, packages_select=None, packages_select_build_failed=False, packages_select_by_dep=None, packages_select_regex=None, packages_select_test_failures=False, packages_skip=None, packages_skip_build_finished=False, packages_skip_by_dep=None, packages_skip_regex=None, packages_skip_test_passed=False, packages_skip_up_to=None, packages_start=None, packages_up_to=None, packages_up_to_regex=None, parallel_workers=12, paths=None, symlink_install=True, test_result_base=None, verb_extension=<colcon_core.verb.build.BuildVerb object at 0x7fdab765ffd0>, verb_name='build', verb_parser=<colcon_defaults.argument_parser.defaults.DefaultArgumentsDecorator object at 0x7fdab7fa9df0>)
[1.113s] Level 1:colcon.colcon_core.package_discovery:discover_packages(colcon_meta) check parameters
[1.113s] Level 1:colcon.colcon_core.package_discovery:discover_packages(recursive) check parameters
[1.113s] Level 1:colcon.colcon_core.package_discovery:discover_packages(ignore) check parameters
[1.113s] Level 1:colcon.colcon_core.package_discovery:discover_packages(path) check parameters
[1.113s] Level 1:colcon.colcon_core.package_discovery:discover_packages(colcon_meta) discover
[1.113s] Level 1:colcon.colcon_core.package_discovery:discover_packages(recursive) discover
[1.113s] INFO:colcon.colcon_core.package_discovery:Crawling recursively for packages in '/home/amlab/CarMaker_ROS2_Original/ros/ros2_ws'
[1.113s] Level 1:colcon.colcon_core.package_identification:_identify(.) by extensions ['ignore', 'ignore_ament_install']
[1.114s] Level 1:colcon.colcon_core.package_identification:_identify(.) by extension 'ignore'
[1.114s] Level 1:colcon.colcon_core.package_identification:_identify(.) by extension 'ignore_ament_install'
[1.114s] Level 1:colcon.colcon_core.package_identification:_identify(.) by extensions ['colcon_pkg']
[1.114s] Level 1:colcon.colcon_core.package_identification:_identify(.) by extension 'colcon_pkg'
[1.114s] Level 1:colcon.colcon_core.package_identification:_identify(.) by extensions ['colcon_meta']
[1.114s] Level 1:colcon.colcon_core.package_identification:_identify(.) by extension 'colcon_meta'
[1.114s] Level 1:colcon.colcon_core.package_identification:_identify(.) by extensions ['ros']
[1.114s] Level 1:colcon.colcon_core.package_identification:_identify(.) by extension 'ros'
[1.120s] Level 1:colcon.colcon_core.package_identification:_identify(.) by extensions ['cmake', 'python']
[1.120s] Level 1:colcon.colcon_core.package_identification:_identify(.) by extension 'cmake'
[1.120s] Level 1:colcon.colcon_core.package_identification:_identify(.) by extension 'python'
[1.120s] Level 1:colcon.colcon_core.package_identification:_identify(.) by extensions ['python_setup_py']
[1.120s] Level 1:colcon.colcon_core.package_identification:_identify(.) by extension 'python_setup_py'
[1.120s] Level 1:colcon.colcon_core.package_identification:_identify(build) by extensions ['ignore', 'ignore_ament_install']
[1.120s] Level 1:colcon.colcon_core.package_identification:_identify(build) by extension 'ignore'
[1.120s] Level 1:colcon.colcon_core.package_identification:_identify(build) ignored
[1.120s] Level 1:colcon.colcon_core.package_identification:_identify(install) by extensions ['ignore', 'ignore_ament_install']
[1.120s] Level 1:colcon.colcon_core.package_identification:_identify(install) by extension 'ignore'
[1.120s] Level 1:colcon.colcon_core.package_identification:_identify(install) ignored
[1.120s] Level 1:colcon.colcon_core.package_identification:_identify(log) by extensions ['ignore', 'ignore_ament_install']
[1.120s] Level 1:colcon.colcon_core.package_identification:_identify(log) by extension 'ignore'
[1.120s] Level 1:colcon.colcon_core.package_identification:_identify(log) ignored
[1.121s] Level 1:colcon.colcon_core.package_identification:_identify(src) by extensions ['ignore', 'ignore_ament_install']
[1.121s] Level 1:colcon.colcon_core.package_identification:_identify(src) by extension 'ignore'
[1.121s] Level 1:colcon.colcon_core.package_identification:_identify(src) by extension 'ignore_ament_install'
[1.121s] Level 1:colcon.colcon_core.package_identification:_identify(src) by extensions ['colcon_pkg']
[1.121s] Level 1:colcon.colcon_core.package_identification:_identify(src) by extension 'colcon_pkg'
[1.121s] Level 1:colcon.colcon_core.package_identification:_identify(src) by extensions ['colcon_meta']
[1.121s] Level 1:colcon.colcon_core.package_identification:_identify(src) by extension 'colcon_meta'
[1.121s] Level 1:colcon.colcon_core.package_identification:_identify(src) by extensions ['ros']
[1.121s] Level 1:colcon.colcon_core.package_identification:_identify(src) by extension 'ros'
[1.121s] Level 1:colcon.colcon_core.package_identification:_identify(src) by extensions ['cmake', 'python']
[1.121s] Level 1:colcon.colcon_core.package_identification:_identify(src) by extension 'cmake'
[1.121s] Level 1:colcon.colcon_core.package_identification:_identify(src) by extension 'python'
[1.121s] Level 1:colcon.colcon_core.package_identification:_identify(src) by extensions ['python_setup_py']
[1.121s] Level 1:colcon.colcon_core.package_identification:_identify(src) by extension 'python_setup_py'
[1.121s] Level 1:colcon.colcon_core.package_identification:_identify(src/carmaker_vds_client) by extensions ['ignore', 'ignore_ament_install']
[1.121s] Level 1:colcon.colcon_core.package_identification:_identify(src/carmaker_vds_client) by extension 'ignore'
[1.121s] Level 1:colcon.colcon_core.package_identification:_identify(src/carmaker_vds_client) by extension 'ignore_ament_install'
[1.121s] Level 1:colcon.colcon_core.package_identification:_identify(src/carmaker_vds_client) by extensions ['colcon_pkg']
[1.121s] Level 1:colcon.colcon_core.package_identification:_identify(src/carmaker_vds_client) by extension 'colcon_pkg'
[1.121s] Level 1:colcon.colcon_core.package_identification:_identify(src/carmaker_vds_client) by extensions ['colcon_meta']
[1.121s] Level 1:colcon.colcon_core.package_identification:_identify(src/carmaker_vds_client) by extension 'colcon_meta'
[1.121s] Level 1:colcon.colcon_core.package_identification:_identify(src/carmaker_vds_client) by extensions ['ros']
[1.121s] Level 1:colcon.colcon_core.package_identification:_identify(src/carmaker_vds_client) by extension 'ros'
[1.123s] DEBUG:colcon.colcon_core.package_identification:Package 'src/carmaker_vds_client' with type 'ros.ament_cmake' and name 'carmaker_vds_client'
[1.123s] Level 1:colcon.colcon_core.package_identification:_identify(src/cmrosutils) by extensions ['ignore', 'ignore_ament_install']
[1.123s] Level 1:colcon.colcon_core.package_identification:_identify(src/cmrosutils) by extension 'ignore'
[1.123s] Level 1:colcon.colcon_core.package_identification:_identify(src/cmrosutils) by extension 'ignore_ament_install'
[1.123s] Level 1:colcon.colcon_core.package_identification:_identify(src/cmrosutils) by extensions ['colcon_pkg']
[1.123s] Level 1:colcon.colcon_core.package_identification:_identify(src/cmrosutils) by extension 'colcon_pkg'
[1.123s] Level 1:colcon.colcon_core.package_identification:_identify(src/cmrosutils) by extensions ['colcon_meta']
[1.123s] Level 1:colcon.colcon_core.package_identification:_identify(src/cmrosutils) by extension 'colcon_meta'
[1.123s] Level 1:colcon.colcon_core.package_identification:_identify(src/cmrosutils) by extensions ['ros']
[1.123s] Level 1:colcon.colcon_core.package_identification:_identify(src/cmrosutils) by extension 'ros'
[1.123s] DEBUG:colcon.colcon_core.package_identification:Package 'src/cmrosutils' with type 'ros.ament_cmake' and name 'cmrosutils'
[1.123s] Level 1:colcon.colcon_core.package_identification:_identify(src/control_test) by extensions ['ignore', 'ignore_ament_install']
[1.123s] Level 1:colcon.colcon_core.package_identification:_identify(src/control_test) by extension 'ignore'
[1.123s] Level 1:colcon.colcon_core.package_identification:_identify(src/control_test) by extension 'ignore_ament_install'
[1.123s] Level 1:colcon.colcon_core.package_identification:_identify(src/control_test) by extensions ['colcon_pkg']
[1.123s] Level 1:colcon.colcon_core.package_identification:_identify(src/control_test) by extension 'colcon_pkg'
[1.123s] Level 1:colcon.colcon_core.package_identification:_identify(src/control_test) by extensions ['colcon_meta']
[1.123s] Level 1:colcon.colcon_core.package_identification:_identify(src/control_test) by extension 'colcon_meta'
[1.123s] Level 1:colcon.colcon_core.package_identification:_identify(src/control_test) by extensions ['ros']
[1.123s] Level 1:colcon.colcon_core.package_identification:_identify(src/control_test) by extension 'ros'
[1.124s] DEBUG:colcon.colcon_core.package_identification:Package 'src/control_test' with type 'ros.ament_cmake' and name 'control_test'
[1.124s] Level 1:colcon.colcon_core.package_identification:_identify(src/custom_msgs) by extensions ['ignore', 'ignore_ament_install']
[1.124s] Level 1:colcon.colcon_core.package_identification:_identify(src/custom_msgs) by extension 'ignore'
[1.124s] Level 1:colcon.colcon_core.package_identification:_identify(src/custom_msgs) by extension 'ignore_ament_install'
[1.124s] Level 1:colcon.colcon_core.package_identification:_identify(src/custom_msgs) by extensions ['colcon_pkg']
[1.124s] Level 1:colcon.colcon_core.package_identification:_identify(src/custom_msgs) by extension 'colcon_pkg'
[1.124s] Level 1:colcon.colcon_core.package_identification:_identify(src/custom_msgs) by extensions ['colcon_meta']
[1.124s] Level 1:colcon.colcon_core.package_identification:_identify(src/custom_msgs) by extension 'colcon_meta'
[1.124s] Level 1:colcon.colcon_core.package_identification:_identify(src/custom_msgs) by extensions ['ros']
[1.124s] Level 1:colcon.colcon_core.package_identification:_identify(src/custom_msgs) by extension 'ros'
[1.124s] DEBUG:colcon.colcon_core.package_identification:Package 'src/custom_msgs' with type 'ros.ament_cmake' and name 'custom_msgs'
[1.124s] Level 1:colcon.colcon_core.package_identification:_identify(src/hellocm) by extensions ['ignore', 'ignore_ament_install']
[1.124s] Level 1:colcon.colcon_core.package_identification:_identify(src/hellocm) by extension 'ignore'
[1.124s] Level 1:colcon.colcon_core.package_identification:_identify(src/hellocm) by extension 'ignore_ament_install'
[1.124s] Level 1:colcon.colcon_core.package_identification:_identify(src/hellocm) by extensions ['colcon_pkg']
[1.124s] Level 1:colcon.colcon_core.package_identification:_identify(src/hellocm) by extension 'colcon_pkg'
[1.124s] Level 1:colcon.colcon_core.package_identification:_identify(src/hellocm) by extensions ['colcon_meta']
[1.124s] Level 1:colcon.colcon_core.package_identification:_identify(src/hellocm) by extension 'colcon_meta'
[1.125s] Level 1:colcon.colcon_core.package_identification:_identify(src/hellocm) by extensions ['ros']
[1.125s] Level 1:colcon.colcon_core.package_identification:_identify(src/hellocm) by extension 'ros'
[1.125s] DEBUG:colcon.colcon_core.package_identification:Package 'src/hellocm' with type 'ros.ament_cmake' and name 'hellocm'
[1.125s] Level 1:colcon.colcon_core.package_identification:_identify(src/hellocm_cmnode) by extensions ['ignore', 'ignore_ament_install']
[1.125s] Level 1:colcon.colcon_core.package_identification:_identify(src/hellocm_cmnode) by extension 'ignore'
[1.125s] Level 1:colcon.colcon_core.package_identification:_identify(src/hellocm_cmnode) by extension 'ignore_ament_install'
[1.125s] Level 1:colcon.colcon_core.package_identification:_identify(src/hellocm_cmnode) by extensions ['colcon_pkg']
[1.125s] Level 1:colcon.colcon_core.package_identification:_identify(src/hellocm_cmnode) by extension 'colcon_pkg'
[1.125s] Level 1:colcon.colcon_core.package_identification:_identify(src/hellocm_cmnode) by extensions ['colcon_meta']
[1.125s] Level 1:colcon.colcon_core.package_identification:_identify(src/hellocm_cmnode) by extension 'colcon_meta'
[1.125s] Level 1:colcon.colcon_core.package_identification:_identify(src/hellocm_cmnode) by extensions ['ros']
[1.125s] Level 1:colcon.colcon_core.package_identification:_identify(src/hellocm_cmnode) by extension 'ros'
[1.126s] DEBUG:colcon.colcon_core.package_identification:Package 'src/hellocm_cmnode' with type 'ros.ament_cmake' and name 'hellocm_cmnode'
[1.126s] Level 1:colcon.colcon_core.package_identification:_identify(src/hellocm_msgs) by extensions ['ignore', 'ignore_ament_install']
[1.126s] Level 1:colcon.colcon_core.package_identification:_identify(src/hellocm_msgs) by extension 'ignore'
[1.126s] Level 1:colcon.colcon_core.package_identification:_identify(src/hellocm_msgs) by extension 'ignore_ament_install'
[1.126s] Level 1:colcon.colcon_core.package_identification:_identify(src/hellocm_msgs) by extensions ['colcon_pkg']
[1.126s] Level 1:colcon.colcon_core.package_identification:_identify(src/hellocm_msgs) by extension 'colcon_pkg'
[1.126s] Level 1:colcon.colcon_core.package_identification:_identify(src/hellocm_msgs) by extensions ['colcon_meta']
[1.126s] Level 1:colcon.colcon_core.package_identification:_identify(src/hellocm_msgs) by extension 'colcon_meta'
[1.126s] Level 1:colcon.colcon_core.package_identification:_identify(src/hellocm_msgs) by extensions ['ros']
[1.126s] Level 1:colcon.colcon_core.package_identification:_identify(src/hellocm_msgs) by extension 'ros'
[1.126s] DEBUG:colcon.colcon_core.package_identification:Package 'src/hellocm_msgs' with type 'ros.ament_cmake' and name 'hellocm_msgs'
[1.126s] Level 1:colcon.colcon_core.package_discovery:discover_packages(recursive) using defaults
[1.126s] Level 1:colcon.colcon_core.package_discovery:discover_packages(ignore) discover
[1.126s] Level 1:colcon.colcon_core.package_discovery:discover_packages(ignore) using defaults
[1.127s] Level 1:colcon.colcon_core.package_discovery:discover_packages(path) discover
[1.127s] Level 1:colcon.colcon_core.package_discovery:discover_packages(path) using defaults
[1.230s] Level 1:colcon.colcon_core.package_discovery:discover_packages(prefix_path) check parameters
[1.230s] Level 1:colcon.colcon_core.package_discovery:discover_packages(prefix_path) discover
[1.267s] DEBUG:colcon.colcon_installed_package_information.package_discovery:Found 6 installed packages in /home/amlab/CarMaker_ROS2_Original/ros/ros2_ws/install
[1.285s] DEBUG:colcon.colcon_installed_package_information.package_discovery:Found 268 installed packages in /opt/ros/galactic
[1.286s] Level 1:colcon.colcon_core.package_discovery:discover_packages(prefix_path) using defaults
[1.362s] Level 5:colcon.colcon_core.verb:set package 'carmaker_vds_client' build argument 'cmake_args' from command line to 'None'
[1.362s] Level 5:colcon.colcon_core.verb:set package 'carmaker_vds_client' build argument 'cmake_target' from command line to 'None'
[1.362s] Level 5:colcon.colcon_core.verb:set package 'carmaker_vds_client' build argument 'cmake_target_skip_unavailable' from command line to 'False'
[1.362s] Level 5:colcon.colcon_core.verb:set package 'carmaker_vds_client' build argument 'cmake_clean_cache' from command line to 'False'
[1.362s] Level 5:colcon.colcon_core.verb:set package 'carmaker_vds_client' build argument 'cmake_clean_first' from command line to 'False'
[1.362s] Level 5:colcon.colcon_core.verb:set package 'carmaker_vds_client' build argument 'cmake_force_configure' from command line to 'False'
[1.362s] Level 5:colcon.colcon_core.verb:set package 'carmaker_vds_client' build argument 'ament_cmake_args' from command line to 'None'
[1.362s] Level 5:colcon.colcon_core.verb:set package 'carmaker_vds_client' build argument 'catkin_cmake_args' from command line to 'None'
[1.362s] Level 5:colcon.colcon_core.verb:set package 'carmaker_vds_client' build argument 'catkin_skip_building_tests' from command line to 'False'
[1.362s] DEBUG:colcon.colcon_core.verb:Building package 'carmaker_vds_client' with the following arguments: {'ament_cmake_args': None, 'build_base': '/home/amlab/CarMaker_ROS2_Original/ros/ros2_ws/build/carmaker_vds_client', 'catkin_cmake_args': None, 'catkin_skip_building_tests': False, 'cmake_args': None, 'cmake_clean_cache': False, 'cmake_clean_first': False, 'cmake_force_configure': False, 'cmake_target': None, 'cmake_target_skip_unavailable': False, 'install_base': '/home/amlab/CarMaker_ROS2_Original/ros/ros2_ws/install/carmaker_vds_client', 'merge_install': False, 'path': '/home/amlab/CarMaker_ROS2_Original/ros/ros2_ws/src/carmaker_vds_client', 'symlink_install': True, 'test_result_base': None}
[1.380s] Level 5:colcon.colcon_core.verb:set package 'cmrosutils' build argument 'cmake_args' from command line to 'None'
[1.380s] Level 5:colcon.colcon_core.verb:set package 'cmrosutils' build argument 'cmake_target' from command line to 'None'
[1.380s] Level 5:colcon.colcon_core.verb:set package 'cmrosutils' build argument 'cmake_target_skip_unavailable' from command line to 'False'
[1.380s] Level 5:colcon.colcon_core.verb:set package 'cmrosutils' build argument 'cmake_clean_cache' from command line to 'False'
[1.380s] Level 5:colcon.colcon_core.verb:set package 'cmrosutils' build argument 'cmake_clean_first' from command line to 'False'
[1.380s] Level 5:colcon.colcon_core.verb:set package 'cmrosutils' build argument 'cmake_force_configure' from command line to 'False'
[1.380s] Level 5:colcon.colcon_core.verb:set package 'cmrosutils' build argument 'ament_cmake_args' from command line to 'None'
[1.380s] Level 5:colcon.colcon_core.verb:set package 'cmrosutils' build argument 'catkin_cmake_args' from command line to 'None'
[1.380s] Level 5:colcon.colcon_core.verb:set package 'cmrosutils' build argument 'catkin_skip_building_tests' from command line to 'False'
[1.380s] DEBUG:colcon.colcon_core.verb:Building package 'cmrosutils' with the following arguments: {'ament_cmake_args': None, 'build_base': '/home/amlab/CarMaker_ROS2_Original/ros/ros2_ws/build/cmrosutils', 'catkin_cmake_args': None, 'catkin_skip_building_tests': False, 'cmake_args': None, 'cmake_clean_cache': False, 'cmake_clean_first': False, 'cmake_force_configure': False, 'cmake_target': None, 'cmake_target_skip_unavailable': False, 'install_base': '/home/amlab/CarMaker_ROS2_Original/ros/ros2_ws/install/cmrosutils', 'merge_install': False, 'path': '/home/amlab/CarMaker_ROS2_Original/ros/ros2_ws/src/cmrosutils', 'symlink_install': True, 'test_result_base': None}
[1.403s] Level 5:colcon.colcon_core.verb:set package 'control_test' build argument 'cmake_args' from command line to 'None'
[1.403s] Level 5:colcon.colcon_core.verb:set package 'control_test' build argument 'cmake_target' from command line to 'None'
[1.403s] Level 5:colcon.colcon_core.verb:set package 'control_test' build argument 'cmake_target_skip_unavailable' from command line to 'False'
[1.403s] Level 5:colcon.colcon_core.verb:set package 'control_test' build argument 'cmake_clean_cache' from command line to 'False'
[1.403s] Level 5:colcon.colcon_core.verb:set package 'control_test' build argument 'cmake_clean_first' from command line to 'False'
[1.403s] Level 5:colcon.colcon_core.verb:set package 'control_test' build argument 'cmake_force_configure' from command line to 'False'
[1.403s] Level 5:colcon.colcon_core.verb:set package 'control_test' build argument 'ament_cmake_args' from command line to 'None'
[1.403s] Level 5:colcon.colcon_core.verb:set package 'control_test' build argument 'catkin_cmake_args' from command line to 'None'
[1.403s] Level 5:colcon.colcon_core.verb:set package 'control_test' build argument 'catkin_skip_building_tests' from command line to 'False'
[1.403s] DEBUG:colcon.colcon_core.verb:Building package 'control_test' with the following arguments: {'ament_cmake_args': None, 'build_base': '/home/amlab/CarMaker_ROS2_Original/ros/ros2_ws/build/control_test', 'catkin_cmake_args': None, 'catkin_skip_building_tests': False, 'cmake_args': None, 'cmake_clean_cache': False, 'cmake_clean_first': False, 'cmake_force_configure': False, 'cmake_target': None, 'cmake_target_skip_unavailable': False, 'install_base': '/home/amlab/CarMaker_ROS2_Original/ros/ros2_ws/install/control_test', 'merge_install': False, 'path': '/home/amlab/CarMaker_ROS2_Original/ros/ros2_ws/src/control_test', 'symlink_install': True, 'test_result_base': None}
[1.421s] Level 5:colcon.colcon_core.verb:set package 'custom_msgs' build argument 'cmake_args' from command line to 'None'
[1.422s] Level 5:colcon.colcon_core.verb:set package 'custom_msgs' build argument 'cmake_target' from command line to 'None'
[1.422s] Level 5:colcon.colcon_core.verb:set package 'custom_msgs' build argument 'cmake_target_skip_unavailable' from command line to 'False'
[1.422s] Level 5:colcon.colcon_core.verb:set package 'custom_msgs' build argument 'cmake_clean_cache' from command line to 'False'
[1.422s] Level 5:colcon.colcon_core.verb:set package 'custom_msgs' build argument 'cmake_clean_first' from command line to 'False'
[1.422s] Level 5:colcon.colcon_core.verb:set package 'custom_msgs' build argument 'cmake_force_configure' from command line to 'False'
[1.422s] Level 5:colcon.colcon_core.verb:set package 'custom_msgs' build argument 'ament_cmake_args' from command line to 'None'
[1.422s] Level 5:colcon.colcon_core.verb:set package 'custom_msgs' build argument 'catkin_cmake_args' from command line to 'None'
[1.422s] Level 5:colcon.colcon_core.verb:set package 'custom_msgs' build argument 'catkin_skip_building_tests' from command line to 'False'
[1.422s] DEBUG:colcon.colcon_core.verb:Building package 'custom_msgs' with the following arguments: {'ament_cmake_args': None, 'build_base': '/home/amlab/CarMaker_ROS2_Original/ros/ros2_ws/build/custom_msgs', 'catkin_cmake_args': None, 'catkin_skip_building_tests': False, 'cmake_args': None, 'cmake_clean_cache': False, 'cmake_clean_first': False, 'cmake_force_configure': False, 'cmake_target': None, 'cmake_target_skip_unavailable': False, 'install_base': '/home/amlab/CarMaker_ROS2_Original/ros/ros2_ws/install/custom_msgs', 'merge_install': False, 'path': '/home/amlab/CarMaker_ROS2_Original/ros/ros2_ws/src/custom_msgs', 'symlink_install': True, 'test_result_base': None}
[1.440s] Level 5:colcon.colcon_core.verb:set package 'hellocm_msgs' build argument 'cmake_args' from command line to 'None'
[1.440s] Level 5:colcon.colcon_core.verb:set package 'hellocm_msgs' build argument 'cmake_target' from command line to 'None'
[1.440s] Level 5:colcon.colcon_core.verb:set package 'hellocm_msgs' build argument 'cmake_target_skip_unavailable' from command line to 'False'
[1.440s] Level 5:colcon.colcon_core.verb:set package 'hellocm_msgs' build argument 'cmake_clean_cache' from command line to 'False'
[1.440s] Level 5:colcon.colcon_core.verb:set package 'hellocm_msgs' build argument 'cmake_clean_first' from command line to 'False'
[1.440s] Level 5:colcon.colcon_core.verb:set package 'hellocm_msgs' build argument 'cmake_force_configure' from command line to 'False'
[1.440s] Level 5:colcon.colcon_core.verb:set package 'hellocm_msgs' build argument 'ament_cmake_args' from command line to 'None'
[1.440s] Level 5:colcon.colcon_core.verb:set package 'hellocm_msgs' build argument 'catkin_cmake_args' from command line to 'None'
[1.440s] Level 5:colcon.colcon_core.verb:set package 'hellocm_msgs' build argument 'catkin_skip_building_tests' from command line to 'False'
[1.440s] DEBUG:colcon.colcon_core.verb:Building package 'hellocm_msgs' with the following arguments: {'ament_cmake_args': None, 'build_base': '/home/amlab/CarMaker_ROS2_Original/ros/ros2_ws/build/hellocm_msgs', 'catkin_cmake_args': None, 'catkin_skip_building_tests': False, 'cmake_args': None, 'cmake_clean_cache': False, 'cmake_clean_first': False, 'cmake_force_configure': False, 'cmake_target': None, 'cmake_target_skip_unavailable': False, 'install_base': '/home/amlab/CarMaker_ROS2_Original/ros/ros2_ws/install/hellocm_msgs', 'merge_install': False, 'path': '/home/amlab/CarMaker_ROS2_Original/ros/ros2_ws/src/hellocm_msgs', 'symlink_install': True, 'test_result_base': None}
[1.458s] Level 5:colcon.colcon_core.verb:set package 'hellocm' build argument 'cmake_args' from command line to 'None'
[1.458s] Level 5:colcon.colcon_core.verb:set package 'hellocm' build argument 'cmake_target' from command line to 'None'
[1.458s] Level 5:colcon.colcon_core.verb:set package 'hellocm' build argument 'cmake_target_skip_unavailable' from command line to 'False'
[1.458s] Level 5:colcon.colcon_core.verb:set package 'hellocm' build argument 'cmake_clean_cache' from command line to 'False'
[1.458s] Level 5:colcon.colcon_core.verb:set package 'hellocm' build argument 'cmake_clean_first' from command line to 'False'
[1.458s] Level 5:colcon.colcon_core.verb:set package 'hellocm' build argument 'cmake_force_configure' from command line to 'False'
[1.458s] Level 5:colcon.colcon_core.verb:set package 'hellocm' build argument 'ament_cmake_args' from command line to 'None'
[1.458s] Level 5:colcon.colcon_core.verb:set package 'hellocm' build argument 'catkin_cmake_args' from command line to 'None'
[1.458s] Level 5:colcon.colcon_core.verb:set package 'hellocm' build argument 'catkin_skip_building_tests' from command line to 'False'
[1.458s] DEBUG:colcon.colcon_core.verb:Building package 'hellocm' with the following arguments: {'ament_cmake_args': None, 'build_base': '/home/amlab/CarMaker_ROS2_Original/ros/ros2_ws/build/hellocm', 'catkin_cmake_args': None, 'catkin_skip_building_tests': False, 'cmake_args': None, 'cmake_clean_cache': False, 'cmake_clean_first': False, 'cmake_force_configure': False, 'cmake_target': None, 'cmake_target_skip_unavailable': False, 'install_base': '/home/amlab/CarMaker_ROS2_Original/ros/ros2_ws/install/hellocm', 'merge_install': False, 'path': '/home/amlab/CarMaker_ROS2_Original/ros/ros2_ws/src/hellocm', 'symlink_install': True, 'test_result_base': None}
[1.476s] Level 5:colcon.colcon_core.verb:set package 'hellocm_cmnode' build argument 'cmake_args' from command line to 'None'
[1.476s] Level 5:colcon.colcon_core.verb:set package 'hellocm_cmnode' build argument 'cmake_target' from command line to 'None'
[1.476s] Level 5:colcon.colcon_core.verb:set package 'hellocm_cmnode' build argument 'cmake_target_skip_unavailable' from command line to 'False'
[1.476s] Level 5:colcon.colcon_core.verb:set package 'hellocm_cmnode' build argument 'cmake_clean_cache' from command line to 'False'
[1.476s] Level 5:colcon.colcon_core.verb:set package 'hellocm_cmnode' build argument 'cmake_clean_first' from command line to 'False'
[1.476s] Level 5:colcon.colcon_core.verb:set package 'hellocm_cmnode' build argument 'cmake_force_configure' from command line to 'False'
[1.476s] Level 5:colcon.colcon_core.verb:set package 'hellocm_cmnode' build argument 'ament_cmake_args' from command line to 'None'
[1.476s] Level 5:colcon.colcon_core.verb:set package 'hellocm_cmnode' build argument 'catkin_cmake_args' from command line to 'None'
[1.476s] Level 5:colcon.colcon_core.verb:set package 'hellocm_cmnode' build argument 'catkin_skip_building_tests' from command line to 'False'
[1.476s] DEBUG:colcon.colcon_core.verb:Building package 'hellocm_cmnode' with the following arguments: {'ament_cmake_args': None, 'build_base': '/home/amlab/CarMaker_ROS2_Original/ros/ros2_ws/build/hellocm_cmnode', 'catkin_cmake_args': None, 'catkin_skip_building_tests': False, 'cmake_args': None, 'cmake_clean_cache': False, 'cmake_clean_first': False, 'cmake_force_configure': False, 'cmake_target': None, 'cmake_target_skip_unavailable': False, 'install_base': '/home/amlab/CarMaker_ROS2_Original/ros/ros2_ws/install/hellocm_cmnode', 'merge_install': False, 'path': '/home/amlab/CarMaker_ROS2_Original/ros/ros2_ws/src/hellocm_cmnode', 'symlink_install': True, 'test_result_base': None}
[1.494s] INFO:colcon.colcon_core.executor:Executing jobs using 'parallel' executor
[1.512s] DEBUG:colcon.colcon_parallel_executor.executor.parallel:run_until_complete
[1.513s] INFO:colcon.colcon_ros.task.ament_cmake.build:Building ROS package in '/home/amlab/CarMaker_ROS2_Original/ros/ros2_ws/src/cmrosutils' with build type 'ament_cmake'
[1.513s] INFO:colcon.colcon_cmake.task.cmake.build:Building CMake package in '/home/amlab/CarMaker_ROS2_Original/ros/ros2_ws/src/cmrosutils'
[1.532s] INFO:colcon.colcon_core.plugin_system:Skipping extension 'colcon_core.shell.bat': Not used on non-Windows systems
[1.532s] INFO:colcon.colcon_core.shell:Skip shell extension 'powershell' for command environment: Not usable outside of PowerShell
[1.532s] DEBUG:colcon.colcon_core.shell:Skip shell extension 'dsv' for command environment
[1.589s] INFO:colcon.colcon_ros.task.ament_cmake.build:Building ROS package in '/home/amlab/CarMaker_ROS2_Original/ros/ros2_ws/src/hellocm_msgs' with build type 'ament_cmake'
[1.589s] INFO:colcon.colcon_cmake.task.cmake.build:Building CMake package in '/home/amlab/CarMaker_ROS2_Original/ros/ros2_ws/src/hellocm_msgs'
[1.608s] INFO:colcon.colcon_core.shell:Skip shell extension 'powershell' for command environment: Not usable outside of PowerShell
[1.608s] DEBUG:colcon.colcon_core.shell:Skip shell extension 'dsv' for command environment
[1.665s] INFO:colcon.colcon_ros.task.ament_cmake.build:Building ROS package in '/home/amlab/CarMaker_ROS2_Original/ros/ros2_ws/src/carmaker_vds_client' with build type 'ament_cmake'
[1.666s] INFO:colcon.colcon_cmake.task.cmake.build:Building CMake package in '/home/amlab/CarMaker_ROS2_Original/ros/ros2_ws/src/carmaker_vds_client'
[1.684s] INFO:colcon.colcon_core.shell:Skip shell extension 'powershell' for command environment: Not usable outside of PowerShell
[1.685s] DEBUG:colcon.colcon_core.shell:Skip shell extension 'dsv' for command environment
[1.742s] INFO:colcon.colcon_ros.task.ament_cmake.build:Building ROS package in '/home/amlab/CarMaker_ROS2_Original/ros/ros2_ws/src/control_test' with build type 'ament_cmake'
[1.742s] INFO:colcon.colcon_cmake.task.cmake.build:Building CMake package in '/home/amlab/CarMaker_ROS2_Original/ros/ros2_ws/src/control_test'
[1.761s] INFO:colcon.colcon_core.shell:Skip shell extension 'powershell' for command environment: Not usable outside of PowerShell
[1.761s] DEBUG:colcon.colcon_core.shell:Skip shell extension 'dsv' for command environment
[1.818s] INFO:colcon.colcon_ros.task.ament_cmake.build:Building ROS package in '/home/amlab/CarMaker_ROS2_Original/ros/ros2_ws/src/custom_msgs' with build type 'ament_cmake'
[1.818s] INFO:colcon.colcon_cmake.task.cmake.build:Building CMake package in '/home/amlab/CarMaker_ROS2_Original/ros/ros2_ws/src/custom_msgs'
[1.837s] INFO:colcon.colcon_core.shell:Skip shell extension 'powershell' for command environment: Not usable outside of PowerShell
[1.837s] DEBUG:colcon.colcon_core.shell:Skip shell extension 'dsv' for command environment
[1.899s] DEBUG:colcon.colcon_core.event_handler.log_command:Invoking command in '/home/amlab/CarMaker_ROS2_Original/ros/ros2_ws/build/cmrosutils': CMAKE_PREFIX_PATH=${CMAKE_PREFIX_PATH}:/opt/ros/galactic /usr/bin/cmake --build /home/amlab/CarMaker_ROS2_Original/ros/ros2_ws/build/cmrosutils -- -j12 -l12
[1.901s] DEBUG:colcon.colcon_core.event_handler.log_command:Invoking command in '/home/amlab/CarMaker_ROS2_Original/ros/ros2_ws/build/hellocm_msgs': CMAKE_PREFIX_PATH=${CMAKE_PREFIX_PATH}:/opt/ros/galactic /usr/bin/cmake --build /home/amlab/CarMaker_ROS2_Original/ros/ros2_ws/build/hellocm_msgs -- -j12 -l12
[1.904s] DEBUG:colcon.colcon_core.event_handler.log_command:Invoking command in '/home/amlab/CarMaker_ROS2_Original/ros/ros2_ws/build/carmaker_vds_client': CMAKE_PREFIX_PATH=${CMAKE_PREFIX_PATH}:/opt/ros/galactic /usr/bin/cmake --build /home/amlab/CarMaker_ROS2_Original/ros/ros2_ws/build/carmaker_vds_client -- -j12 -l12
[1.906s] DEBUG:colcon.colcon_core.event_handler.log_command:Invoking command in '/home/amlab/CarMaker_ROS2_Original/ros/ros2_ws/build/control_test': CMAKE_PREFIX_PATH=${CMAKE_PREFIX_PATH}:/opt/ros/galactic /usr/bin/cmake /home/amlab/CarMaker_ROS2_Original/ros/ros2_ws/src/control_test -DAMENT_CMAKE_SYMLINK_INSTALL=1 -DCMAKE_INSTALL_PREFIX=/home/amlab/CarMaker_ROS2_Original/ros/ros2_ws/install/control_test
[1.908s] DEBUG:colcon.colcon_core.event_handler.log_command:Invoking command in '/home/amlab/CarMaker_ROS2_Original/ros/ros2_ws/build/custom_msgs': CMAKE_PREFIX_PATH=${CMAKE_PREFIX_PATH}:/opt/ros/galactic /usr/bin/cmake /home/amlab/CarMaker_ROS2_Original/ros/ros2_ws/src/custom_msgs -DAMENT_CMAKE_SYMLINK_INSTALL=1 -DCMAKE_INSTALL_PREFIX=/home/amlab/CarMaker_ROS2_Original/ros/ros2_ws/install/custom_msgs
[1.958s] DEBUG:colcon.colcon_core.event_handler.log_command:Invoked command in '/home/amlab/CarMaker_ROS2_Original/ros/ros2_ws/build/carmaker_vds_client' returned '0': CMAKE_PREFIX_PATH=${CMAKE_PREFIX_PATH}:/opt/ros/galactic /usr/bin/cmake --build /home/amlab/CarMaker_ROS2_Original/ros/ros2_ws/build/carmaker_vds_client -- -j12 -l12
[1.980s] DEBUG:colcon.colcon_core.event_handler.log_command:Invoking command in '/home/amlab/CarMaker_ROS2_Original/ros/ros2_ws/build/carmaker_vds_client': CMAKE_PREFIX_PATH=${CMAKE_PREFIX_PATH}:/opt/ros/galactic /usr/bin/cmake --install /home/amlab/CarMaker_ROS2_Original/ros/ros2_ws/build/carmaker_vds_client
[2.029s] DEBUG:colcon.colcon_core.event_handler.log_command:Invoked command in '/home/amlab/CarMaker_ROS2_Original/ros/ros2_ws/build/cmrosutils' returned '0': CMAKE_PREFIX_PATH=${CMAKE_PREFIX_PATH}:/opt/ros/galactic /usr/bin/cmake --build /home/amlab/CarMaker_ROS2_Original/ros/ros2_ws/build/cmrosutils -- -j12 -l12
[2.056s] DEBUG:colcon.colcon_core.event_handler.log_command:Invoking command in '/home/amlab/CarMaker_ROS2_Original/ros/ros2_ws/build/cmrosutils': CMAKE_PREFIX_PATH=${CMAKE_PREFIX_PATH}:/opt/ros/galactic /usr/bin/cmake --install /home/amlab/CarMaker_ROS2_Original/ros/ros2_ws/build/cmrosutils
[2.103s] Level 1:colcon.colcon_core.environment:create_environment_scripts_only(carmaker_vds_client)
[2.103s] DEBUG:colcon.colcon_core.event_handler.log_command:Invoked command in '/home/amlab/CarMaker_ROS2_Original/ros/ros2_ws/build/carmaker_vds_client' returned '0': CMAKE_PREFIX_PATH=${CMAKE_PREFIX_PATH}:/opt/ros/galactic /usr/bin/cmake --install /home/amlab/CarMaker_ROS2_Original/ros/ros2_ws/build/carmaker_vds_client
[2.126s] Level 1:colcon.colcon_core.environment:checking '/home/amlab/CarMaker_ROS2_Original/ros/ros2_ws/install/carmaker_vds_client' for CMake module files
[2.127s] Level 1:colcon.colcon_core.environment:checking '/home/amlab/CarMaker_ROS2_Original/ros/ros2_ws/install/carmaker_vds_client' for CMake config files
[2.127s] Level 1:colcon.colcon_core.shell:create_environment_hook('carmaker_vds_client', 'cmake_prefix_path')
[2.154s] INFO:colcon.colcon_core.shell:Creating environment hook '/home/amlab/CarMaker_ROS2_Original/ros/ros2_ws/install/carmaker_vds_client/share/carmaker_vds_client/hook/cmake_prefix_path.ps1'
[2.154s] INFO:colcon.colcon_core.shell:Creating environment descriptor '/home/amlab/CarMaker_ROS2_Original/ros/ros2_ws/install/carmaker_vds_client/share/carmaker_vds_client/hook/cmake_prefix_path.dsv'
[2.155s] INFO:colcon.colcon_core.shell:Creating environment hook '/home/amlab/CarMaker_ROS2_Original/ros/ros2_ws/install/carmaker_vds_client/share/carmaker_vds_client/hook/cmake_prefix_path.sh'
[2.155s] Level 1:colcon.colcon_core.environment:checking '/home/amlab/CarMaker_ROS2_Original/ros/ros2_ws/install/carmaker_vds_client/lib'
[2.155s] Level 1:colcon.colcon_core.environment:checking '/home/amlab/CarMaker_ROS2_Original/ros/ros2_ws/install/carmaker_vds_client/bin'
[2.155s] Level 1:colcon.colcon_core.environment:checking '/home/amlab/CarMaker_ROS2_Original/ros/ros2_ws/install/carmaker_vds_client/lib/pkgconfig/carmaker_vds_client.pc'
[2.156s] Level 1:colcon.colcon_core.environment:checking '/home/amlab/CarMaker_ROS2_Original/ros/ros2_ws/install/carmaker_vds_client/lib/python3.8/site-packages'
[2.156s] Level 1:colcon.colcon_core.environment:checking '/home/amlab/CarMaker_ROS2_Original/ros/ros2_ws/install/carmaker_vds_client/bin'
[2.188s] INFO:colcon.colcon_core.shell:Creating package script '/home/amlab/CarMaker_ROS2_Original/ros/ros2_ws/install/carmaker_vds_client/share/carmaker_vds_client/package.ps1'
[2.189s] INFO:colcon.colcon_core.shell:Creating package descriptor '/home/amlab/CarMaker_ROS2_Original/ros/ros2_ws/install/carmaker_vds_client/share/carmaker_vds_client/package.dsv'
[2.189s] INFO:colcon.colcon_core.shell:Creating package script '/home/amlab/CarMaker_ROS2_Original/ros/ros2_ws/install/carmaker_vds_client/share/carmaker_vds_client/package.sh'
[2.189s] INFO:colcon.colcon_core.shell:Creating package script '/home/amlab/CarMaker_ROS2_Original/ros/ros2_ws/install/carmaker_vds_client/share/carmaker_vds_client/package.bash'
[2.190s] INFO:colcon.colcon_core.shell:Creating package script '/home/amlab/CarMaker_ROS2_Original/ros/ros2_ws/install/carmaker_vds_client/share/carmaker_vds_client/package.zsh'
[2.190s] Level 1:colcon.colcon_core.environment:create_file_with_runtime_dependencies(/home/amlab/CarMaker_ROS2_Original/ros/ros2_ws/install/carmaker_vds_client/share/colcon-core/packages/carmaker_vds_client)
[2.227s] Level 1:colcon.colcon_core.environment:create_environment_scripts_only(carmaker_vds_client)
[2.249s] Level 1:colcon.colcon_core.environment:checking '/home/amlab/CarMaker_ROS2_Original/ros/ros2_ws/install/carmaker_vds_client' for CMake module files
[2.250s] Level 1:colcon.colcon_core.environment:checking '/home/amlab/CarMaker_ROS2_Original/ros/ros2_ws/install/carmaker_vds_client' for CMake config files
[2.250s] Level 1:colcon.colcon_core.shell:create_environment_hook('carmaker_vds_client', 'cmake_prefix_path')
[2.270s] INFO:colcon.colcon_core.shell:Creating environment hook '/home/amlab/CarMaker_ROS2_Original/ros/ros2_ws/install/carmaker_vds_client/share/carmaker_vds_client/hook/cmake_prefix_path.ps1'
[2.271s] INFO:colcon.colcon_core.shell:Creating environment descriptor '/home/amlab/CarMaker_ROS2_Original/ros/ros2_ws/install/carmaker_vds_client/share/carmaker_vds_client/hook/cmake_prefix_path.dsv'
[2.271s] INFO:colcon.colcon_core.shell:Creating environment hook '/home/amlab/CarMaker_ROS2_Original/ros/ros2_ws/install/carmaker_vds_client/share/carmaker_vds_client/hook/cmake_prefix_path.sh'
[2.271s] Level 1:colcon.colcon_core.environment:checking '/home/amlab/CarMaker_ROS2_Original/ros/ros2_ws/install/carmaker_vds_client/lib'
[2.271s] Level 1:colcon.colcon_core.environment:checking '/home/amlab/CarMaker_ROS2_Original/ros/ros2_ws/install/carmaker_vds_client/bin'
[2.271s] Level 1:colcon.colcon_core.environment:checking '/home/amlab/CarMaker_ROS2_Original/ros/ros2_ws/install/carmaker_vds_client/lib/pkgconfig/carmaker_vds_client.pc'
[2.272s] Level 1:colcon.colcon_core.environment:checking '/home/amlab/CarMaker_ROS2_Original/ros/ros2_ws/install/carmaker_vds_client/lib/python3.8/site-packages'
[2.272s] Level 1:colcon.colcon_core.environment:checking '/home/amlab/CarMaker_ROS2_Original/ros/ros2_ws/install/carmaker_vds_client/bin'
[2.293s] INFO:colcon.colcon_core.shell:Creating package script '/home/amlab/CarMaker_ROS2_Original/ros/ros2_ws/install/carmaker_vds_client/share/carmaker_vds_client/package.ps1'
[2.293s] INFO:colcon.colcon_core.shell:Creating package descriptor '/home/amlab/CarMaker_ROS2_Original/ros/ros2_ws/install/carmaker_vds_client/share/carmaker_vds_client/package.dsv'
[2.293s] INFO:colcon.colcon_core.shell:Creating package script '/home/amlab/CarMaker_ROS2_Original/ros/ros2_ws/install/carmaker_vds_client/share/carmaker_vds_client/package.sh'
[2.294s] INFO:colcon.colcon_core.shell:Creating package script '/home/amlab/CarMaker_ROS2_Original/ros/ros2_ws/install/carmaker_vds_client/share/carmaker_vds_client/package.bash'
[2.294s] INFO:colcon.colcon_core.shell:Creating package script '/home/amlab/CarMaker_ROS2_Original/ros/ros2_ws/install/carmaker_vds_client/share/carmaker_vds_client/package.zsh'
[2.294s] Level 1:colcon.colcon_core.environment:create_file_with_runtime_dependencies(/home/amlab/CarMaker_ROS2_Original/ros/ros2_ws/install/carmaker_vds_client/share/colcon-core/packages/carmaker_vds_client)
[2.295s] DEBUG:colcon.colcon_core.event_handler.log_command:Invoked command in '/home/amlab/CarMaker_ROS2_Original/ros/ros2_ws/build/hellocm_msgs' returned '0': CMAKE_PREFIX_PATH=${CMAKE_PREFIX_PATH}:/opt/ros/galactic /usr/bin/cmake --build /home/amlab/CarMaker_ROS2_Original/ros/ros2_ws/build/hellocm_msgs -- -j12 -l12
[2.297s] DEBUG:colcon.colcon_core.event_handler.log_command:Invoked command in '/home/amlab/CarMaker_ROS2_Original/ros/ros2_ws/build/control_test' returned '1': CMAKE_PREFIX_PATH=${CMAKE_PREFIX_PATH}:/opt/ros/galactic /usr/bin/cmake /home/amlab/CarMaker_ROS2_Original/ros/ros2_ws/src/control_test -DAMENT_CMAKE_SYMLINK_INSTALL=1 -DCMAKE_INSTALL_PREFIX=/home/amlab/CarMaker_ROS2_Original/ros/ros2_ws/install/control_test
[2.305s] Level 1:colcon.colcon_core.environment:create_environment_scripts_only(control_test)
[2.328s] Level 1:colcon.colcon_core.environment:checking '/home/amlab/CarMaker_ROS2_Original/ros/ros2_ws/install/control_test' for CMake module files
[2.328s] Level 1:colcon.colcon_core.environment:checking '/home/amlab/CarMaker_ROS2_Original/ros/ros2_ws/install/control_test' for CMake config files
[2.328s] Level 1:colcon.colcon_core.environment:checking '/home/amlab/CarMaker_ROS2_Original/ros/ros2_ws/install/control_test/bin'
[2.328s] Level 1:colcon.colcon_core.environment:checking '/home/amlab/CarMaker_ROS2_Original/ros/ros2_ws/install/control_test/lib/pkgconfig/control_test.pc'
[2.328s] Level 1:colcon.colcon_core.environment:checking '/home/amlab/CarMaker_ROS2_Original/ros/ros2_ws/install/control_test/lib/python3.8/site-packages'
[2.328s] Level 1:colcon.colcon_core.environment:checking '/home/amlab/CarMaker_ROS2_Original/ros/ros2_ws/install/control_test/bin'
[2.349s] INFO:colcon.colcon_core.shell:Creating package script '/home/amlab/CarMaker_ROS2_Original/ros/ros2_ws/install/control_test/share/control_test/package.ps1'
[2.350s] INFO:colcon.colcon_core.shell:Creating package descriptor '/home/amlab/CarMaker_ROS2_Original/ros/ros2_ws/install/control_test/share/control_test/package.dsv'
[2.350s] INFO:colcon.colcon_core.shell:Creating package script '/home/amlab/CarMaker_ROS2_Original/ros/ros2_ws/install/control_test/share/control_test/package.sh'
[2.350s] INFO:colcon.colcon_core.shell:Creating package script '/home/amlab/CarMaker_ROS2_Original/ros/ros2_ws/install/control_test/share/control_test/package.bash'
[2.350s] INFO:colcon.colcon_core.shell:Creating package script '/home/amlab/CarMaker_ROS2_Original/ros/ros2_ws/install/control_test/share/control_test/package.zsh'
[2.350s] Level 1:colcon.colcon_core.environment:create_file_with_runtime_dependencies(/home/amlab/CarMaker_ROS2_Original/ros/ros2_ws/install/control_test/share/colcon-core/packages/control_test)
[3.074s] DEBUG:colcon.colcon_parallel_executor.executor.parallel:closing loop
[3.075s] DEBUG:colcon.colcon_parallel_executor.executor.parallel:loop closed
[3.075s] DEBUG:colcon.colcon_parallel_executor.executor.parallel:run_until_complete finished with '1'
[3.075s] DEBUG:colcon.colcon_core.event_reactor:joining thread
[3.096s] INFO:colcon.colcon_core.plugin_system:Skipping extension 'colcon_notification.desktop_notification.terminal_notifier': Not used on non-Darwin systems
[3.096s] INFO:colcon.colcon_core.plugin_system:Skipping extension 'colcon_notification.desktop_notification.win32': Not used on non-Windows systems
[3.097s] INFO:colcon.colcon_notification.desktop_notification:Sending desktop notification using 'notify2'
[3.105s] DEBUG:colcon.colcon_core.event_reactor:joined thread
[3.125s] INFO:colcon.colcon_core.shell:Creating prefix script '/home/amlab/CarMaker_ROS2_Original/ros/ros2_ws/install/local_setup.ps1'
[3.125s] INFO:colcon.colcon_core.shell:Creating prefix util module '/home/amlab/CarMaker_ROS2_Original/ros/ros2_ws/install/_local_setup_util_ps1.py'
[3.126s] INFO:colcon.colcon_core.shell:Creating prefix chain script '/home/amlab/CarMaker_ROS2_Original/ros/ros2_ws/install/setup.ps1'
[3.146s] INFO:colcon.colcon_core.shell:Creating prefix script '/home/amlab/CarMaker_ROS2_Original/ros/ros2_ws/install/local_setup.sh'
[3.146s] INFO:colcon.colcon_core.shell:Creating prefix util module '/home/amlab/CarMaker_ROS2_Original/ros/ros2_ws/install/_local_setup_util_sh.py'
[3.146s] INFO:colcon.colcon_core.shell:Creating prefix chain script '/home/amlab/CarMaker_ROS2_Original/ros/ros2_ws/install/setup.sh'
[3.165s] INFO:colcon.colcon_core.shell:Creating prefix script '/home/amlab/CarMaker_ROS2_Original/ros/ros2_ws/install/local_setup.bash'
[3.165s] INFO:colcon.colcon_core.shell:Creating prefix chain script '/home/amlab/CarMaker_ROS2_Original/ros/ros2_ws/install/setup.bash'
[3.184s] INFO:colcon.colcon_core.shell:Creating prefix script '/home/amlab/CarMaker_ROS2_Original/ros/ros2_ws/install/local_setup.zsh'
[3.184s] INFO:colcon.colcon_core.shell:Creating prefix chain script '/home/amlab/CarMaker_ROS2_Original/ros/ros2_ws/install/setup.zsh'
